AX51 MACRO ASSEMBLER  BUSREQ                                                                03/10/26 15:30:56 PAGE     1


MACRO ASSEMBLER AX51 V3.02
OBJECT MODULE PLACED IN busreq.obj
ASSEMBLER INVOKED BY: C:\Keil\C51\BIN\AX51.EXE src\swdma\busreq.asm MOD_CONT INCDIR(.\src\cpu\;.\src\ethernet;.\src\swdm
                      a\;.\src\mstimer\;.\src\uart\;.\src\main\;.\src\tcpip\;.\src\hsur\;.\src\gs2e\;.\src\debug\;.\src\
                      dhcp;.\src\dns\;.\src\adapter\;.\src\pppoe\;.\src\console;.\src\telnet;.\src\smtp;.\src\http;.\src
                      \web_page;.\src\si2c;.\src\eeprom;.\src\ping;.\src\fpga) SET(LARGE,RUNTIMECODEAT24KH) DEBUG PRINT(
                      .\tmp\busreq.lst) XREF OBJECT(busreq.obj) EP

LOC    OBJ             LINE     SOURCE

                          1     
                          2     
                          3     
                          4     
                          5     
                          6     
                          7     
                          8     
                          9     
                         10     
                         11     
                         12     
                         13     
                         14     
                         15     
                         16     
                         17     
                         18     
                         19     
                         20     
                         21     
                         22     
                         23     
                         24     
                         25     
                         26     $nomod51 
                         27     
                         28     ;#include <REG80390.H>
                    +1   29     
                    +1   30     
                    +1   31     
                    +1   32     
                    +1   33     
                    +1   34     
                    +1   35     
                    +1   36     
                    +1   37     
                    +1   38     
                    +1   39     
                    +1   40     
                    +1   41     
                    +1   42     
                    +1   43     
  0080              +1   44     sfr     P0                      = 0x80;// Port 0
  0081              +1   45     sfr     SP                      = 0x81;// Stack Pointer
  0082              +1   46     sfr     DPL0            = 0x82;// Data Pointer 0 Low Byte
  0083              +1   47     sfr     DPH0            = 0x83;// Data Pointer 0 High Byte
  0082              +1   48     sfr     DPL                     = 0x82;// Data Pointer 0 Low Byte
  0083              +1   49     sfr     DPH                     = 0x83;// Data Pointer 0 High Byte
  0084              +1   50     sfr     DPL1            = 0x84;// Data Pointer 1 Low Byte
  0085              +1   51     sfr     DPH1            = 0x85;// Data Pointer 1 High Byte
  0086              +1   52     sfr     DPS                     = 0x86;// Data Pointers Select Register
  0087              +1   53     sfr     PCON            = 0x87;// Power Configuration Register
  0088              +1   54     sfr TCON                = 0x88;// Timer 0,1 Configuration Register
AX51 MACRO ASSEMBLER  BUSREQ                                                                03/10/26 15:30:56 PAGE     2

  0089              +1   55     sfr TMOD                = 0x89;// Timer 0,1 Control Mode Register
  008A              +1   56     sfr TL0                 = 0x8A;// Timer 0 Low Byte Counter
  008B              +1   57     sfr TL1                 = 0x8B;// Timer 1 Low Byte Counter
  008C              +1   58     sfr TH0                 = 0x8C;// Timer 0 High Byte Counter
  008D              +1   59     sfr TH1                 = 0x8D;// Timer 1 High Byte Counter
  008E              +1   60     sfr CKCON               = 0x8E;// Clock Control Register
  008F              +1   61     sfr CSREPR              = 0x8F;// Software Reset and External Program RAM Select Registe
                               r
                    +1   62     
  0090              +1   63     sfr P1                  = 0x90;// Port 1
  0091              +1   64     sfr EIF                 = 0x91;// Extended Interrupt Flag Register
  0092              +1   65     sfr WTST                = 0x92;// Program Wait States Register
  0093              +1   66     sfr DPX0                = 0x93;// Data Pointer Extended Register 0
  0093              +1   67     sfr DPX                 = 0x93;// Data Pointer Extended Register 0
  0094              +1   68     sfr     SDSTSR          = 0x94;// Software Timer and Software DMA complete interrupt sta
                               tus
  0095              +1   69     sfr DPX1                = 0x95;// Data Pointer Extended Register 1
  0096              +1   70     sfr I2CCIR              = 0x96;// I2C Command Index Register
  0097              +1   71     sfr I2CDR               = 0x97;// I2C Data Register
  0098              +1   72     sfr SCON0               = 0x98;// UART 0 Configuration Register
  0099              +1   73     sfr SBUF0               = 0x99;// UART 0 Buffer Register
  009A              +1   74     sfr DBAR                = 0x9A;// DMA Bus Arbitration Register
  009B              +1   75     sfr DCIR                = 0x9B;// DMA Command Index Register
  009C              +1   76     sfr DDR                 = 0x9C;// DMA Data Register
  009D              +1   77     sfr ACON                = 0x9D;// Address Control Register
  009E              +1   78     sfr PISSR1              = 0x9E;// Peripheral Interrupt Status Summary Register 1
  009F              +1   79     sfr PISSR2              = 0x9F;// Peripheral Interrupt Status Summary Register 2
                    +1   80     
  00A0              +1   81     sfr P2                  = 0xA0;// Port 2
                    +1   82     
  00A1              +1   83     sfr LMSR                = 0xA1;// Local Bus Mode Setup Register
  00A2              +1   84     sfr LCR                 = 0xA2;// Local Bus Command Register
  00A3              +1   85     sfr LSR                 = 0xA3;// Local Bus Status Register
  00A4              +1   86     sfr LDALR               = 0xA4;// Local Bus Device Address Low Register
  00A5              +1   87     sfr LDAHR               = 0xA5;// Local Bus Device Address High Register
  00A6              +1   88     sfr LDCSR               = 0xA6;// Local Bus Device Chip Select Register
                    +1   89     
  00A1              +1   90     sfr LSAIER              = 0xA1;// Local Bus Slave mode Action and Interrupt Enable Regis
                               ter
  00A2              +1   91     sfr LSCR                = 0xA2;// Local Bus Slave mode Command Register
  00A3              +1   92     sfr LSSR                = 0xA3;// Local Bus Slave mode Status Register
  00A4              +1   93     sfr XMWLR               = 0xA4;// External Master Write-read Low Register
  00A5              +1   94     sfr XMWHR               = 0xA5;// External Master Write-read High Register
  00A6              +1   95     sfr XMRLR               = 0xA6;// External Master Read-only Low Register
  00A7              +1   96     sfr XMRHR               = 0xA7;// External Master Read-only High Register
                    +1   97     
  00A8              +1   98     sfr IE                  = 0xA8;// Interrupt Enable register
  00A9              +1   99     sfr LDLR                = 0xA9;// Local Bus Data Low Register
  00AA              +1  100     sfr LDHR                = 0xAA;// Local Bus Data High Register
  00AB              +1  101     sfr DMALR               = 0xAB;// Local Bus DMA Address Low Register
  00AC              +1  102     sfr DMAMR               = 0xAC;// Local Bus DMA Address Medium Register
  00AD              +1  103     sfr DMAHR               = 0xAD;// Local Bus DMA Address High Register
  00AE              +1  104     sfr TCIR                = 0xAE;// TOE Command Index Register
  00AF              +1  105     sfr     TDR                     = 0xAF;// TOE Data Register
                    +1  106     
  00B0              +1  107     sfr P3                  = 0xB0;// Port 3
  00B1              +1  108     sfr CCAPL0      = 0xB1;// PCA Module 0 Compare/Capture Low Byte Register
  00B2              +1  109     sfr CCAPL1      = 0xB2;// PCA Module 1 Compare/Capture Low Byte Register
  00B3              +1  110     sfr CCAPL2      = 0xB3;// PCA Module 2 Compare/Capture Low Byte Register
  00B4              +1  111     sfr CCAPL3      = 0xB4;// PCA Module 3 Compare/Capture Low Byte Register
  00B5              +1  112     sfr CCAPL4      = 0xB5;// PCA Module 4 Compare/Capture Low Byte Register
  00B6              +1  113     sfr MCIR                = 0xB6;// MAC Command Index Register
  00B7              +1  114     sfr MDR                 = 0xB7;// MAC Data Register
  00B8              +1  115     sfr IP                  = 0xB8;// Interrupt Priority Register
  00B9              +1  116     sfr CCAPH0      = 0xB9;// PCA Module 0 Compare/Capture High Byte Register
  00BA              +1  117     sfr CCAPH1      = 0xBA;// PCA Module 1 Compare/Capture High Byte Register
AX51 MACRO ASSEMBLER  BUSREQ                                                                03/10/26 15:30:56 PAGE     3

  00BB              +1  118     sfr CCAPH2      = 0xBB;// PCA Module 2 Compare/Capture High Byte Register
  00BC              +1  119     sfr CCAPH3      = 0xBC;// PCA Module 3 Compare/Capture High Byte Register
  00BD              +1  120     sfr CCAPH4      = 0xBD;// PCA Module 4 Compare/Capture High Byte Register
  00BE              +1  121     sfr EPCR                = 0xBE;// Ethernet PHY Command Index Register
  00BF              +1  122     sfr EPDR                = 0xBF;// Ethernet PHY Data Register
                    +1  123     
  00C0              +1  124     sfr SCON1               = 0xC0;// UART 1 Configuration Register
  00C1              +1  125     sfr SBUF1               = 0xC1;// UART 1 Buffer Register
  00C2              +1  126     sfr CMOD                = 0xC2;// PCA Timer/Counter Mode Register
  00C3              +1  127     sfr CCON                = 0xC3;// PCA Timer/Counter Control Register
  00C4              +1  128     sfr CL                  = 0xC4;// PCA Timer/Counter Low
  00C5              +1  129     sfr CH                  = 0xC5;// PCA Timer/Counter High
  00C8              +1  130     sfr T2CON               = 0xC8;// Timer 2 Configuration Register
  00C9              +1  131     sfr T2IF                = 0xC9;// Timer 2 Interrupt Flags
  00CA              +1  132     sfr RLDL                = 0xCA;// Timer 2 Reload Low Byte
  00CB              +1  133     sfr RLDH                = 0xCB;// Timer 2 Reload High Byte
  00CC              +1  134     sfr TL2                 = 0xCC;// Timer 2 Low Byte Counter
  00CD              +1  135     sfr TH2                 = 0xCD;// Timer 2 High Byte Counter
  00CE              +1  136     sfr SPICIR              = 0xCE;// SPI Command Index Register
  00CF              +1  137     sfr SPIDR               = 0xCF;// SPI Data Register
                    +1  138     
  00D0              +1  139     sfr PSW                 = 0xD0;// Program Status Word
  00D1              +1  140     sfr CCAPM0              = 0xD1;// PCA Compare/Capture Module Mode Register 0
  00D2              +1  141     sfr CCAPM1              = 0xD2;// PCA Compare/Capture Module Mode Register 1
  00D3              +1  142     sfr CCAPM2              = 0xD3;// PCA Compare/Capture Module Mode Register 2
  00D4              +1  143     sfr CCAPM3              = 0xD4;// PCA Compare/Capture Module Mode Register 3
  00D5              +1  144     sfr CCAPM4              = 0xD5;// PCA Compare/Capture Module Mode Register 4
  00D6              +1  145     sfr OWCIR               = 0xD6;// OneWire Command Index Register
  00D7              +1  146     sfr OWDR                = 0xD7;// OneWire Data Register
  00D8              +1  147     sfr WDCON               = 0xD8;// Watchdog Configuration
  00DE              +1  148     sfr CANCIR              = 0xDE;// CAN Bus Command Index Register
  00DF              +1  149     sfr CANDR               = 0xDF;// CAN Bus Data Register
                    +1  150     
  00E0              +1  151     sfr ACC                 = 0xE0;// Accumulator
                    +1  152     
                    +1  153     
  00E1              +1  154     sfr     UR2_DLL         = 0xE1;// High Speed UART2 Divisor Latch Low Register
  00E1              +1  155     sfr     UR2_THR         = 0xE1;// High Speed UART2 Transmit Holding Register for Writing
  00E1              +1  156     sfr     UR2_RBR         = 0xE1;// High Speed UART2 Receive Buffer Register for Reading
  00E2              +1  157     sfr     UR2_DLH         = 0xE2;// High Speed UART2 Divisor Latch High Register
  00E2              +1  158     sfr     UR2_IER         = 0xE2;// High Speed UART2 Interrupt Enable Register
  00E3              +1  159     sfr     UR2_FCR         = 0xE3;// High Speed UART2 FIFO Control Register for Writing
  00E3              +1  160     sfr     UR2_IIR         = 0xE3;// High Speed UART2 Interrupt Identification Register for
                                Reading
  00E4              +1  161     sfr     UR2_LCR         = 0xE4;// High Speed UART2 Line Control Register
  00E5              +1  162     sfr     UR2_MCR         = 0xE5;// High Speed UART2 Modem Control Register
  00E6              +1  163     sfr     UR2_LSR         = 0xE6;// High Speed UART2 Line Status Register
  00E7              +1  164     sfr     UR2_MSR         = 0xE7;// High Speed UART2 Modem Status Register
                    +1  165     
  00E8              +1  166     sfr EIE                 = 0xE8;// External Interrupt Enable
  00E9              +1  167     sfr STATUS              = 0xE9;// Status Register
  00EA              +1  168     sfr MXAX                = 0xEA;// MOVX @Ri Extended Register
  00EB              +1  169     sfr TA                  = 0xEB;// Timed Access Protection
                    +1  170     
  00F0              +1  171     sfr B                   = 0xF0;// B Working Register
  00F8              +1  172     sfr EIP                 = 0xF8;// Extended Interrupt Priority Register
  00F9              +1  173     sfr MD0                 = 0xF9;// MDU Data 0
  00FA              +1  174     sfr MD1                 = 0xFA;// MDU Data 1
  00FB              +1  175     sfr MD2                 = 0xFB;// MDU Data 2
  00FC              +1  176     sfr MD3                 = 0xFC;// MDU Data 3
  00FD              +1  177     sfr MD4                 = 0xFD;// MDU Data 4
  00FE              +1  178     sfr MD5                 = 0xFE;// MDU Data 5
  00FF              +1  179     sfr ARCON               = 0xFF;// MDU Control Register
                    +1  180     
                    +1  181     
                    +1  182     
AX51 MACRO ASSEMBLER  BUSREQ                                                                03/10/26 15:30:56 PAGE     4

0080.0              +1  183     sbit P0_0               = 0x80;
0080.1              +1  184     sbit P0_1               = 0x81;
0080.2              +1  185     sbit P0_2               = 0x82;
0080.3              +1  186     sbit P0_3               = 0x83;
0080.4              +1  187     sbit P0_4               = 0x84;
0080.5              +1  188     sbit P0_5               = 0x85;
0080.6              +1  189     sbit P0_6               = 0x86;
0080.7              +1  190     sbit P0_7               = 0x87;
                    +1  191     
                    +1  192     
                    +1  193     
                    +1  194     
                    +1  195     
                    +1  196     
                    +1  197     
                    +1  198     
                    +1  199     
                    +1  200     
                    +1  201     
                    +1  202     
                    +1  203     
                    +1  204     
                    +1  205     
                    +1  206     
                    +1  207     
                    +1  208     
                    +1  209     
0088.0              +1  210     sbit    IT0             = 0x88;
0088.1              +1  211     sbit    IE0             = 0x89;
0088.2              +1  212     sbit    IT1             = 0x8A;
0088.3              +1  213     sbit    IE1             = 0x8B;
0088.4              +1  214     sbit    TR0             = 0x8C;
0088.5              +1  215     sbit    TF0             = 0x8D;
0088.6              +1  216     sbit    TR1             = 0x8E;
0088.7              +1  217     sbit    TF1             = 0x8F;
                    +1  218     
                    +1  219     
                    +1  220     
                    +1  221     
                    +1  222     
                    +1  223     
                    +1  224     
                    +1  225     
                    +1  226     
                    +1  227     
                    +1  228     
                    +1  229     
                    +1  230     
                    +1  231     
                    +1  232     
                    +1  233     
                    +1  234     
                    +1  235     
                    +1  236     
                    +1  237     
                    +1  238     
                    +1  239     
                    +1  240     
                    +1  241     
                    +1  242     
                    +1  243     
                    +1  244     
                    +1  245     
                    +1  246     
                    +1  247     
                    +1  248     
AX51 MACRO ASSEMBLER  BUSREQ                                                                03/10/26 15:30:56 PAGE     5

                    +1  249     
                    +1  250     
                    +1  251     
                    +1  252     
                    +1  253     
                    +1  254     
                    +1  255     
                    +1  256     
                    +1  257     
0090.0              +1  258     sbit P1_0               = 0x90;
0090.1              +1  259     sbit P1_1               = 0x91;
0090.2              +1  260     sbit P1_2               = 0x92;
0090.3              +1  261     sbit P1_3               = 0x93;
0090.4              +1  262     sbit P1_4               = 0x94;
0090.5              +1  263     sbit P1_5               = 0x95;
0090.6              +1  264     sbit P1_6               = 0x96;
0090.7              +1  265     sbit P1_7               = 0x97;
                    +1  266     
                    +1  267     
                    +1  268     
                    +1  269     
                    +1  270     
                    +1  271     
                    +1  272     
                    +1  273     
                    +1  274     
                    +1  275     
                    +1  276     
0098.0              +1  277     sbit RI0                        = 0x98;
0098.1              +1  278     sbit TI0                        = 0x99;
0098.2              +1  279     sbit RB08                       = 0x9A;
0098.3              +1  280     sbit TB08                       = 0x9B;
0098.4              +1  281     sbit REN0                       = 0x9C;
0098.5              +1  282     sbit SM02                       = 0x9D;
0098.6              +1  283     sbit SM01                       = 0x9E;
0098.7              +1  284     sbit SM00                       = 0x9F;
                    +1  285     
                    +1  286     
                    +1  287     
                    +1  288     
                    +1  289     
                    +1  290     
                    +1  291     
                    +1  292     
                    +1  293     
                    +1  294     
                    +1  295     
                    +1  296     
                    +1  297     
                    +1  298     
                    +1  299     
                    +1  300     
                    +1  301     
                    +1  302     
                    +1  303     
                    +1  304     
                    +1  305     
                    +1  306     
                    +1  307     
                    +1  308     
                    +1  309     
                    +1  310     
                    +1  311     
                    +1  312     
00A0.0              +1  313     sbit P2_0               = 0xA0;
00A0.1              +1  314     sbit P2_1               = 0xA1;
AX51 MACRO ASSEMBLER  BUSREQ                                                                03/10/26 15:30:56 PAGE     6

00A0.2              +1  315     sbit P2_2               = 0xA2;
00A0.3              +1  316     sbit P2_3               = 0xA3;
00A0.4              +1  317     sbit P2_4               = 0xA4;
00A0.5              +1  318     sbit P2_5               = 0xA5;
00A0.6              +1  319     sbit P2_6               = 0xA6;
00A0.7              +1  320     sbit P2_7               = 0xA7;
                    +1  321     
                    +1  322     
                    +1  323     
00A8.0              +1  324     sbit EX0                    = 0xA8;                                                     
                                 // 1=Enable External interrupt 0
00A8.1              +1  325     sbit ET0                    = 0xA9;                                                     
                                 // 1=Enable Timer 0 interrupt
00A8.2              +1  326     sbit EX1                    = 0xAA;                                                     
                                 // 1=Enable External interrupt 1
00A8.3              +1  327     sbit ET1                    = 0xAB;                                                     
                                 // 1=Enable Timer 1 interrupt
00A8.4              +1  328     sbit ES0                    = 0xAC;                                                     
                                 // 1=Enable Serial port 0 interrupt
00A8.5              +1  329     sbit ET2                    = 0xAD;                                                     
                                 // 1=Enable Timer 2 interrupt
00A8.6              +1  330     sbit ES1                    = 0xAE;                                                     
                                 // 1=Enable Serial port 1 interrupt
00A8.7              +1  331     sbit EA                     = 0xAF;                                                     
                                 // 0=Disabe all interrupts
                    +1  332     
                    +1  333     
                    +1  334     
00B0.0              +1  335     sbit P3_0               = 0xB0;
00B0.1              +1  336     sbit P3_1               = 0xB1;
00B0.2              +1  337     sbit P3_2               = 0xB2;
00B0.3              +1  338     sbit P3_3               = 0xB3;
00B0.4              +1  339     sbit P3_4               = 0xB4;
00B0.5              +1  340     sbit P3_5               = 0xB5;
00B0.6              +1  341     sbit P3_6               = 0xB6;
00B0.7              +1  342     sbit P3_7               = 0xB7;
                    +1  343     
00B0.0              +1  344     sbit RXD                    = 0xB0;                                                     
                                 // Serial data input
00B0.1              +1  345     sbit TXD                    = 0xB1;                                                     
                                 // Serial data output
00B0.2              +1  346     sbit INT0                   = 0xB2;                                                     
                                 // External interrupt 0
00B0.3              +1  347     sbit INT1                   = 0xB3;                                                     
                                 // External interrupt 1
00B0.4              +1  348     sbit T0                     = 0xB4;                                                     
                                 // Timer 0 external input
00B0.5              +1  349     sbit T1                     = 0xB5;                                                     
                                 // Timer 1 external input
00B0.6              +1  350     sbit WR                     = 0xB6;                                                     
                                 // External data memory write strobe
00B0.7              +1  351     sbit RD                     = 0xB7;                                                     
                                 // External data memory read strobe
                    +1  352     
                    +1  353     
                    +1  354     
00B8.0              +1  355     sbit PX0                = 0xB8;
00B8.1              +1  356     sbit PT0                = 0xB9;
00B8.2              +1  357     sbit PX1                = 0xBA;
00B8.3              +1  358     sbit PT1                = 0xBB;
00B8.4              +1  359     sbit PS0                = 0xBC;
00B8.5              +1  360     sbit PT2                = 0xBD;
00B8.6              +1  361     sbit PS1                = 0xBE;
                    +1  362     
                    +1  363     
                    +1  364     
AX51 MACRO ASSEMBLER  BUSREQ                                                                03/10/26 15:30:56 PAGE     7

00C0.0              +1  365     sbit RI1                = 0xC0;
00C0.1              +1  366     sbit TI1                = 0xC1;
00C0.2              +1  367     sbit RB18               = 0xC2;
00C0.3              +1  368     sbit TB18               = 0xC3;
00C0.4              +1  369     sbit REN1               = 0xC4;
00C0.5              +1  370     sbit SM12               = 0xC5;
00C0.6              +1  371     sbit SM11               = 0xC6;
00C0.7              +1  372     sbit SM10               = 0xC7;
                    +1  373     
                    +1  374     
                    +1  375     
                    +1  376     
                    +1  377     
                    +1  378     
                    +1  379     
                    +1  380     
                    +1  381     
                    +1  382     
                    +1  383     
                    +1  384     
                    +1  385     
                    +1  386     
                    +1  387     
                    +1  388     
                    +1  389     
                    +1  390     
                    +1  391     
                    +1  392     
00C8.0              +1  393     sbit CPRL2              = 0xC8;
00C8.1              +1  394     sbit CT2                = 0xC9;
00C8.2              +1  395     sbit TR2                = 0xCA;
00C8.3              +1  396     sbit EXEN2              = 0xCB;
00C8.4              +1  397     sbit TCLK               = 0xCC;
00C8.5              +1  398     sbit RCLK               = 0xCD;
00C8.6              +1  399     sbit EXF2               = 0xCE;
00C8.7              +1  400     sbit TF2                = 0xCF;
                    +1  401     
                    +1  402     
                    +1  403     
00D0.0              +1  404     sbit P                  = 0xD0;
00D0.1              +1  405     sbit F1                 = 0xD1;
00D0.2              +1  406     sbit OV                 = 0xD2;
00D0.3              +1  407     sbit RS0                = 0xD3;
00D0.4              +1  408     sbit RS1                = 0xD4;
00D0.5              +1  409     sbit F0                 = 0xD5;
00D0.6              +1  410     sbit AC                 = 0xD6;
00D0.7              +1  411     sbit CY                 = 0xD7;
                    +1  412     
                    +1  413     
                    +1  414     
                    +1  415     
                    +1  416     
                    +1  417     
                    +1  418     
                    +1  419     
                    +1  420     
                    +1  421     
                    +1  422     
                    +1  423     
                    +1  424     
                    +1  425     
00D8.0              +1  426     sbit RWT                = 0xD8;
00D8.1              +1  427     sbit EWT                = 0xD9;
00D8.2              +1  428     sbit WTRF               = 0xDA;
00D8.3              +1  429     sbit WDIF               = 0xDB;
                    +1  430     
AX51 MACRO ASSEMBLER  BUSREQ                                                                03/10/26 15:30:56 PAGE     8

                    +1  431     
                    +1  432     
                    +1  433     
                    +1  434     
                    +1  435     
                    +1  436     
                    +1  437     
                    +1  438     
                    +1  439     
                    +1  440     
                    +1  441     
                    +1  442     
                    +1  443     
                    +1  444     
                    +1  445     
                    +1  446     
                    +1  447     
                    +1  448     
                    +1  449     
                    +1  450     
                    +1  451     
                    +1  452     
                    +1  453     
                    +1  454     
                    +1  455     
                    +1  456     
                    +1  457     
                    +1  458     
                    +1  459     
                    +1  460     
                    +1  461     
                    +1  462     
                    +1  463     
                    +1  464     
                    +1  465     
                    +1  466     
                    +1  467     
                    +1  468     
                    +1  469     
                    +1  470     
                    +1  471     
                    +1  472     
                    +1  473     
                    +1  474     
                    +1  475     
                    +1  476     
                    +1  477     
                    +1  478     
                    +1  479     
                    +1  480     
                    +1  481     
                    +1  482     
                    +1  483     
                    +1  484     
                    +1  485     
                    +1  486     
                    +1  487     
                    +1  488     
                    +1  489     
                    +1  490     
                    +1  491     
                    +1  492     
                    +1  493     
                    +1  494     
                    +1  495     
                    +1  496     
AX51 MACRO ASSEMBLER  BUSREQ                                                                03/10/26 15:30:56 PAGE     9

                    +1  497     
                    +1  498     
                    +1  499     
                    +1  500     
                    +1  501     
                    +1  502     
                    +1  503     
                    +1  504     
                    +1  505     
                    +1  506     
                    +1  507     
                    +1  508     
                    +1  509     
                    +1  510     
                    +1  511     
                    +1  512     
                    +1  513     
                    +1  514     
00E8.0              +1  515     sbit EINT2              = 0xE8;
00E8.1              +1  516     sbit EINT3              = 0xE9;
00E8.2              +1  517     sbit EINT4              = 0xEA;
00E8.3              +1  518     sbit EINT5              = 0xEB;
00E8.4              +1  519     sbit EINT6              = 0xEC;
00E8.5              +1  520     sbit EWDI               = 0xED;
                    +1  521     
                    +1  522     
                    +1  523     
00F8.0              +1  524     sbit PINT2              = 0xF8;
00F8.1              +1  525     sbit PINT3              = 0xF9;
00F8.2              +1  526     sbit PINT4              = 0xFA;
00F8.3              +1  527     sbit PINT5              = 0xFB;
00F8.4              +1  528     sbit PINT6              = 0xFC;
00F8.5              +1  529     sbit PWDI               = 0xFD;
                    +1  530     
                    +1  531     
                    +1  532     
                        533     
                        534     
                        535     NAME    BUSREQ
                        536     
003000                  537     ?PR?BusReqISR?BUSREQ SEGMENT CODE      AT 3000H
                        538             PUBLIC  BusReqISR
                        539             PUBLIC  CheckBusReq
                        540     ; //
                        541     ; // BusReqISR : Handle bus request interrupt at INT2
                        542     ; //
00003B                  543     CSEG    AT      0003BH
00003B 02000000   F     544             LJMP    BusReqISR
------                  545             RSEG    ?PR?BusReqISR?BUSREQ
                        546             USING   0
003000                  547     BusReqISR:
003000 C0E0             548             PUSH     ACC
                        549             
003002 439A80           550             ORL     DBAR,#80H
003005                  551     CheckBusReq:
                        552             
003005 E59A             553             MOV     A, DBAR
003007 20E0FB           554             JB      0xE0.0, CheckBusReq
00300A D0E0             555             POP     ACC
00300C 32               556             RETI
                        557     
                        558             END
                        559     
AX51 MACRO ASSEMBLER  BUSREQ                                                                03/10/26 15:30:56 PAGE    10

XREF SYMBOL TABLE LISTING
---- ------ ----- -------


N A M E                               T Y P E  V A L U E     ATTRIBUTES / REFERENCES

?PR?BUSREQISR?BUSREQ . . . . . . . .  C  SEG   00300DH       REL=ABS, ALN=BYTE   537# 545
AC . . . . . . . . . . . . . . . . .  B  ADDR  00D0H.6   A      410#
ACC. . . . . . . . . . . . . . . . .  D  ADDR  00E0H     A      151# 548 555
ACON . . . . . . . . . . . . . . . .  D  ADDR  009DH     A      77#
ARCON. . . . . . . . . . . . . . . .  D  ADDR  00FFH     A      179#
B. . . . . . . . . . . . . . . . . .  D  ADDR  00F0H     A      171#
BUSREQ . . . . . . . . . . . . . . .  -- ----  -------          535
BUSREQISR. . . . . . . . . . . . . .  C  ADDR  3000H     R   SEG=?PR?BUSREQISR?BUSREQ   538 544 547#
CANCIR . . . . . . . . . . . . . . .  D  ADDR  00DEH     A      148#
CANDR. . . . . . . . . . . . . . . .  D  ADDR  00DFH     A      149#
CCAPH0 . . . . . . . . . . . . . . .  D  ADDR  00B9H     A      116#
CCAPH1 . . . . . . . . . . . . . . .  D  ADDR  00BAH     A      117#
CCAPH2 . . . . . . . . . . . . . . .  D  ADDR  00BBH     A      118#
CCAPH3 . . . . . . . . . . . . . . .  D  ADDR  00BCH     A      119#
CCAPH4 . . . . . . . . . . . . . . .  D  ADDR  00BDH     A      120#
CCAPL0 . . . . . . . . . . . . . . .  D  ADDR  00B1H     A      108#
CCAPL1 . . . . . . . . . . . . . . .  D  ADDR  00B2H     A      109#
CCAPL2 . . . . . . . . . . . . . . .  D  ADDR  00B3H     A      110#
CCAPL3 . . . . . . . . . . . . . . .  D  ADDR  00B4H     A      111#
CCAPL4 . . . . . . . . . . . . . . .  D  ADDR  00B5H     A      112#
CCAPM0 . . . . . . . . . . . . . . .  D  ADDR  00D1H     A      140#
CCAPM1 . . . . . . . . . . . . . . .  D  ADDR  00D2H     A      141#
CCAPM2 . . . . . . . . . . . . . . .  D  ADDR  00D3H     A      142#
CCAPM3 . . . . . . . . . . . . . . .  D  ADDR  00D4H     A      143#
CCAPM4 . . . . . . . . . . . . . . .  D  ADDR  00D5H     A      144#
CCON . . . . . . . . . . . . . . . .  D  ADDR  00C3H     A      127#
CH . . . . . . . . . . . . . . . . .  D  ADDR  00C5H     A      129#
CHECKBUSREQ. . . . . . . . . . . . .  C  ADDR  3005H     R   SEG=?PR?BUSREQISR?BUSREQ   539 551# 554
CKCON. . . . . . . . . . . . . . . .  D  ADDR  008EH     A      60#
CL . . . . . . . . . . . . . . . . .  D  ADDR  00C4H     A      128#
CMOD . . . . . . . . . . . . . . . .  D  ADDR  00C2H     A      126#
CPRL2. . . . . . . . . . . . . . . .  B  ADDR  00C8H.0   A      393#
CSREPR . . . . . . . . . . . . . . .  D  ADDR  008FH     A      61#
CT2. . . . . . . . . . . . . . . . .  B  ADDR  00C8H.1   A      394#
CY . . . . . . . . . . . . . . . . .  B  ADDR  00D0H.7   A      411#
DBAR . . . . . . . . . . . . . . . .  D  ADDR  009AH     A      74# 550 553
DCIR . . . . . . . . . . . . . . . .  D  ADDR  009BH     A      75#
DDR. . . . . . . . . . . . . . . . .  D  ADDR  009CH     A      76#
DMAHR. . . . . . . . . . . . . . . .  D  ADDR  00ADH     A      103#
DMALR. . . . . . . . . . . . . . . .  D  ADDR  00ABH     A      101#
DMAMR. . . . . . . . . . . . . . . .  D  ADDR  00ACH     A      102#
DPH. . . . . . . . . . . . . . . . .  D  ADDR  0083H     A      49#
DPH0 . . . . . . . . . . . . . . . .  D  ADDR  0083H     A      47#
DPH1 . . . . . . . . . . . . . . . .  D  ADDR  0085H     A      51#
DPL. . . . . . . . . . . . . . . . .  D  ADDR  0082H     A      48#
DPL0 . . . . . . . . . . . . . . . .  D  ADDR  0082H     A      46#
DPL1 . . . . . . . . . . . . . . . .  D  ADDR  0084H     A      50#
DPS. . . . . . . . . . . . . . . . .  D  ADDR  0086H     A      52#
DPX. . . . . . . . . . . . . . . . .  D  ADDR  0093H     A      67#
DPX0 . . . . . . . . . . . . . . . .  D  ADDR  0093H     A      66#
DPX1 . . . . . . . . . . . . . . . .  D  ADDR  0095H     A      69#
EA . . . . . . . . . . . . . . . . .  B  ADDR  00A8H.7   A      331#
EIE. . . . . . . . . . . . . . . . .  D  ADDR  00E8H     A      166#
EIF. . . . . . . . . . . . . . . . .  D  ADDR  0091H     A      64#
EINT2. . . . . . . . . . . . . . . .  B  ADDR  00E8H.0   A      515#
EINT3. . . . . . . . . . . . . . . .  B  ADDR  00E8H.1   A      516#
EINT4. . . . . . . . . . . . . . . .  B  ADDR  00E8H.2   A      517#
EINT5. . . . . . . . . . . . . . . .  B  ADDR  00E8H.3   A      518#
EINT6. . . . . . . . . . . . . . . .  B  ADDR  00E8H.4   A      519#
EIP. . . . . . . . . . . . . . . . .  D  ADDR  00F8H     A      172#
AX51 MACRO ASSEMBLER  BUSREQ                                                                03/10/26 15:30:56 PAGE    11

EPCR . . . . . . . . . . . . . . . .  D  ADDR  00BEH     A      121#
EPDR . . . . . . . . . . . . . . . .  D  ADDR  00BFH     A      122#
ES0. . . . . . . . . . . . . . . . .  B  ADDR  00A8H.4   A      328#
ES1. . . . . . . . . . . . . . . . .  B  ADDR  00A8H.6   A      330#
ET0. . . . . . . . . . . . . . . . .  B  ADDR  00A8H.1   A      325#
ET1. . . . . . . . . . . . . . . . .  B  ADDR  00A8H.3   A      327#
ET2. . . . . . . . . . . . . . . . .  B  ADDR  00A8H.5   A      329#
EWDI . . . . . . . . . . . . . . . .  B  ADDR  00E8H.5   A      520#
EWT. . . . . . . . . . . . . . . . .  B  ADDR  00D8H.1   A      427#
EX0. . . . . . . . . . . . . . . . .  B  ADDR  00A8H.0   A      324#
EX1. . . . . . . . . . . . . . . . .  B  ADDR  00A8H.2   A      326#
EXEN2. . . . . . . . . . . . . . . .  B  ADDR  00C8H.3   A      396#
EXF2 . . . . . . . . . . . . . . . .  B  ADDR  00C8H.6   A      399#
F0 . . . . . . . . . . . . . . . . .  B  ADDR  00D0H.5   A      409#
F1 . . . . . . . . . . . . . . . . .  B  ADDR  00D0H.1   A      405#
I2CCIR . . . . . . . . . . . . . . .  D  ADDR  0096H     A      70#
I2CDR. . . . . . . . . . . . . . . .  D  ADDR  0097H     A      71#
IE . . . . . . . . . . . . . . . . .  D  ADDR  00A8H     A      98#
IE0. . . . . . . . . . . . . . . . .  B  ADDR  0088H.1   A      211#
IE1. . . . . . . . . . . . . . . . .  B  ADDR  0088H.3   A      213#
INT0 . . . . . . . . . . . . . . . .  B  ADDR  00B0H.2   A      346#
INT1 . . . . . . . . . . . . . . . .  B  ADDR  00B0H.3   A      347#
IP . . . . . . . . . . . . . . . . .  D  ADDR  00B8H     A      115#
IT0. . . . . . . . . . . . . . . . .  B  ADDR  0088H.0   A      210#
IT1. . . . . . . . . . . . . . . . .  B  ADDR  0088H.2   A      212#
LCR. . . . . . . . . . . . . . . . .  D  ADDR  00A2H     A      84#
LDAHR. . . . . . . . . . . . . . . .  D  ADDR  00A5H     A      87#
LDALR. . . . . . . . . . . . . . . .  D  ADDR  00A4H     A      86#
LDCSR. . . . . . . . . . . . . . . .  D  ADDR  00A6H     A      88#
LDHR . . . . . . . . . . . . . . . .  D  ADDR  00AAH     A      100#
LDLR . . . . . . . . . . . . . . . .  D  ADDR  00A9H     A      99#
LMSR . . . . . . . . . . . . . . . .  D  ADDR  00A1H     A      83#
LSAIER . . . . . . . . . . . . . . .  D  ADDR  00A1H     A      90#
LSCR . . . . . . . . . . . . . . . .  D  ADDR  00A2H     A      91#
LSR. . . . . . . . . . . . . . . . .  D  ADDR  00A3H     A      85#
LSSR . . . . . . . . . . . . . . . .  D  ADDR  00A3H     A      92#
MCIR . . . . . . . . . . . . . . . .  D  ADDR  00B6H     A      113#
MD0. . . . . . . . . . . . . . . . .  D  ADDR  00F9H     A      173#
MD1. . . . . . . . . . . . . . . . .  D  ADDR  00FAH     A      174#
MD2. . . . . . . . . . . . . . . . .  D  ADDR  00FBH     A      175#
MD3. . . . . . . . . . . . . . . . .  D  ADDR  00FCH     A      176#
MD4. . . . . . . . . . . . . . . . .  D  ADDR  00FDH     A      177#
MD5. . . . . . . . . . . . . . . . .  D  ADDR  00FEH     A      178#
MDR. . . . . . . . . . . . . . . . .  D  ADDR  00B7H     A      114#
MXAX . . . . . . . . . . . . . . . .  D  ADDR  00EAH     A      168#
OV . . . . . . . . . . . . . . . . .  B  ADDR  00D0H.2   A      406#
OWCIR. . . . . . . . . . . . . . . .  D  ADDR  00D6H     A      145#
OWDR . . . . . . . . . . . . . . . .  D  ADDR  00D7H     A      146#
P. . . . . . . . . . . . . . . . . .  B  ADDR  00D0H.0   A      404#
P0 . . . . . . . . . . . . . . . . .  D  ADDR  0080H     A      44#
P0_0 . . . . . . . . . . . . . . . .  B  ADDR  0080H.0   A      183#
P0_1 . . . . . . . . . . . . . . . .  B  ADDR  0080H.1   A      184#
P0_2 . . . . . . . . . . . . . . . .  B  ADDR  0080H.2   A      185#
P0_3 . . . . . . . . . . . . . . . .  B  ADDR  0080H.3   A      186#
P0_4 . . . . . . . . . . . . . . . .  B  ADDR  0080H.4   A      187#
P0_5 . . . . . . . . . . . . . . . .  B  ADDR  0080H.5   A      188#
P0_6 . . . . . . . . . . . . . . . .  B  ADDR  0080H.6   A      189#
P0_7 . . . . . . . . . . . . . . . .  B  ADDR  0080H.7   A      190#
P1 . . . . . . . . . . . . . . . . .  D  ADDR  0090H     A      63#
P1_0 . . . . . . . . . . . . . . . .  B  ADDR  0090H.0   A      258#
P1_1 . . . . . . . . . . . . . . . .  B  ADDR  0090H.1   A      259#
P1_2 . . . . . . . . . . . . . . . .  B  ADDR  0090H.2   A      260#
P1_3 . . . . . . . . . . . . . . . .  B  ADDR  0090H.3   A      261#
P1_4 . . . . . . . . . . . . . . . .  B  ADDR  0090H.4   A      262#
P1_5 . . . . . . . . . . . . . . . .  B  ADDR  0090H.5   A      263#
P1_6 . . . . . . . . . . . . . . . .  B  ADDR  0090H.6   A      264#
AX51 MACRO ASSEMBLER  BUSREQ                                                                03/10/26 15:30:56 PAGE    12

P1_7 . . . . . . . . . . . . . . . .  B  ADDR  0090H.7   A      265#
P2 . . . . . . . . . . . . . . . . .  D  ADDR  00A0H     A      81#
P2_0 . . . . . . . . . . . . . . . .  B  ADDR  00A0H.0   A      313#
P2_1 . . . . . . . . . . . . . . . .  B  ADDR  00A0H.1   A      314#
P2_2 . . . . . . . . . . . . . . . .  B  ADDR  00A0H.2   A      315#
P2_3 . . . . . . . . . . . . . . . .  B  ADDR  00A0H.3   A      316#
P2_4 . . . . . . . . . . . . . . . .  B  ADDR  00A0H.4   A      317#
P2_5 . . . . . . . . . . . . . . . .  B  ADDR  00A0H.5   A      318#
P2_6 . . . . . . . . . . . . . . . .  B  ADDR  00A0H.6   A      319#
P2_7 . . . . . . . . . . . . . . . .  B  ADDR  00A0H.7   A      320#
P3 . . . . . . . . . . . . . . . . .  D  ADDR  00B0H     A      107#
P3_0 . . . . . . . . . . . . . . . .  B  ADDR  00B0H.0   A      335#
P3_1 . . . . . . . . . . . . . . . .  B  ADDR  00B0H.1   A      336#
P3_2 . . . . . . . . . . . . . . . .  B  ADDR  00B0H.2   A      337#
P3_3 . . . . . . . . . . . . . . . .  B  ADDR  00B0H.3   A      338#
P3_4 . . . . . . . . . . . . . . . .  B  ADDR  00B0H.4   A      339#
P3_5 . . . . . . . . . . . . . . . .  B  ADDR  00B0H.5   A      340#
P3_6 . . . . . . . . . . . . . . . .  B  ADDR  00B0H.6   A      341#
P3_7 . . . . . . . . . . . . . . . .  B  ADDR  00B0H.7   A      342#
PCON . . . . . . . . . . . . . . . .  D  ADDR  0087H     A      53#
PINT2. . . . . . . . . . . . . . . .  B  ADDR  00F8H.0   A      524#
PINT3. . . . . . . . . . . . . . . .  B  ADDR  00F8H.1   A      525#
PINT4. . . . . . . . . . . . . . . .  B  ADDR  00F8H.2   A      526#
PINT5. . . . . . . . . . . . . . . .  B  ADDR  00F8H.3   A      527#
PINT6. . . . . . . . . . . . . . . .  B  ADDR  00F8H.4   A      528#
PISSR1 . . . . . . . . . . . . . . .  D  ADDR  009EH     A      78#
PISSR2 . . . . . . . . . . . . . . .  D  ADDR  009FH     A      79#
PS0. . . . . . . . . . . . . . . . .  B  ADDR  00B8H.4   A      359#
PS1. . . . . . . . . . . . . . . . .  B  ADDR  00B8H.6   A      361#
PSW. . . . . . . . . . . . . . . . .  D  ADDR  00D0H     A      139#
PT0. . . . . . . . . . . . . . . . .  B  ADDR  00B8H.1   A      356#
PT1. . . . . . . . . . . . . . . . .  B  ADDR  00B8H.3   A      358#
PT2. . . . . . . . . . . . . . . . .  B  ADDR  00B8H.5   A      360#
PWDI . . . . . . . . . . . . . . . .  B  ADDR  00F8H.5   A      529#
PX0. . . . . . . . . . . . . . . . .  B  ADDR  00B8H.0   A      355#
PX1. . . . . . . . . . . . . . . . .  B  ADDR  00B8H.2   A      357#
RB08 . . . . . . . . . . . . . . . .  B  ADDR  0098H.2   A      279#
RB18 . . . . . . . . . . . . . . . .  B  ADDR  00C0H.2   A      367#
RCLK . . . . . . . . . . . . . . . .  B  ADDR  00C8H.5   A      398#
RD . . . . . . . . . . . . . . . . .  B  ADDR  00B0H.7   A      351#
REN0 . . . . . . . . . . . . . . . .  B  ADDR  0098H.4   A      281#
REN1 . . . . . . . . . . . . . . . .  B  ADDR  00C0H.4   A      369#
RI0. . . . . . . . . . . . . . . . .  B  ADDR  0098H.0   A      277#
RI1. . . . . . . . . . . . . . . . .  B  ADDR  00C0H.0   A      365#
RLDH . . . . . . . . . . . . . . . .  D  ADDR  00CBH     A      133#
RLDL . . . . . . . . . . . . . . . .  D  ADDR  00CAH     A      132#
RS0. . . . . . . . . . . . . . . . .  B  ADDR  00D0H.3   A      407#
RS1. . . . . . . . . . . . . . . . .  B  ADDR  00D0H.4   A      408#
RWT. . . . . . . . . . . . . . . . .  B  ADDR  00D8H.0   A      426#
RXD. . . . . . . . . . . . . . . . .  B  ADDR  00B0H.0   A      344#
SBUF0. . . . . . . . . . . . . . . .  D  ADDR  0099H     A      73#
SBUF1. . . . . . . . . . . . . . . .  D  ADDR  00C1H     A      125#
SCON0. . . . . . . . . . . . . . . .  D  ADDR  0098H     A      72#
SCON1. . . . . . . . . . . . . . . .  D  ADDR  00C0H     A      124#
SDSTSR . . . . . . . . . . . . . . .  D  ADDR  0094H     A      68#
SM00 . . . . . . . . . . . . . . . .  B  ADDR  0098H.7   A      284#
SM01 . . . . . . . . . . . . . . . .  B  ADDR  0098H.6   A      283#
SM02 . . . . . . . . . . . . . . . .  B  ADDR  0098H.5   A      282#
SM10 . . . . . . . . . . . . . . . .  B  ADDR  00C0H.7   A      372#
SM11 . . . . . . . . . . . . . . . .  B  ADDR  00C0H.6   A      371#
SM12 . . . . . . . . . . . . . . . .  B  ADDR  00C0H.5   A      370#
SP . . . . . . . . . . . . . . . . .  D  ADDR  0081H     A      45#
SPICIR . . . . . . . . . . . . . . .  D  ADDR  00CEH     A      136#
SPIDR. . . . . . . . . . . . . . . .  D  ADDR  00CFH     A      137#
STATUS . . . . . . . . . . . . . . .  D  ADDR  00E9H     A      167#
T0 . . . . . . . . . . . . . . . . .  B  ADDR  00B0H.4   A      348#
AX51 MACRO ASSEMBLER  BUSREQ                                                                03/10/26 15:30:56 PAGE    13

T1 . . . . . . . . . . . . . . . . .  B  ADDR  00B0H.5   A      349#
T2CON. . . . . . . . . . . . . . . .  D  ADDR  00C8H     A      130#
T2IF . . . . . . . . . . . . . . . .  D  ADDR  00C9H     A      131#
TA . . . . . . . . . . . . . . . . .  D  ADDR  00EBH     A      169#
TB08 . . . . . . . . . . . . . . . .  B  ADDR  0098H.3   A      280#
TB18 . . . . . . . . . . . . . . . .  B  ADDR  00C0H.3   A      368#
TCIR . . . . . . . . . . . . . . . .  D  ADDR  00AEH     A      104#
TCLK . . . . . . . . . . . . . . . .  B  ADDR  00C8H.4   A      397#
TCON . . . . . . . . . . . . . . . .  D  ADDR  0088H     A      54#
TDR. . . . . . . . . . . . . . . . .  D  ADDR  00AFH     A      105#
TF0. . . . . . . . . . . . . . . . .  B  ADDR  0088H.5   A      215#
TF1. . . . . . . . . . . . . . . . .  B  ADDR  0088H.7   A      217#
TF2. . . . . . . . . . . . . . . . .  B  ADDR  00C8H.7   A      400#
TH0. . . . . . . . . . . . . . . . .  D  ADDR  008CH     A      58#
TH1. . . . . . . . . . . . . . . . .  D  ADDR  008DH     A      59#
TH2. . . . . . . . . . . . . . . . .  D  ADDR  00CDH     A      135#
TI0. . . . . . . . . . . . . . . . .  B  ADDR  0098H.1   A      278#
TI1. . . . . . . . . . . . . . . . .  B  ADDR  00C0H.1   A      366#
TL0. . . . . . . . . . . . . . . . .  D  ADDR  008AH     A      56#
TL1. . . . . . . . . . . . . . . . .  D  ADDR  008BH     A      57#
TL2. . . . . . . . . . . . . . . . .  D  ADDR  00CCH     A      134#
TMOD . . . . . . . . . . . . . . . .  D  ADDR  0089H     A      55#
TR0. . . . . . . . . . . . . . . . .  B  ADDR  0088H.4   A      214#
TR1. . . . . . . . . . . . . . . . .  B  ADDR  0088H.6   A      216#
TR2. . . . . . . . . . . . . . . . .  B  ADDR  00C8H.2   A      395#
TXD. . . . . . . . . . . . . . . . .  B  ADDR  00B0H.1   A      345#
UR2_DLH. . . . . . . . . . . . . . .  D  ADDR  00E2H     A      157#
UR2_DLL. . . . . . . . . . . . . . .  D  ADDR  00E1H     A      154#
UR2_FCR. . . . . . . . . . . . . . .  D  ADDR  00E3H     A      159#
UR2_IER. . . . . . . . . . . . . . .  D  ADDR  00E2H     A      158#
UR2_IIR. . . . . . . . . . . . . . .  D  ADDR  00E3H     A      160#
UR2_LCR. . . . . . . . . . . . . . .  D  ADDR  00E4H     A      161#
UR2_LSR. . . . . . . . . . . . . . .  D  ADDR  00E6H     A      163#
UR2_MCR. . . . . . . . . . . . . . .  D  ADDR  00E5H     A      162#
UR2_MSR. . . . . . . . . . . . . . .  D  ADDR  00E7H     A      164#
UR2_RBR. . . . . . . . . . . . . . .  D  ADDR  00E1H     A      156#
UR2_THR. . . . . . . . . . . . . . .  D  ADDR  00E1H     A      155#
WDCON. . . . . . . . . . . . . . . .  D  ADDR  00D8H     A      147#
WDIF . . . . . . . . . . . . . . . .  B  ADDR  00D8H.3   A      429#
WR . . . . . . . . . . . . . . . . .  B  ADDR  00B0H.6   A      350#
WTRF . . . . . . . . . . . . . . . .  B  ADDR  00D8H.2   A      428#
WTST . . . . . . . . . . . . . . . .  D  ADDR  0092H     A      65#
XMRHR. . . . . . . . . . . . . . . .  D  ADDR  00A7H     A      96#
XMRLR. . . . . . . . . . . . . . . .  D  ADDR  00A6H     A      95#
XMWHR. . . . . . . . . . . . . . . .  D  ADDR  00A5H     A      94#
XMWLR. . . . . . . . . . . . . . . .  D  ADDR  00A4H     A      93#


REGISTER BANK(S) USED: 0 


ASSEMBLY COMPLETE.  0 WARNING(S), 0 ERROR(S).
