C51 COMPILER V8.06   FPGA                                                                  03/10/2026 15:30:57 PAGE 1   


C51 COMPILER V8.06, COMPILATION OF MODULE FPGA
OBJECT MODULE PLACED IN fpga.obj
COMPILER INVOKED BY: C:\Keil\C51\BIN\C51.EXE src\fpga\fpga.c LARGE OMF2 ROM(D16M) OPTIMIZE(9,SPEED) BROWSE INTVECTOR(0X6
                    -020) INCDIR(.\src\cpu\;.\src\ethernet;.\src\swdma\;.\src\mstimer\;.\src\uart\;.\src\main\;.\src\tcpip\;.\src\hsur\;.\src
                    -\gs2e\;.\src\debug\;.\src\dhcp;.\src\dns\;.\src\adapter\;.\src\pppoe\;.\src\console;.\src\telnet;.\src\smtp;.\src\http;.
                    -\src\web_page;.\src\si2c;.\src\eeprom;.\src\ping;.\src\fpga;.\src\menu;.\src\hid;.\src\flash) DEFINE(RuntimeCodeAt24KH) 
                    -VARBANKING DEBUG CODE LISTINCLUDE SYMBOLS PRINT(.\tmp\fpga.lst) PREPRINT(.\tmp\fpga.i) OBJECT(fpga.obj)

line level    source

   1          //========================================================================================//
   2          //========================================================================================//
   3          //========================================================================================//
   4          //     Copyright (c) 2017     Simtek, Incorporated      All rights reserved.              //
   5          //                                                                                        //
   6          //     This is unpublished proprietary source code of Simtek, Inc                         //
   7          //                                                                                        //
   8          //     The copyright notice above does not evidence any actual or intended                //
   9          //     publication of such source code.                                                   //
  10          //========================================================================================//
  11          //========================================================================================//
  12          //========================================================================================//
  13          // 75-1503  for 10-8324-01                                                                //
  14          //========================================================================================//
  15          // Author      : C. Mason                                                                 //
  16          // Date        : February 8, 2017                                                         //
  17          // Revision    : -                                                                        //
  18          // Notes       : Shipped with instrument.                                                 //
  19          //========================================================================================//
  20          //                                                                                        //
  21          //========================================================================================//
  22          //          include file declarations                                                     //
  23          //========================================================================================//
  24          #include "CIRCUIT.H"                                                                      //
   1      =1  //========================================================================================//
   2      =1  //     Copyright (c) 2013     Simtek, Incorporated      All rights reserved.              //
   3      =1  //                                                                                        //
   4      =1  //     This is unpublished proprietary source code of Simtek, Inc                         //
   5      =1  //                                                                                        //
   6      =1  //     The copyright notice above does not evidence any actual or intended                //
   7      =1  //     publication of such source code.                                                   //
   8      =1  //========================================================================================//
   9      =1  //========================================================================================//
  10      =1  //========================================================================================//
  11      =1  // Module Name     : CIRCUIT.H                                                            //
  12      =1  // Purpose         : Definition of Hardware Specific Routines                             //
  13      =1  // Author          : C. Mason                                                             //
  14      =1  // Date            : August  2, 2017                                                      //
  15      =1  // Notes           :                                                                      //
  16      =1  //========================================================================================//
  17      =1  #include "types.h"
   1      =2  //----------------------------------------------------------------------------------------
   2      =2  //     Copyright (c) 2005       Simtek, Incorporated      All rights reserved.
   3      =2  //
   4      =2  //     This is unpublished proprietary source code of Simtek, Inc
   5      =2  //
   6      =2  //     The copyright notice above does not evidence any actual or intended
   7      =2  //     publication of such source code.
   8      =2  //----------------------------------------------------------------------------------------
   9      =2  // Module Name : types.h
  10      =2  // Purpose     : Definition of type.
C51 COMPILER V8.06   FPGA                                                                  03/10/2026 15:30:57 PAGE 2   

  11      =2  // Author      : Robin Lee
  12      =2  // Date        : 2005-12-28
  13      =2  // Notes       : None.
  14      =2  // $Log: types.h,v $
  15      =2  //----------------------------------------------------------------------------------------
  16      =2  // Revision 1.2  2006/05/18 05:02:30  Louis
  17      =2  // no message
  18      =2  //----------------------------------------------------------------------------------------
  19      =2  // Revision 1.1  2006/04/07 11:36:17  robin6633
  20      =2  // no message
  21      =2  //----------------------------------------------------------------------------------------
  22      =2  
  23      =2  #ifndef TYPES_H
  24      =2  #define TYPES_H
  25      =2  
  26      =2  typedef unsigned short int          bool;                                                 // boolean
  27      =2  typedef unsigned char               byte;                                                 //  8-bit unsign
             -ed
  28      =2  typedef unsigned short int          uint;                                                 // 16-bit unsign
             -ed
  29      =2  typedef short int                   sint;                                                 // 16-bit signed
  30      =2  typedef unsigned long               ulong;                                                // 32-bit unsign
             -ed
  31      =2  typedef unsigned short int          word;                                                 // 16-bit unsign
             -ed
  32      =2  
  33      =2  #ifndef NULL
  34      =2    #define NULL ((void *) 0L)
  35      =2  #endif
  36      =2  
  37      =2  #define TRUE                  1
  38      =2  #define FALSE                 0
  39      =2  #define ON                    1
  40      =2  #define OFF                   0
  41      =2  #define Client                1
  42      =2  #define Server                0
  43      =2  
  44      =2  // Bit Definitions for Bitwise Operation //
  45      =2  #define BIT0            0x01
  46      =2  #define BIT1            0x02
  47      =2  #define BIT2            0x04
  48      =2  #define BIT3            0x08
  49      =2  #define BIT4            0x10
  50      =2  #define BIT5            0x20
  51      =2  #define BIT6            0x40
  52      =2  #define BIT7            0x80
  53      =2  #define BIT8            0x0100
  54      =2  #define BIT9            0x0200
  55      =2  #define BIT10           0x0400
  56      =2  #define BIT11           0x0800
  57      =2  #define BIT12           0x1000
  58      =2  #define BIT13           0x2000
  59      =2  #define BIT14           0x4000
  60      =2  #define BIT15           0x8000
  61      =2  #define BIT16           0x00010000
  62      =2  #define BIT17           0x00020000
  63      =2  #define BIT18           0x00040000
  64      =2  #define BIT19           0x00080000
  65      =2  #define BIT20           0x00100000
  66      =2  #define BIT21           0x00200000
  67      =2  #define BIT22           0x00400000
  68      =2  #define BIT23           0x00800000
C51 COMPILER V8.06   FPGA                                                                  03/10/2026 15:30:57 PAGE 3   

  69      =2  #define BIT24           0x01000000
  70      =2  #define BIT25           0x02000000
  71      =2  #define BIT26           0x04000000
  72      =2  #define BIT27           0x08000000
  73      =2  #define BIT28           0x10000000
  74      =2  #define BIT29           0x20000000
  75      =2  #define BIT30           0x40000000
  76      =2  #define BIT31           0x80000000
  77      =2  
  78      =2  #define LOW_BYTE(dat)   (byte) (dat & 0x00FF)
  79      =2  #define HIGH_BYTE(dat)  (byte)((dat & 0xFF00) >> 8)
  80      =2  
  81      =2  #define U32BYTE0(dat)   (byte) (dat  & 0x000000FF)
  82      =2  #define U32BYTE1(dat)   (byte)((dat  & 0x0000FF00) >> 8)
  83      =2  #define U32BYTE2(dat)   (byte)((dat  & 0x00FF0000) >> 16)
  84      =2  #define U32BYTE3(dat)   (byte)((dat  & 0xFF000000) >> 24)
  85      =2   
  86      =2  // Keil compiler user define //
  87      =2  #define     KEIL_CPL
  88      =2  
  89      =2  #ifdef KEIL_CPL
  90      =2   #define XDATA    xdata
  91      =2   #define IDATA    idata
  92      =2   #define BDATA    bdata
  93      =2   #define CODE     code
  94      =2   #define FAR      far
  95      =2  #else
           =2  #define XDATA
           =2  #define IDATA
           =2  #define BDATA
           =2  #define CODE
           =2  #define FAR
           =2 #endif
 102      =2  
 103      =2  // Serial interface command direction //
 104      =2  #define     SI_WR                   BIT0
 105      =2  #define     SI_RD                   BIT1
 106      =2  
 107      =2  #define     FLASH_WR_ENB            (PCON |= PWE_)
 108      =2  #define     FLASH_WR_DISB           (PCON &= ~PWE_)
 109      =2  
 110      =2  #endif  // end of TYPES_H //
  18      =1  //========================================================================================//
  19      =1  // Simtek Revision : -                                                                    //
  20      =1  //========================================================================================//
  21      =1  #ifndef CIRCUIT_H
  22      =1  #define CIRCUIT_H 1
  23      =1  
  24      =1  //----------------------------------------------------------------------------------------//
  25      =1  // GLOBAL PROTOTYPES //
  26      =1  //----------------------------------------------------------------------------------------//
  27      =1  
  28      =1  //----------------------------------------------------------------------------------------//
  29      =1  //----------------------------------------------------------------------------------------//
  30      =1  #define tmpvar1               0x35                                                        //
  31      =1  extern  byte IDATA AssyVarPass1 _at_ tmpvar1;                                             // setup an asse
             -mbly and C passable variable
  32      =1  //----------------------------------------------------------------------------------------//
  33      =1  //                HARDWARE SPECIFIC DEFINITIONS                                           //
  34      =1  //----------------------------------------------------------------------------------------//
  35      =1  //~~~~~~~~~~~~~~~~~~~~~~~~~~~~~~~~~~~~~~~~~~~~~~~~~~~~~~~~~~~~~~~~~~~~~~~~~~~~~~~~~~~~~~~~//
  36      =1  //          port 0                                                                        //
C51 COMPILER V8.06   FPGA                                                                  03/10/2026 15:30:57 PAGE 4   

  37      =1  //~~~~~~~~~~~~~~~~~~~~~~~~~~~~~~~~~~~~~~~~~~~~~~~~~~~~~~~~~~~~~~~~~~~~~~~~~~~~~~~~~~~~~~~~//
  38      =1  //  sbit P0_0                   = 0x80;                                                   //
  39      =1  //  sbit P0_1                   = 0x81;                                                   //
  40      =1  //  sbit P0_2                   = 0x82;                                                   //
  41      =1  //  sbit P0_3                   = 0x83;                                                   //
  42      =1  //  sbit P0_4                   = 0x84;                                                   //
  43      =1    sbit HI8150CS                = 0x84;                                                    //
  44      =1  //  sbit P0_5                   = 0x85;                                                   //
  45      =1    sbit HI8150CLK               = 0x85;                                                    //
  46      =1  //  sbit P0_6                   = 0x86;                                                   //
  47      =1    sbit HI8150LD                = 0x86;                                                    //
  48      =1  //  sbit P0_7                   = 0x87;                                                   //
  49      =1    sbit HI8150DIN                = 0x87;                                                     //
  50      =1  //~~~~~~~~~~~~~~~~~~~~~~~~~~~~~~~~~~~~~~~~~~~~~~~~~~~~~~~~~~~~~~~~~~~~~~~~~~~~~~~~~~~~~~~~//
  51      =1  //          port 1                                                                        //
  52      =1  //~~~~~~~~~~~~~~~~~~~~~~~~~~~~~~~~~~~~~~~~~~~~~~~~~~~~~~~~~~~~~~~~~~~~~~~~~~~~~~~~~~~~~~~~//
  53      =1  //  sbit P1_0                   = 0x80;                                                   //
  54      =1  //  sbit P1_1                   = 0x81;                                                   //
  55      =1  //  sbit P1_2                   = 0x82;                                                   //
  56      =1  //  sbit P1_3                   = 0x83;                                                   //
  57      =1  //  sbit P1_4                   = 0x84;                                                   //
  58      =1  //  sbit P1_5                   = 0x85;                                                   //
  59      =1  //  sbit P1_6                   = 0x86;                                                   //
  60      =1  //  sbit P1_7                   = 0x87;                                                   //
  61      =1  //~~~~~~~~~~~~~~~~~~~~~~~~~~~~~~~~~~~~~~~~~~~~~~~~~~~~~~~~~~~~~~~~~~~~~~~~~~~~~~~~~~~~~~~~//
  62      =1  //          port 2                                                                        //
  63      =1  //~~~~~~~~~~~~~~~~~~~~~~~~~~~~~~~~~~~~~~~~~~~~~~~~~~~~~~~~~~~~~~~~~~~~~~~~~~~~~~~~~~~~~~~~//
  64      =1  //  sbit P2_0                   = 0xA0;                                                   //
  65      =1    sbit fpgaserialclock        = 0xA0;                                                     //
  66      =1  //  sbit P2_1                   = 0xA1;                                                   //
  67      =1    sbit fpgadataout            = 0xA1;                                                     //
  68      =1  //  sbit P2_2                   = 0xA2;                                                   //
  69      =1    sbit fpgaserialload         = 0xA2;                                                     //
  70      =1  //  sbit P2_3                   = 0xA3;                                                   //
  71      =1    sbit fpgadatain             = 0xA3;                                                     //
  72      =1  //  sbit P2_4                   = 0xA4;                                                   //
  73      =1    sbit fpgaserialale          = 0xA4;                                                     //
  74      =1  //  sbit P2_5                   = 0xA5;                                                   //
  75      =1    sbit LogicRst               = 0xA5;                                                     //
  76      =1  //  sbit P2_6                   = 0xA6;                                                   //
  77      =1  //  sbit P2_7                   = 0xA7;                                                   //
  78      =1  
  79      =1  //  sbit fpgaserialale          = 0xA4;                                                     //
  80      =1  //  sbit fpgaserialclock        = 0xA0;                                                     //
  81      =1  //  sbit fpgadatain             = 0xA3;                                                     //
  82      =1  //  sbit fpgadataout            = 0xA1;                                                     //
  83      =1  //  sbit fpgaserialload         = 0xA2;                                                     //
  84      =1  //  sbit LogicRst               = 0xA5;                                                     //
  85      =1  //~~~~~~~~~~~~~~~~~~~~~~~~~~~~~~~~~~~~~~~~~~~~~~~~~~~~~~~~~~~~~~~~~~~~~~~~~~~~~~~~~~~~~~~~//
  86      =1  //          port 3                                                                        //
  87      =1  //~~~~~~~~~~~~~~~~~~~~~~~~~~~~~~~~~~~~~~~~~~~~~~~~~~~~~~~~~~~~~~~~~~~~~~~~~~~~~~~~~~~~~~~~//
  88      =1  //  sbit P3_0                   = 0xB0;                                                   //
  89      =1  //  sbit        Clk5841         = 0xB0;
  90      =1  //  sbit P3_1                   = 0xB1;                                                   //
  91      =1  
  92      =1  //  sbit P3_2                   = 0xB2;                                                   //
  93      =1  
  94      =1  //  sbit P3_3                   = 0xB3;                                                   //
  95      =1                                                                                            //
  96      =1  //  sbit P3_4                   = 0xB4;                                                   //
  97      =1                                                                                            //
  98      =1  //  sbit P3_5                   = 0xB5;                                                   //
C51 COMPILER V8.06   FPGA                                                                  03/10/2026 15:30:57 PAGE 5   

  99      =1                                                                                            //
 100      =1  //  sbit P3_6                   = 0xB6;                                                   //
 101      =1                                                                                            //
 102      =1  //  sbit P3_7                   = 0xB7;                                                   //
 103      =1  //~~~~~~~~~~~~~~~~~~~~~~~~~~~~~~~~~~~~~~~~~~~~~~~~~~~~~~~~~~~~~~~~~~~~~~~~~~~~~~~~~~~~~~~~//
 104      =1  
 105      =1  
 106      =1  // port 0
 107      =1  //  sbit P0_0           = 0x80;
 108      =1  //  sbit P0_1           = 0x81;
 109      =1  //  sbit P0_5           = 0x85;
 110      =1  //  sbit DispSel                = 0x85;
 111      =1  //  sbit P0_6           = 0x86;
 112      =1  
 113      =1  // port 2
 114      =1  //  sbit P2_0           = 0xA0;
 115      =1  //  sbit DispDin4               = 0xA0;
 116      =1  //  sbit P2_1           = 0xA1;
 117      =1  //  sbit DispDin3               = 0xA1;
 118      =1  //  sbit P2_2           = 0xA2;
 119      =1  //  sbit DispDin2               = 0xA2;
 120      =1  //  sbit P2_3           = 0xA3;
 121      =1  //  sbit P2_4           = 0xA4;
 122      =1  //  sbit P2_5           = 0xA5;
 123      =1  //  sbit P2_6           = 0xA6;
 124      =1  //  sbit DispCe4                = 0xA6;
 125      =1  //  sbit P2_7           = 0xA7;
 126      =1  
 127      =1  
 128      =1  #endif      // end of CIRCUIT_H //
  25          
  26          void writeFpgaAddress(byte adrs);                                                         //
  27          
  28                 uint idata fpga16  _at_ 0x20;                                                      //
  29                 byte bdata ByteHi  _at_ 0x20;                                                      //
  30                 byte bdata ByteLo  _at_ 0x21;                                                      //
  31              sbit          bit_00  = ByteLo^0;                                                     //
  32              sbit          bit_01  = ByteLo^1;                                                     //
  33              sbit          bit_02  = ByteLo^2;                                                     //
  34              sbit          bit_03  = ByteLo^3;                                                     //
  35              sbit          bit_04  = ByteLo^4;                                                     //
  36              sbit          bit_05  = ByteLo^5;                                                     //
  37              sbit          bit_06  = ByteLo^6;                                                     //
  38              sbit          bit_07  = ByteLo^7;                                                     //
  39              sbit          bit_08  = ByteHi^0;                                                     //
  40              sbit          bit_09  = ByteHi^1;                                                     //
  41              sbit          bit_0A  = ByteHi^2;                                                     //
  42              sbit          bit_0B  = ByteHi^3;                                                     //
  43              sbit          bit_0C  = ByteHi^4;                                                     //
  44              sbit          bit_0D  = ByteHi^5;                                                     //
  45              sbit          bit_0E  = ByteHi^6;                                                     //
  46              sbit          bit_0F  = ByteHi^7;                                                     //
  47          
  48          
  49          //----------------------------------------------------------------------------------------
  50          // Function Name : writeFpgaAddress                                                       //
  51          // Purpose       : write the address of the register to access within the FPGA            //
  52          // Params        : the address of the register                                            //
  53          // Returns       : void                                                                   //
  54          // Note          :                                                                        //
  55          //----------------------------------------------------------------------------------------
  56          void writeFpgaAddress(byte adrs)                                                          //
C51 COMPILER V8.06   FPGA                                                                  03/10/2026 15:30:57 PAGE 6   

  57          {
  58   1            byte i;
  59   1      
  60   1            fpgaserialale     = 1;                                                              // make sure the
             - fpga ale is deactived before starting
  61   1            fpgaserialclock   = 1;                                                              // make sure the
             - fpga serial register clock is deactived before starting
  62   1            ByteHi            = adrs;                                                           // zero out the 
             -read byte to start
  63   1            fpgaserialale     = 0;                                                              // activate the 
             -ale to move the address into the address latch from the sipo function
  64   1            for (i = 0; i < 8; i++)                                                             // loop until al
             -l bits are read
  65   1              {
  66   2              fpgadatain      = bit_08;                                                         // write the bit
             - of the data to the fpga data input pin
  67   2              fpgadatain      = bit_08;                                                         // burn a ccyle
  68   2              fpgaserialclock = 0;                                                              // deactivate th
             -e fpga serial register clock
  69   2              fpgaserialclock = 0;                                                              // deactivate th
             -e fpga serial register clock
  70   2              fpgaserialclock = 0;                                                              // deactivate th
             -e fpga serial register clock
  71   2              fpgaserialclock = 0;                                                              // burn a ccyle
  72   2              ByteHi          = ByteHi >> 1;                                                    // shift the nex
             -t bit into position for the next bit write
  73   2              fpgaserialclock = 1;                                                              // set the clock
             - to activate
  74   2              fpgaserialclock = 1;                                                              // set the clock
             - to activate
  75   2              }
  76   1            fpgaserialclock   = 1;                                                              // set the clock
             - to high to burn a cycle
  77   1            fpgaserialale     = 1;                                                              // now that the 
             -address is latched deactivate the ale
  78   1            fpgadatain        = 1;                                                              // write the bit
             - of the data to the fpga data input pin
  79   1      }
  80          
  81          //----------------------------------------------------------------------------------------
  82          // Function Name : writeFpgaData                                                          //
  83          // Purpose       : write the address of the register to access within the FPGA            //
  84          // Params        : the address of the register, and the bits of resolution                //
  85          // Returns       : void                                                                   //
  86          // Note          :                                                                        //
  87          //----------------------------------------------------------------------------------------
  88          void writeFpgaData(byte adrs, uint dat, byte numofbits)                                   //
  89          {
  90   1            byte i;
  91   1      
  92   1            writeFpgaAddress(adrs);                                                             // output the fp
             -ga register address
  93   1            fpgaserialload    = 1;                                                              // make sure the
             - fpga load is deactived before starting
  94   1            fpgaserialclock   = 1;                                                              // make sure the
             - fpga serial register clock is deactived before starting
  95   1            fpga16            = dat;                                                            // load the data
             - word to write to the register 
  96   1            fpgaserialload    = 0;                                                              // activate the 
             -load ale to move the address into the address latch from the sipo function
  97   1            for (i = 0; i < numofbits; i++)                                                     // loop until al
             -l bits are read
C51 COMPILER V8.06   FPGA                                                                  03/10/2026 15:30:57 PAGE 7   

  98   1              {
  99   2              fpgadatain      = bit_00;                                                         // write the bit
             - of the data to the fpga data input pin
 100   2              fpgadatain      = bit_00;                                                         // burn a ccyle
 101   2              fpgadatain      = bit_00;                                                         // burn a ccyle
 102   2              fpgadatain      = bit_00;                                                         // burn a ccyle
 103   2              fpgadatain      = bit_00;                                                         // burn a ccyle
 104   2              fpgadatain      = bit_00;                                                         // burn a ccyle
 105   2              fpgaserialclock = 0;                                                              // deactivate th
             -e fpga serial register clock
 106   2              fpgaserialclock = 0;                                                              // burn a ccyle
 107   2              fpgaserialclock = 0;                                                              // deactivate th
             -e fpga serial register clock
 108   2              fpgaserialclock = 0;                                                              // burn a ccyle
 109   2              fpga16          = fpga16 >> 1;                                                    // shift the nex
             -t bit into position for the next bit write
 110   2              fpgaserialclock = 1;                                                              // activate the 
             -fpga serial register clock
 111   2              fpgaserialclock = 1;                                                              // activate the 
             -fpga serial register clock
 112   2              }
 113   1            fpgaserialclock   = 1;                                                              // set the clock
             - to high again to burn a cycle
 114   1            fpgaserialload    = 1;                                                              // now that the 
             -data is clocked in activate the load
 115   1            fpgadatain        = 1;                                                              // write the bit
             - of the data to the fpga data input pin
 116   1      }
 117          
 118          //----------------------------------------------------------------------------------------
 119          // Function Name : writeFpgaDataL                                                         //
 120          // Purpose       :                                                                        //
 121          // Params        : the address of the register, and the bits of resolution                //
 122          // Returns       : void                                                                   //
 123          // Note          :                                                                        //
 124          //----------------------------------------------------------------------------------------
 125          void writeFpgaDataL(byte adrs, byte *pdat, byte numofbits)                                //
 126          {
 127   1            byte i;                                                                             //
 128   1            
 129   1            writeFpgaAddress(adrs);                                                             // output the fp
             -ga register address
 130   1            fpgaserialload    = 1;                                                              // make sure the
             - fpga load is deactived before starting
 131   1            fpgaserialclock   = 1;                                                              // make sure the
             - fpga serial register clock is deactived before starting
 132   1            fpgaserialload    = 0;                                                              // activate the 
             -load ale to move the address into the address latch from the sipo function
 133   1            for (i = 0; i < numofbits; i++)                                                     // loop until al
             -l bits are read
 134   1              {
 135   2              if((i % 8) == 0)                                                                  //
 136   2                {
 137   3                ByteLo        = *pdat;                                                          //
 138   3                pdat++;                                                                         //
 139   3                }
 140   2              fpgadatain      = bit_00;                                                         // write the bit
             - of the data to the fpga data input pin
 141   2              fpgadatain      = bit_00;                                                         // burn a ccyle
 142   2              fpgaserialclock = 0;                                                              // deactivate th
             -e fpga serial register clock
 143   2              fpgaserialclock = 0;                                                              // burn a ccyle
C51 COMPILER V8.06   FPGA                                                                  03/10/2026 15:30:57 PAGE 8   

 144   2              fpgaserialclock = 0;                                                              // deactivate th
             -e fpga serial register clock
 145   2              fpgaserialclock = 0;                                                              // burn a ccyle
 146   2              ByteLo          = ByteLo >> 1;                                                    // shift the nex
             -t bit into position for the next bit write
 147   2              fpgaserialclock = 1;                                                              // activate the 
             -fpga serial register clock
 148   2              fpgaserialclock = 1;                                                              // activate the 
             -fpga serial register clock
 149   2              }
 150   1            fpgaserialclock   = 1;                                                              // set the clock
             - to high again to burn a cycle
 151   1            fpgaserialload    = 1;                                                              // now that the 
             -data is clocked in activate the load
 152   1            fpgadatain        = 1;                                                              // write the bit
             - of the data to the fpga data input pin
 153   1      }
 154          
 155          //----------------------------------------------------------------------------------------
 156          // Function Name : readFpgaData                                                           //
 157          // Purpose       : read the data from the register address given                          //
 158          // Params        : the address of the register, and the bits of resolution                //
 159          // Returns       : void                                                                   //
 160          // Note          : this routine is setup for a max of 16 bits                             //
 161          //----------------------------------------------------------------------------------------
 162          uint readFpgaData(byte adrs, numofbits)                                                   //
 163          {
 164   1            byte i;
 165   1      
 166   1            writeFpgaAddress(adrs);                                                             // output the fp
             -ga register address
 167   1            fpgaserialclock   = 1;                                                              // set the clock
             - and, the load line to make sure
 168   1            fpgaserialload    = 1;                                                              //  the index st
             -arts at zero , and the data is latched
 169   1            fpgadataout       = 1;                                                              // setup pin for
             - reading
 170   1            fpgaserialload    = 0;                                                              // activate the 
             -load to move the parallel data into the serial hold register
 171   1            fpga16            = 0;                                                              // clear the dat
             -a word before starting read 
 172   1            for (i = 0; i < numofbits; i++)                                                     // loop until al
             -l bits are read
 173   1              {
 174   2              fpgaserialclock = 1;                                                              // the data is w
             -ritten on the rising edge
 175   2              fpgaserialclock = 1;                                                              // the data is w
             -ritten on the rising edge
 176   2              fpgaserialclock = 1;                                                              // the data is w
             -ritten on the rising edge
 177   2              fpgaserialclock = 1;                                                              // the data is w
             -ritten on the rising edge
 178   2              fpgaserialclock = 1;                                                              // the data is w
             -ritten on the rising edge
 179   2              fpgaserialclock = 1;                                                              // the data is w
             -ritten on the rising edge
 180   2              fpgaserialclock = 1;                                                              // the data is w
             -ritten on the rising edge
 181   2              fpgaserialclock = 1;                                                              // the data is w
             -ritten on the rising edge
 182   2              fpgaserialclock = 1;                                                              // the data is w
             -ritten on the rising edge
C51 COMPILER V8.06   FPGA                                                                  03/10/2026 15:30:57 PAGE 9   

 183   2              fpga16          = fpga16 >> 1;                                                    // shift the nex
             -t bit into position for the next bit write
 184   2              bit_0F          = fpgadataout;                                                    // write the bit
             - of the data to the fpga data input pin
 185   2              fpgaserialclock = 0;                                                              // toggle the fp
             -ga serial clock,
 186   2              fpgaserialclock = 0;                                                              // toggle the fp
             -ga serial clock,
 187   2              fpgaserialclock = 0;                                                              // toggle the fp
             -ga serial clock,
 188   2              fpgaserialclock = 0;                                                              // toggle the fp
             -ga serial clock,
 189   2              fpgaserialclock = 0;                                                              // toggle the fp
             -ga serial clock,
 190   2              fpgaserialclock = 0;                                                              // toggle the fp
             -ga serial clock,
 191   2              }
 192   1            fpgaserialclock   = 1;                                                              // burn a cycle 
             -to make sure that the data pin has settled
 193   1            fpgaserialclock   = 1;                                                              // burn a cycle 
             -to make sure that the data pin has settled
 194   1            fpgaserialclock   = 1;                                                              // burn a cycle 
             -to make sure that the data pin has settled
 195   1            fpgaserialclock   = 1;                                                              // burn a cycle 
             -to make sure that the data pin has settled
 196   1            fpgaserialload    = 1;                                                              // make sure the
             - fpga ale is deactived before starting
 197   1            i = 16 - numofbits;                                                                 // find number o
             -f bits to adjust data passed back
 198   1            if(i != 0)  {                                                                       // if the data i
             -s a full 16 no adjustment is necessary
 199   2              while(i != 0)                                                                     // keep shifting
             - until data placement is right for numofbits
 200   2                {  fpga16     = fpga16 >> 1; i--;  }}                                           // shift the dat
             -a over one bit, adjust count for one shift done
 201   1            return fpga16;                                                                      // return the da
             -ta
 202   1      }
C51 COMPILER V8.06   FPGA                                                                  03/10/2026 15:30:57 PAGE 10  

ASSEMBLY LISTING OF GENERATED OBJECT CODE


             ; FUNCTION Com0015 (BEGIN)
0000         L?0022:
0000 A208              MOV     C,bit_00
0002 92A3              MOV     fpgadatain,C
0004 A208              MOV     C,bit_00
0006         L?0023:
0006 92A3              MOV     fpgadatain,C
0008         L?0024:
0008 C2A0              CLR     fpgaserialclock
000A C2A0              CLR     fpgaserialclock
000C C2A0              CLR     fpgaserialclock
000E C2A0              CLR     fpgaserialclock
0010 22                RET     
0011         L?0025:
0011         L?0026:
0011 D2A0              SETB    fpgaserialclock
0013 D2A0              SETB    fpgaserialclock
0015 D2A0              SETB    fpgaserialclock
0017 D2A0              SETB    fpgaserialclock
0019 22                RET     
001A         L?0027:
001A         L?0028:
001A 7800        R     MOV     R0,#LOW fpga16
001C E6                MOV     A,@R0
001D C3                CLR     C
001E 13                RRC     A
001F 7900        R     MOV     R1,#LOW fpga16
0021 F7                MOV     @R1,A
0022 08                INC     R0
0023 E6                MOV     A,@R0
0024 13                RRC     A
0025 09                INC     R1
0026 F7                MOV     @R1,A
0027 22                RET     
             ; FUNCTION Com0015 (END)

             ; FUNCTION _writeFpgaAddress (BEGIN)
                                           ; SOURCE LINE # 56
;---- Variable 'adrs' assigned to Register 'R7' ----
                                           ; SOURCE LINE # 57
                                           ; SOURCE LINE # 60
0000 D2A4              SETB    fpgaserialale
                                           ; SOURCE LINE # 61
0002 D2A0              SETB    fpgaserialclock
                                           ; SOURCE LINE # 62
0004 8F00        R     MOV     ByteHi,R7
                                           ; SOURCE LINE # 63
0006 C2A4              CLR     fpgaserialale
                                           ; SOURCE LINE # 64
;---- Variable 'i' assigned to Register 'R7' ----
0008 E4                CLR     A
0009 FF                MOV     R7,A
000A         ?C0001:
                                           ; SOURCE LINE # 65
                                           ; SOURCE LINE # 66
000A A200              MOV     C,bit_08
000C 92A3              MOV     fpgadatain,C
                                           ; SOURCE LINE # 67
000E A200              MOV     C,bit_08
C51 COMPILER V8.06   FPGA                                                                  03/10/2026 15:30:57 PAGE 11  

                                           ; SOURCE LINE # 68
                                           ; SOURCE LINE # 69
                                           ; SOURCE LINE # 70
                                           ; SOURCE LINE # 71
0010 12000000    R     LCALL   L?0023
                                           ; SOURCE LINE # 72
0014 E500        R     MOV     A,ByteHi
0016 C3                CLR     C
0017 13                RRC     A
0018 F500        R     MOV     ByteHi,A
                                           ; SOURCE LINE # 73
001A D2A0              SETB    fpgaserialclock
                                           ; SOURCE LINE # 74
001C D2A0              SETB    fpgaserialclock
                                           ; SOURCE LINE # 75
001E 0F                INC     R7
001F EF                MOV     A,R7
0020 B408E7            CJNE    A,#08H,?C0001
0023         ?C0002:
                                           ; SOURCE LINE # 76
0023 D2A0              SETB    fpgaserialclock
                                           ; SOURCE LINE # 77
0025 D2A4              SETB    fpgaserialale
                                           ; SOURCE LINE # 78
0027 D2A3              SETB    fpgadatain
                                           ; SOURCE LINE # 79
0029 22                RET     
             ; FUNCTION _writeFpgaAddress (END)

             ; FUNCTION _writeFpgaData (BEGIN)
                                           ; SOURCE LINE # 88
;---- Variable 'adrs' assigned to Register 'R7' ----
;---- Variable 'numofbits' assigned to Register 'R3' ----
;---- Variable 'dat' assigned to Register 'R4/R5' ----
                                           ; SOURCE LINE # 89
                                           ; SOURCE LINE # 92
0000 12000000    R     LCALL   _writeFpgaAddress
                                           ; SOURCE LINE # 93
0004 D2A2              SETB    fpgaserialload
                                           ; SOURCE LINE # 94
0006 D2A0              SETB    fpgaserialclock
                                           ; SOURCE LINE # 95
0008 AE04              MOV     R6,AR4
000A AF05              MOV     R7,AR5
000C 7800        R     MOV     R0,#LOW fpga16
000E A606              MOV     @R0,AR6
0010 08                INC     R0
0011 A607              MOV     @R0,AR7
                                           ; SOURCE LINE # 96
0013 C2A2              CLR     fpgaserialload
                                           ; SOURCE LINE # 97
;---- Variable 'i' assigned to Register 'R5' ----
0015 E4                CLR     A
0016 FD                MOV     R5,A
0017         ?C0005:
0017 ED                MOV     A,R5
0018 C3                CLR     C
0019 9B                SUBB    A,R3
001A 501F              JNC     ?C0006
                                           ; SOURCE LINE # 98
                                           ; SOURCE LINE # 99
001C A208              MOV     C,bit_00
C51 COMPILER V8.06   FPGA                                                                  03/10/2026 15:30:57 PAGE 12  

001E 92A3              MOV     fpgadatain,C
                                           ; SOURCE LINE # 100
0020 A208              MOV     C,bit_00
0022 92A3              MOV     fpgadatain,C
                                           ; SOURCE LINE # 101
0024 A208              MOV     C,bit_00
0026 92A3              MOV     fpgadatain,C
                                           ; SOURCE LINE # 102
0028 A208              MOV     C,bit_00
002A 92A3              MOV     fpgadatain,C
                                           ; SOURCE LINE # 103
                                           ; SOURCE LINE # 104
                                           ; SOURCE LINE # 105
                                           ; SOURCE LINE # 106
                                           ; SOURCE LINE # 107
                                           ; SOURCE LINE # 108
002C 12000000    R     LCALL   L?0022
                                           ; SOURCE LINE # 109
0030 12000000    R     LCALL   L?0027
                                           ; SOURCE LINE # 110
0034 D2A0              SETB    fpgaserialclock
                                           ; SOURCE LINE # 111
0036 D2A0              SETB    fpgaserialclock
                                           ; SOURCE LINE # 112
0038 0D                INC     R5
0039 80DC              SJMP    ?C0005
003B         ?C0006:
                                           ; SOURCE LINE # 113
003B D2A0              SETB    fpgaserialclock
                                           ; SOURCE LINE # 114
003D D2A2              SETB    fpgaserialload
                                           ; SOURCE LINE # 115
003F D2A3              SETB    fpgadatain
                                           ; SOURCE LINE # 116
0041 22                RET     
             ; FUNCTION _writeFpgaData (END)

             ; FUNCTION _writeFpgaDataL (BEGIN)
                                           ; SOURCE LINE # 125
;---- Variable 'pdat' assigned to Register 'R1/R2/R3' ----
;---- Variable 'adrs' assigned to Register 'R7' ----
                                           ; SOURCE LINE # 126
                                           ; SOURCE LINE # 129
0000 12000000    R     LCALL   _writeFpgaAddress
                                           ; SOURCE LINE # 130
0004 D2A2              SETB    fpgaserialload
                                           ; SOURCE LINE # 131
0006 D2A0              SETB    fpgaserialclock
                                           ; SOURCE LINE # 132
0008 C2A2              CLR     fpgaserialload
                                           ; SOURCE LINE # 133
;---- Variable 'i' assigned to Register 'R7' ----
000A E4                CLR     A
000B FF                MOV     R7,A
000C         ?C0009:
000C 90000000    R     MOV     DPTR,#numofbits
0010 E0                MOVX    A,@DPTR
0011 FE                MOV     R6,A
0012 EF                MOV     A,R7
0013 C3                CLR     C
0014 9E                SUBB    A,R6
0015 5023              JNC     ?C0010
C51 COMPILER V8.06   FPGA                                                                  03/10/2026 15:30:57 PAGE 13  

                                           ; SOURCE LINE # 134
                                           ; SOURCE LINE # 135
0017 EF                MOV     A,R7
0018 5407              ANL     A,#07H
001A 700D              JNZ     ?C0012
                                           ; SOURCE LINE # 136
                                           ; SOURCE LINE # 137
001C 12000000    E     LCALL   ?C?CLDPTR
0020 F500        R     MOV     ByteLo,A
                                           ; SOURCE LINE # 138
0022 7401              MOV     A,#01H
0024 29                ADD     A,R1
0025 F9                MOV     R1,A
0026 E4                CLR     A
0027 3A                ADDC    A,R2
0028 FA                MOV     R2,A
                                           ; SOURCE LINE # 139
0029         ?C0012:
                                           ; SOURCE LINE # 140
                                           ; SOURCE LINE # 141
                                           ; SOURCE LINE # 142
                                           ; SOURCE LINE # 143
                                           ; SOURCE LINE # 144
                                           ; SOURCE LINE # 145
0029 12000000    R     LCALL   L?0022
                                           ; SOURCE LINE # 146
002D E500        R     MOV     A,ByteLo
002F C3                CLR     C
0030 13                RRC     A
0031 F500        R     MOV     ByteLo,A
                                           ; SOURCE LINE # 147
0033 D2A0              SETB    fpgaserialclock
                                           ; SOURCE LINE # 148
0035 D2A0              SETB    fpgaserialclock
                                           ; SOURCE LINE # 149
0037 0F                INC     R7
0038 80D2              SJMP    ?C0009
003A         ?C0010:
                                           ; SOURCE LINE # 150
003A D2A0              SETB    fpgaserialclock
                                           ; SOURCE LINE # 151
003C D2A2              SETB    fpgaserialload
                                           ; SOURCE LINE # 152
003E D2A3              SETB    fpgadatain
                                           ; SOURCE LINE # 153
0040 22                RET     
             ; FUNCTION _writeFpgaDataL (END)

             ; FUNCTION _readFpgaData (BEGIN)
                                           ; SOURCE LINE # 162
;---- Variable 'numofbits' assigned to Register 'R4/R5' ----
;---- Variable 'adrs' assigned to Register 'R7' ----
                                           ; SOURCE LINE # 163
                                           ; SOURCE LINE # 166
0000 12000000    R     LCALL   _writeFpgaAddress
                                           ; SOURCE LINE # 167
0004 D2A0              SETB    fpgaserialclock
                                           ; SOURCE LINE # 168
0006 D2A2              SETB    fpgaserialload
                                           ; SOURCE LINE # 169
0008 D2A1              SETB    fpgadataout
                                           ; SOURCE LINE # 170
C51 COMPILER V8.06   FPGA                                                                  03/10/2026 15:30:57 PAGE 14  

000A C2A2              CLR     fpgaserialload
                                           ; SOURCE LINE # 171
000C E4                CLR     A
000D 7800        R     MOV     R0,#LOW fpga16
000F F6                MOV     @R0,A
0010 08                INC     R0
0011 F6                MOV     @R0,A
                                           ; SOURCE LINE # 172
;---- Variable 'i' assigned to Register 'R3' ----
0012 FB                MOV     R3,A
0013         ?C0014:
0013 EB                MOV     A,R3
0014 C3                CLR     C
0015 9D                SUBB    A,R5
0016 EC                MOV     A,R4
0017 6480              XRL     A,#080H
0019 F8                MOV     R0,A
001A 7480              MOV     A,#080H
001C 98                SUBB    A,R0
001D 501D              JNC     ?C0015
                                           ; SOURCE LINE # 173
                                           ; SOURCE LINE # 174
                                           ; SOURCE LINE # 175
                                           ; SOURCE LINE # 176
                                           ; SOURCE LINE # 177
001F 12000000    R     LCALL   L?0025
                                           ; SOURCE LINE # 178
                                           ; SOURCE LINE # 179
                                           ; SOURCE LINE # 180
                                           ; SOURCE LINE # 181
0023 12000000    R     LCALL   L?0026
                                           ; SOURCE LINE # 182
0027 D2A0              SETB    fpgaserialclock
                                           ; SOURCE LINE # 183
0029 12000000    R     LCALL   L?0027
                                           ; SOURCE LINE # 184
002D A2A1              MOV     C,fpgadataout
002F 9207              MOV     bit_0F,C
                                           ; SOURCE LINE # 185
                                           ; SOURCE LINE # 186
                                           ; SOURCE LINE # 187
                                           ; SOURCE LINE # 188
0031 12000000    R     LCALL   L?0024
                                           ; SOURCE LINE # 189
0035 C2A0              CLR     fpgaserialclock
                                           ; SOURCE LINE # 190
0037 C2A0              CLR     fpgaserialclock
                                           ; SOURCE LINE # 191
0039 0B                INC     R3
003A 80D7              SJMP    ?C0014
003C         ?C0015:
                                           ; SOURCE LINE # 192
                                           ; SOURCE LINE # 193
                                           ; SOURCE LINE # 194
                                           ; SOURCE LINE # 195
003C 12000000    R     LCALL   L?0025
                                           ; SOURCE LINE # 196
0040 D2A2              SETB    fpgaserialload
                                           ; SOURCE LINE # 197
0042 C3                CLR     C
0043 7410              MOV     A,#010H
0045 9D                SUBB    A,R5
C51 COMPILER V8.06   FPGA                                                                  03/10/2026 15:30:57 PAGE 15  

0046 FB                MOV     R3,A
                                           ; SOURCE LINE # 198
0047 600A              JZ      ?C0017
0049         ?C0018:
                                           ; SOURCE LINE # 199
0049 EB                MOV     A,R3
004A 6007              JZ      ?C0017
                                           ; SOURCE LINE # 200
004C 12000000    R     LCALL   L?0028
0050 1B                DEC     R3
0051 80F6              SJMP    ?C0018
0053         ?C0017:
                                           ; SOURCE LINE # 201
0053 7800        R     MOV     R0,#LOW fpga16
0055 E6                MOV     A,@R0
0056 FE                MOV     R6,A
0057 08                INC     R0
0058 E6                MOV     A,@R0
0059 FF                MOV     R7,A
                                           ; SOURCE LINE # 202
005A         ?C0020:
005A 22                RET     
             ; FUNCTION _readFpgaData (END)

C51 COMPILER V8.06   FPGA                                                                  03/10/2026 15:30:57 PAGE 16  

NAME                                    CLASS   MSPACE  TYPE    OFFSET  SIZE
====                                    =====   ======  ====    ======  ====


bit_00 . . . . . . . . . . . . . . . .  ABSBIT   -----  BIT      0108H  1
bit_01 . . . . . . . . . . . . . . . .  ABSBIT   -----  BIT      0109H  1
bit_02 . . . . . . . . . . . . . . . .  ABSBIT   -----  BIT      010AH  1
bit_03 . . . . . . . . . . . . . . . .  ABSBIT   -----  BIT      010BH  1
bit_04 . . . . . . . . . . . . . . . .  ABSBIT   -----  BIT      010CH  1
bit_05 . . . . . . . . . . . . . . . .  ABSBIT   -----  BIT      010DH  1
bit_06 . . . . . . . . . . . . . . . .  ABSBIT   -----  BIT      010EH  1
bit_07 . . . . . . . . . . . . . . . .  ABSBIT   -----  BIT      010FH  1
fpga16 . . . . . . . . . . . . . . . .  PUBLIC   IDATA  U_INT    0020H  2
bit_08 . . . . . . . . . . . . . . . .  ABSBIT   -----  BIT      0100H  1
bit_09 . . . . . . . . . . . . . . . .  ABSBIT   -----  BIT      0101H  1
bit_0A . . . . . . . . . . . . . . . .  ABSBIT   -----  BIT      0102H  1
bit_0B . . . . . . . . . . . . . . . .  ABSBIT   -----  BIT      0103H  1
bit_0C . . . . . . . . . . . . . . . .  ABSBIT   -----  BIT      0104H  1
bit_0D . . . . . . . . . . . . . . . .  ABSBIT   -----  BIT      0105H  1
bit_0E . . . . . . . . . . . . . . . .  ABSBIT   -----  BIT      0106H  1
fpgadatain . . . . . . . . . . . . . .  ABSBIT   -----  BIT      00A3H  1
bit_0F . . . . . . . . . . . . . . . .  ABSBIT   -----  BIT      0107H  1
fpgadataout. . . . . . . . . . . . . .  ABSBIT   -----  BIT      00A1H  1
_readFpgaData. . . . . . . . . . . . .  PUBLIC   CODE   PROC     0000H  -----
  adrs . . . . . . . . . . . . . . . .  * REG *  DATA   U_CHAR   0007H  1
  numofbits. . . . . . . . . . . . . .  * REG *  DATA   INT      0004H  2
  i. . . . . . . . . . . . . . . . . .  * REG *  DATA   U_CHAR   0003H  1
ulong. . . . . . . . . . . . . . . . .  TYPEDEF  -----  U_LONG   -----  4
_writeFpgaData . . . . . . . . . . . .  PUBLIC   CODE   PROC     0000H  -----
  adrs . . . . . . . . . . . . . . . .  * REG *  DATA   U_CHAR   0007H  1
  dat. . . . . . . . . . . . . . . . .  * REG *  DATA   U_INT    0004H  2
  numofbits. . . . . . . . . . . . . .  * REG *  DATA   U_CHAR   0003H  1
  i. . . . . . . . . . . . . . . . . .  * REG *  DATA   U_CHAR   0005H  1
LogicRst . . . . . . . . . . . . . . .  ABSBIT   -----  BIT      00A5H  1
bool . . . . . . . . . . . . . . . . .  TYPEDEF  -----  U_INT    -----  2
fpgaserialclock. . . . . . . . . . . .  ABSBIT   -----  BIT      00A0H  1
byte . . . . . . . . . . . . . . . . .  TYPEDEF  -----  U_CHAR   -----  1
HI8150CLK. . . . . . . . . . . . . . .  ABSBIT   -----  BIT      0085H  1
HI8150DIN. . . . . . . . . . . . . . .  ABSBIT   -----  BIT      0087H  1
word . . . . . . . . . . . . . . . . .  TYPEDEF  -----  U_INT    -----  2
sint . . . . . . . . . . . . . . . . .  TYPEDEF  -----  INT      -----  2
uint . . . . . . . . . . . . . . . . .  TYPEDEF  -----  U_INT    -----  2
ByteHi . . . . . . . . . . . . . . . .  PUBLIC   DATA   U_CHAR   0020H  1
fpgaserialload . . . . . . . . . . . .  ABSBIT   -----  BIT      00A2H  1
ByteLo . . . . . . . . . . . . . . . .  PUBLIC   DATA   U_CHAR   0021H  1
fpgaserialale. . . . . . . . . . . . .  ABSBIT   -----  BIT      00A4H  1
HI8150LD . . . . . . . . . . . . . . .  ABSBIT   -----  BIT      0086H  1
HI8150CS . . . . . . . . . . . . . . .  ABSBIT   -----  BIT      0084H  1
_writeFpgaDataL. . . . . . . . . . . .  PUBLIC   CODE   PROC     0000H  -----
  adrs . . . . . . . . . . . . . . . .  AUTO     DATA   U_CHAR   0007H  1
  pdat . . . . . . . . . . . . . . . .  AUTO     DATA   PTR      0001H  3
  numofbits. . . . . . . . . . . . . .  AUTO     XDATA  U_CHAR   0004H  1
  i. . . . . . . . . . . . . . . . . .  * REG *  DATA   U_CHAR   0007H  1
_writeFpgaAddress. . . . . . . . . . .  PUBLIC   CODE   PROC     0000H  -----
  adrs . . . . . . . . . . . . . . . .  * REG *  DATA   U_CHAR   0007H  1
  i. . . . . . . . . . . . . . . . . .  * REG *  DATA   U_CHAR   0007H  1


MODULE INFORMATION:   STATIC OVERLAYABLE
   CODE SIZE        =    304    ----
   CONSTANT SIZE    =   ----    ----
   XDATA SIZE       =   ----       5
C51 COMPILER V8.06   FPGA                                                                  03/10/2026 15:30:57 PAGE 17  

   PDATA SIZE       =   ----    ----
   DATA SIZE        =   ----    ----
   IDATA SIZE       =   ----    ----
   BIT SIZE         =   ----    ----
   EDATA SIZE       =   ----    ----
   HDATA SIZE       =   ----    ----
   XDATA CONST SIZE =   ----    ----
   FAR CONST SIZE   =   ----    ----
END OF MODULE INFORMATION.


C51 COMPILATION COMPLETE.  0 WARNING(S),  0 ERROR(S)
