Target Part: AGLN250V5_VQFP100_STD
Report for cell mainprogram.behavioral
  Core Cell usage:
              cell count     area count*area
              AND2     3      1.0        3.0
             AND2A     5      1.0        5.0
              AND3     3      1.0        3.0
             AND3A     1      1.0        1.0
               AO1    14      1.0       14.0
              AO13     2      1.0        2.0
              AO16     1      1.0        1.0
              AO18     1      1.0        1.0
              AO1A    12      1.0       12.0
              AO1B     6      1.0        6.0
              AO1C     5      1.0        5.0
              AOI1     9      1.0        9.0
             AOI1A     5      1.0        5.0
             AOI1B    11      1.0       11.0
               AX1    16      1.0       16.0
              AX1A     5      1.0        5.0
              AX1B     1      1.0        1.0
              AX1C    53      1.0       53.0
              AX1E     6      1.0        6.0
              BUFF     1      1.0        1.0
            CLKINT     3      0.0        0.0
               GND    22      0.0        0.0
               INV     6      1.0        6.0
               MX2   171      1.0      171.0
              MX2A     7      1.0        7.0
              MX2B     2      1.0        2.0
              MX2C     7      1.0        7.0
              NOR2    43      1.0       43.0
             NOR2A   176      1.0      176.0
             NOR2B   139      1.0      139.0
              NOR3     7      1.0        7.0
             NOR3A    22      1.0       22.0
             NOR3B    43      1.0       43.0
             NOR3C   166      1.0      166.0
               OA1     5      1.0        5.0
              OA1A     7      1.0        7.0
              OA1B    11      1.0       11.0
              OA1C     3      1.0        3.0
              OAI1     1      1.0        1.0
               OR2   108      1.0      108.0
              OR2A    27      1.0       27.0
              OR2B    10      1.0       10.0
               OR3    10      1.0       10.0
              OR3A    14      1.0       14.0
              OR3B    10      1.0       10.0
              OR3C     3      1.0        3.0
               VCC    22      0.0        0.0
               XA1    22      1.0       22.0
              XA1A     2      1.0        2.0
              XA1B    58      1.0       58.0
              XA1C    10      1.0       10.0
             XNOR2    19      1.0       19.0
             XNOR3     2      1.0        2.0
              XO1A     6      1.0        6.0
              XOR2    77      1.0       77.0
              ZOR3     3      1.0        3.0


              DFN1   228      1.0      228.0
            DFN1C1    30      1.0       30.0
            DFN1E0   117      1.0      117.0
            DFN1E1    11      1.0       11.0
                   -----          ----------
             TOTAL  1790              1743.0


  IO Cell usage:
              cell count
            CLKBUF     2
             INBUF    23
            OUTBUF    12
                   -----
             TOTAL    37


Core Cells         : 1743 of 6144 (28%)
IO Cells           : 37

  RAM/ROM Usage Summary
Block Rams : 0 of 8 (0%)

