# Synopsys Constraint Checker(syntax only), version mapact, Build 2172R, built Oct 30 2017
# Copyright (C) 1994-2017 Synopsys, Inc. This Synopsys software and all associated documentation are proprietary to Synopsys, Inc. and may only be used pursuant to the terms and conditions of a written license agreement with Synopsys, Inc. All other use, reproduction, modification, or distribution of the Synopsys software or the associated documentation is strictly prohibited.

# Written on Tue Mar 10 15:18:33 2026


##### DESIGN INFO #######################################################

Top View:                "mainprogram"
Constraint File(s):      (none)

#Run constraint checker to find more issues with constraints.
#########################################################################



No issues found in constraint syntax.



Clock Summary
*************

Start                                     Requested     Requested     Clock        Clock                   Clock
Clock                                     Frequency     Period        Type         Group                   Load 
----------------------------------------------------------------------------------------------------------------
ClockMaster|counter_inferred_clock[0]     100.0 MHz     10.000        inferred     Inferred_clkgroup_1     107  
ClockMaster|counter_inferred_clock[1]     100.0 MHz     10.000        inferred     Inferred_clkgroup_4     12   
ClockMaster|counter_inferred_clock[2]     100.0 MHz     10.000        inferred     Inferred_clkgroup_2     51   
divider|counter_inferred_clock[0]         100.0 MHz     10.000        inferred     Inferred_clkgroup_5     13   
mainprogram|SerialClock                   100.0 MHz     10.000        inferred     Inferred_clkgroup_3     79   
mainprogram|XCLK                          100.0 MHz     10.000        inferred     Inferred_clkgroup_0     160  
================================================================================================================
