
Starting:    C:\Microsemi\Libero_SoC_v11.9\SynplifyPro\bin64\mbin\synbatch.exe
Install:     C:\Microsemi\Libero_SoC_v11.9\SynplifyPro
Hostname:    CJEARDOE10
Date:        Tue Mar 10 15:18:31 2026
Version:     L-2016.09M-SP1-5

Arguments:   -product synplify_pro -licensetype synplifypro_actel -batch -log synplify.log mainprogram_syn.tcl
ProductType: synplify_pro

License checkout: synplifypro_actel
License: synplifypro_actel node-locked 
Licensed Vendor: actel
License Option: actel_oem

Running in Vendor Mode


auto_infer_blackbox is not supported in current product.

log file: "C:\_swork\10-\9800\9864\FPGA\10-9864\synthesis\mainprogram.srr"

Running: synthesis in foreground



Running mainprogram_syn|synthesis


Running: compile (Compile) on mainprogram_syn|synthesis
# Tue Mar 10 15:18:31 2026


Running: compile_flow (Compile Process) on mainprogram_syn|synthesis
# Tue Mar 10 15:18:31 2026


Running: compiler (Compile Input) on mainprogram_syn|synthesis
# Tue Mar 10 15:18:31 2026

Copied C:\_swork\10-\9800\9864\FPGA\10-9864\synthesis\synwork\mainprogram_comp.srs to C:\_swork\10-\9800\9864\FPGA\10-9864\synthesis\mainprogram.srs


compiler completed
# Tue Mar 10 15:18:33 2026

Return Code: 0
Run Time:00h:00m:02s


Running: multi_srs_gen (Multi-srs Generator) on mainprogram_syn|synthesis
# Tue Mar 10 15:18:33 2026


multi_srs_gen completed
# Tue Mar 10 15:18:33 2026

Return Code: 0
Run Time:00h:00m:00s

Copied C:\_swork\10-\9800\9864\FPGA\10-9864\synthesis\synwork\mainprogram_mult.srs to C:\_swork\10-\9800\9864\FPGA\10-9864\synthesis\mainprogram.srs

Complete: Compile Process on mainprogram_syn|synthesis


Running: premap (Pre-mapping) on mainprogram_syn|synthesis
# Tue Mar 10 15:18:33 2026


premap completed with warnings
# Tue Mar 10 15:18:33 2026

Return Code: 1
Run Time:00h:00m:00s

Complete: Compile on mainprogram_syn|synthesis


Running: map (Map) on mainprogram_syn|synthesis
# Tue Mar 10 15:18:33 2026

License granted for 4 parallel jobs


Running: fpga_mapper (Map & Optimize) on mainprogram_syn|synthesis
# Tue Mar 10 15:18:33 2026

Copied C:\_swork\10-\9800\9864\FPGA\10-9864\synthesis\synwork\mainprogram_m.srm to C:\_swork\10-\9800\9864\FPGA\10-9864\synthesis\mainprogram.srm


fpga_mapper completed with warnings
# Tue Mar 10 15:18:40 2026

Return Code: 1
Run Time:00h:00m:07s

Complete: Map on mainprogram_syn|synthesis

Complete: Logic Synthesis on mainprogram_syn|synthesis

TCL script complete: "mainprogram_syn.tcl"

exit status=0

exit status=0

License checkin: synplifypro_actel

