Timing Report Max Delay Analysis

SmartTime Version v11.7 SP1.1
Microsemi Corporation - Microsemi Libero Software Release v11.7 SP1.1 (Version 11.7.1.14)
Date: Thu Jul 27 10:01:21 2017


Design: mainprogram
Family: IGLOO
Die: AGLN250V5
Package: 100 VQFP
Temperature Range: 0 - 70 C
Voltage Range: 1.425 - 1.575 V
Speed Grade: STD
Design State: Post-Layout
Data source: Silicon verified
Min Operating Conditions: BEST - 1.575 V - 0 C
Max Operating Conditions: WORST - 1.425 V - 70 C
Using Enhanced Min Delay Analysis
Scenario for Timing Analysis: Primary


-----------------------------------------------------
SUMMARY

Clock Domain:               SerialClock
Period (ns):                8.736
Frequency (MHz):            114.469
Required Period (ns):       500.000
Required Frequency (MHz):   2.000
External Setup (ns):        13.520
External Hold (ns):         -1.244
Min Clock-To-Out (ns):      N/A
Max Clock-To-Out (ns):      N/A

Clock Domain:               XCLK
Period (ns):                11.305
Frequency (MHz):            88.456
Required Period (ns):       5.000
Required Frequency (MHz):   200.000
External Setup (ns):        12.008
External Hold (ns):         -2.142
Min Clock-To-Out (ns):      N/A
Max Clock-To-Out (ns):      N/A

Clock Domain:               clock_master/counter[0]:Q
Period (ns):                13.740
Frequency (MHz):            72.780
Required Period (ns):       10.000
Required Frequency (MHz):   100.000
External Setup (ns):        12.848
External Hold (ns):         0.142
Min Clock-To-Out (ns):      5.257
Max Clock-To-Out (ns):      16.481

Clock Domain:               clock_master/counter[1]:Q
Period (ns):                9.448
Frequency (MHz):            105.843
Required Period (ns):       20.000
Required Frequency (MHz):   50.000
External Setup (ns):        1.043
External Hold (ns):         1.511
Min Clock-To-Out (ns):      5.982
Max Clock-To-Out (ns):      15.048

Clock Domain:               clock_master/counter[2]:Q
Period (ns):                11.261
Frequency (MHz):            88.802
Required Period (ns):       40.000
Required Frequency (MHz):   25.000
External Setup (ns):        8.160
External Hold (ns):         1.673
Min Clock-To-Out (ns):      3.619
Max Clock-To-Out (ns):      12.167

Clock Domain:               clock_master/counter[7]:Q
Period (ns):                31.452
Frequency (MHz):            31.794
Required Period (ns):       320.000
Required Frequency (MHz):   3.125
External Setup (ns):        20.553
External Hold (ns):         1.872
Min Clock-To-Out (ns):      5.160
Max Clock-To-Out (ns):      18.824

                            Input to Output
Min Delay (ns):             N/A
Max Delay (ns):             N/A

END SUMMARY
-----------------------------------------------------

Clock Domain SerialClock

SET Register to Register

Path 1
  From:                        discretedutycycle01/cellindex[3]:CLK
  To:                          discretedutycycle01/paralleldata[8]:D
  Delay (ns):                  7.973
  Slack (ns):                  491.264
  Arrival (ns):                10.401
  Required (ns):               501.665
  Setup (ns):                  0.757
  Minimum Period (ns):         8.736

Path 2
  From:                        discretedutycycle01/cellindex[3]:CLK
  To:                          discretedutycycle01/paralleldata[9]:D
  Delay (ns):                  7.780
  Slack (ns):                  491.399
  Arrival (ns):                10.208
  Required (ns):               501.607
  Setup (ns):                  0.808
  Minimum Period (ns):         8.601

Path 3
  From:                        addresslatch/cellindex[2]:CLK
  To:                          addresslatch/paralleldata[5]:D
  Delay (ns):                  7.618
  Slack (ns):                  491.574
  Arrival (ns):                10.047
  Required (ns):               501.621
  Setup (ns):                  0.808
  Minimum Period (ns):         8.426

Path 4
  From:                        discretedutycycle01/cellindex[2]:CLK
  To:                          discretedutycycle01/paralleldata[8]:D
  Delay (ns):                  7.639
  Slack (ns):                  491.598
  Arrival (ns):                10.067
  Required (ns):               501.665
  Setup (ns):                  0.757
  Minimum Period (ns):         8.402

Path 5
  From:                        discretedutycycle01/cellindex[0]:CLK
  To:                          discretedutycycle01/paralleldata[4]:D
  Delay (ns):                  7.506
  Slack (ns):                  491.739
  Arrival (ns):                9.934
  Required (ns):               501.673
  Setup (ns):                  0.757
  Minimum Period (ns):         8.261


Expanded Path 1
  From: discretedutycycle01/cellindex[3]:CLK
  To: discretedutycycle01/paralleldata[8]:D
  data required time                             501.665
  data arrival time                          -   10.401
  slack                                          491.264
  ________________________________________________________
  Data arrival time calculation
  0.000                        SerialClock
               +     0.000          Clock source
  0.000                        SerialClock (r)
               +     0.000          net: SerialClock
  0.000                        SerialClock_pad/U0/U0:PAD (r)
               +     1.158          cell: ADLIB:IOPAD_IN
  1.158                        SerialClock_pad/U0/U0:Y (r)
               +     0.000          net: SerialClock_pad/U0/NET1
  1.158                        SerialClock_pad/U0/U1:A (r)
               +     0.636          cell: ADLIB:CLKIO
  1.794                        SerialClock_pad/U0/U1:Y (r)
               +     0.634          net: SerialClock_c
  2.428                        discretedutycycle01/cellindex[3]:CLK (r)
               +     0.886          cell: ADLIB:DFN1E0
  3.314                        discretedutycycle01/cellindex[3]:Q (f)
               +     0.983          net: discretedutycycle01/cellindex[3]
  4.297                        discretedutycycle01/cellindex_RNILCOL[3]:A (f)
               +     0.997          cell: ADLIB:NOR2A
  5.294                        discretedutycycle01/cellindex_RNILCOL[3]:Y (f)
               +     1.615          net: discretedutycycle01/un1_paralleldata_2[9]
  6.909                        discretedutycycle01/paralleldata_RNO_1[8]:C (f)
               +     1.006          cell: ADLIB:NOR3C
  7.915                        discretedutycycle01/paralleldata_RNO_1[8]:Y (f)
               +     0.747          net: discretedutycycle01/N_135
  8.662                        discretedutycycle01/paralleldata_RNO_0[8]:S (f)
               +     0.471          cell: ADLIB:MX2
  9.133                        discretedutycycle01/paralleldata_RNO_0[8]:Y (f)
               +     0.228          net: discretedutycycle01/N_135_mux
  9.361                        discretedutycycle01/paralleldata_RNO[8]:A (f)
               +     0.783          cell: ADLIB:NOR2A
  10.144                       discretedutycycle01/paralleldata_RNO[8]:Y (f)
               +     0.257          net: discretedutycycle01/paralleldata_RNO[8]
  10.401                       discretedutycycle01/paralleldata[8]:D (f)
                                    
  10.401                       data arrival time
  ________________________________________________________
  Data required time calculation
  500.000                      SerialClock
               +     0.000          Clock source
  500.000                      SerialClock (r)
               +     0.000          net: SerialClock
  500.000                      SerialClock_pad/U0/U0:PAD (r)
               +     1.158          cell: ADLIB:IOPAD_IN
  501.158                      SerialClock_pad/U0/U0:Y (r)
               +     0.000          net: SerialClock_pad/U0/NET1
  501.158                      SerialClock_pad/U0/U1:A (r)
               +     0.636          cell: ADLIB:CLKIO
  501.794                      SerialClock_pad/U0/U1:Y (r)
               +     0.628          net: SerialClock_c
  502.422                      discretedutycycle01/paralleldata[8]:CLK (r)
               -     0.757          Library setup time: ADLIB:DFN1
  501.665                      discretedutycycle01/paralleldata[8]:D
                                    
  501.665                      data required time


END SET Register to Register

----------------------------------------------------

SET External Setup

Path 1
  From:                        SerialLoad
  To:                          externenablelatch/paralleldata[2]:D
  Delay (ns):                  15.178
  Slack (ns):
  Arrival (ns):                15.178
  Required (ns):
  Setup (ns):                  0.757
  External Setup (ns):         13.520

Path 2
  From:                        SerialLoad
  To:                          externenablelatch/paralleldata[1]:D
  Delay (ns):                  14.790
  Slack (ns):
  Arrival (ns):                14.790
  Required (ns):
  Setup (ns):                  0.757
  External Setup (ns):         13.146

Path 3
  From:                        SerialLoad
  To:                          ioBank61reader/cellindex[1]:D
  Delay (ns):                  14.417
  Slack (ns):
  Arrival (ns):                14.417
  Required (ns):
  Setup (ns):                  0.808
  External Setup (ns):         12.826

Path 4
  From:                        SerialLoad
  To:                          externenablelatch/paralleldata[3]:D
  Delay (ns):                  14.401
  Slack (ns):
  Arrival (ns):                14.401
  Required (ns):
  Setup (ns):                  0.757
  External Setup (ns):         12.742

Path 5
  From:                        LogicReset
  To:                          ioBank61reader/cellindex[1]:D
  Delay (ns):                  14.098
  Slack (ns):
  Arrival (ns):                14.098
  Required (ns):
  Setup (ns):                  0.808
  External Setup (ns):         12.507


Expanded Path 1
  From: SerialLoad
  To: externenablelatch/paralleldata[2]:D
  data required time                             N/C
  data arrival time                          -   15.178
  slack                                          N/C
  ________________________________________________________
  Data arrival time calculation
  0.000                        SerialLoad (f)
               +     0.000          net: SerialLoad
  0.000                        SerialLoad_pad/U0/U0:PAD (f)
               +     1.075          cell: ADLIB:IOPAD_IN
  1.075                        SerialLoad_pad/U0/U0:Y (f)
               +     0.000          net: SerialLoad_pad/U0/NET1
  1.075                        SerialLoad_pad/U0/U1:YIN (f)
               +     0.184          cell: ADLIB:IOIN_IB
  1.259                        SerialLoad_pad/U0/U1:Y (f)
               +     2.787          net: SerialLoad_pad
  4.046                        SerialLoad_pad_RNIK82F:A (f)
               +     1.294          cell: ADLIB:CLKINT
  5.340                        SerialLoad_pad_RNIK82F:Y (f)
               +     0.764          net: SerialLoad_c
  6.104                        externenablelatch/output_0_sqmuxa:B (f)
               +     0.477          cell: ADLIB:NOR2A
  6.581                        externenablelatch/output_0_sqmuxa:Y (r)
               +     2.721          net: externenablelatch/output_0_sqmuxa
  9.302                        externenablelatch/cellindex_RNIH1BG1_0[2]:A (r)
               +     0.977          cell: ADLIB:NOR2A
  10.279                       externenablelatch/cellindex_RNIH1BG1_0[2]:Y (r)
               +     0.447          net: externenablelatch/paralleldata_0_e_0[3]
  10.726                       externenablelatch/paralleldata_RNO_1[2]:B (r)
               +     1.063          cell: ADLIB:NOR3B
  11.789                       externenablelatch/paralleldata_RNO_1[2]:Y (r)
               +     1.525          net: externenablelatch/N_94
  13.314                       externenablelatch/paralleldata_RNO_0[2]:S (r)
               +     0.596          cell: ADLIB:MX2
  13.910                       externenablelatch/paralleldata_RNO_0[2]:Y (f)
               +     0.228          net: externenablelatch/N_94_mux
  14.138                       externenablelatch/paralleldata_RNO[2]:A (f)
               +     0.783          cell: ADLIB:NOR2A
  14.921                       externenablelatch/paralleldata_RNO[2]:Y (f)
               +     0.257          net: externenablelatch/paralleldata_RNO_0[2]
  15.178                       externenablelatch/paralleldata[2]:D (f)
                                    
  15.178                       data arrival time
  ________________________________________________________
  Data required time calculation
  N/C                          SerialClock
               +     0.000          Clock source
  N/C                          SerialClock (r)
               +     0.000          net: SerialClock
  N/C                          SerialClock_pad/U0/U0:PAD (r)
               +     1.158          cell: ADLIB:IOPAD_IN
  N/C                          SerialClock_pad/U0/U0:Y (r)
               +     0.000          net: SerialClock_pad/U0/NET1
  N/C                          SerialClock_pad/U0/U1:A (r)
               +     0.636          cell: ADLIB:CLKIO
  N/C                          SerialClock_pad/U0/U1:Y (r)
               +     0.621          net: SerialClock_c
  N/C                          externenablelatch/paralleldata[2]:CLK (r)
               -     0.757          Library setup time: ADLIB:DFN1
  N/C                          externenablelatch/paralleldata[2]:D


END SET External Setup

----------------------------------------------------

SET Clock to Output

No Path

END SET Clock to Output

----------------------------------------------------

SET Register to Asynchronous

No Path

END SET Register to Asynchronous

----------------------------------------------------

SET External Recovery

No Path

END SET External Recovery

----------------------------------------------------

SET Asynchronous to Register

No Path

END SET Asynchronous to Register

----------------------------------------------------

Clock Domain XCLK

SET Register to Register

Path 1
  From:                        clock_master/counter[2]:CLK
  To:                          clock_master/counter[4]:D
  Delay (ns):                  10.748
  Slack (ns):                  -6.305
  Arrival (ns):                12.565
  Required (ns):               6.260
  Setup (ns):                  0.784
  Minimum Period (ns):         11.305

Path 2
  From:                        clock_master/counter[0]:CLK
  To:                          clock_master/counter[4]:D
  Delay (ns):                  9.620
  Slack (ns):                  -5.599
  Arrival (ns):                11.859
  Required (ns):               6.260
  Setup (ns):                  0.784
  Minimum Period (ns):         10.599

Path 3
  From:                        clock_master/counter[0]:CLK
  To:                          clock_master/counter[7]:D
  Delay (ns):                  10.487
  Slack (ns):                  -5.534
  Arrival (ns):                12.726
  Required (ns):               7.192
  Setup (ns):                  0.784
  Minimum Period (ns):         10.534

Path 4
  From:                        clock_master/counter[2]:CLK
  To:                          clock_master/counter[7]:D
  Delay (ns):                  10.883
  Slack (ns):                  -5.508
  Arrival (ns):                12.700
  Required (ns):               7.192
  Setup (ns):                  0.784
  Minimum Period (ns):         10.508

Path 5
  From:                        clock_master/counter[2]:CLK
  To:                          clock_master/counter[5]:D
  Delay (ns):                  9.774
  Slack (ns):                  -5.129
  Arrival (ns):                11.591
  Required (ns):               6.462
  Setup (ns):                  0.784
  Minimum Period (ns):         10.129


Expanded Path 1
  From: clock_master/counter[2]:CLK
  To: clock_master/counter[4]:D
  data required time                             6.260
  data arrival time                          -   12.565
  slack                                          -6.305
  ________________________________________________________
  Data arrival time calculation
  0.000                        XCLK
               +     0.000          Clock source
  0.000                        XCLK (r)
               +     0.000          net: XCLK
  0.000                        XCLK_pad/U0/U0:PAD (r)
               +     0.862          cell: ADLIB:IOPAD_IN
  0.862                        XCLK_pad/U0/U0:Y (r)
               +     0.000          net: XCLK_pad/U0/NET1
  0.862                        XCLK_pad/U0/U1:YIN (r)
               +     0.188          cell: ADLIB:IOIN_IB
  1.050                        XCLK_pad/U0/U1:Y (r)
               +     0.767          net: XCLK_c
  1.817                        clock_master/counter[2]:CLK (r)
               +     0.797          cell: ADLIB:DFN1
  2.614                        clock_master/counter[2]:Q (f)
               +     1.242          net: clock_master/counter_i[2]
  3.856                        clock_master/counter_RNIFBO8[2]:A (f)
               +     1.294          cell: ADLIB:CLKINT
  5.150                        clock_master/counter_RNIFBO8[2]:Y (f)
               +     0.540          net: Clock03
  5.690                        clock_master/counter_4_I_5:A (f)
               +     0.649          cell: ADLIB:AND2
  6.339                        clock_master/counter_4_I_5:Y (f)
               +     0.938          net: clock_master/DWACT_ADD_CI_0_g_array_0_2[0]
  7.277                        clock_master/counter_4_I_37:A (f)
               +     0.547          cell: ADLIB:NOR2B
  7.824                        clock_master/counter_4_I_37:Y (f)
               +     0.257          net: clock_master/DWACT_ADD_CI_0_g_array_1_1[0]
  8.081                        clock_master/counter_4_I_38:C (f)
               +     0.785          cell: ADLIB:AO1
  8.866                        clock_master/counter_4_I_38:Y (f)
               +     0.916          net: clock_master/DWACT_ADD_CI_0_g_array_2[0]
  9.782                        clock_master/counter_4_I_30:B (f)
               +     1.510          cell: ADLIB:XOR2
  11.292                       clock_master/counter_4_I_30:Y (r)
               +     1.273          net: clock_master/counter_4[4]
  12.565                       clock_master/counter[4]:D (r)
                                    
  12.565                       data arrival time
  ________________________________________________________
  Data required time calculation
  5.000                        XCLK
               +     0.000          Clock source
  5.000                        XCLK (r)
               +     0.000          net: XCLK
  5.000                        XCLK_pad/U0/U0:PAD (r)
               +     0.862          cell: ADLIB:IOPAD_IN
  5.862                        XCLK_pad/U0/U0:Y (r)
               +     0.000          net: XCLK_pad/U0/NET1
  5.862                        XCLK_pad/U0/U1:YIN (r)
               +     0.188          cell: ADLIB:IOIN_IB
  6.050                        XCLK_pad/U0/U1:Y (r)
               +     0.994          net: XCLK_c
  7.044                        clock_master/counter[4]:CLK (r)
               -     0.784          Library setup time: ADLIB:DFN1
  6.260                        clock_master/counter[4]:D
                                    
  6.260                        data required time


END SET Register to Register

----------------------------------------------------

SET External Setup

Path 1
  From:                        LogicReset
  To:                          clock_master/counter[7]:D
  Delay (ns):                  14.200
  Slack (ns):
  Arrival (ns):                14.200
  Required (ns):
  Setup (ns):                  0.784
  External Setup (ns):         12.008

Path 2
  From:                        LogicReset
  To:                          clock_master/counter[4]:D
  Delay (ns):                  12.830
  Slack (ns):
  Arrival (ns):                12.830
  Required (ns):
  Setup (ns):                  0.784
  External Setup (ns):         11.570

Path 3
  From:                        LogicReset
  To:                          clock_master/counter[5]:D
  Delay (ns):                  11.838
  Slack (ns):
  Arrival (ns):                11.838
  Required (ns):
  Setup (ns):                  0.836
  External Setup (ns):         10.428

Path 4
  From:                        LogicReset
  To:                          clock_master/counter[2]:D
  Delay (ns):                  11.118
  Slack (ns):
  Arrival (ns):                11.118
  Required (ns):
  Setup (ns):                  0.836
  External Setup (ns):         10.137

Path 5
  From:                        LogicReset
  To:                          clock_master/counter[6]:D
  Delay (ns):                  11.838
  Slack (ns):
  Arrival (ns):                11.838
  Required (ns):
  Setup (ns):                  0.836
  External Setup (ns):         10.005


Expanded Path 1
  From: LogicReset
  To: clock_master/counter[7]:D
  data required time                             N/C
  data arrival time                          -   14.200
  slack                                          N/C
  ________________________________________________________
  Data arrival time calculation
  0.000                        LogicReset (f)
               +     0.000          net: LogicReset
  0.000                        LogicReset_pad/U0/U0:PAD (f)
               +     0.578          cell: ADLIB:IOPAD_IN
  0.578                        LogicReset_pad/U0/U0:Y (f)
               +     0.000          net: LogicReset_pad/U0/NET1
  0.578                        LogicReset_pad/U0/U1:YIN (f)
               +     0.184          cell: ADLIB:IOIN_IB
  0.762                        LogicReset_pad/U0/U1:Y (f)
               +     2.677          net: LogicReset_pad
  3.439                        LogicReset_pad_RNI5AOB:A (f)
               +     1.294          cell: ADLIB:CLKINT
  4.733                        LogicReset_pad_RNI5AOB:Y (f)
               +     0.787          net: LogicReset_c
  5.520                        clock_master/counter_8_I_12:B (f)
               +     1.272          cell: ADLIB:XOR2
  6.792                        clock_master/counter_8_I_12:Y (r)
               +     0.909          net: clock_master/DWACT_ADD_CI_0_pog_array_0[0]
  7.701                        clock_master/counter_8_I_36:A (r)
               +     0.731          cell: ADLIB:AO1
  8.432                        clock_master/counter_8_I_36:Y (r)
               +     0.260          net: clock_master/DWACT_ADD_CI_0_g_array_1[0]
  8.692                        clock_master/counter_8_I_35:B (r)
               +     0.727          cell: ADLIB:AO1
  9.419                        clock_master/counter_8_I_35:Y (r)
               +     1.034          net: clock_master/DWACT_ADD_CI_0_g_array_2_0[0]
  10.453                       clock_master/counter_8_I_44:A (r)
               +     0.879          cell: ADLIB:NOR3C
  11.332                       clock_master/counter_8_I_44:Y (r)
               +     0.931          net: clock_master/DWACT_ADD_CI_0_g_array_12_2[0]
  12.263                       clock_master/counter_8_I_34:B (r)
               +     0.964          cell: ADLIB:XOR2
  13.227                       clock_master/counter_8_I_34:Y (r)
               +     0.973          net: clock_master/counter_4_3_0[7]
  14.200                       clock_master/counter[7]:D (r)
                                    
  14.200                       data arrival time
  ________________________________________________________
  Data required time calculation
  N/C                          XCLK
               +     0.000          Clock source
  N/C                          XCLK (r)
               +     0.000          net: XCLK
  N/C                          XCLK_pad/U0/U0:PAD (r)
               +     0.862          cell: ADLIB:IOPAD_IN
  N/C                          XCLK_pad/U0/U0:Y (r)
               +     0.000          net: XCLK_pad/U0/NET1
  N/C                          XCLK_pad/U0/U1:YIN (r)
               +     0.188          cell: ADLIB:IOIN_IB
  N/C                          XCLK_pad/U0/U1:Y (r)
               +     1.926          net: XCLK_c
  N/C                          clock_master/counter[7]:CLK (r)
               -     0.784          Library setup time: ADLIB:DFN1
  N/C                          clock_master/counter[7]:D


END SET External Setup

----------------------------------------------------

SET Clock to Output

No Path

END SET Clock to Output

----------------------------------------------------

SET Register to Asynchronous

No Path

END SET Register to Asynchronous

----------------------------------------------------

SET External Recovery

No Path

END SET External Recovery

----------------------------------------------------

SET Asynchronous to Register

No Path

END SET Asynchronous to Register

----------------------------------------------------

Clock Domain clock_master/counter[0]:Q

SET Register to Register

Path 1
  From:                        addresslatch/output[7]:CLK
  To:                          externenablelatch/output[1]:D
  Delay (ns):                  12.965
  Slack (ns):                  -3.740
  Arrival (ns):                19.008
  Required (ns):               15.268
  Setup (ns):                  0.757
  Minimum Period (ns):         13.740

Path 2
  From:                        addresslatch/output[6]:CLK
  To:                          ioBank61reader/parallelholdreg[2]:D
  Delay (ns):                  12.573
  Slack (ns):                  -3.348
  Arrival (ns):                18.616
  Required (ns):               15.268
  Setup (ns):                  0.757
  Minimum Period (ns):         13.348

Path 3
  From:                        addresslatch/output[3]:CLK
  To:                          externenablelatch/output[1]:D
  Delay (ns):                  12.459
  Slack (ns):                  -3.203
  Arrival (ns):                18.471
  Required (ns):               15.268
  Setup (ns):                  0.757
  Minimum Period (ns):         13.203

Path 4
  From:                        addresslatch/output[2]:CLK
  To:                          pwmdisable01latch/output[1]:D
  Delay (ns):                  12.418
  Slack (ns):                  -3.193
  Arrival (ns):                18.461
  Required (ns):               15.268
  Setup (ns):                  0.757
  Minimum Period (ns):         13.193

Path 5
  From:                        addresslatch/output[6]:CLK
  To:                          ioBank61reader/parallelholdreg[0]:D
  Delay (ns):                  12.351
  Slack (ns):                  -3.187
  Arrival (ns):                18.394
  Required (ns):               15.207
  Setup (ns):                  0.757
  Minimum Period (ns):         13.187


Expanded Path 1
  From: addresslatch/output[7]:CLK
  To: externenablelatch/output[1]:D
  data required time                             15.268
  data arrival time                          -   19.008
  slack                                          -3.740
  ________________________________________________________
  Data arrival time calculation
  0.000                        clock_master/counter[0]:Q
               +     0.000          Clock source
  0.000                        clock_master/counter[0]:Q (r)
               +     2.856          Clock generation
  2.856
               +     1.218          net: clock_master/counter_i[0]
  4.074                        clock_master/counter_RNID9O8[0]:A (r)
               +     1.197          cell: ADLIB:CLKINT
  5.271                        clock_master/counter_RNID9O8[0]:Y (r)
               +     0.772          net: Clock01
  6.043                        addresslatch/output[7]:CLK (r)
               +     0.886          cell: ADLIB:DFN1
  6.929                        addresslatch/output[7]:Q (f)
               +     1.579          net: internaddr[7]
  8.508                        externenablelatch/CellIndexUpdate.un39_address_1:A (f)
               +     0.865          cell: ADLIB:NOR2A
  9.373                        externenablelatch/CellIndexUpdate.un39_address_1:Y (f)
               +     0.257          net: externenablelatch/un39_address_1
  9.630                        externenablelatch/CellIndexUpdate.un39_address_3_0:C (f)
               +     0.775          cell: ADLIB:NOR3C
  10.405                       externenablelatch/CellIndexUpdate.un39_address_3_0:Y (f)
               +     0.215          net: externenablelatch/un39_address_3
  10.620                       externenablelatch/CellIndexUpdate.un39_address:A (f)
               +     0.661          cell: ADLIB:NOR2B
  11.281                       externenablelatch/CellIndexUpdate.un39_address:Y (f)
               +     1.522          net: externenablelatch/un39_address
  12.803                       externenablelatch/output_0_sqmuxa:A (f)
               +     0.921          cell: ADLIB:NOR2A
  13.724                       externenablelatch/output_0_sqmuxa:Y (f)
               +     2.412          net: externenablelatch/output_0_sqmuxa
  16.136                       externenablelatch/output_RNO_0[1]:S (f)
               +     0.724          cell: ADLIB:MX2
  16.860                       externenablelatch/output_RNO_0[1]:Y (f)
               +     0.228          net: externenablelatch/N_47
  17.088                       externenablelatch/output_RNO[1]:A (f)
               +     0.783          cell: ADLIB:NOR2A
  17.871                       externenablelatch/output_RNO[1]:Y (f)
               +     1.137          net: externenablelatch/output_RNO_0[1]
  19.008                       externenablelatch/output[1]:D (f)
                                    
  19.008                       data arrival time
  ________________________________________________________
  Data required time calculation
  10.000                       clock_master/counter[0]:Q
               +     0.000          Clock source
  10.000                       clock_master/counter[0]:Q (r)
               +     2.856          Clock generation
  12.856
               +     1.218          net: clock_master/counter_i[0]
  14.074                       clock_master/counter_RNID9O8[0]:A (r)
               +     1.197          cell: ADLIB:CLKINT
  15.271                       clock_master/counter_RNID9O8[0]:Y (r)
               +     0.754          net: Clock01
  16.025                       externenablelatch/output[1]:CLK (r)
               -     0.757          Library setup time: ADLIB:DFN1
  15.268                       externenablelatch/output[1]:D
                                    
  15.268                       data required time


END SET Register to Register

----------------------------------------------------

SET External Setup

Path 1
  From:                        SerialLoad
  To:                          firmware/dataout:D
  Delay (ns):                  18.056
  Slack (ns):
  Arrival (ns):                18.056
  Required (ns):
  Setup (ns):                  0.808
  External Setup (ns):         12.848

Path 2
  From:                        LogicReset
  To:                          firmware/dataout:D
  Delay (ns):                  17.737
  Slack (ns):
  Arrival (ns):                17.737
  Required (ns):
  Setup (ns):                  0.808
  External Setup (ns):         12.529

Path 3
  From:                        SerialLoad
  To:                          firmware/parallelholdreg[2]:D
  Delay (ns):                  15.435
  Slack (ns):
  Arrival (ns):                15.435
  Required (ns):
  Setup (ns):                  0.757
  External Setup (ns):         10.167

Path 4
  From:                        LogicReset
  To:                          firmware/parallelholdreg[2]:D
  Delay (ns):                  15.116
  Slack (ns):
  Arrival (ns):                15.116
  Required (ns):
  Setup (ns):                  0.757
  External Setup (ns):         9.848

Path 5
  From:                        SerialLoad
  To:                          firmware/parallelholdreg[1]:D
  Delay (ns):                  14.908
  Slack (ns):
  Arrival (ns):                14.908
  Required (ns):
  Setup (ns):                  0.757
  External Setup (ns):         9.622


Expanded Path 1
  From: SerialLoad
  To: firmware/dataout:D
  data required time                             N/C
  data arrival time                          -   18.056
  slack                                          N/C
  ________________________________________________________
  Data arrival time calculation
  0.000                        SerialLoad (f)
               +     0.000          net: SerialLoad
  0.000                        SerialLoad_pad/U0/U0:PAD (f)
               +     1.075          cell: ADLIB:IOPAD_IN
  1.075                        SerialLoad_pad/U0/U0:Y (f)
               +     0.000          net: SerialLoad_pad/U0/NET1
  1.075                        SerialLoad_pad/U0/U1:YIN (f)
               +     0.184          cell: ADLIB:IOIN_IB
  1.259                        SerialLoad_pad/U0/U1:Y (f)
               +     2.787          net: SerialLoad_pad
  4.046                        SerialLoad_pad_RNIK82F:A (f)
               +     1.294          cell: ADLIB:CLKINT
  5.340                        SerialLoad_pad_RNIK82F:Y (f)
               +     0.717          net: SerialLoad_c
  6.057                        ioBank60reader/cellindex_1_sqmuxa_1_1:A (f)
               +     0.601          cell: ADLIB:NOR2
  6.658                        ioBank60reader/cellindex_1_sqmuxa_1_1:Y (r)
               +     7.014          net: ioBank60reader_cellindex_1_sqmuxa_1_1
  13.672                       firmware/dataout_RNO_6:C (r)
               +     1.029          cell: ADLIB:AO1B
  14.701                       firmware/dataout_RNO_6:Y (f)
               +     0.257          net: firmware/dataout_0_0_0
  14.958                       firmware/dataout_RNO_1:C (f)
               +     0.939          cell: ADLIB:OR3
  15.897                       firmware/dataout_RNO_1:Y (f)
               +     0.257          net: firmware/dataout_0_0_2
  16.154                       firmware/dataout_RNO:C (f)
               +     0.786          cell: ADLIB:AO1A
  16.940                       firmware/dataout_RNO:Y (f)
               +     1.116          net: firmware/dataout_RNO
  18.056                       firmware/dataout:D (f)
                                    
  18.056                       data arrival time
  ________________________________________________________
  Data required time calculation
  N/C                          clock_master/counter[0]:Q
               +     0.000          Clock source
  N/C                          clock_master/counter[0]:Q (r)
               +     2.856          Clock generation
  N/C
               +     1.218          net: clock_master/counter_i[0]
  N/C                          clock_master/counter_RNID9O8[0]:A (r)
               +     1.197          cell: ADLIB:CLKINT
  N/C                          clock_master/counter_RNID9O8[0]:Y (r)
               +     0.745          net: Clock01
  N/C                          firmware/dataout:CLK (r)
               -     0.808          Library setup time: ADLIB:DFN1
  N/C                          firmware/dataout:D


END SET External Setup

----------------------------------------------------

SET Clock to Output

Path 1
  From:                        pwmdisable01latch/output[7]:CLK
  To:                          EncLgtControl
  Delay (ns):                  10.438
  Slack (ns):
  Arrival (ns):                16.481
  Required (ns):
  Clock to Out (ns):           16.481

Path 2
  From:                        bitcontrol01latch/output[3]:CLK
  To:                          AN6PTTControl
  Delay (ns):                  10.198
  Slack (ns):
  Arrival (ns):                16.195
  Required (ns):
  Clock to Out (ns):           16.195

Path 3
  From:                        bitcontrol01latch/output[7]:CLK
  To:                          EncLgtControl
  Delay (ns):                  10.086
  Slack (ns):
  Arrival (ns):                16.129
  Required (ns):
  Clock to Out (ns):           16.129

Path 4
  From:                        pwmdisable01latch/output[3]:CLK
  To:                          AN6PTTControl
  Delay (ns):                  9.938
  Slack (ns):
  Arrival (ns):                15.981
  Required (ns):
  Clock to Out (ns):           15.981

Path 5
  From:                        pwmdisable01latch/output[5]:CLK
  To:                          AN2DimControl
  Delay (ns):                  9.447
  Slack (ns):
  Arrival (ns):                15.490
  Required (ns):
  Clock to Out (ns):           15.490


Expanded Path 1
  From: pwmdisable01latch/output[7]:CLK
  To: EncLgtControl
  data required time                             N/C
  data arrival time                          -   16.481
  slack                                          N/C
  ________________________________________________________
  Data arrival time calculation
  0.000                        clock_master/counter[0]:Q
               +     0.000          Clock source
  0.000                        clock_master/counter[0]:Q (r)
               +     2.856          Clock generation
  2.856
               +     1.218          net: clock_master/counter_i[0]
  4.074                        clock_master/counter_RNID9O8[0]:A (r)
               +     1.197          cell: ADLIB:CLKINT
  5.271                        clock_master/counter_RNID9O8[0]:Y (r)
               +     0.772          net: Clock01
  6.043                        pwmdisable01latch/output[7]:CLK (r)
               +     0.663          cell: ADLIB:DFN1
  6.706                        pwmdisable01latch/output[7]:Q (r)
               +     1.678          net: pwmdisable01latch/pwmdisable01[7]
  8.384                        pwmdisable01latch/output_RNID03R[7]:B (r)
               +     1.243          cell: ADLIB:OA1
  9.627                        pwmdisable01latch/output_RNID03R[7]:Y (r)
               +     2.554          net: EncLgtControl_c
  12.181                       EncLgtControl_pad/U0/U1:D (r)
               +     0.885          cell: ADLIB:IOTRI_OB_EB
  13.066                       EncLgtControl_pad/U0/U1:DOUT (r)
               +     0.000          net: EncLgtControl_pad/U0/NET1
  13.066                       EncLgtControl_pad/U0/U0:D (r)
               +     3.415          cell: ADLIB:IOPAD_TRI
  16.481                       EncLgtControl_pad/U0/U0:PAD (r)
               +     0.000          net: EncLgtControl
  16.481                       EncLgtControl (r)
                                    
  16.481                       data arrival time
  ________________________________________________________
  Data required time calculation
  N/C                          clock_master/counter[0]:Q
               +     0.000          Clock source
  N/C                          clock_master/counter[0]:Q (r)
               +     2.856          Clock generation
  N/C
                                    
  N/C                          EncLgtControl (r)


END SET Clock to Output

----------------------------------------------------

SET Register to Asynchronous

No Path

END SET Register to Asynchronous

----------------------------------------------------

SET External Recovery

No Path

END SET External Recovery

----------------------------------------------------

SET Asynchronous to Register

No Path

END SET Asynchronous to Register

----------------------------------------------------

Clock Domain clock_master/counter[1]:Q

SET Register to Register

Path 1
  From:                        Watch_Dog_Reset/timercount[9]:CLK
  To:                          Watch_Dog_Reset/timercount[8]:E
  Delay (ns):                  8.012
  Slack (ns):                  10.552
  Arrival (ns):                15.251
  Required (ns):               25.803
  Setup (ns):                  0.649
  Minimum Period (ns):         9.448

Path 2
  From:                        Watch_Dog_Reset/timercount[3]:CLK
  To:                          Watch_Dog_Reset/timercount[8]:E
  Delay (ns):                  8.690
  Slack (ns):                  10.643
  Arrival (ns):                15.160
  Required (ns):               25.803
  Setup (ns):                  0.649
  Minimum Period (ns):         9.357

Path 3
  From:                        Watch_Dog_Reset/timercount[9]:CLK
  To:                          Watch_Dog_Reset/timercount[4]:E
  Delay (ns):                  7.856
  Slack (ns):                  10.699
  Arrival (ns):                15.095
  Required (ns):               25.794
  Setup (ns):                  0.649
  Minimum Period (ns):         9.301

Path 4
  From:                        Watch_Dog_Reset/timercount[9]:CLK
  To:                          Watch_Dog_Reset/timercount[3]:E
  Delay (ns):                  7.857
  Slack (ns):                  10.725
  Arrival (ns):                15.096
  Required (ns):               25.821
  Setup (ns):                  0.649
  Minimum Period (ns):         9.275

Path 5
  From:                        Watch_Dog_Reset/timercount[3]:CLK
  To:                          Watch_Dog_Reset/timercount[4]:E
  Delay (ns):                  8.534
  Slack (ns):                  10.790
  Arrival (ns):                15.004
  Required (ns):               25.794
  Setup (ns):                  0.649
  Minimum Period (ns):         9.210


Expanded Path 1
  From: Watch_Dog_Reset/timercount[9]:CLK
  To: Watch_Dog_Reset/timercount[8]:E
  data required time                             25.803
  data arrival time                          -   15.251
  slack                                          10.552
  ________________________________________________________
  Data arrival time calculation
  0.000                        clock_master/counter[1]:Q
               +     0.000          Clock source
  0.000                        clock_master/counter[1]:Q (r)
               +     2.660          Clock generation
  2.660
               +     4.579          net: counter[1]
  7.239                        Watch_Dog_Reset/timercount[9]:CLK (r)
               +     0.797          cell: ADLIB:DFN1E0
  8.036                        Watch_Dog_Reset/timercount[9]:Q (f)
               +     0.411          net: Watch_Dog_Reset/timercount[9]
  8.447                        Watch_Dog_Reset/timercount_RNILU2S[8]:A (f)
               +     0.741          cell: ADLIB:NOR2
  9.188                        Watch_Dog_Reset/timercount_RNILU2S[8]:Y (r)
               +     0.260          net: Watch_Dog_Reset/m40_e_1
  9.448                        Watch_Dog_Reset/timercount_RNIBLBP1[1]:B (r)
               +     0.831          cell: ADLIB:NOR3B
  10.279                       Watch_Dog_Reset/timercount_RNIBLBP1[1]:Y (r)
               +     0.926          net: Watch_Dog_Reset/m40_e_5
  11.205                       Watch_Dog_Reset/timercount_RNIIOJD4[1]:A (r)
               +     0.692          cell: ADLIB:NOR3C
  11.897                       Watch_Dog_Reset/timercount_RNIIOJD4[1]:Y (r)
               +     0.244          net: Watch_Dog_Reset/N_63
  12.141                       Watch_Dog_Reset/timercount_RNI7ESA5[10]:S (r)
               +     0.500          cell: ADLIB:MX2C
  12.641                       Watch_Dog_Reset/timercount_RNI7ESA5[10]:Y (f)
               +     0.244          net: Watch_Dog_Reset/N_51_mux
  12.885                       Watch_Dog_Reset/timercount_RNIL7AM5[10]:A (f)
               +     0.699          cell: ADLIB:NOR2
  13.584                       Watch_Dog_Reset/timercount_RNIL7AM5[10]:Y (r)
               +     1.667          net: Watch_Dog_Reset/timercount_0_sqmuxa
  15.251                       Watch_Dog_Reset/timercount[8]:E (r)
                                    
  15.251                       data arrival time
  ________________________________________________________
  Data required time calculation
  20.000                       clock_master/counter[1]:Q
               +     0.000          Clock source
  20.000                       clock_master/counter[1]:Q (r)
               +     2.660          Clock generation
  22.660
               +     3.792          net: counter[1]
  26.452                       Watch_Dog_Reset/timercount[8]:CLK (r)
               -     0.649          Library setup time: ADLIB:DFN1E0
  25.803                       Watch_Dog_Reset/timercount[8]:E
                                    
  25.803                       data required time


END SET Register to Register

----------------------------------------------------

SET External Setup

Path 1
  From:                        ResetIn
  To:                          Watch_Dog_Reset/timercount[8]:E
  Delay (ns):                  6.846
  Slack (ns):
  Arrival (ns):                6.846
  Required (ns):
  Setup (ns):                  0.649
  External Setup (ns):         1.043

Path 2
  From:                        ResetIn
  To:                          Watch_Dog_Reset/timercount[4]:E
  Delay (ns):                  6.690
  Slack (ns):
  Arrival (ns):                6.690
  Required (ns):
  Setup (ns):                  0.649
  External Setup (ns):         0.896

Path 3
  From:                        ResetIn
  To:                          Watch_Dog_Reset/timercount[3]:E
  Delay (ns):                  6.691
  Slack (ns):
  Arrival (ns):                6.691
  Required (ns):
  Setup (ns):                  0.649
  External Setup (ns):         0.870

Path 4
  From:                        ResetIn
  To:                          Watch_Dog_Reset/timerexpired:D
  Delay (ns):                  6.503
  Slack (ns):
  Arrival (ns):                6.503
  Required (ns):
  Setup (ns):                  0.784
  External Setup (ns):         0.701

Path 5
  From:                        ResetIn
  To:                          Watch_Dog_Reset/timercount[5]:E
  Delay (ns):                  6.230
  Slack (ns):
  Arrival (ns):                6.230
  Required (ns):
  Setup (ns):                  0.649
  External Setup (ns):         0.571


Expanded Path 1
  From: ResetIn
  To: Watch_Dog_Reset/timercount[8]:E
  data required time                             N/C
  data arrival time                          -   6.846
  slack                                          N/C
  ________________________________________________________
  Data arrival time calculation
  0.000                        ResetIn (f)
               +     0.000          net: ResetIn
  0.000                        ResetIn_pad/U0/U0:PAD (f)
               +     0.578          cell: ADLIB:IOPAD_IN
  0.578                        ResetIn_pad/U0/U0:Y (f)
               +     0.000          net: ResetIn_pad/U0/NET1
  0.578                        ResetIn_pad/U0/U1:YIN (f)
               +     0.184          cell: ADLIB:IOIN_IB
  0.762                        ResetIn_pad/U0/U1:Y (f)
               +     3.567          net: ResetIn_c
  4.329                        Watch_Dog_Reset/timercount_RNIL7AM5[10]:B (f)
               +     0.850          cell: ADLIB:NOR2
  5.179                        Watch_Dog_Reset/timercount_RNIL7AM5[10]:Y (r)
               +     1.667          net: Watch_Dog_Reset/timercount_0_sqmuxa
  6.846                        Watch_Dog_Reset/timercount[8]:E (r)
                                    
  6.846                        data arrival time
  ________________________________________________________
  Data required time calculation
  N/C                          clock_master/counter[1]:Q
               +     0.000          Clock source
  N/C                          clock_master/counter[1]:Q (r)
               +     2.660          Clock generation
  N/C
               +     3.792          net: counter[1]
  N/C                          Watch_Dog_Reset/timercount[8]:CLK (r)
               -     0.649          Library setup time: ADLIB:DFN1E0
  N/C                          Watch_Dog_Reset/timercount[8]:E


END SET External Setup

----------------------------------------------------

SET Clock to Output

Path 1
  From:                        Watch_Dog_Reset/timerexpired:CLK
  To:                          uCReset
  Delay (ns):                  8.462
  Slack (ns):
  Arrival (ns):                15.048
  Required (ns):
  Clock to Out (ns):           15.048


Expanded Path 1
  From: Watch_Dog_Reset/timerexpired:CLK
  To: uCReset
  data required time                             N/C
  data arrival time                          -   15.048
  slack                                          N/C
  ________________________________________________________
  Data arrival time calculation
  0.000                        clock_master/counter[1]:Q
               +     0.000          Clock source
  0.000                        clock_master/counter[1]:Q (r)
               +     2.660          Clock generation
  2.660
               +     3.926          net: counter[1]
  6.586                        Watch_Dog_Reset/timerexpired:CLK (r)
               +     0.797          cell: ADLIB:DFN1
  7.383                        Watch_Dog_Reset/timerexpired:Q (f)
               +     3.231          net: uCReset_c
  10.614                       uCReset_pad/U0/U1:D (f)
               +     0.916          cell: ADLIB:IOTRI_OB_EB
  11.530                       uCReset_pad/U0/U1:DOUT (f)
               +     0.000          net: uCReset_pad/U0/NET1
  11.530                       uCReset_pad/U0/U0:D (f)
               +     3.518          cell: ADLIB:IOPAD_TRI
  15.048                       uCReset_pad/U0/U0:PAD (f)
               +     0.000          net: uCReset
  15.048                       uCReset (f)
                                    
  15.048                       data arrival time
  ________________________________________________________
  Data required time calculation
  N/C                          clock_master/counter[1]:Q
               +     0.000          Clock source
  N/C                          clock_master/counter[1]:Q (r)
               +     2.660          Clock generation
  N/C
                                    
  N/C                          uCReset (f)


END SET Clock to Output

----------------------------------------------------

SET Register to Asynchronous

No Path

END SET Register to Asynchronous

----------------------------------------------------

SET External Recovery

No Path

END SET External Recovery

----------------------------------------------------

SET Asynchronous to Register

No Path

END SET Asynchronous to Register

----------------------------------------------------

Clock Domain clock_master/counter[2]:Q

SET Register to Register

Path 1
  From:                        iobank63debounce/DebounceTimer[1]:CLK
  To:                          iobank63debounce/DebounceTimer[8]:D
  Delay (ns):                  10.375
  Slack (ns):                  28.739
  Arrival (ns):                15.925
  Required (ns):               44.664
  Setup (ns):                  0.757
  Minimum Period (ns):         11.261

Path 2
  From:                        iobank63debounce/DebounceTimer[0]:CLK
  To:                          iobank63debounce/DebounceTimer[8]:D
  Delay (ns):                  10.119
  Slack (ns):                  28.995
  Arrival (ns):                15.669
  Required (ns):               44.664
  Setup (ns):                  0.757
  Minimum Period (ns):         11.005

Path 3
  From:                        iobank63debounce/DebounceTimer[1]:CLK
  To:                          iobank63debounce/DebounceTimer[7]:D
  Delay (ns):                  9.828
  Slack (ns):                  29.286
  Arrival (ns):                15.378
  Required (ns):               44.664
  Setup (ns):                  0.757
  Minimum Period (ns):         10.714

Path 4
  From:                        iobank63debounce/DebounceTimer[0]:CLK
  To:                          iobank63debounce/DebounceTimer[7]:D
  Delay (ns):                  9.572
  Slack (ns):                  29.542
  Arrival (ns):                15.122
  Required (ns):               44.664
  Setup (ns):                  0.757
  Minimum Period (ns):         10.458

Path 5
  From:                        iobank68debounce/DebounceTimer[1]:CLK
  To:                          iobank68debounce/DebounceTimer[8]:D
  Delay (ns):                  9.419
  Slack (ns):                  29.820
  Arrival (ns):                14.973
  Required (ns):               44.793
  Setup (ns):                  0.757
  Minimum Period (ns):         10.180


Expanded Path 1
  From: iobank63debounce/DebounceTimer[1]:CLK
  To: iobank63debounce/DebounceTimer[8]:D
  data required time                             44.664
  data arrival time                          -   15.925
  slack                                          28.739
  ________________________________________________________
  Data arrival time calculation
  0.000                        clock_master/counter[2]:Q
               +     0.000          Clock source
  0.000                        clock_master/counter[2]:Q (r)
               +     2.434          Clock generation
  2.434
               +     1.154          net: clock_master/counter_i[2]
  3.588                        clock_master/counter_RNIFBO8[2]:A (r)
               +     1.197          cell: ADLIB:CLKINT
  4.785                        clock_master/counter_RNIFBO8[2]:Y (r)
               +     0.765          net: Clock03
  5.550                        iobank63debounce/DebounceTimer[1]:CLK (r)
               +     0.886          cell: ADLIB:DFN1E1
  6.436                        iobank63debounce/DebounceTimer[1]:Q (f)
               +     0.340          net: iobank63debounce/DebounceTimer[1]
  6.776                        iobank63debounce/DebounceTimer_RNIT2MR[1]:B (f)
               +     0.855          cell: ADLIB:NOR2B
  7.631                        iobank63debounce/DebounceTimer_RNIT2MR[1]:Y (f)
               +     2.616          net: iobank63debounce/DebounceTimer_c1
  10.247                       iobank63debounce/DebounceTimer_RNIU9CN1[3]:C (f)
               +     1.021          cell: ADLIB:NOR3C
  11.268                       iobank63debounce/DebounceTimer_RNIU9CN1[3]:Y (f)
               +     0.399          net: iobank63debounce/DebounceTimer_c3
  11.667                       iobank63debounce/DebounceTimer_RNI7ST03[6]:A (f)
               +     0.726          cell: ADLIB:NOR2B
  12.393                       iobank63debounce/DebounceTimer_RNI7ST03[6]:Y (f)
               +     1.305          net: iobank63debounce/DebounceTimer_c6
  13.698                       iobank63debounce/DebounceTimer_RNO_0[8]:C (f)
               +     0.936          cell: ADLIB:NOR3C
  14.634                       iobank63debounce/DebounceTimer_RNO_0[8]:Y (f)
               +     0.252          net: iobank63debounce/N_48
  14.886                       iobank63debounce/DebounceTimer_RNO[8]:B (f)
               +     0.782          cell: ADLIB:MX2A
  15.668                       iobank63debounce/DebounceTimer_RNO[8]:Y (f)
               +     0.257          net: iobank63debounce/DebounceTimer_RNO_2[8]
  15.925                       iobank63debounce/DebounceTimer[8]:D (f)
                                    
  15.925                       data arrival time
  ________________________________________________________
  Data required time calculation
  40.000                       clock_master/counter[2]:Q
               +     0.000          Clock source
  40.000                       clock_master/counter[2]:Q (r)
               +     2.434          Clock generation
  42.434
               +     1.154          net: clock_master/counter_i[2]
  43.588                       clock_master/counter_RNIFBO8[2]:A (r)
               +     1.197          cell: ADLIB:CLKINT
  44.785                       clock_master/counter_RNIFBO8[2]:Y (r)
               +     0.636          net: Clock03
  45.421                       iobank63debounce/DebounceTimer[8]:CLK (r)
               -     0.757          Library setup time: ADLIB:DFN1
  44.664                       iobank63debounce/DebounceTimer[8]:D
                                    
  44.664                       data required time


END SET Register to Register

----------------------------------------------------

SET External Setup

Path 1
  From:                        LogicReset
  To:                          iobank69debounce/DebounceTimer[3]:E
  Delay (ns):                  13.095
  Slack (ns):
  Arrival (ns):                13.095
  Required (ns):
  Setup (ns):                  0.534
  External Setup (ns):         8.160

Path 2
  From:                        LogicReset
  To:                          iobank69debounce/DebounceTimer[5]:E
  Delay (ns):                  12.364
  Slack (ns):
  Arrival (ns):                12.364
  Required (ns):
  Setup (ns):                  0.534
  External Setup (ns):         7.405

Path 3
  From:                        LogicReset
  To:                          iobank69debounce/DebounceTimer[4]:E
  Delay (ns):                  12.087
  Slack (ns):
  Arrival (ns):                12.087
  Required (ns):
  Setup (ns):                  0.534
  External Setup (ns):         7.128

Path 4
  From:                        LogicReset
  To:                          iobank69debounce/DebounceTimer[7]:E
  Delay (ns):                  12.144
  Slack (ns):
  Arrival (ns):                12.144
  Required (ns):
  Setup (ns):                  0.534
  External Setup (ns):         7.095

Path 5
  From:                        LogicReset
  To:                          iobank69debounce/DebounceTimer[6]:E
  Delay (ns):                  11.528
  Slack (ns):
  Arrival (ns):                11.528
  Required (ns):
  Setup (ns):                  0.534
  External Setup (ns):         6.488


Expanded Path 1
  From: LogicReset
  To: iobank69debounce/DebounceTimer[3]:E
  data required time                             N/C
  data arrival time                          -   13.095
  slack                                          N/C
  ________________________________________________________
  Data arrival time calculation
  0.000                        LogicReset (r)
               +     0.000          net: LogicReset
  0.000                        LogicReset_pad/U0/U0:PAD (r)
               +     0.862          cell: ADLIB:IOPAD_IN
  0.862                        LogicReset_pad/U0/U0:Y (r)
               +     0.000          net: LogicReset_pad/U0/NET1
  0.862                        LogicReset_pad/U0/U1:YIN (r)
               +     0.188          cell: ADLIB:IOIN_IB
  1.050                        LogicReset_pad/U0/U1:Y (r)
               +     2.525          net: LogicReset_pad
  3.575                        LogicReset_pad_RNI5AOB:A (r)
               +     1.197          cell: ADLIB:CLKINT
  4.772                        LogicReset_pad_RNI5AOB:Y (r)
               +     0.801          net: LogicReset_c
  5.573                        iobank69debounce/Changing_RNIQNAR:B (r)
               +     0.575          cell: ADLIB:NOR2
  6.148                        iobank69debounce/Changing_RNIQNAR:Y (f)
               +     1.608          net: iobank69debounce/un1_previousposition7
  7.756                        iobank69debounce/DebounceTimer_RNI6NI91_0[8]:B (f)
               +     1.391          cell: ADLIB:OR2B
  9.147                        iobank69debounce/DebounceTimer_RNI6NI91_0[8]:Y (r)
               +     3.948          net: iobank69debounce/DebounceTimere
  13.095                       iobank69debounce/DebounceTimer[3]:E (r)
                                    
  13.095                       data arrival time
  ________________________________________________________
  Data required time calculation
  N/C                          clock_master/counter[2]:Q
               +     0.000          Clock source
  N/C                          clock_master/counter[2]:Q (r)
               +     2.434          Clock generation
  N/C
               +     1.154          net: clock_master/counter_i[2]
  N/C                          clock_master/counter_RNIFBO8[2]:A (r)
               +     1.197          cell: ADLIB:CLKINT
  N/C                          clock_master/counter_RNIFBO8[2]:Y (r)
               +     0.684          net: Clock03
  N/C                          iobank69debounce/DebounceTimer[3]:CLK (r)
               -     0.534          Library setup time: ADLIB:DFN1E1
  N/C                          iobank69debounce/DebounceTimer[3]:E


END SET External Setup

----------------------------------------------------

SET Clock to Output

Path 1
  From:                        matrix_read04/ctrl[3]:CLK
  To:                          inputs67_ctrl[3]
  Delay (ns):                  6.715
  Slack (ns):
  Arrival (ns):                12.167
  Required (ns):
  Clock to Out (ns):           12.167

Path 2
  From:                        matrix_read04/ctrl[2]:CLK
  To:                          inputs67_ctrl[2]
  Delay (ns):                  6.690
  Slack (ns):
  Arrival (ns):                12.142
  Required (ns):
  Clock to Out (ns):           12.142

Path 3
  From:                        matrix_read04/ctrl[0]:CLK
  To:                          inputs67_ctrl[0]
  Delay (ns):                  6.682
  Slack (ns):
  Arrival (ns):                12.134
  Required (ns):
  Clock to Out (ns):           12.134

Path 4
  From:                        matrix_read04/ctrl[4]:CLK
  To:                          inputs67_ctrl[4]
  Delay (ns):                  6.439
  Slack (ns):
  Arrival (ns):                11.860
  Required (ns):
  Clock to Out (ns):           11.860

Path 5
  From:                        matrix_read04/ctrl[1]:CLK
  To:                          inputs67_ctrl[1]
  Delay (ns):                  6.332
  Slack (ns):
  Arrival (ns):                11.785
  Required (ns):
  Clock to Out (ns):           11.785


Expanded Path 1
  From: matrix_read04/ctrl[3]:CLK
  To: inputs67_ctrl[3]
  data required time                             N/C
  data arrival time                          -   12.167
  slack                                          N/C
  ________________________________________________________
  Data arrival time calculation
  0.000                        clock_master/counter[2]:Q
               +     0.000          Clock source
  0.000                        clock_master/counter[2]:Q (r)
               +     2.434          Clock generation
  2.434
               +     1.154          net: clock_master/counter_i[2]
  3.588                        clock_master/counter_RNIFBO8[2]:A (r)
               +     1.197          cell: ADLIB:CLKINT
  4.785                        clock_master/counter_RNIFBO8[2]:Y (r)
               +     0.667          net: Clock03
  5.452                        matrix_read04/ctrl[3]:CLK (r)
               +     0.886          cell: ADLIB:DFN1
  6.338                        matrix_read04/ctrl[3]:Q (f)
               +     2.758          net: inputs67_ctrl_c[3]
  9.096                        inputs67_ctrl_pad[3]/U0/U1:D (f)
               +     0.916          cell: ADLIB:IOTRI_OB_EB
  10.012                       inputs67_ctrl_pad[3]/U0/U1:DOUT (f)
               +     0.000          net: inputs67_ctrl_pad[3]/U0/NET1
  10.012                       inputs67_ctrl_pad[3]/U0/U0:D (f)
               +     2.155          cell: ADLIB:IOPAD_TRI
  12.167                       inputs67_ctrl_pad[3]/U0/U0:PAD (f)
               +     0.000          net: inputs67_ctrl[3]
  12.167                       inputs67_ctrl[3] (f)
                                    
  12.167                       data arrival time
  ________________________________________________________
  Data required time calculation
  N/C                          clock_master/counter[2]:Q
               +     0.000          Clock source
  N/C                          clock_master/counter[2]:Q (r)
               +     2.434          Clock generation
  N/C
                                    
  N/C                          inputs67_ctrl[3] (f)


END SET Clock to Output

----------------------------------------------------

SET Register to Asynchronous

No Path

END SET Register to Asynchronous

----------------------------------------------------

SET External Recovery

No Path

END SET External Recovery

----------------------------------------------------

SET Asynchronous to Register

No Path

END SET Asynchronous to Register

----------------------------------------------------

Clock Domain clock_master/counter[7]:Q

SET Register to Register

Path 1
  From:                        A2DRead/DataRegU1Ch1b[5]:CLK
  To:                          A2DRead/DataRegU1Ch1[15]:D
  Delay (ns):                  30.406
  Slack (ns):                  288.548
  Arrival (ns):                37.250
  Required (ns):               325.798
  Setup (ns):                  0.808
  Minimum Period (ns):         31.452

Path 2
  From:                        A2DRead/DataRegU1Ch1h[4]:CLK
  To:                          A2DRead/DataRegU1Ch1[15]:D
  Delay (ns):                  30.273
  Slack (ns):                  288.619
  Arrival (ns):                37.179
  Required (ns):               325.798
  Setup (ns):                  0.808
  Minimum Period (ns):         31.381

Path 3
  From:                        A2DRead/DataRegU1Ch1a[5]:CLK
  To:                          A2DRead/DataRegU1Ch1[15]:D
  Delay (ns):                  30.200
  Slack (ns):                  288.754
  Arrival (ns):                37.044
  Required (ns):               325.798
  Setup (ns):                  0.808
  Minimum Period (ns):         31.246

Path 4
  From:                        A2DRead/DataRegU1Ch1p[5]:CLK
  To:                          A2DRead/DataRegU1Ch1[15]:D
  Delay (ns):                  29.902
  Slack (ns):                  288.990
  Arrival (ns):                36.808
  Required (ns):               325.798
  Setup (ns):                  0.808
  Minimum Period (ns):         31.010

Path 5
  From:                        A2DRead/DataRegU1Ch1g[4]:CLK
  To:                          A2DRead/DataRegU1Ch1[15]:D
  Delay (ns):                  29.563
  Slack (ns):                  289.329
  Arrival (ns):                36.469
  Required (ns):               325.798
  Setup (ns):                  0.808
  Minimum Period (ns):         30.671


Expanded Path 1
  From: A2DRead/DataRegU1Ch1b[5]:CLK
  To: A2DRead/DataRegU1Ch1[15]:D
  data required time                             325.798
  data arrival time                          -   37.250
  slack                                          288.548
  ________________________________________________________
  Data arrival time calculation
  0.000                        clock_master/counter[7]:Q
               +     0.000          Clock source
  0.000                        clock_master/counter[7]:Q (r)
               +     3.593          Clock generation
  3.593
               +     1.122          net: clock_master/counter_i[7]
  4.715                        clock_master/counter_RNIKGO8[7]:A (r)
               +     1.197          cell: ADLIB:CLKINT
  5.912                        clock_master/counter_RNIKGO8[7]:Y (r)
               +     0.932          net: Clock04
  6.844                        A2DRead/DataRegU1Ch1b[5]:CLK (r)
               +     0.663          cell: ADLIB:DFN1E1
  7.507                        A2DRead/DataRegU1Ch1b[5]:Q (r)
               +     2.134          net: A2DRead/DataRegU1Ch1b[5]
  9.641                        A2DRead/DataRegU1Ch1p_RNIBOI4_0[5]:A (r)
               +     1.106          cell: ADLIB:MAJ3
  10.747                       A2DRead/DataRegU1Ch1p_RNIBOI4_0[5]:Y (r)
               +     0.340          net: A2DRead/N_1450
  11.087                       A2DRead/DataRegU1Ch1f_RNIUOVN_0[6]:B (r)
               +     1.355          cell: ADLIB:MAJ3
  12.442                       A2DRead/DataRegU1Ch1f_RNIUOVN_0[6]:Y (r)
               +     0.343          net: A2DRead/N_1486
  12.785                       A2DRead/DataRegU1Ch1j_RNIJF0M2_0[7]:A (r)
               +     1.356          cell: ADLIB:OA1
  14.141                       A2DRead/DataRegU1Ch1j_RNIJF0M2_0[7]:Y (r)
               +     0.339          net: A2DRead/un60_dataregu1ch1_408_0
  14.480                       A2DRead/DataRegU1Ch1f_RNI7M284[6]:A (r)
               +     0.470          cell: ADLIB:OR2
  14.950                       A2DRead/DataRegU1Ch1f_RNI7M284[6]:Y (r)
               +     0.308          net: A2DRead/N_1520
  15.258                       A2DRead/DataRegU1Ch1o_RNIG68J8[7]:C (r)
               +     1.623          cell: ADLIB:XOR3
  16.881                       A2DRead/DataRegU1Ch1o_RNIG68J8[7]:Y (r)
               +     0.427          net: A2DRead/N_1551
  17.308                       A2DRead/DataRegU1Ch1f_RNIK7CCG[6]:C (r)
               +     0.952          cell: ADLIB:AO1
  18.260                       A2DRead/DataRegU1Ch1f_RNIK7CCG[6]:Y (r)
               +     0.257          net: A2DRead/un60_dataregu1ch1_498_0_tz_out
  18.517                       A2DRead/DataRegU1Ch1f_RNIVJP941[6]:B (r)
               +     1.220          cell: ADLIB:OA1
  19.737                       A2DRead/DataRegU1Ch1f_RNIVJP941[6]:Y (r)
               +     0.257          net: A2DRead/un60_dataregu1ch1_498_0
  19.994                       A2DRead/DataRegU1Ch1f_RNIT6APP1[6]:C (r)
               +     0.924          cell: ADLIB:AO1
  20.918                       A2DRead/DataRegU1Ch1f_RNIT6APP1[6]:Y (r)
               +     1.291          net: A2DRead/N_1556
  22.209                       A2DRead/DataRegU1Ch1f_RNIKKTT83[8]:B (r)
               +     1.443          cell: ADLIB:MAJ3
  23.652                       A2DRead/DataRegU1Ch1f_RNIKKTT83[8]:Y (r)
               +     1.499          net: A2DRead/N_1586
  25.151                       A2DRead/un60_dataregu1ch1_824_ADD_11x11_fast_I5_G0N:B (r)
               +     0.934          cell: ADLIB:NOR2B
  26.085                       A2DRead/un60_dataregu1ch1_824_ADD_11x11_fast_I5_G0N:Y (r)
               +     0.295          net: A2DRead/N168_0
  26.380                       A2DRead/un60_dataregu1ch1_824_ADD_11x11_fast_I21_Y:C (r)
               +     1.032          cell: ADLIB:AO1
  27.412                       A2DRead/un60_dataregu1ch1_824_ADD_11x11_fast_I21_Y:Y (r)
               +     0.337          net: A2DRead/N198_0
  27.749                       A2DRead/un60_dataregu1ch1_824_ADD_11x11_fast_I43_Y:C (r)
               +     0.937          cell: ADLIB:AO1
  28.686                       A2DRead/un60_dataregu1ch1_824_ADD_11x11_fast_I43_Y:Y (r)
               +     1.706          net: A2DRead/N223_0
  30.392                       A2DRead/un60_dataregu1ch1_824_ADD_11x11_fast_I55_un1_Y:B (r)
               +     0.991          cell: ADLIB:NOR2B
  31.383                       A2DRead/un60_dataregu1ch1_824_ADD_11x11_fast_I55_un1_Y:Y (r)
               +     0.250          net: A2DRead/I55_un1_Y
  31.633                       A2DRead/un60_dataregu1ch1_824_ADD_11x11_fast_I70_Y_2:C (r)
               +     0.808          cell: ADLIB:OR3
  32.441                       A2DRead/un60_dataregu1ch1_824_ADD_11x11_fast_I70_Y_2:Y (r)
               +     0.228          net: A2DRead/ADD_11x11_fast_I70_Y_2_0
  32.669                       A2DRead/un60_dataregu1ch1_824_ADD_11x11_fast_I70_Y:C (r)
               +     0.990          cell: ADLIB:AO1
  33.659                       A2DRead/un60_dataregu1ch1_824_ADD_11x11_fast_I70_Y:Y (r)
               +     0.895          net: A2DRead/N269
  34.554                       A2DRead/un60_dataregu1ch1_824_ADD_11x11_fast_I91_Y:C (r)
               +     1.325          cell: ADLIB:XOR3
  35.879                       A2DRead/un60_dataregu1ch1_824_ADD_11x11_fast_I91_Y:Y (f)
               +     1.371          net: A2DRead/un60_dataregu1ch1[14]
  37.250                       A2DRead/DataRegU1Ch1[15]:D (f)
                                    
  37.250                       data arrival time
  ________________________________________________________
  Data required time calculation
  320.000                      clock_master/counter[7]:Q
               +     0.000          Clock source
  320.000                      clock_master/counter[7]:Q (r)
               +     3.593          Clock generation
  323.593
               +     1.122          net: clock_master/counter_i[7]
  324.715                      clock_master/counter_RNIKGO8[7]:A (r)
               +     1.197          cell: ADLIB:CLKINT
  325.912                      clock_master/counter_RNIKGO8[7]:Y (r)
               +     0.694          net: Clock04
  326.606                      A2DRead/DataRegU1Ch1[15]:CLK (r)
               -     0.808          Library setup time: ADLIB:DFN1E1
  325.798                      A2DRead/DataRegU1Ch1[15]:D
                                    
  325.798                      data required time


END SET Register to Register

----------------------------------------------------

SET External Setup

Path 1
  From:                        LogicReset
  To:                          heart_beat/counter[18]:D
  Delay (ns):                  26.605
  Slack (ns):
  Arrival (ns):                26.605
  Required (ns):
  Setup (ns):                  0.757
  External Setup (ns):         20.553

Path 2
  From:                        LogicReset
  To:                          heart_beat/counter[17]:D
  Delay (ns):                  25.800
  Slack (ns):
  Arrival (ns):                25.800
  Required (ns):
  Setup (ns):                  0.757
  External Setup (ns):         19.863

Path 3
  From:                        LogicReset
  To:                          heart_beat/counter[16]:D
  Delay (ns):                  24.298
  Slack (ns):
  Arrival (ns):                24.298
  Required (ns):
  Setup (ns):                  0.808
  External Setup (ns):         18.412

Path 4
  From:                        LogicReset
  To:                          heart_beat/counter[15]:D
  Delay (ns):                  22.638
  Slack (ns):
  Arrival (ns):                22.638
  Required (ns):
  Setup (ns):                  0.808
  External Setup (ns):         16.637

Path 5
  From:                        LogicReset
  To:                          heart_beat/counter[14]:D
  Delay (ns):                  22.051
  Slack (ns):
  Arrival (ns):                22.051
  Required (ns):
  Setup (ns):                  0.808
  External Setup (ns):         16.165


Expanded Path 1
  From: LogicReset
  To: heart_beat/counter[18]:D
  data required time                             N/C
  data arrival time                          -   26.605
  slack                                          N/C
  ________________________________________________________
  Data arrival time calculation
  0.000                        LogicReset (f)
               +     0.000          net: LogicReset
  0.000                        LogicReset_pad/U0/U0:PAD (f)
               +     0.578          cell: ADLIB:IOPAD_IN
  0.578                        LogicReset_pad/U0/U0:Y (f)
               +     0.000          net: LogicReset_pad/U0/NET1
  0.578                        LogicReset_pad/U0/U1:YIN (f)
               +     0.184          cell: ADLIB:IOIN_IB
  0.762                        LogicReset_pad/U0/U1:Y (f)
               +     2.677          net: LogicReset_pad
  3.439                        LogicReset_pad_RNI5AOB:A (f)
               +     1.294          cell: ADLIB:CLKINT
  4.733                        LogicReset_pad_RNI5AOB:Y (f)
               +     0.704          net: LogicReset_c
  5.437                        A2DRead/m16:B (f)
               +     0.462          cell: ADLIB:NOR2A
  5.899                        A2DRead/m16:Y (r)
               +     1.411          net: A2DRead_AdClock_0_sqmuxa
  7.310                        heart_beat/un1_counter_1_m1:B (r)
               +     0.824          cell: ADLIB:NOR2B
  8.134                        heart_beat/un1_counter_1_m1:Y (r)
               +     0.304          net: heart_beat/N_2_i
  8.438                        heart_beat/un1_counter_1_m2:B (r)
               +     0.751          cell: ADLIB:NOR2B
  9.189                        heart_beat/un1_counter_1_m2:Y (r)
               +     0.300          net: heart_beat/N_3_i
  9.489                        heart_beat/un1_counter_1_m5:B (r)
               +     0.887          cell: ADLIB:MX2C
  10.376                       heart_beat/un1_counter_1_m5:Y (f)
               +     1.909          net: heart_beat/i3_mux
  12.285                       heart_beat/un1_counter_1_m8:B (f)
               +     1.489          cell: ADLIB:AO13
  13.774                       heart_beat/un1_counter_1_m8:Y (f)
               +     0.462          net: heart_beat/i5_mux
  14.236                       heart_beat/un1_counter_1_m10:C (f)
               +     0.735          cell: ADLIB:NOR3B
  14.971                       heart_beat/un1_counter_1_m10:Y (r)
               +     0.388          net: heart_beat/N_11_i
  15.359                       heart_beat/un1_counter_1_m12:B (r)
               +     0.862          cell: ADLIB:NOR3C
  16.221                       heart_beat/un1_counter_1_m12:Y (r)
               +     0.445          net: heart_beat/N_13_i
  16.666                       heart_beat/un1_counter_1_m14:B (r)
               +     0.876          cell: ADLIB:NOR3C
  17.542                       heart_beat/un1_counter_1_m14:Y (r)
               +     0.285          net: heart_beat/N_15_i
  17.827                       heart_beat/un1_counter_1_m16:B (r)
               +     0.837          cell: ADLIB:NOR3C
  18.664                       heart_beat/un1_counter_1_m16:Y (r)
               +     0.502          net: heart_beat/N_17_i
  19.166                       heart_beat/un1_counter_1_m18:B (r)
               +     0.890          cell: ADLIB:NOR3C
  20.056                       heart_beat/un1_counter_1_m18:Y (r)
               +     1.203          net: heart_beat/N_19_i
  21.259                       heart_beat/un1_counter_1_m20:B (r)
               +     1.059          cell: ADLIB:NOR3C
  22.318                       heart_beat/un1_counter_1_m20:Y (r)
               +     0.337          net: heart_beat/N_21_i
  22.655                       heart_beat/un1_counter_1_m21:A (r)
               +     0.617          cell: ADLIB:NOR2B
  23.272                       heart_beat/un1_counter_1_m21:Y (r)
               +     0.314          net: heart_beat/N_22_i
  23.586                       heart_beat/un1_counter_1_ADD_19x19_fast_I121_Y:B (r)
               +     1.050          cell: ADLIB:AX1C
  24.636                       heart_beat/un1_counter_1_ADD_19x19_fast_I121_Y:Y (r)
               +     1.969          net: heart_beat/ADD_19x19_fast_I121_Y
  26.605                       heart_beat/counter[18]:D (r)
                                    
  26.605                       data arrival time
  ________________________________________________________
  Data required time calculation
  N/C                          clock_master/counter[7]:Q
               +     0.000          Clock source
  N/C                          clock_master/counter[7]:Q (r)
               +     3.593          Clock generation
  N/C
               +     1.122          net: clock_master/counter_i[7]
  N/C                          clock_master/counter_RNIKGO8[7]:A (r)
               +     1.197          cell: ADLIB:CLKINT
  N/C                          clock_master/counter_RNIKGO8[7]:Y (r)
               +     0.897          net: Clock04
  N/C                          heart_beat/counter[18]:CLK (r)
               -     0.757          Library setup time: ADLIB:DFN1
  N/C                          heart_beat/counter[18]:D


END SET External Setup

----------------------------------------------------

SET Clock to Output

Path 1
  From:                        snkpout01/PWMOut:CLK
  To:                          EncLgtControl
  Delay (ns):                  12.228
  Slack (ns):
  Arrival (ns):                18.824
  Required (ns):
  Clock to Out (ns):           18.824

Path 2
  From:                        snkpout01/PWMOut:CLK
  To:                          AN5NRMControl
  Delay (ns):                  10.552
  Slack (ns):
  Arrival (ns):                17.148
  Required (ns):
  Clock to Out (ns):           17.148

Path 3
  From:                        snkpout01/PWMOut:CLK
  To:                          AN3DimControl
  Delay (ns):                  10.264
  Slack (ns):
  Arrival (ns):                16.860
  Required (ns):
  Clock to Out (ns):           16.860

Path 4
  From:                        snkpout01/PWMOut:CLK
  To:                          AN2DimControl
  Delay (ns):                  10.256
  Slack (ns):
  Arrival (ns):                16.852
  Required (ns):
  Clock to Out (ns):           16.852

Path 5
  From:                        snkpout01/PWMOut:CLK
  To:                          AN6PTTControl
  Delay (ns):                  10.180
  Slack (ns):
  Arrival (ns):                16.776
  Required (ns):
  Clock to Out (ns):           16.776


Expanded Path 1
  From: snkpout01/PWMOut:CLK
  To: EncLgtControl
  data required time                             N/C
  data arrival time                          -   18.824
  slack                                          N/C
  ________________________________________________________
  Data arrival time calculation
  0.000                        clock_master/counter[7]:Q
               +     0.000          Clock source
  0.000                        clock_master/counter[7]:Q (r)
               +     3.593          Clock generation
  3.593
               +     1.122          net: clock_master/counter_i[7]
  4.715                        clock_master/counter_RNIKGO8[7]:A (r)
               +     1.197          cell: ADLIB:CLKINT
  5.912                        clock_master/counter_RNIKGO8[7]:Y (r)
               +     0.684          net: Clock04
  6.596                        snkpout01/PWMOut:CLK (r)
               +     0.663          cell: ADLIB:DFN1
  7.259                        snkpout01/PWMOut:Q (r)
               +     2.855          net: PnlLgtControl_c
  10.114                       pwmdisable01latch/output_RNID03R[7]:A (r)
               +     1.856          cell: ADLIB:OA1
  11.970                       pwmdisable01latch/output_RNID03R[7]:Y (r)
               +     2.554          net: EncLgtControl_c
  14.524                       EncLgtControl_pad/U0/U1:D (r)
               +     0.885          cell: ADLIB:IOTRI_OB_EB
  15.409                       EncLgtControl_pad/U0/U1:DOUT (r)
               +     0.000          net: EncLgtControl_pad/U0/NET1
  15.409                       EncLgtControl_pad/U0/U0:D (r)
               +     3.415          cell: ADLIB:IOPAD_TRI
  18.824                       EncLgtControl_pad/U0/U0:PAD (r)
               +     0.000          net: EncLgtControl
  18.824                       EncLgtControl (r)
                                    
  18.824                       data arrival time
  ________________________________________________________
  Data required time calculation
  N/C                          clock_master/counter[7]:Q
               +     0.000          Clock source
  N/C                          clock_master/counter[7]:Q (r)
               +     3.593          Clock generation
  N/C
                                    
  N/C                          EncLgtControl (r)


END SET Clock to Output

----------------------------------------------------

SET Register to Asynchronous

No Path

END SET Register to Asynchronous

----------------------------------------------------

SET External Recovery

No Path

END SET External Recovery

----------------------------------------------------

SET Asynchronous to Register

No Path

END SET Asynchronous to Register

----------------------------------------------------

Path set Pin to Pin

SET Input to Output

No Path

END SET Input to Output

----------------------------------------------------

Path set User Sets

