Timing Report Max Delay Analysis

SmartTime Version v11.7 SP1.1
Microsemi Corporation - Microsemi Libero Software Release v11.7 SP1.1 (Version 11.7.1.14)
Date: Thu Jul 27 09:21:16 2017


Design: mainprogram
Family: IGLOO
Die: AGLN250V5
Package: 100 VQFP
Temperature Range: 0 - 70 C
Voltage Range: 1.425 - 1.575 V
Speed Grade: STD
Design State: Post-Layout
Data source: Silicon verified
Min Operating Conditions: BEST - 1.575 V - 0 C
Max Operating Conditions: WORST - 1.425 V - 70 C
Using Enhanced Min Delay Analysis
Scenario for Timing Analysis: Primary


-----------------------------------------------------
SUMMARY

Clock Domain:               SerialClock
Period (ns):                12.970
Frequency (MHz):            77.101
Required Period (ns):       N/A
Required Frequency (MHz):   N/A
External Setup (ns):        13.845
External Hold (ns):         -1.165
Min Clock-To-Out (ns):      N/A
Max Clock-To-Out (ns):      N/A

Clock Domain:               XCLK
Period (ns):                11.445
Frequency (MHz):            87.374
Required Period (ns):       5.000
Required Frequency (MHz):   200.000
External Setup (ns):        12.550
External Hold (ns):         -2.048
Min Clock-To-Out (ns):      N/A
Max Clock-To-Out (ns):      N/A

Clock Domain:               clock_master/counter[0]:Q
Period (ns):                13.738
Frequency (MHz):            72.791
Required Period (ns):       10.000
Required Frequency (MHz):   100.000
External Setup (ns):        14.096
External Hold (ns):         0.114
Min Clock-To-Out (ns):      5.153
Max Clock-To-Out (ns):      16.186

Clock Domain:               clock_master/counter[1]:Q
Period (ns):                10.654
Frequency (MHz):            93.861
Required Period (ns):       20.000
Required Frequency (MHz):   50.000
External Setup (ns):        2.232
External Hold (ns):         1.036
Min Clock-To-Out (ns):      6.138
Max Clock-To-Out (ns):      15.457

Clock Domain:               clock_master/counter[2]:Q
Period (ns):                11.080
Frequency (MHz):            90.253
Required Period (ns):       40.000
Required Frequency (MHz):   25.000
External Setup (ns):        5.939
External Hold (ns):         1.579
Min Clock-To-Out (ns):      3.631
Max Clock-To-Out (ns):      12.257

Clock Domain:               clock_master/counter[7]:Q
Period (ns):                31.090
Frequency (MHz):            32.165
Required Period (ns):       320.000
Required Frequency (MHz):   3.125
External Setup (ns):        20.072
External Hold (ns):         1.572
Min Clock-To-Out (ns):      4.882
Max Clock-To-Out (ns):      20.008

                            Input to Output
Min Delay (ns):             N/A
Max Delay (ns):             N/A

END SUMMARY
-----------------------------------------------------

Clock Domain SerialClock

SET Register to Register

Path 1
  From:                        discretedutycycle01/cellindex[2]:CLK
  To:                          discretedutycycle01/paralleldata[1]:D
  Delay (ns):                  12.206
  Slack (ns):
  Arrival (ns):                14.635
  Required (ns):
  Setup (ns):                  0.757
  Minimum Period (ns):         12.970

Path 2
  From:                        discretedutycycle01/cellindex[2]:CLK
  To:                          discretedutycycle01/paralleldata[7]:D
  Delay (ns):                  11.376
  Slack (ns):
  Arrival (ns):                13.805
  Required (ns):
  Setup (ns):                  0.808
  Minimum Period (ns):         12.213

Path 3
  From:                        discretedutycycle01/cellindex[2]:CLK
  To:                          discretedutycycle01/paralleldata[3]:D
  Delay (ns):                  11.454
  Slack (ns):
  Arrival (ns):                13.883
  Required (ns):
  Setup (ns):                  0.757
  Minimum Period (ns):         12.210

Path 4
  From:                        discretedutycycle01/cellindex[2]:CLK
  To:                          discretedutycycle01/paralleldata[5]:D
  Delay (ns):                  11.031
  Slack (ns):
  Arrival (ns):                13.460
  Required (ns):
  Setup (ns):                  0.757
  Minimum Period (ns):         11.787

Path 5
  From:                        discretedutycycle01/cellindex[2]:CLK
  To:                          discretedutycycle01/paralleldata[6]:D
  Delay (ns):                  11.030
  Slack (ns):
  Arrival (ns):                13.459
  Required (ns):
  Setup (ns):                  0.757
  Minimum Period (ns):         11.779


Expanded Path 1
  From: discretedutycycle01/cellindex[2]:CLK
  To: discretedutycycle01/paralleldata[1]:D
  data required time                             N/C
  data arrival time                          -   14.635
  slack                                          N/C
  ________________________________________________________
  Data arrival time calculation
  0.000                        SerialClock
               +     0.000          Clock source
  0.000                        SerialClock (r)
               +     0.000          net: SerialClock
  0.000                        SerialClock_pad/U0/U0:PAD (r)
               +     1.158          cell: ADLIB:IOPAD_IN
  1.158                        SerialClock_pad/U0/U0:Y (r)
               +     0.000          net: SerialClock_pad/U0/NET1
  1.158                        SerialClock_pad/U0/U1:A (r)
               +     0.636          cell: ADLIB:CLKIO
  1.794                        SerialClock_pad/U0/U1:Y (r)
               +     0.635          net: SerialClock_c
  2.429                        discretedutycycle01/cellindex[2]:CLK (r)
               +     0.886          cell: ADLIB:DFN1E0
  3.315                        discretedutycycle01/cellindex[2]:Q (f)
               +     4.815          net: discretedutycycle01/cellindex[2]
  8.130                        discretedutycycle01/cellindex_RNILCOL_1[3]:B (f)
               +     1.211          cell: ADLIB:NOR2
  9.341                        discretedutycycle01/cellindex_RNILCOL_1[3]:Y (r)
               +     2.098          net: discretedutycycle01/un1_paralleldata_2[3]
  11.439                       discretedutycycle01/paralleldata_RNO_1[1]:C (r)
               +     1.184          cell: ADLIB:NOR3C
  12.623                       discretedutycycle01/paralleldata_RNO_1[1]:Y (r)
               +     0.244          net: discretedutycycle01/N_128
  12.867                       discretedutycycle01/paralleldata_RNO_0[1]:S (r)
               +     0.500          cell: ADLIB:MX2
  13.367                       discretedutycycle01/paralleldata_RNO_0[1]:Y (f)
               +     0.228          net: discretedutycycle01/N_128_mux
  13.595                       discretedutycycle01/paralleldata_RNO[1]:A (f)
               +     0.783          cell: ADLIB:NOR2A
  14.378                       discretedutycycle01/paralleldata_RNO[1]:Y (f)
               +     0.257          net: discretedutycycle01/paralleldata_RNO_3[1]
  14.635                       discretedutycycle01/paralleldata[1]:D (f)
                                    
  14.635                       data arrival time
  ________________________________________________________
  Data required time calculation
  N/C                          SerialClock
               +     0.000          Clock source
  N/C                          SerialClock (r)
               +     0.000          net: SerialClock
  N/C                          SerialClock_pad/U0/U0:PAD (r)
               +     1.158          cell: ADLIB:IOPAD_IN
  N/C                          SerialClock_pad/U0/U0:Y (r)
               +     0.000          net: SerialClock_pad/U0/NET1
  N/C                          SerialClock_pad/U0/U1:A (r)
               +     0.636          cell: ADLIB:CLKIO
  N/C                          SerialClock_pad/U0/U1:Y (r)
               +     0.628          net: SerialClock_c
  N/C                          discretedutycycle01/paralleldata[1]:CLK (r)
               -     0.757          Library setup time: ADLIB:DFN1
  N/C                          discretedutycycle01/paralleldata[1]:D


END SET Register to Register

----------------------------------------------------

SET External Setup

Path 1
  From:                        SerialLoad
  To:                          externenablelatch/paralleldata[4]:D
  Delay (ns):                  15.490
  Slack (ns):
  Arrival (ns):                15.490
  Required (ns):
  Setup (ns):                  0.757
  External Setup (ns):         13.845

Path 2
  From:                        SerialLoad
  To:                          externenablelatch/paralleldata[5]:D
  Delay (ns):                  15.355
  Slack (ns):
  Arrival (ns):                15.355
  Required (ns):
  Setup (ns):                  0.757
  External Setup (ns):         13.699

Path 3
  From:                        SerialLoad
  To:                          externenablelatch/paralleldata[6]:D
  Delay (ns):                  14.944
  Slack (ns):
  Arrival (ns):                14.944
  Required (ns):
  Setup (ns):                  0.757
  External Setup (ns):         13.263

Path 4
  From:                        SerialLoad
  To:                          A2D00reader/cellindex[3]:D
  Delay (ns):                  14.135
  Slack (ns):
  Arrival (ns):                14.135
  Required (ns):
  Setup (ns):                  0.808
  External Setup (ns):         12.544

Path 5
  From:                        SerialLoad
  To:                          A2D00reader/cellindex[1]:D
  Delay (ns):                  14.077
  Slack (ns):
  Arrival (ns):                14.077
  Required (ns):
  Setup (ns):                  0.808
  External Setup (ns):         12.485


Expanded Path 1
  From: SerialLoad
  To: externenablelatch/paralleldata[4]:D
  data required time                             N/C
  data arrival time                          -   15.490
  slack                                          N/C
  ________________________________________________________
  Data arrival time calculation
  0.000                        SerialLoad (f)
               +     0.000          net: SerialLoad
  0.000                        SerialLoad_pad/U0/U0:PAD (f)
               +     1.075          cell: ADLIB:IOPAD_IN
  1.075                        SerialLoad_pad/U0/U0:Y (f)
               +     0.000          net: SerialLoad_pad/U0/NET1
  1.075                        SerialLoad_pad/U0/U1:YIN (f)
               +     0.184          cell: ADLIB:IOIN_IB
  1.259                        SerialLoad_pad/U0/U1:Y (f)
               +     2.787          net: SerialLoad_pad
  4.046                        SerialLoad_pad_RNIK82F:A (f)
               +     1.294          cell: ADLIB:CLKINT
  5.340                        SerialLoad_pad_RNIK82F:Y (f)
               +     0.740          net: SerialLoad_c
  6.080                        externenablelatch/output_0_sqmuxa:B (f)
               +     0.470          cell: ADLIB:NOR2A
  6.550                        externenablelatch/output_0_sqmuxa:Y (r)
               +     2.047          net: externenablelatch/output_0_sqmuxa
  8.597                        externenablelatch/cellindex_RNIH1BG1[2]:A (r)
               +     0.648          cell: ADLIB:NOR2B
  9.245                        externenablelatch/cellindex_RNIH1BG1[2]:Y (r)
               +     2.298          net: externenablelatch/paralleldata_0_e_0[5]
  11.543                       externenablelatch/paralleldata_RNO_1[4]:A (r)
               +     2.115          cell: ADLIB:NOR3A
  13.658                       externenablelatch/paralleldata_RNO_1[4]:Y (r)
               +     0.244          net: externenablelatch/N_96
  13.902                       externenablelatch/paralleldata_RNO_0[4]:S (r)
               +     0.500          cell: ADLIB:MX2
  14.402                       externenablelatch/paralleldata_RNO_0[4]:Y (f)
               +     0.215          net: externenablelatch/N_96_mux
  14.617                       externenablelatch/paralleldata_RNO[4]:A (f)
               +     0.616          cell: ADLIB:OR2
  15.233                       externenablelatch/paralleldata_RNO[4]:Y (f)
               +     0.257          net: externenablelatch/paralleldata_RNO_0[4]
  15.490                       externenablelatch/paralleldata[4]:D (f)
                                    
  15.490                       data arrival time
  ________________________________________________________
  Data required time calculation
  N/C                          SerialClock
               +     0.000          Clock source
  N/C                          SerialClock (r)
               +     0.000          net: SerialClock
  N/C                          SerialClock_pad/U0/U0:PAD (r)
               +     1.158          cell: ADLIB:IOPAD_IN
  N/C                          SerialClock_pad/U0/U0:Y (r)
               +     0.000          net: SerialClock_pad/U0/NET1
  N/C                          SerialClock_pad/U0/U1:A (r)
               +     0.636          cell: ADLIB:CLKIO
  N/C                          SerialClock_pad/U0/U1:Y (r)
               +     0.608          net: SerialClock_c
  N/C                          externenablelatch/paralleldata[4]:CLK (r)
               -     0.757          Library setup time: ADLIB:DFN1
  N/C                          externenablelatch/paralleldata[4]:D


END SET External Setup

----------------------------------------------------

SET Clock to Output

No Path

END SET Clock to Output

----------------------------------------------------

SET Register to Asynchronous

No Path

END SET Register to Asynchronous

----------------------------------------------------

SET External Recovery

No Path

END SET External Recovery

----------------------------------------------------

SET Asynchronous to Register

No Path

END SET Asynchronous to Register

----------------------------------------------------

Clock Domain XCLK

SET Register to Register

Path 1
  From:                        clock_master/counter[2]:CLK
  To:                          clock_master/counter[4]:D
  Delay (ns):                  10.789
  Slack (ns):                  -6.445
  Arrival (ns):                12.645
  Required (ns):               6.200
  Setup (ns):                  0.784
  Minimum Period (ns):         11.445

Path 2
  From:                        clock_master/counter[2]:CLK
  To:                          clock_master/counter[7]:D
  Delay (ns):                  11.004
  Slack (ns):                  -6.130
  Arrival (ns):                12.860
  Required (ns):               6.730
  Setup (ns):                  0.784
  Minimum Period (ns):         11.130

Path 3
  From:                        clock_master/counter[0]:CLK
  To:                          clock_master/counter[7]:D
  Delay (ns):                  10.549
  Slack (ns):                  -5.917
  Arrival (ns):                12.647
  Required (ns):               6.730
  Setup (ns):                  0.784
  Minimum Period (ns):         10.917

Path 4
  From:                        clock_master/counter[1]:CLK
  To:                          clock_master/counter[7]:D
  Delay (ns):                  10.257
  Slack (ns):                  -5.772
  Arrival (ns):                12.502
  Required (ns):               6.730
  Setup (ns):                  0.784
  Minimum Period (ns):         10.772

Path 5
  From:                        clock_master/counter[0]:CLK
  To:                          clock_master/counter[4]:D
  Delay (ns):                  9.620
  Slack (ns):                  -5.518
  Arrival (ns):                11.718
  Required (ns):               6.200
  Setup (ns):                  0.784
  Minimum Period (ns):         10.518


Expanded Path 1
  From: clock_master/counter[2]:CLK
  To: clock_master/counter[4]:D
  data required time                             6.200
  data arrival time                          -   12.645
  slack                                          -6.445
  ________________________________________________________
  Data arrival time calculation
  0.000                        XCLK
               +     0.000          Clock source
  0.000                        XCLK (r)
               +     0.000          net: XCLK
  0.000                        XCLK_pad/U0/U0:PAD (r)
               +     0.862          cell: ADLIB:IOPAD_IN
  0.862                        XCLK_pad/U0/U0:Y (r)
               +     0.000          net: XCLK_pad/U0/NET1
  0.862                        XCLK_pad/U0/U1:YIN (r)
               +     0.188          cell: ADLIB:IOIN_IB
  1.050                        XCLK_pad/U0/U1:Y (r)
               +     0.806          net: XCLK_c
  1.856                        clock_master/counter[2]:CLK (r)
               +     0.797          cell: ADLIB:DFN1
  2.653                        clock_master/counter[2]:Q (f)
               +     1.242          net: clock_master/counter_i[2]
  3.895                        clock_master/counter_RNIFBO8[2]:A (f)
               +     1.294          cell: ADLIB:CLKINT
  5.189                        clock_master/counter_RNIFBO8[2]:Y (f)
               +     0.529          net: Clock03
  5.718                        clock_master/counter_4_I_15:A (f)
               +     0.468          cell: ADLIB:XOR2
  6.186                        clock_master/counter_4_I_15:Y (f)
               +     0.809          net: clock_master/DWACT_ADD_CI_0_pog_array_0_1_0[0]
  6.995                        clock_master/counter_4_I_40:A (f)
               +     0.871          cell: ADLIB:AND2
  7.866                        clock_master/counter_4_I_40:Y (f)
               +     0.575          net: clock_master/DWACT_ADD_CI_0_pog_array_1_0[0]
  8.441                        clock_master/counter_4_I_38:A (f)
               +     0.505          cell: ADLIB:AO1
  8.946                        clock_master/counter_4_I_38:Y (f)
               +     0.916          net: clock_master/DWACT_ADD_CI_0_g_array_2[0]
  9.862                        clock_master/counter_4_I_30:B (f)
               +     1.510          cell: ADLIB:XOR2
  11.372                       clock_master/counter_4_I_30:Y (r)
               +     1.273          net: clock_master/counter_4[4]
  12.645                       clock_master/counter[4]:D (r)
                                    
  12.645                       data arrival time
  ________________________________________________________
  Data required time calculation
  5.000                        XCLK
               +     0.000          Clock source
  5.000                        XCLK (r)
               +     0.000          net: XCLK
  5.000                        XCLK_pad/U0/U0:PAD (r)
               +     0.862          cell: ADLIB:IOPAD_IN
  5.862                        XCLK_pad/U0/U0:Y (r)
               +     0.000          net: XCLK_pad/U0/NET1
  5.862                        XCLK_pad/U0/U1:YIN (r)
               +     0.188          cell: ADLIB:IOIN_IB
  6.050                        XCLK_pad/U0/U1:Y (r)
               +     0.934          net: XCLK_c
  6.984                        clock_master/counter[4]:CLK (r)
               -     0.784          Library setup time: ADLIB:DFN1
  6.200                        clock_master/counter[4]:D
                                    
  6.200                        data required time


END SET Register to Register

----------------------------------------------------

SET External Setup

Path 1
  From:                        LogicReset
  To:                          clock_master/counter[7]:D
  Delay (ns):                  14.280
  Slack (ns):
  Arrival (ns):                14.280
  Required (ns):
  Setup (ns):                  0.784
  External Setup (ns):         12.550

Path 2
  From:                        LogicReset
  To:                          clock_master/counter[4]:D
  Delay (ns):                  12.919
  Slack (ns):
  Arrival (ns):                12.919
  Required (ns):
  Setup (ns):                  0.784
  External Setup (ns):         11.719

Path 3
  From:                        LogicReset
  To:                          clock_master/counter[2]:D
  Delay (ns):                  11.185
  Slack (ns):
  Arrival (ns):                11.185
  Required (ns):
  Setup (ns):                  0.836
  External Setup (ns):         10.165

Path 4
  From:                        LogicReset
  To:                          clock_master/counter[5]:D
  Delay (ns):                  11.927
  Slack (ns):
  Arrival (ns):                11.927
  Required (ns):
  Setup (ns):                  0.836
  External Setup (ns):         10.094

Path 5
  From:                        LogicReset
  To:                          clock_master/counter[6]:D
  Delay (ns):                  11.927
  Slack (ns):
  Arrival (ns):                11.927
  Required (ns):
  Setup (ns):                  0.836
  External Setup (ns):         9.787


Expanded Path 1
  From: LogicReset
  To: clock_master/counter[7]:D
  data required time                             N/C
  data arrival time                          -   14.280
  slack                                          N/C
  ________________________________________________________
  Data arrival time calculation
  0.000                        LogicReset (f)
               +     0.000          net: LogicReset
  0.000                        LogicReset_pad/U0/U0:PAD (f)
               +     0.578          cell: ADLIB:IOPAD_IN
  0.578                        LogicReset_pad/U0/U0:Y (f)
               +     0.000          net: LogicReset_pad/U0/NET1
  0.578                        LogicReset_pad/U0/U1:YIN (f)
               +     0.184          cell: ADLIB:IOIN_IB
  0.762                        LogicReset_pad/U0/U1:Y (f)
               +     2.677          net: LogicReset_pad
  3.439                        LogicReset_pad_RNI5AOB:A (f)
               +     1.294          cell: ADLIB:CLKINT
  4.733                        LogicReset_pad_RNI5AOB:Y (f)
               +     0.782          net: LogicReset_c
  5.515                        clock_master/counter_8_I_12:B (f)
               +     1.269          cell: ADLIB:XOR2
  6.784                        clock_master/counter_8_I_12:Y (r)
               +     0.909          net: clock_master/DWACT_ADD_CI_0_pog_array_0[0]
  7.693                        clock_master/counter_8_I_36:A (r)
               +     0.731          cell: ADLIB:AO1
  8.424                        clock_master/counter_8_I_36:Y (r)
               +     0.260          net: clock_master/DWACT_ADD_CI_0_g_array_1[0]
  8.684                        clock_master/counter_8_I_35:B (r)
               +     0.727          cell: ADLIB:AO1
  9.411                        clock_master/counter_8_I_35:Y (r)
               +     1.243          net: clock_master/DWACT_ADD_CI_0_g_array_2_0[0]
  10.654                       clock_master/counter_8_I_44:A (r)
               +     0.758          cell: ADLIB:NOR3C
  11.412                       clock_master/counter_8_I_44:Y (r)
               +     0.931          net: clock_master/DWACT_ADD_CI_0_g_array_12_2[0]
  12.343                       clock_master/counter_8_I_34:B (r)
               +     0.964          cell: ADLIB:XOR2
  13.307                       clock_master/counter_8_I_34:Y (r)
               +     0.973          net: clock_master/counter_4_3_0[7]
  14.280                       clock_master/counter[7]:D (r)
                                    
  14.280                       data arrival time
  ________________________________________________________
  Data required time calculation
  N/C                          XCLK
               +     0.000          Clock source
  N/C                          XCLK (r)
               +     0.000          net: XCLK
  N/C                          XCLK_pad/U0/U0:PAD (r)
               +     0.862          cell: ADLIB:IOPAD_IN
  N/C                          XCLK_pad/U0/U0:Y (r)
               +     0.000          net: XCLK_pad/U0/NET1
  N/C                          XCLK_pad/U0/U1:YIN (r)
               +     0.188          cell: ADLIB:IOIN_IB
  N/C                          XCLK_pad/U0/U1:Y (r)
               +     1.464          net: XCLK_c
  N/C                          clock_master/counter[7]:CLK (r)
               -     0.784          Library setup time: ADLIB:DFN1
  N/C                          clock_master/counter[7]:D


END SET External Setup

----------------------------------------------------

SET Clock to Output

No Path

END SET Clock to Output

----------------------------------------------------

SET Register to Asynchronous

No Path

END SET Register to Asynchronous

----------------------------------------------------

SET External Recovery

No Path

END SET External Recovery

----------------------------------------------------

SET Asynchronous to Register

No Path

END SET Asynchronous to Register

----------------------------------------------------

Clock Domain clock_master/counter[0]:Q

SET Register to Register

Path 1
  From:                        addresslatch/output[7]:CLK
  To:                          discretedutycycle01/output[0]:D
  Delay (ns):                  12.981
  Slack (ns):                  -3.738
  Arrival (ns):                18.846
  Required (ns):               15.108
  Setup (ns):                  0.757
  Minimum Period (ns):         13.738

Path 2
  From:                        addresslatch/output[2]:CLK
  To:                          discretedutycycle01/output[0]:D
  Delay (ns):                  12.907
  Slack (ns):                  -3.614
  Arrival (ns):                18.722
  Required (ns):               15.108
  Setup (ns):                  0.757
  Minimum Period (ns):         13.614

Path 3
  From:                        addresslatch/output[7]:CLK
  To:                          discretedutycycle01/output[4]:D
  Delay (ns):                  12.644
  Slack (ns):                  -3.458
  Arrival (ns):                18.509
  Required (ns):               15.051
  Setup (ns):                  0.757
  Minimum Period (ns):         13.458

Path 4
  From:                        addresslatch/output[6]:CLK
  To:                          A2D01reader/parallelholdreg[11]:D
  Delay (ns):                  12.635
  Slack (ns):                  -3.400
  Arrival (ns):                18.491
  Required (ns):               15.091
  Setup (ns):                  0.757
  Minimum Period (ns):         13.400

Path 5
  From:                        addresslatch/output[2]:CLK
  To:                          discretedutycycle01/output[4]:D
  Delay (ns):                  12.598
  Slack (ns):                  -3.362
  Arrival (ns):                18.413
  Required (ns):               15.051
  Setup (ns):                  0.757
  Minimum Period (ns):         13.362


Expanded Path 1
  From: addresslatch/output[7]:CLK
  To: discretedutycycle01/output[0]:D
  data required time                             15.108
  data arrival time                          -   18.846
  slack                                          -3.738
  ________________________________________________________
  Data arrival time calculation
  0.000                        clock_master/counter[0]:Q
               +     0.000          Clock source
  0.000                        clock_master/counter[0]:Q (r)
               +     2.715          Clock generation
  2.715
               +     1.218          net: clock_master/counter_i[0]
  3.933                        clock_master/counter_RNID9O8[0]:A (r)
               +     1.197          cell: ADLIB:CLKINT
  5.130                        clock_master/counter_RNID9O8[0]:Y (r)
               +     0.735          net: Clock01
  5.865                        addresslatch/output[7]:CLK (r)
               +     0.886          cell: ADLIB:DFN1
  6.751                        addresslatch/output[7]:Q (f)
               +     1.835          net: internaddr[7]
  8.586                        discretedutycycle01/CellIndexUpdate.address_1:A (f)
               +     1.026          cell: ADLIB:NOR2A
  9.612                        discretedutycycle01/CellIndexUpdate.address_1:Y (f)
               +     0.244          net: discretedutycycle01/address_1
  9.856                        discretedutycycle01/CellIndexUpdate.address_3:A (f)
               +     0.437          cell: ADLIB:NOR3C
  10.293                       discretedutycycle01/CellIndexUpdate.address_3:Y (f)
               +     0.215          net: discretedutycycle01/address_3
  10.508                       discretedutycycle01/CellIndexUpdate.address:A (f)
               +     0.661          cell: ADLIB:NOR2B
  11.169                       discretedutycycle01/CellIndexUpdate.address:Y (f)
               +     1.462          net: discretedutycycle01/address
  12.631                       discretedutycycle01/output_0_sqmuxa_0:A (f)
               +     1.106          cell: ADLIB:NOR2A
  13.737                       discretedutycycle01/output_0_sqmuxa_0:Y (f)
               +     2.484          net: discretedutycycle01/output_0_sqmuxa_0
  16.221                       discretedutycycle01/output_RNO_0[0]:S (f)
               +     0.710          cell: ADLIB:MX2
  16.931                       discretedutycycle01/output_RNO_0[0]:Y (f)
               +     0.228          net: discretedutycycle01/N_60
  17.159                       discretedutycycle01/output_RNO[0]:A (f)
               +     0.783          cell: ADLIB:NOR2A
  17.942                       discretedutycycle01/output_RNO[0]:Y (f)
               +     0.904          net: discretedutycycle01/output_RNO_3[0]
  18.846                       discretedutycycle01/output[0]:D (f)
                                    
  18.846                       data arrival time
  ________________________________________________________
  Data required time calculation
  10.000                       clock_master/counter[0]:Q
               +     0.000          Clock source
  10.000                       clock_master/counter[0]:Q (r)
               +     2.715          Clock generation
  12.715
               +     1.218          net: clock_master/counter_i[0]
  13.933                       clock_master/counter_RNID9O8[0]:A (r)
               +     1.197          cell: ADLIB:CLKINT
  15.130                       clock_master/counter_RNID9O8[0]:Y (r)
               +     0.735          net: Clock01
  15.865                       discretedutycycle01/output[0]:CLK (r)
               -     0.757          Library setup time: ADLIB:DFN1
  15.108                       discretedutycycle01/output[0]:D
                                    
  15.108                       data required time


END SET Register to Register

----------------------------------------------------

SET External Setup

Path 1
  From:                        SerialLoad
  To:                          firmware/parallelholdreg[2]:D
  Delay (ns):                  19.137
  Slack (ns):
  Arrival (ns):                19.137
  Required (ns):
  Setup (ns):                  0.757
  External Setup (ns):         14.096

Path 2
  From:                        LogicReset
  To:                          firmware/parallelholdreg[2]:D
  Delay (ns):                  18.724
  Slack (ns):
  Arrival (ns):                18.724
  Required (ns):
  Setup (ns):                  0.757
  External Setup (ns):         13.683

Path 3
  From:                        SerialLoad
  To:                          firmware/parallelholdreg[1]:D
  Delay (ns):                  18.747
  Slack (ns):
  Arrival (ns):                18.747
  Required (ns):
  Setup (ns):                  0.757
  External Setup (ns):         13.620

Path 4
  From:                        LogicReset
  To:                          firmware/parallelholdreg[1]:D
  Delay (ns):                  18.334
  Slack (ns):
  Arrival (ns):                18.334
  Required (ns):
  Setup (ns):                  0.757
  External Setup (ns):         13.207

Path 5
  From:                        SerialLoad
  To:                          firmware/parallelholdreg[0]:E
  Delay (ns):                  18.272
  Slack (ns):
  Arrival (ns):                18.272
  Required (ns):
  Setup (ns):                  0.534
  External Setup (ns):         12.922


Expanded Path 1
  From: SerialLoad
  To: firmware/parallelholdreg[2]:D
  data required time                             N/C
  data arrival time                          -   19.137
  slack                                          N/C
  ________________________________________________________
  Data arrival time calculation
  0.000                        SerialLoad (f)
               +     0.000          net: SerialLoad
  0.000                        SerialLoad_pad/U0/U0:PAD (f)
               +     1.075          cell: ADLIB:IOPAD_IN
  1.075                        SerialLoad_pad/U0/U0:Y (f)
               +     0.000          net: SerialLoad_pad/U0/NET1
  1.075                        SerialLoad_pad/U0/U1:YIN (f)
               +     0.184          cell: ADLIB:IOIN_IB
  1.259                        SerialLoad_pad/U0/U1:Y (f)
               +     2.787          net: SerialLoad_pad
  4.046                        SerialLoad_pad_RNIK82F:A (f)
               +     1.294          cell: ADLIB:CLKINT
  5.340                        SerialLoad_pad_RNIK82F:Y (f)
               +     0.705          net: SerialLoad_c
  6.045                        ioBank60reader/cellindex_1_sqmuxa_1_1:A (f)
               +     0.598          cell: ADLIB:NOR2
  6.643                        ioBank60reader/cellindex_1_sqmuxa_1_1:Y (r)
               +     6.344          net: ioBank60reader_cellindex_1_sqmuxa_1_1
  12.987                       firmware/un1_reset_0_o2_0:A (r)
               +     0.724          cell: ADLIB:OR2A
  13.711                       firmware/un1_reset_0_o2_0:Y (f)
               +     0.262          net: firmware/un1_reset_0_o2_0
  13.973                       firmware/un1_reset_0_o2_3:A (f)
               +     0.676          cell: ADLIB:OR3
  14.649                       firmware/un1_reset_0_o2_3:Y (f)
               +     0.360          net: firmware/un1_reset_0_o2_3
  15.009                       firmware/parallelholdreg_13_i_a2_i_o2[3]:B (f)
               +     0.843          cell: ADLIB:OR3A
  15.852                       firmware/parallelholdreg_13_i_a2_i_o2[3]:Y (f)
               +     1.410          net: firmware/N_44
  17.262                       firmware/parallelholdreg_RNO[2]:A (f)
               +     0.819          cell: ADLIB:OR2
  18.081                       firmware/parallelholdreg_RNO[2]:Y (f)
               +     1.056          net: firmware/parallelholdreg_13[2]
  19.137                       firmware/parallelholdreg[2]:D (f)
                                    
  19.137                       data arrival time
  ________________________________________________________
  Data required time calculation
  N/C                          clock_master/counter[0]:Q
               +     0.000          Clock source
  N/C                          clock_master/counter[0]:Q (r)
               +     2.715          Clock generation
  N/C
               +     1.218          net: clock_master/counter_i[0]
  N/C                          clock_master/counter_RNID9O8[0]:A (r)
               +     1.197          cell: ADLIB:CLKINT
  N/C                          clock_master/counter_RNID9O8[0]:Y (r)
               +     0.668          net: Clock01
  N/C                          firmware/parallelholdreg[2]:CLK (r)
               -     0.757          Library setup time: ADLIB:DFN1E1
  N/C                          firmware/parallelholdreg[2]:D


END SET External Setup

----------------------------------------------------

SET Clock to Output

Path 1
  From:                        bitcontrol01latch/output[7]:CLK
  To:                          EncLgtControl
  Delay (ns):                  10.371
  Slack (ns):
  Arrival (ns):                16.186
  Required (ns):
  Clock to Out (ns):           16.186

Path 2
  From:                        A2D00reader/dataout:CLK
  To:                          SerialOut
  Delay (ns):                  10.281
  Slack (ns):
  Arrival (ns):                16.137
  Required (ns):
  Clock to Out (ns):           16.137

Path 3
  From:                        ioBank69reader/dataout:CLK
  To:                          SerialOut
  Delay (ns):                  10.082
  Slack (ns):
  Arrival (ns):                15.966
  Required (ns):
  Clock to Out (ns):           15.966

Path 4
  From:                        pwmdisable01latch/output[7]:CLK
  To:                          EncLgtControl
  Delay (ns):                  10.065
  Slack (ns):
  Arrival (ns):                15.913
  Required (ns):
  Clock to Out (ns):           15.913

Path 5
  From:                        firmware/dataout:CLK
  To:                          SerialOut
  Delay (ns):                  10.057
  Slack (ns):
  Arrival (ns):                15.855
  Required (ns):
  Clock to Out (ns):           15.855


Expanded Path 1
  From: bitcontrol01latch/output[7]:CLK
  To: EncLgtControl
  data required time                             N/C
  data arrival time                          -   16.186
  slack                                          N/C
  ________________________________________________________
  Data arrival time calculation
  0.000                        clock_master/counter[0]:Q
               +     0.000          Clock source
  0.000                        clock_master/counter[0]:Q (r)
               +     2.715          Clock generation
  2.715
               +     1.218          net: clock_master/counter_i[0]
  3.933                        clock_master/counter_RNID9O8[0]:A (r)
               +     1.197          cell: ADLIB:CLKINT
  5.130                        clock_master/counter_RNID9O8[0]:Y (r)
               +     0.685          net: Clock01
  5.815                        bitcontrol01latch/output[7]:CLK (r)
               +     0.886          cell: ADLIB:DFN1
  6.701                        bitcontrol01latch/output[7]:Q (f)
               +     1.809          net: bitcontrol01[7]
  8.510                        pwmdisable01latch/output_RNID03R[7]:C (f)
               +     0.706          cell: ADLIB:OA1
  9.216                        pwmdisable01latch/output_RNID03R[7]:Y (f)
               +     2.567          net: EncLgtControl_c
  11.783                       EncLgtControl_pad/U0/U1:D (f)
               +     0.885          cell: ADLIB:IOTRI_OB_EB
  12.668                       EncLgtControl_pad/U0/U1:DOUT (f)
               +     0.000          net: EncLgtControl_pad/U0/NET1
  12.668                       EncLgtControl_pad/U0/U0:D (f)
               +     3.518          cell: ADLIB:IOPAD_TRI
  16.186                       EncLgtControl_pad/U0/U0:PAD (f)
               +     0.000          net: EncLgtControl
  16.186                       EncLgtControl (f)
                                    
  16.186                       data arrival time
  ________________________________________________________
  Data required time calculation
  N/C                          clock_master/counter[0]:Q
               +     0.000          Clock source
  N/C                          clock_master/counter[0]:Q (r)
               +     2.715          Clock generation
  N/C
                                    
  N/C                          EncLgtControl (f)


END SET Clock to Output

----------------------------------------------------

SET Register to Asynchronous

No Path

END SET Register to Asynchronous

----------------------------------------------------

SET External Recovery

No Path

END SET External Recovery

----------------------------------------------------

SET Asynchronous to Register

No Path

END SET Asynchronous to Register

----------------------------------------------------

Clock Domain clock_master/counter[1]:Q

SET Register to Register

Path 1
  From:                        Watch_Dog_Reset/timercount[3]:CLK
  To:                          Watch_Dog_Reset/timerexpired:D
  Delay (ns):                  9.437
  Slack (ns):                  9.346
  Arrival (ns):                16.348
  Required (ns):               25.694
  Setup (ns):                  0.784
  Minimum Period (ns):         10.654

Path 2
  From:                        Watch_Dog_Reset/timercount[5]:CLK
  To:                          Watch_Dog_Reset/timerexpired:D
  Delay (ns):                  9.119
  Slack (ns):                  9.635
  Arrival (ns):                16.059
  Required (ns):               25.694
  Setup (ns):                  0.784
  Minimum Period (ns):         10.365

Path 3
  From:                        Watch_Dog_Reset/timercount[4]:CLK
  To:                          Watch_Dog_Reset/timerexpired:D
  Delay (ns):                  8.673
  Slack (ns):                  9.904
  Arrival (ns):                15.790
  Required (ns):               25.694
  Setup (ns):                  0.784
  Minimum Period (ns):         10.096

Path 4
  From:                        Watch_Dog_Reset/timercount[3]:CLK
  To:                          Watch_Dog_Reset/timercount[2]:E
  Delay (ns):                  8.853
  Slack (ns):                  10.021
  Arrival (ns):                15.764
  Required (ns):               25.785
  Setup (ns):                  0.649
  Minimum Period (ns):         9.979

Path 5
  From:                        Watch_Dog_Reset/timercount[3]:CLK
  To:                          Watch_Dog_Reset/timercount[0]:E
  Delay (ns):                  9.544
  Slack (ns):                  10.023
  Arrival (ns):                16.455
  Required (ns):               26.478
  Setup (ns):                  0.649
  Minimum Period (ns):         9.977


Expanded Path 1
  From: Watch_Dog_Reset/timercount[3]:CLK
  To: Watch_Dog_Reset/timerexpired:D
  data required time                             25.694
  data arrival time                          -   16.348
  slack                                          9.346
  ________________________________________________________
  Data arrival time calculation
  0.000                        clock_master/counter[1]:Q
               +     0.000          Clock source
  0.000                        clock_master/counter[1]:Q (r)
               +     2.862          Clock generation
  2.862
               +     4.049          net: counter[1]
  6.911                        Watch_Dog_Reset/timercount[3]:CLK (r)
               +     0.797          cell: ADLIB:DFN1E0
  7.708                        Watch_Dog_Reset/timercount[3]:Q (f)
               +     1.025          net: Watch_Dog_Reset/timercount[3]
  8.733                        Watch_Dog_Reset/timercount_RNICL2S[3]:B (f)
               +     1.069          cell: ADLIB:NOR2
  9.802                        Watch_Dog_Reset/timercount_RNICL2S[3]:Y (r)
               +     0.283          net: Watch_Dog_Reset/m40_e_3
  10.085                       Watch_Dog_Reset/timercount_RNITF5O1[6]:A (r)
               +     0.949          cell: ADLIB:NOR3A
  11.034                       Watch_Dog_Reset/timercount_RNITF5O1[6]:Y (r)
               +     0.285          net: Watch_Dog_Reset/m40_e_6
  11.319                       Watch_Dog_Reset/timercount_RNIIOJD4[1]:C (r)
               +     0.951          cell: ADLIB:NOR3C
  12.270                       Watch_Dog_Reset/timercount_RNIIOJD4[1]:Y (r)
               +     0.271          net: Watch_Dog_Reset/N_63
  12.541                       Watch_Dog_Reset/timercount_RNI7ESA5[10]:S (r)
               +     0.504          cell: ADLIB:MX2C
  13.045                       Watch_Dog_Reset/timercount_RNI7ESA5[10]:Y (f)
               +     0.268          net: Watch_Dog_Reset/N_51_mux
  13.313                       Watch_Dog_Reset/timercount_RNIL7AM5[10]:A (f)
               +     0.705          cell: ADLIB:NOR2
  14.018                       Watch_Dog_Reset/timercount_RNIL7AM5[10]:Y (r)
               +     2.330          net: Watch_Dog_Reset/timercount_0_sqmuxa
  16.348                       Watch_Dog_Reset/timerexpired:D (r)
                                    
  16.348                       data arrival time
  ________________________________________________________
  Data required time calculation
  20.000                       clock_master/counter[1]:Q
               +     0.000          Clock source
  20.000                       clock_master/counter[1]:Q (r)
               +     2.862          Clock generation
  22.862
               +     3.616          net: counter[1]
  26.478                       Watch_Dog_Reset/timerexpired:CLK (r)
               -     0.784          Library setup time: ADLIB:DFN1
  25.694                       Watch_Dog_Reset/timerexpired:D
                                    
  25.694                       data required time


END SET Register to Register

----------------------------------------------------

SET External Setup

Path 1
  From:                        ResetIn
  To:                          Watch_Dog_Reset/timercount[10]:D
  Delay (ns):                  7.883
  Slack (ns):
  Arrival (ns):                7.883
  Required (ns):
  Setup (ns):                  0.784
  External Setup (ns):         2.232

Path 2
  From:                        ResetIn
  To:                          Watch_Dog_Reset/timercount[4]:D
  Delay (ns):                  8.263
  Slack (ns):
  Arrival (ns):                8.263
  Required (ns):
  Setup (ns):                  0.784
  External Setup (ns):         1.930

Path 3
  From:                        ResetIn
  To:                          Watch_Dog_Reset/timerexpired:D
  Delay (ns):                  7.474
  Slack (ns):
  Arrival (ns):                7.474
  Required (ns):
  Setup (ns):                  0.784
  External Setup (ns):         1.780

Path 4
  From:                        ResetIn
  To:                          Watch_Dog_Reset/timercount[5]:D
  Delay (ns):                  7.857
  Slack (ns):
  Arrival (ns):                7.857
  Required (ns):
  Setup (ns):                  0.784
  External Setup (ns):         1.701

Path 5
  From:                        ResetIn
  To:                          Watch_Dog_Reset/timercount[2]:E
  Delay (ns):                  6.890
  Slack (ns):
  Arrival (ns):                6.890
  Required (ns):
  Setup (ns):                  0.649
  External Setup (ns):         1.105


Expanded Path 1
  From: ResetIn
  To: Watch_Dog_Reset/timercount[10]:D
  data required time                             N/C
  data arrival time                          -   7.883
  slack                                          N/C
  ________________________________________________________
  Data arrival time calculation
  0.000                        ResetIn (f)
               +     0.000          net: ResetIn
  0.000                        ResetIn_pad/U0/U0:PAD (f)
               +     0.578          cell: ADLIB:IOPAD_IN
  0.578                        ResetIn_pad/U0/U0:Y (f)
               +     0.000          net: ResetIn_pad/U0/NET1
  0.578                        ResetIn_pad/U0/U1:YIN (f)
               +     0.184          cell: ADLIB:IOIN_IB
  0.762                        ResetIn_pad/U0/U1:Y (f)
               +     5.798          net: ResetIn_c
  6.560                        Watch_Dog_Reset/timercount_RNO[10]:C (f)
               +     1.040          cell: ADLIB:XA1B
  7.600                        Watch_Dog_Reset/timercount_RNO[10]:Y (r)
               +     0.283          net: Watch_Dog_Reset/timercount_n10
  7.883                        Watch_Dog_Reset/timercount[10]:D (r)
                                    
  7.883                        data arrival time
  ________________________________________________________
  Data required time calculation
  N/C                          clock_master/counter[1]:Q
               +     0.000          Clock source
  N/C                          clock_master/counter[1]:Q (r)
               +     2.862          Clock generation
  N/C
               +     3.573          net: counter[1]
  N/C                          Watch_Dog_Reset/timercount[10]:CLK (r)
               -     0.784          Library setup time: ADLIB:DFN1E0
  N/C                          Watch_Dog_Reset/timercount[10]:D


END SET External Setup

----------------------------------------------------

SET Clock to Output

Path 1
  From:                        Watch_Dog_Reset/timerexpired:CLK
  To:                          uCReset
  Delay (ns):                  8.979
  Slack (ns):
  Arrival (ns):                15.457
  Required (ns):
  Clock to Out (ns):           15.457


Expanded Path 1
  From: Watch_Dog_Reset/timerexpired:CLK
  To: uCReset
  data required time                             N/C
  data arrival time                          -   15.457
  slack                                          N/C
  ________________________________________________________
  Data arrival time calculation
  0.000                        clock_master/counter[1]:Q
               +     0.000          Clock source
  0.000                        clock_master/counter[1]:Q (r)
               +     2.862          Clock generation
  2.862
               +     3.616          net: counter[1]
  6.478                        Watch_Dog_Reset/timerexpired:CLK (r)
               +     0.797          cell: ADLIB:DFN1
  7.275                        Watch_Dog_Reset/timerexpired:Q (f)
               +     3.748          net: uCReset_c
  11.023                       uCReset_pad/U0/U1:D (f)
               +     0.916          cell: ADLIB:IOTRI_OB_EB
  11.939                       uCReset_pad/U0/U1:DOUT (f)
               +     0.000          net: uCReset_pad/U0/NET1
  11.939                       uCReset_pad/U0/U0:D (f)
               +     3.518          cell: ADLIB:IOPAD_TRI
  15.457                       uCReset_pad/U0/U0:PAD (f)
               +     0.000          net: uCReset
  15.457                       uCReset (f)
                                    
  15.457                       data arrival time
  ________________________________________________________
  Data required time calculation
  N/C                          clock_master/counter[1]:Q
               +     0.000          Clock source
  N/C                          clock_master/counter[1]:Q (r)
               +     2.862          Clock generation
  N/C
                                    
  N/C                          uCReset (f)


END SET Clock to Output

----------------------------------------------------

SET Register to Asynchronous

No Path

END SET Register to Asynchronous

----------------------------------------------------

SET External Recovery

No Path

END SET External Recovery

----------------------------------------------------

SET Asynchronous to Register

No Path

END SET Asynchronous to Register

----------------------------------------------------

Clock Domain clock_master/counter[2]:Q

SET Register to Register

Path 1
  From:                        matrix_read04/stage[0]:CLK
  To:                          matrix_read04/stage[4]:D
  Delay (ns):                  10.245
  Slack (ns):                  28.920
  Arrival (ns):                15.745
  Required (ns):               44.665
  Setup (ns):                  0.808
  Minimum Period (ns):         11.080

Path 2
  From:                        iobank62debounce/DebounceTimer[1]:CLK
  To:                          iobank62debounce/DebounceTimer[8]:D
  Delay (ns):                  9.496
  Slack (ns):                  29.736
  Arrival (ns):                15.033
  Required (ns):               44.769
  Setup (ns):                  0.808
  Minimum Period (ns):         10.264

Path 3
  From:                        matrix_read04/stage[0]:CLK
  To:                          matrix_read04/data01[2]:E
  Delay (ns):                  9.614
  Slack (ns):                  29.782
  Arrival (ns):                15.114
  Required (ns):               44.896
  Setup (ns):                  0.725
  Minimum Period (ns):         10.218

Path 4
  From:                        iobank62debounce/DebounceTimer[0]:CLK
  To:                          iobank62debounce/DebounceTimer[8]:D
  Delay (ns):                  9.326
  Slack (ns):                  29.895
  Arrival (ns):                14.874
  Required (ns):               44.769
  Setup (ns):                  0.808
  Minimum Period (ns):         10.105

Path 5
  From:                        matrix_read04/stage[0]:CLK
  To:                          matrix_read04/data00[1]:E
  Delay (ns):                  9.378
  Slack (ns):                  29.898
  Arrival (ns):                14.878
  Required (ns):               44.776
  Setup (ns):                  0.725
  Minimum Period (ns):         10.102


Expanded Path 1
  From: matrix_read04/stage[0]:CLK
  To: matrix_read04/stage[4]:D
  data required time                             44.665
  data arrival time                          -   15.745
  slack                                          28.920
  ________________________________________________________
  Data arrival time calculation
  0.000                        clock_master/counter[2]:Q
               +     0.000          Clock source
  0.000                        clock_master/counter[2]:Q (r)
               +     2.473          Clock generation
  2.473
               +     1.154          net: clock_master/counter_i[2]
  3.627                        clock_master/counter_RNIFBO8[2]:A (r)
               +     1.197          cell: ADLIB:CLKINT
  4.824                        clock_master/counter_RNIFBO8[2]:Y (r)
               +     0.676          net: Clock03
  5.500                        matrix_read04/stage[0]:CLK (r)
               +     0.886          cell: ADLIB:DFN1
  6.386                        matrix_read04/stage[0]:Q (f)
               +     3.101          net: matrix_read04/stage[0]
  9.487                        matrix_read04/stage_RNITO3[0]:A (f)
               +     0.711          cell: ADLIB:OR2B
  10.198                       matrix_read04/stage_RNITO3[0]:Y (r)
               +     1.228          net: matrix_read04/N_26
  11.426                       matrix_read04/stage_RNITM5[2]:B (r)
               +     0.668          cell: ADLIB:OR2A
  12.094                       matrix_read04/stage_RNITM5[2]:Y (r)
               +     0.297          net: matrix_read04/N_36
  12.391                       matrix_read04/stage_RNO_0[4]:B (r)
               +     1.288          cell: ADLIB:OA1C
  13.679                       matrix_read04/stage_RNO_0[4]:Y (r)
               +     0.257          net: matrix_read04/N_55
  13.936                       matrix_read04/stage_RNO[4]:C (r)
               +     0.776          cell: ADLIB:NOR3
  14.712                       matrix_read04/stage_RNO[4]:Y (f)
               +     1.033          net: matrix_read04/N_15
  15.745                       matrix_read04/stage[4]:D (f)
                                    
  15.745                       data arrival time
  ________________________________________________________
  Data required time calculation
  40.000                       clock_master/counter[2]:Q
               +     0.000          Clock source
  40.000                       clock_master/counter[2]:Q (r)
               +     2.473          Clock generation
  42.473
               +     1.154          net: clock_master/counter_i[2]
  43.627                       clock_master/counter_RNIFBO8[2]:A (r)
               +     1.197          cell: ADLIB:CLKINT
  44.824                       clock_master/counter_RNIFBO8[2]:Y (r)
               +     0.649          net: Clock03
  45.473                       matrix_read04/stage[4]:CLK (r)
               -     0.808          Library setup time: ADLIB:DFN1
  44.665                       matrix_read04/stage[4]:D
                                    
  44.665                       data required time


END SET Register to Register

----------------------------------------------------

SET External Setup

Path 1
  From:                        LogicReset
  To:                          iobank69debounce/DebounceTimer[3]:E
  Delay (ns):                  10.906
  Slack (ns):
  Arrival (ns):                10.906
  Required (ns):
  Setup (ns):                  0.534
  External Setup (ns):         5.939

Path 2
  From:                        LogicReset
  To:                          iobank69debounce/DebounceTimer[7]:E
  Delay (ns):                  10.667
  Slack (ns):
  Arrival (ns):                10.667
  Required (ns):
  Setup (ns):                  0.534
  External Setup (ns):         5.700

Path 3
  From:                        LogicReset
  To:                          iobank6Adebounce/DebounceTimer[8]:D
  Delay (ns):                  10.350
  Slack (ns):
  Arrival (ns):                10.350
  Required (ns):
  Setup (ns):                  0.808
  External Setup (ns):         5.601

Path 4
  From:                        LogicReset
  To:                          iobank69debounce/DebounceTimer[6]:E
  Delay (ns):                  10.531
  Slack (ns):
  Arrival (ns):                10.531
  Required (ns):
  Setup (ns):                  0.534
  External Setup (ns):         5.564

Path 5
  From:                        LogicReset
  To:                          iobank6Adebounce/DebounceTimer[6]:E
  Delay (ns):                  10.440
  Slack (ns):
  Arrival (ns):                10.440
  Required (ns):
  Setup (ns):                  0.534
  External Setup (ns):         5.473


Expanded Path 1
  From: LogicReset
  To: iobank69debounce/DebounceTimer[3]:E
  data required time                             N/C
  data arrival time                          -   10.906
  slack                                          N/C
  ________________________________________________________
  Data arrival time calculation
  0.000                        LogicReset (r)
               +     0.000          net: LogicReset
  0.000                        LogicReset_pad/U0/U0:PAD (r)
               +     0.862          cell: ADLIB:IOPAD_IN
  0.862                        LogicReset_pad/U0/U0:Y (r)
               +     0.000          net: LogicReset_pad/U0/NET1
  0.862                        LogicReset_pad/U0/U1:YIN (r)
               +     0.188          cell: ADLIB:IOIN_IB
  1.050                        LogicReset_pad/U0/U1:Y (r)
               +     2.525          net: LogicReset_pad
  3.575                        LogicReset_pad_RNI5AOB:A (r)
               +     1.197          cell: ADLIB:CLKINT
  4.772                        LogicReset_pad_RNI5AOB:Y (r)
               +     0.772          net: LogicReset_c
  5.544                        iobank69debounce/Changing_RNIQNAR:B (r)
               +     0.571          cell: ADLIB:NOR2
  6.115                        iobank69debounce/Changing_RNIQNAR:Y (f)
               +     0.505          net: iobank69debounce/un1_previousposition7
  6.620                        iobank69debounce/DebounceTimer_RNI6NI91_0[8]:B (f)
               +     0.917          cell: ADLIB:OR2B
  7.537                        iobank69debounce/DebounceTimer_RNI6NI91_0[8]:Y (r)
               +     3.369          net: iobank69debounce/DebounceTimere
  10.906                       iobank69debounce/DebounceTimer[3]:E (r)
                                    
  10.906                       data arrival time
  ________________________________________________________
  Data required time calculation
  N/C                          clock_master/counter[2]:Q
               +     0.000          Clock source
  N/C                          clock_master/counter[2]:Q (r)
               +     2.473          Clock generation
  N/C
               +     1.154          net: clock_master/counter_i[2]
  N/C                          clock_master/counter_RNIFBO8[2]:A (r)
               +     1.197          cell: ADLIB:CLKINT
  N/C                          clock_master/counter_RNIFBO8[2]:Y (r)
               +     0.677          net: Clock03
  N/C                          iobank69debounce/DebounceTimer[3]:CLK (r)
               -     0.534          Library setup time: ADLIB:DFN1E1
  N/C                          iobank69debounce/DebounceTimer[3]:E


END SET External Setup

----------------------------------------------------

SET Clock to Output

Path 1
  From:                        matrix_read04/ctrl[1]:CLK
  To:                          inputs67_ctrl[1]
  Delay (ns):                  6.757
  Slack (ns):
  Arrival (ns):                12.257
  Required (ns):
  Clock to Out (ns):           12.257

Path 2
  From:                        matrix_read04/ctrl[4]:CLK
  To:                          inputs67_ctrl[4]
  Delay (ns):                  6.673
  Slack (ns):
  Arrival (ns):                12.146
  Required (ns):
  Clock to Out (ns):           12.146

Path 3
  From:                        matrix_read04/ctrl[2]:CLK
  To:                          inputs67_ctrl[2]
  Delay (ns):                  6.646
  Slack (ns):
  Arrival (ns):                12.119
  Required (ns):
  Clock to Out (ns):           12.119

Path 4
  From:                        matrix_read04/ctrl[0]:CLK
  To:                          inputs67_ctrl[0]
  Delay (ns):                  6.339
  Slack (ns):
  Arrival (ns):                11.812
  Required (ns):
  Clock to Out (ns):           11.812

Path 5
  From:                        matrix_read04/ctrl[3]:CLK
  To:                          inputs67_ctrl[3]
  Delay (ns):                  6.336
  Slack (ns):
  Arrival (ns):                11.809
  Required (ns):
  Clock to Out (ns):           11.809


Expanded Path 1
  From: matrix_read04/ctrl[1]:CLK
  To: inputs67_ctrl[1]
  data required time                             N/C
  data arrival time                          -   12.257
  slack                                          N/C
  ________________________________________________________
  Data arrival time calculation
  0.000                        clock_master/counter[2]:Q
               +     0.000          Clock source
  0.000                        clock_master/counter[2]:Q (r)
               +     2.473          Clock generation
  2.473
               +     1.154          net: clock_master/counter_i[2]
  3.627                        clock_master/counter_RNIFBO8[2]:A (r)
               +     1.197          cell: ADLIB:CLKINT
  4.824                        clock_master/counter_RNIFBO8[2]:Y (r)
               +     0.676          net: Clock03
  5.500                        matrix_read04/ctrl[1]:CLK (r)
               +     0.886          cell: ADLIB:DFN1
  6.386                        matrix_read04/ctrl[1]:Q (f)
               +     2.800          net: inputs67_ctrl_c[1]
  9.186                        inputs67_ctrl_pad[1]/U0/U1:D (f)
               +     0.916          cell: ADLIB:IOTRI_OB_EB
  10.102                       inputs67_ctrl_pad[1]/U0/U1:DOUT (f)
               +     0.000          net: inputs67_ctrl_pad[1]/U0/NET1
  10.102                       inputs67_ctrl_pad[1]/U0/U0:D (f)
               +     2.155          cell: ADLIB:IOPAD_TRI
  12.257                       inputs67_ctrl_pad[1]/U0/U0:PAD (f)
               +     0.000          net: inputs67_ctrl[1]
  12.257                       inputs67_ctrl[1] (f)
                                    
  12.257                       data arrival time
  ________________________________________________________
  Data required time calculation
  N/C                          clock_master/counter[2]:Q
               +     0.000          Clock source
  N/C                          clock_master/counter[2]:Q (r)
               +     2.473          Clock generation
  N/C
                                    
  N/C                          inputs67_ctrl[1] (f)


END SET Clock to Output

----------------------------------------------------

SET Register to Asynchronous

No Path

END SET Register to Asynchronous

----------------------------------------------------

SET External Recovery

No Path

END SET External Recovery

----------------------------------------------------

SET Asynchronous to Register

No Path

END SET Asynchronous to Register

----------------------------------------------------

Clock Domain clock_master/counter[7]:Q

SET Register to Register

Path 1
  From:                        A2DRead/DataRegU1Ch1a[5]:CLK
  To:                          A2DRead/DataRegU1Ch1[15]:D
  Delay (ns):                  30.051
  Slack (ns):                  288.910
  Arrival (ns):                36.478
  Required (ns):               325.388
  Setup (ns):                  0.808
  Minimum Period (ns):         31.090

Path 2
  From:                        A2DRead/DataRegU1Ch1d[5]:CLK
  To:                          A2DRead/DataRegU1Ch1[15]:D
  Delay (ns):                  29.293
  Slack (ns):                  289.668
  Arrival (ns):                35.720
  Required (ns):               325.388
  Setup (ns):                  0.808
  Minimum Period (ns):         30.332

Path 3
  From:                        A2DRead/DataRegU1Ch1p[5]:CLK
  To:                          A2DRead/DataRegU1Ch1[15]:D
  Delay (ns):                  29.286
  Slack (ns):                  289.693
  Arrival (ns):                35.695
  Required (ns):               325.388
  Setup (ns):                  0.808
  Minimum Period (ns):         30.307

Path 4
  From:                        A2DRead/DataRegU1Ch1a[5]:CLK
  To:                          A2DRead/DataRegU1Ch1[14]:D
  Delay (ns):                  28.998
  Slack (ns):                  290.099
  Arrival (ns):                35.425
  Required (ns):               325.524
  Setup (ns):                  0.757
  Minimum Period (ns):         29.901

Path 5
  From:                        A2DRead/DataRegU1Ch0a[3]:CLK
  To:                          A2DRead/DataRegU1Ch0[14]:D
  Delay (ns):                  29.008
  Slack (ns):                  290.107
  Arrival (ns):                35.443
  Required (ns):               325.550
  Setup (ns):                  0.757
  Minimum Period (ns):         29.893


Expanded Path 1
  From: A2DRead/DataRegU1Ch1a[5]:CLK
  To: A2DRead/DataRegU1Ch1[15]:D
  data required time                             325.388
  data arrival time                          -   36.478
  slack                                          288.910
  ________________________________________________________
  Data arrival time calculation
  0.000                        clock_master/counter[7]:Q
               +     0.000          Clock source
  0.000                        clock_master/counter[7]:Q (r)
               +     3.131          Clock generation
  3.131
               +     1.122          net: clock_master/counter_i[7]
  4.253                        clock_master/counter_RNIKGO8[7]:A (r)
               +     1.197          cell: ADLIB:CLKINT
  5.450                        clock_master/counter_RNIKGO8[7]:Y (r)
               +     0.977          net: Clock04
  6.427                        A2DRead/DataRegU1Ch1a[5]:CLK (r)
               +     0.663          cell: ADLIB:DFN1E1
  7.090                        A2DRead/DataRegU1Ch1a[5]:Q (r)
               +     1.435          net: A2DRead/DataRegU1Ch1a[5]
  8.525                        A2DRead/DataRegU1Ch1p_RNIBOI4_0[5]:B (r)
               +     1.459          cell: ADLIB:MAJ3
  9.984                        A2DRead/DataRegU1Ch1p_RNIBOI4_0[5]:Y (r)
               +     0.340          net: A2DRead/N_1450
  10.324                       A2DRead/DataRegU1Ch1f_RNIUOVN_0[6]:B (r)
               +     1.355          cell: ADLIB:MAJ3
  11.679                       A2DRead/DataRegU1Ch1f_RNIUOVN_0[6]:Y (r)
               +     1.696          net: A2DRead/N_1486
  13.375                       A2DRead/DataRegU1Ch1j_RNIJF0M2_0[7]:A (r)
               +     1.442          cell: ADLIB:OA1
  14.817                       A2DRead/DataRegU1Ch1j_RNIJF0M2_0[7]:Y (r)
               +     0.328          net: A2DRead/un60_dataregu1ch1_408_0
  15.145                       A2DRead/DataRegU1Ch1f_RNI7M284[6]:A (r)
               +     0.467          cell: ADLIB:OR2
  15.612                       A2DRead/DataRegU1Ch1f_RNI7M284[6]:Y (r)
               +     0.297          net: A2DRead/N_1520
  15.909                       A2DRead/DataRegU1Ch1o_RNIG68J8[7]:C (r)
               +     1.617          cell: ADLIB:XOR3
  17.526                       A2DRead/DataRegU1Ch1o_RNIG68J8[7]:Y (r)
               +     1.158          net: A2DRead/N_1551
  18.684                       A2DRead/DataRegU1Ch1f_RNIK7CCG[6]:C (r)
               +     1.076          cell: ADLIB:AO1
  19.760                       A2DRead/DataRegU1Ch1f_RNIK7CCG[6]:Y (r)
               +     0.257          net: A2DRead/un60_dataregu1ch1_498_0_tz_out
  20.017                       A2DRead/DataRegU1Ch1f_RNIVJP941[6]:B (r)
               +     1.220          cell: ADLIB:OA1
  21.237                       A2DRead/DataRegU1Ch1f_RNIVJP941[6]:Y (r)
               +     0.257          net: A2DRead/un60_dataregu1ch1_498_0
  21.494                       A2DRead/DataRegU1Ch1f_RNIT6APP1[6]:C (r)
               +     0.924          cell: ADLIB:AO1
  22.418                       A2DRead/DataRegU1Ch1f_RNIT6APP1[6]:Y (r)
               +     0.342          net: A2DRead/N_1556
  22.760                       A2DRead/DataRegU1Ch1f_RNIKKTT83_0[8]:C (r)
               +     0.818          cell: ADLIB:XOR3
  23.578                       A2DRead/DataRegU1Ch1f_RNIKKTT83_0[8]:Y (r)
               +     1.090          net: A2DRead/N_1585
  24.668                       A2DRead/un60_dataregu1ch1_824_ADD_11x11_fast_I4_P0N_s:C (r)
               +     0.970          cell: ADLIB:AO1
  25.638                       A2DRead/un60_dataregu1ch1_824_ADD_11x11_fast_I4_P0N_s:Y (r)
               +     0.257          net: A2DRead/ADD_11x11_fast_I4_P0N_out
  25.895                       A2DRead/un60_dataregu1ch1_824_ADD_11x11_fast_I4_P0N:C (r)
               +     0.924          cell: ADLIB:AO1
  26.819                       A2DRead/un60_dataregu1ch1_824_ADD_11x11_fast_I4_P0N:Y (r)
               +     1.249          net: A2DRead/N166_0
  28.068                       A2DRead/un60_dataregu1ch1_824_ADD_11x11_fast_I22_Y:A (r)
               +     0.823          cell: ADLIB:NOR2B
  28.891                       A2DRead/un60_dataregu1ch1_824_ADD_11x11_fast_I22_Y:Y (r)
               +     0.300          net: A2DRead/N199
  29.191                       A2DRead/un60_dataregu1ch1_824_ADD_11x11_fast_I43_Y:B (r)
               +     0.900          cell: ADLIB:AO1
  30.091                       A2DRead/un60_dataregu1ch1_824_ADD_11x11_fast_I43_Y:Y (r)
               +     0.343          net: A2DRead/N223_0
  30.434                       A2DRead/un60_dataregu1ch1_824_ADD_11x11_fast_I55_un1_Y:B (r)
               +     0.617          cell: ADLIB:NOR2B
  31.051                       A2DRead/un60_dataregu1ch1_824_ADD_11x11_fast_I55_un1_Y:Y (r)
               +     0.225          net: A2DRead/I55_un1_Y
  31.276                       A2DRead/un60_dataregu1ch1_824_ADD_11x11_fast_I70_Y_2:C (r)
               +     0.801          cell: ADLIB:OR3
  32.077                       A2DRead/un60_dataregu1ch1_824_ADD_11x11_fast_I70_Y_2:Y (r)
               +     0.225          net: A2DRead/ADD_11x11_fast_I70_Y_2_0
  32.302                       A2DRead/un60_dataregu1ch1_824_ADD_11x11_fast_I70_Y:C (r)
               +     0.990          cell: ADLIB:AO1
  33.292                       A2DRead/un60_dataregu1ch1_824_ADD_11x11_fast_I70_Y:Y (r)
               +     0.257          net: A2DRead/N269
  33.549                       A2DRead/un60_dataregu1ch1_824_ADD_11x11_fast_I91_Y:C (r)
               +     1.311          cell: ADLIB:XOR3
  34.860                       A2DRead/un60_dataregu1ch1_824_ADD_11x11_fast_I91_Y:Y (f)
               +     1.618          net: A2DRead/un60_dataregu1ch1[14]
  36.478                       A2DRead/DataRegU1Ch1[15]:D (f)
                                    
  36.478                       data arrival time
  ________________________________________________________
  Data required time calculation
  320.000                      clock_master/counter[7]:Q
               +     0.000          Clock source
  320.000                      clock_master/counter[7]:Q (r)
               +     3.131          Clock generation
  323.131
               +     1.122          net: clock_master/counter_i[7]
  324.253                      clock_master/counter_RNIKGO8[7]:A (r)
               +     1.197          cell: ADLIB:CLKINT
  325.450                      clock_master/counter_RNIKGO8[7]:Y (r)
               +     0.746          net: Clock04
  326.196                      A2DRead/DataRegU1Ch1[15]:CLK (r)
               -     0.808          Library setup time: ADLIB:DFN1E1
  325.388                      A2DRead/DataRegU1Ch1[15]:D
                                    
  325.388                      data required time


END SET Register to Register

----------------------------------------------------

SET External Setup

Path 1
  From:                        LogicReset
  To:                          heart_beat/counter[18]:D
  Delay (ns):                  25.434
  Slack (ns):
  Arrival (ns):                25.434
  Required (ns):
  Setup (ns):                  0.757
  External Setup (ns):         20.072

Path 2
  From:                        LogicReset
  To:                          heart_beat/counter[17]:D
  Delay (ns):                  25.218
  Slack (ns):
  Arrival (ns):                25.218
  Required (ns):
  Setup (ns):                  0.757
  External Setup (ns):         19.856

Path 3
  From:                        LogicReset
  To:                          heart_beat/counter[16]:D
  Delay (ns):                  24.340
  Slack (ns):
  Arrival (ns):                24.340
  Required (ns):
  Setup (ns):                  0.757
  External Setup (ns):         18.978

Path 4
  From:                        LogicReset
  To:                          heart_beat/counter[15]:D
  Delay (ns):                  22.430
  Slack (ns):
  Arrival (ns):                22.430
  Required (ns):
  Setup (ns):                  0.808
  External Setup (ns):         17.119

Path 5
  From:                        LogicReset
  To:                          heart_beat/counter[13]:D
  Delay (ns):                  22.014
  Slack (ns):
  Arrival (ns):                22.014
  Required (ns):
  Setup (ns):                  0.808
  External Setup (ns):         16.703


Expanded Path 1
  From: LogicReset
  To: heart_beat/counter[18]:D
  data required time                             N/C
  data arrival time                          -   25.434
  slack                                          N/C
  ________________________________________________________
  Data arrival time calculation
  0.000                        LogicReset (f)
               +     0.000          net: LogicReset
  0.000                        LogicReset_pad/U0/U0:PAD (f)
               +     0.578          cell: ADLIB:IOPAD_IN
  0.578                        LogicReset_pad/U0/U0:Y (f)
               +     0.000          net: LogicReset_pad/U0/NET1
  0.578                        LogicReset_pad/U0/U1:YIN (f)
               +     0.184          cell: ADLIB:IOIN_IB
  0.762                        LogicReset_pad/U0/U1:Y (f)
               +     2.677          net: LogicReset_pad
  3.439                        LogicReset_pad_RNI5AOB:A (f)
               +     1.294          cell: ADLIB:CLKINT
  4.733                        LogicReset_pad_RNI5AOB:Y (f)
               +     0.725          net: LogicReset_c
  5.458                        A2DRead/m16:B (f)
               +     0.468          cell: ADLIB:NOR2A
  5.926                        A2DRead/m16:Y (r)
               +     1.725          net: A2DRead_AdClock_0_sqmuxa
  7.651                        heart_beat/un1_counter_1_m1:B (r)
               +     0.918          cell: ADLIB:NOR2B
  8.569                        heart_beat/un1_counter_1_m1:Y (r)
               +     1.667          net: heart_beat/N_2_i
  10.236                       heart_beat/un1_counter_1_m2:B (r)
               +     0.958          cell: ADLIB:NOR2B
  11.194                       heart_beat/un1_counter_1_m2:Y (r)
               +     0.300          net: heart_beat/N_3_i
  11.494                       heart_beat/un1_counter_1_m5:B (r)
               +     0.887          cell: ADLIB:MX2C
  12.381                       heart_beat/un1_counter_1_m5:Y (f)
               +     0.343          net: heart_beat/i3_mux
  12.724                       heart_beat/un1_counter_1_m8:B (f)
               +     1.343          cell: ADLIB:AO13
  14.067                       heart_beat/un1_counter_1_m8:Y (f)
               +     0.412          net: heart_beat/i5_mux
  14.479                       heart_beat/un1_counter_1_m10:C (f)
               +     0.722          cell: ADLIB:NOR3B
  15.201                       heart_beat/un1_counter_1_m10:Y (r)
               +     1.124          net: heart_beat/N_11_i
  16.325                       heart_beat/un1_counter_1_m12:B (r)
               +     0.941          cell: ADLIB:NOR3C
  17.266                       heart_beat/un1_counter_1_m12:Y (r)
               +     0.301          net: heart_beat/N_13_i
  17.567                       heart_beat/un1_counter_1_m14:B (r)
               +     0.841          cell: ADLIB:NOR3C
  18.408                       heart_beat/un1_counter_1_m14:Y (r)
               +     0.437          net: heart_beat/N_15_i
  18.845                       heart_beat/un1_counter_1_m16:B (r)
               +     0.874          cell: ADLIB:NOR3C
  19.719                       heart_beat/un1_counter_1_m16:Y (r)
               +     0.260          net: heart_beat/N_17_i
  19.979                       heart_beat/un1_counter_1_m18:B (r)
               +     0.831          cell: ADLIB:NOR3C
  20.810                       heart_beat/un1_counter_1_m18:Y (r)
               +     0.428          net: heart_beat/N_19_i
  21.238                       heart_beat/un1_counter_1_m20:B (r)
               +     0.872          cell: ADLIB:NOR3C
  22.110                       heart_beat/un1_counter_1_m20:Y (r)
               +     0.321          net: heart_beat/N_21_i
  22.431                       heart_beat/un1_counter_1_m21:A (r)
               +     0.613          cell: ADLIB:NOR2B
  23.044                       heart_beat/un1_counter_1_m21:Y (r)
               +     1.000          net: heart_beat/N_22_i
  24.044                       heart_beat/un1_counter_1_ADD_19x19_fast_I121_Y:B (r)
               +     1.133          cell: ADLIB:AX1C
  25.177                       heart_beat/un1_counter_1_ADD_19x19_fast_I121_Y:Y (r)
               +     0.257          net: heart_beat/ADD_19x19_fast_I121_Y
  25.434                       heart_beat/counter[18]:D (r)
                                    
  25.434                       data arrival time
  ________________________________________________________
  Data required time calculation
  N/C                          clock_master/counter[7]:Q
               +     0.000          Clock source
  N/C                          clock_master/counter[7]:Q (r)
               +     3.131          Clock generation
  N/C
               +     1.122          net: clock_master/counter_i[7]
  N/C                          clock_master/counter_RNIKGO8[7]:A (r)
               +     1.197          cell: ADLIB:CLKINT
  N/C                          clock_master/counter_RNIKGO8[7]:Y (r)
               +     0.669          net: Clock04
  N/C                          heart_beat/counter[18]:CLK (r)
               -     0.757          Library setup time: ADLIB:DFN1
  N/C                          heart_beat/counter[18]:D


END SET External Setup

----------------------------------------------------

SET Clock to Output

Path 1
  From:                        snkpout01/PWMOut:CLK
  To:                          AN2DimControl
  Delay (ns):                  13.812
  Slack (ns):
  Arrival (ns):                20.008
  Required (ns):
  Clock to Out (ns):           20.008

Path 2
  From:                        snkpout01/PWMOut:CLK
  To:                          AN5PTTControl
  Delay (ns):                  12.890
  Slack (ns):
  Arrival (ns):                19.086
  Required (ns):
  Clock to Out (ns):           19.086

Path 3
  From:                        snkpout01/PWMOut:CLK
  To:                          AN4PTTControl
  Delay (ns):                  12.762
  Slack (ns):
  Arrival (ns):                18.958
  Required (ns):
  Clock to Out (ns):           18.958

Path 4
  From:                        snkpout01/PWMOut:CLK
  To:                          AN6PTTControl
  Delay (ns):                  12.565
  Slack (ns):
  Arrival (ns):                18.761
  Required (ns):
  Clock to Out (ns):           18.761

Path 5
  From:                        snkpout01/PWMOut:CLK
  To:                          AN4NRMControl
  Delay (ns):                  12.210
  Slack (ns):
  Arrival (ns):                18.406
  Required (ns):
  Clock to Out (ns):           18.406


Expanded Path 1
  From: snkpout01/PWMOut:CLK
  To: AN2DimControl
  data required time                             N/C
  data arrival time                          -   20.008
  slack                                          N/C
  ________________________________________________________
  Data arrival time calculation
  0.000                        clock_master/counter[7]:Q
               +     0.000          Clock source
  0.000                        clock_master/counter[7]:Q (r)
               +     3.131          Clock generation
  3.131
               +     1.122          net: clock_master/counter_i[7]
  4.253                        clock_master/counter_RNIKGO8[7]:A (r)
               +     1.197          cell: ADLIB:CLKINT
  5.450                        clock_master/counter_RNIKGO8[7]:Y (r)
               +     0.746          net: Clock04
  6.196                        snkpout01/PWMOut:CLK (r)
               +     0.663          cell: ADLIB:DFN1
  6.859                        snkpout01/PWMOut:Q (r)
               +     4.939          net: PnlLgtControl_c
  11.798                       bitcontrol01latch/output_RNI9S2R[5]:A (r)
               +     1.740          cell: ADLIB:OA1
  13.538                       bitcontrol01latch/output_RNI9S2R[5]:Y (r)
               +     2.170          net: AN2DimControl_c
  15.708                       AN2DimControl_pad/U0/U1:D (r)
               +     0.885          cell: ADLIB:IOTRI_OB_EB
  16.593                       AN2DimControl_pad/U0/U1:DOUT (r)
               +     0.000          net: AN2DimControl_pad/U0/NET1
  16.593                       AN2DimControl_pad/U0/U0:D (r)
               +     3.415          cell: ADLIB:IOPAD_TRI
  20.008                       AN2DimControl_pad/U0/U0:PAD (r)
               +     0.000          net: AN2DimControl
  20.008                       AN2DimControl (r)
                                    
  20.008                       data arrival time
  ________________________________________________________
  Data required time calculation
  N/C                          clock_master/counter[7]:Q
               +     0.000          Clock source
  N/C                          clock_master/counter[7]:Q (r)
               +     3.131          Clock generation
  N/C
                                    
  N/C                          AN2DimControl (r)


END SET Clock to Output

----------------------------------------------------

SET Register to Asynchronous

No Path

END SET Register to Asynchronous

----------------------------------------------------

SET External Recovery

No Path

END SET External Recovery

----------------------------------------------------

SET Asynchronous to Register

No Path

END SET Asynchronous to Register

----------------------------------------------------

Path set Pin to Pin

SET Input to Output

No Path

END SET Input to Output

----------------------------------------------------

Path set User Sets

