Timing Violation Report Min Delay Analysis

SmartTime Version v11.7 SP1.1
Microsemi Corporation - Microsemi Libero Software Release v11.7 SP1.1 (Version 11.7.1.14)
Date: Thu Jul 27 09:59:41 2017


Design: mainprogram
Family: IGLOO
Die: AGLN250V5
Package: 100 VQFP
Temperature Range: 0 - 70 C
Voltage Range: 1.425 - 1.575 V
Speed Grade: STD
Design State: Post-Layout
Data source: Silicon verified
Min Operating Conditions: BEST - 1.575 V - 0 C
Max Operating Conditions: WORST - 1.425 V - 70 C
Using Enhanced Min Delay Analysis
Scenario for Timing Analysis: Primary


Path 1
  From:                        A2DRead/DataRegU1Ch0i[1]:CLK
  To:                          A2DRead/DataRegU1Ch0j[1]:D
  Delay (ns):                  0.362
  Slack (ns):                  0.136
  Arrival (ns):                3.025
  Required (ns):               2.889

Path 2
  From:                        A2DRead/DataRegU1Ch0e[1]:CLK
  To:                          A2DRead/DataRegU1Ch0f[1]:D
  Delay (ns):                  0.362
  Slack (ns):                  0.136
  Arrival (ns):                3.025
  Required (ns):               2.889

Path 3
  From:                        A2DRead/DataRegU1Ch0n[3]:CLK
  To:                          A2DRead/DataRegU1Ch0o[3]:D
  Delay (ns):                  0.362
  Slack (ns):                  0.136
  Arrival (ns):                3.025
  Required (ns):               2.889

Path 4
  From:                        A2DRead/DataRegU1Ch1j[12]:CLK
  To:                          A2DRead/DataRegU1Ch1k[12]:D
  Delay (ns):                  0.362
  Slack (ns):                  0.137
  Arrival (ns):                3.009
  Required (ns):               2.872

Path 5
  From:                        A2DRead/DataRegU1Ch0o[4]:CLK
  To:                          A2DRead/DataRegU1Ch0p[4]:D
  Delay (ns):                  0.427
  Slack (ns):                  0.201
  Arrival (ns):                3.090
  Required (ns):               2.889

Path 6
  From:                        A2DRead/DataRegU1Ch0b[8]:CLK
  To:                          A2DRead/DataRegU1Ch0c[8]:D
  Delay (ns):                  0.429
  Slack (ns):                  0.202
  Arrival (ns):                3.098
  Required (ns):               2.896

Path 7
  From:                        A2DRead/DataRegU1Ch1o[3]:CLK
  To:                          A2DRead/DataRegU1Ch1p[3]:D
  Delay (ns):                  0.430
  Slack (ns):                  0.204
  Arrival (ns):                3.093
  Required (ns):               2.889

Path 8
  From:                        A2DRead/DataRegU1Ch0n[10]:CLK
  To:                          A2DRead/DataRegU1Ch0o[10]:D
  Delay (ns):                  0.435
  Slack (ns):                  0.208
  Arrival (ns):                3.104
  Required (ns):               2.896

Path 9
  From:                        A2DRead/DataRegU1Ch0n[8]:CLK
  To:                          A2DRead/DataRegU1Ch0o[8]:D
  Delay (ns):                  0.435
  Slack (ns):                  0.208
  Arrival (ns):                3.104
  Required (ns):               2.896

Path 10
  From:                        A2DRead/DataRegU1Ch1d[8]:CLK
  To:                          A2DRead/DataRegU1Ch1e[8]:D
  Delay (ns):                  0.360
  Slack (ns):                  0.225
  Arrival (ns):                3.101
  Required (ns):               2.876

Path 11
  From:                        A2DRead/DataRegU1Ch0a[11]:CLK
  To:                          A2DRead/DataRegU1Ch0b[11]:D
  Delay (ns):                  0.360
  Slack (ns):                  0.226
  Arrival (ns):                3.043
  Required (ns):               2.817

Path 12
  From:                        A2DRead/DataRegU1Ch0j[5]:CLK
  To:                          A2DRead/DataRegU1Ch0k[5]:D
  Delay (ns):                  0.362
  Slack (ns):                  0.227
  Arrival (ns):                3.072
  Required (ns):               2.845

Path 13
  From:                        A2DRead/DataRegU1Ch0h[12]:CLK
  To:                          A2DRead/DataRegU1Ch0i[12]:D
  Delay (ns):                  0.362
  Slack (ns):                  0.231
  Arrival (ns):                3.103
  Required (ns):               2.872

Path 14
  From:                        A2DRead/DataRegU1Ch1f[11]:CLK
  To:                          A2DRead/DataRegU1Ch1g[11]:D
  Delay (ns):                  0.362
  Slack (ns):                  0.231
  Arrival (ns):                3.103
  Required (ns):               2.872

Path 15
  From:                        A2DRead/DataRegU1Ch1c[12]:CLK
  To:                          A2DRead/DataRegU1Ch1d[12]:D
  Delay (ns):                  0.362
  Slack (ns):                  0.231
  Arrival (ns):                3.103
  Required (ns):               2.872

Path 16
  From:                        A2DRead/DataRegU1Ch0d[11]:CLK
  To:                          A2DRead/DataRegU1Ch0e[11]:D
  Delay (ns):                  0.362
  Slack (ns):                  0.231
  Arrival (ns):                3.103
  Required (ns):               2.872

Path 17
  From:                        A2DRead/DataRegU1Ch1c[11]:CLK
  To:                          A2DRead/DataRegU1Ch1d[11]:D
  Delay (ns):                  0.362
  Slack (ns):                  0.231
  Arrival (ns):                3.103
  Required (ns):               2.872

Path 18
  From:                        A2DRead/DataRegU1Ch0m[2]:CLK
  To:                          A2DRead/DataRegU1Ch0n[2]:D
  Delay (ns):                  0.362
  Slack (ns):                  0.250
  Arrival (ns):                3.139
  Required (ns):               2.889

Path 19
  From:                        A2DRead/DataRegU1Ch0b[2]:CLK
  To:                          A2DRead/DataRegU1Ch0c[2]:D
  Delay (ns):                  0.362
  Slack (ns):                  0.250
  Arrival (ns):                3.139
  Required (ns):               2.889

Path 20
  From:                        A2DRead/DataRegU1Ch0c[4]:CLK
  To:                          A2DRead/DataRegU1Ch0d[4]:D
  Delay (ns):                  0.362
  Slack (ns):                  0.250
  Arrival (ns):                3.139
  Required (ns):               2.889

Path 21
  From:                        A2DRead/DataRegU1Ch0d[2]:CLK
  To:                          A2DRead/DataRegU1Ch0e[2]:D
  Delay (ns):                  0.362
  Slack (ns):                  0.250
  Arrival (ns):                3.139
  Required (ns):               2.889

Path 22
  From:                        A2DRead/DataRegU1Ch1n[6]:CLK
  To:                          A2DRead/DataRegU1Ch1o[6]:D
  Delay (ns):                  0.362
  Slack (ns):                  0.250
  Arrival (ns):                3.098
  Required (ns):               2.848

Path 23
  From:                        A2DRead/DataRegU1Ch1f[7]:CLK
  To:                          A2DRead/DataRegU1Ch1g[7]:D
  Delay (ns):                  0.362
  Slack (ns):                  0.250
  Arrival (ns):                3.098
  Required (ns):               2.848

Path 24
  From:                        A2DRead/DataRegU1Ch0h[3]:CLK
  To:                          A2DRead/DataRegU1Ch0i[3]:D
  Delay (ns):                  0.362
  Slack (ns):                  0.250
  Arrival (ns):                3.139
  Required (ns):               2.889

Path 25
  From:                        A2DRead/DataRegU1Ch0g[6]:CLK
  To:                          A2DRead/DataRegU1Ch0h[6]:D
  Delay (ns):                  0.362
  Slack (ns):                  0.250
  Arrival (ns):                3.139
  Required (ns):               2.889

Path 26
  From:                        A2DRead/DataRegU1Ch1g[11]:CLK
  To:                          A2DRead/DataRegU1Ch1h[11]:D
  Delay (ns):                  0.360
  Slack (ns):                  0.251
  Arrival (ns):                3.147
  Required (ns):               2.896

Path 27
  From:                        A2DRead/DataRegU1Ch1c[1]:CLK
  To:                          A2DRead/DataRegU1Ch1d[1]:D
  Delay (ns):                  0.370
  Slack (ns):                  0.251
  Arrival (ns):                3.147
  Required (ns):               2.896

Path 28
  From:                        A2DRead/DataRegU1Ch1d[5]:CLK
  To:                          A2DRead/DataRegU1Ch1e[5]:D
  Delay (ns):                  0.360
  Slack (ns):                  0.251
  Arrival (ns):                3.127
  Required (ns):               2.876

Path 29
  From:                        A2DRead/DataRegU1Ch0n[9]:CLK
  To:                          A2DRead/DataRegU1Ch0o[9]:D
  Delay (ns):                  0.360
  Slack (ns):                  0.251
  Arrival (ns):                3.127
  Required (ns):               2.876

Path 30
  From:                        A2DRead/DataRegU1Ch1m[7]:CLK
  To:                          A2DRead/DataRegU1Ch1n[7]:D
  Delay (ns):                  0.360
  Slack (ns):                  0.251
  Arrival (ns):                3.127
  Required (ns):               2.876

Path 31
  From:                        A2DRead/DataRegU1Ch1f[8]:CLK
  To:                          A2DRead/DataRegU1Ch1g[8]:D
  Delay (ns):                  0.360
  Slack (ns):                  0.251
  Arrival (ns):                3.127
  Required (ns):               2.876

Path 32
  From:                        matrix_read04/data02[0]:CLK
  To:                          matrix_read04/dataOut02[0]:D
  Delay (ns):                  0.364
  Slack (ns):                  0.253
  Arrival (ns):                2.719
  Required (ns):               2.466

Path 33
  From:                        A2DRead/DataRegU1Ch1j[11]:CLK
  To:                          A2DRead/DataRegU1Ch1k[11]:D
  Delay (ns):                  0.362
  Slack (ns):                  0.253
  Arrival (ns):                3.149
  Required (ns):               2.896

Path 34
  From:                        A2DRead/DataRegU1Ch1g[4]:CLK
  To:                          A2DRead/DataRegU1Ch1h[4]:D
  Delay (ns):                  0.362
  Slack (ns):                  0.256
  Arrival (ns):                3.152
  Required (ns):               2.896

Path 35
  From:                        A2DRead/DataRegU1Ch1c[6]:CLK
  To:                          A2DRead/DataRegU1Ch1d[6]:D
  Delay (ns):                  0.362
  Slack (ns):                  0.256
  Arrival (ns):                3.152
  Required (ns):               2.896

Path 36
  From:                        A2DRead/DataRegU1Ch1j[8]:CLK
  To:                          A2DRead/DataRegU1Ch1k[8]:D
  Delay (ns):                  0.362
  Slack (ns):                  0.256
  Arrival (ns):                3.152
  Required (ns):               2.896

Path 37
  From:                        A2DRead/DataRegU1Ch1j[1]:CLK
  To:                          A2DRead/DataRegU1Ch1k[1]:D
  Delay (ns):                  0.362
  Slack (ns):                  0.256
  Arrival (ns):                3.152
  Required (ns):               2.896

Path 38
  From:                        A2DRead/DataRegU1Ch1l[8]:CLK
  To:                          A2DRead/DataRegU1Ch1m[8]:D
  Delay (ns):                  0.362
  Slack (ns):                  0.256
  Arrival (ns):                3.152
  Required (ns):               2.896

Path 39
  From:                        A2DRead/DataInReg[11]:CLK
  To:                          A2DRead/DataRegU1Ch1a[11]:D
  Delay (ns):                  0.392
  Slack (ns):                  0.258
  Arrival (ns):                3.075
  Required (ns):               2.817

Path 40
  From:                        A2DRead/DataRegU1Ch1b[4]:CLK
  To:                          A2DRead/DataRegU1Ch1c[4]:D
  Delay (ns):                  0.368
  Slack (ns):                  0.259
  Arrival (ns):                3.135
  Required (ns):               2.876

Path 41
  From:                        A2DRead/DataRegU1Ch1l[10]:CLK
  To:                          A2DRead/DataRegU1Ch1m[10]:D
  Delay (ns):                  0.425
  Slack (ns):                  0.260
  Arrival (ns):                3.108
  Required (ns):               2.848

Path 42
  From:                        A2DRead/DataRegU1Ch1[6]:CLK
  To:                          A2DRead/DatHldRegU1Ch1[2]:D
  Delay (ns):                  0.360
  Slack (ns):                  0.260
  Arrival (ns):                3.004
  Required (ns):               2.744

Path 43
  From:                        A2DRead/DataRegU1Ch1j[7]:CLK
  To:                          A2DRead/DataRegU1Ch1k[7]:D
  Delay (ns):                  0.373
  Slack (ns):                  0.261
  Arrival (ns):                3.109
  Required (ns):               2.848

Path 44
  From:                        A2DRead/DataRegU1Ch0d[6]:CLK
  To:                          A2DRead/DataRegU1Ch0e[6]:D
  Delay (ns):                  0.360
  Slack (ns):                  0.263
  Arrival (ns):                3.124
  Required (ns):               2.861

Path 45
  From:                        matrix_read03/data02[1]:CLK
  To:                          matrix_read03/dataOut02[1]:D
  Delay (ns):                  0.360
  Slack (ns):                  0.266
  Arrival (ns):                2.697
  Required (ns):               2.431

Path 46
  From:                        A2DRead/DataRegU1Ch1d[2]:CLK
  To:                          A2DRead/DataRegU1Ch1e[2]:D
  Delay (ns):                  0.433
  Slack (ns):                  0.266
  Arrival (ns):                3.070
  Required (ns):               2.804

Path 47
  From:                        A2DRead/DataRegU1Ch1g[9]:CLK
  To:                          A2DRead/DataRegU1Ch1h[9]:D
  Delay (ns):                  0.360
  Slack (ns):                  0.270
  Arrival (ns):                3.166
  Required (ns):               2.896

Path 48
  From:                        A2DRead/DataRegU1Ch1m[8]:CLK
  To:                          A2DRead/DataRegU1Ch1n[8]:D
  Delay (ns):                  0.360
  Slack (ns):                  0.270
  Arrival (ns):                3.166
  Required (ns):               2.896

Path 49
  From:                        A2DRead/DataRegU1Ch1o[1]:CLK
  To:                          A2DRead/DataRegU1Ch1p[1]:D
  Delay (ns):                  0.360
  Slack (ns):                  0.270
  Arrival (ns):                3.166
  Required (ns):               2.896

Path 50
  From:                        A2DRead/DataRegU1Ch1k[1]:CLK
  To:                          A2DRead/DataRegU1Ch1l[1]:D
  Delay (ns):                  0.360
  Slack (ns):                  0.270
  Arrival (ns):                3.166
  Required (ns):               2.896

Path 51
  From:                        A2DRead/DataRegU1Ch1d[6]:CLK
  To:                          A2DRead/DataRegU1Ch1e[6]:D
  Delay (ns):                  0.360
  Slack (ns):                  0.270
  Arrival (ns):                3.166
  Required (ns):               2.896

Path 52
  From:                        A2DRead/DataRegU1Ch0e[8]:CLK
  To:                          A2DRead/DataRegU1Ch0f[8]:D
  Delay (ns):                  0.360
  Slack (ns):                  0.270
  Arrival (ns):                3.166
  Required (ns):               2.896

Path 53
  From:                        A2DRead/DataRegU1Ch1h[4]:CLK
  To:                          A2DRead/DataRegU1Ch1i[4]:D
  Delay (ns):                  0.360
  Slack (ns):                  0.270
  Arrival (ns):                3.166
  Required (ns):               2.896

Path 54
  From:                        A2DRead/DataRegU1Ch1h[9]:CLK
  To:                          A2DRead/DataRegU1Ch1i[9]:D
  Delay (ns):                  0.360
  Slack (ns):                  0.270
  Arrival (ns):                3.166
  Required (ns):               2.896

Path 55
  From:                        A2DRead/DataRegU1Ch0g[10]:CLK
  To:                          A2DRead/DataRegU1Ch0h[10]:D
  Delay (ns):                  0.360
  Slack (ns):                  0.270
  Arrival (ns):                3.166
  Required (ns):               2.896

Path 56
  From:                        A2DRead/DataRegU1Ch0f[8]:CLK
  To:                          A2DRead/DataRegU1Ch0g[8]:D
  Delay (ns):                  0.360
  Slack (ns):                  0.270
  Arrival (ns):                3.166
  Required (ns):               2.896

Path 57
  From:                        A2DRead/DataRegU1Ch1n[8]:CLK
  To:                          A2DRead/DataRegU1Ch1o[8]:D
  Delay (ns):                  0.360
  Slack (ns):                  0.270
  Arrival (ns):                3.166
  Required (ns):               2.896

Path 58
  From:                        A2DRead/DataRegU1Ch1n[1]:CLK
  To:                          A2DRead/DataRegU1Ch1o[1]:D
  Delay (ns):                  0.360
  Slack (ns):                  0.270
  Arrival (ns):                3.166
  Required (ns):               2.896

Path 59
  From:                        A2DRead/DataRegU1Ch0h[10]:CLK
  To:                          A2DRead/DataRegU1Ch0i[10]:D
  Delay (ns):                  0.360
  Slack (ns):                  0.270
  Arrival (ns):                3.166
  Required (ns):               2.896

Path 60
  From:                        A2DRead/DataRegU1Ch1f[1]:CLK
  To:                          A2DRead/DataRegU1Ch1g[1]:D
  Delay (ns):                  0.360
  Slack (ns):                  0.270
  Arrival (ns):                3.166
  Required (ns):               2.896

Path 61
  From:                        A2DRead/DataRegU1Ch1k[2]:CLK
  To:                          A2DRead/DataRegU1Ch1l[2]:D
  Delay (ns):                  0.368
  Slack (ns):                  0.271
  Arrival (ns):                3.132
  Required (ns):               2.861

Path 62
  From:                        A2DRead/DataRegU1Ch1d[4]:CLK
  To:                          A2DRead/DataRegU1Ch1e[4]:D
  Delay (ns):                  0.370
  Slack (ns):                  0.271
  Arrival (ns):                3.147
  Required (ns):               2.876

Path 63
  From:                        A2DRead/DataRegU1Ch1i[9]:CLK
  To:                          A2DRead/DataRegU1Ch1j[9]:D
  Delay (ns):                  0.362
  Slack (ns):                  0.272
  Arrival (ns):                3.168
  Required (ns):               2.896

Path 64
  From:                        A2DRead/DataRegU1Ch1o[7]:CLK
  To:                          A2DRead/DataRegU1Ch1p[7]:D
  Delay (ns):                  0.362
  Slack (ns):                  0.272
  Arrival (ns):                3.168
  Required (ns):               2.896

Path 65
  From:                        A2DRead/DataRegU1Ch1l[4]:CLK
  To:                          A2DRead/DataRegU1Ch1m[4]:D
  Delay (ns):                  0.360
  Slack (ns):                  0.272
  Arrival (ns):                3.161
  Required (ns):               2.889

Path 66
  From:                        A2DRead/DataRegU1Ch0d[8]:CLK
  To:                          A2DRead/DataRegU1Ch0e[8]:D
  Delay (ns):                  0.362
  Slack (ns):                  0.272
  Arrival (ns):                3.168
  Required (ns):               2.896

Path 67
  From:                        A2DRead/DataRegU1Ch1j[9]:CLK
  To:                          A2DRead/DataRegU1Ch1k[9]:D
  Delay (ns):                  0.362
  Slack (ns):                  0.272
  Arrival (ns):                3.168
  Required (ns):               2.896

Path 68
  From:                        A2DRead/DataRegU1Ch0k[3]:CLK
  To:                          A2DRead/DataRegU1Ch0l[3]:D
  Delay (ns):                  0.360
  Slack (ns):                  0.272
  Arrival (ns):                3.161
  Required (ns):               2.889

Path 69
  From:                        A2DRead/DataRegU1Ch0o[10]:CLK
  To:                          A2DRead/DataRegU1Ch0p[10]:D
  Delay (ns):                  0.362
  Slack (ns):                  0.272
  Arrival (ns):                3.168
  Required (ns):               2.896

Path 70
  From:                        A2DRead/DataRegU1Ch1i[4]:CLK
  To:                          A2DRead/DataRegU1Ch1j[4]:D
  Delay (ns):                  0.362
  Slack (ns):                  0.272
  Arrival (ns):                3.168
  Required (ns):               2.896

Path 71
  From:                        A2DRead/DataRegU1Ch1o[8]:CLK
  To:                          A2DRead/DataRegU1Ch1p[8]:D
  Delay (ns):                  0.362
  Slack (ns):                  0.272
  Arrival (ns):                3.168
  Required (ns):               2.896

Path 72
  From:                        A2DRead/DataRegU1Ch1h[1]:CLK
  To:                          A2DRead/DataRegU1Ch1i[1]:D
  Delay (ns):                  0.362
  Slack (ns):                  0.272
  Arrival (ns):                3.168
  Required (ns):               2.896

Path 73
  From:                        A2DRead/DataRegU1Ch0l[6]:CLK
  To:                          A2DRead/DataRegU1Ch0m[6]:D
  Delay (ns):                  0.360
  Slack (ns):                  0.272
  Arrival (ns):                3.161
  Required (ns):               2.889

Path 74
  From:                        A2DRead/DataRegU1Ch1h[11]:CLK
  To:                          A2DRead/DataRegU1Ch1i[11]:D
  Delay (ns):                  0.362
  Slack (ns):                  0.272
  Arrival (ns):                3.168
  Required (ns):               2.896

Path 75
  From:                        A2DRead/DataRegU1Ch0l[1]:CLK
  To:                          A2DRead/DataRegU1Ch0m[1]:D
  Delay (ns):                  0.360
  Slack (ns):                  0.272
  Arrival (ns):                3.161
  Required (ns):               2.889

Path 76
  From:                        A2DRead/DataRegU1Ch0j[6]:CLK
  To:                          A2DRead/DataRegU1Ch0k[6]:D
  Delay (ns):                  0.360
  Slack (ns):                  0.272
  Arrival (ns):                3.161
  Required (ns):               2.889

Path 77
  From:                        A2DRead/DataRegU1Ch0i[6]:CLK
  To:                          A2DRead/DataRegU1Ch0j[6]:D
  Delay (ns):                  0.360
  Slack (ns):                  0.272
  Arrival (ns):                3.161
  Required (ns):               2.889

Path 78
  From:                        A2DRead/DataRegU1Ch0f[10]:CLK
  To:                          A2DRead/DataRegU1Ch0g[10]:D
  Delay (ns):                  0.362
  Slack (ns):                  0.272
  Arrival (ns):                3.168
  Required (ns):               2.896

Path 79
  From:                        A2DRead/DataRegU1Ch0n[1]:CLK
  To:                          A2DRead/DataRegU1Ch0o[1]:D
  Delay (ns):                  0.360
  Slack (ns):                  0.272
  Arrival (ns):                3.161
  Required (ns):               2.889

Path 80
  From:                        A2DRead/DataRegU1Ch0f[1]:CLK
  To:                          A2DRead/DataRegU1Ch0g[1]:D
  Delay (ns):                  0.360
  Slack (ns):                  0.272
  Arrival (ns):                3.161
  Required (ns):               2.889

Path 81
  From:                        A2DRead/DataRegU1Ch0n[5]:CLK
  To:                          A2DRead/DataRegU1Ch0o[5]:D
  Delay (ns):                  0.360
  Slack (ns):                  0.272
  Arrival (ns):                3.161
  Required (ns):               2.889

Path 82
  From:                        A2DRead/DataRegU1Ch1e[6]:CLK
  To:                          A2DRead/DataRegU1Ch1f[6]:D
  Delay (ns):                  0.362
  Slack (ns):                  0.272
  Arrival (ns):                3.168
  Required (ns):               2.896

Path 83
  From:                        A2DRead/DataRegU1Ch0j[1]:CLK
  To:                          A2DRead/DataRegU1Ch0k[1]:D
  Delay (ns):                  0.360
  Slack (ns):                  0.272
  Arrival (ns):                3.161
  Required (ns):               2.889

Path 84
  From:                        A2DRead/DataRegU1Ch1l[1]:CLK
  To:                          A2DRead/DataRegU1Ch1m[1]:D
  Delay (ns):                  0.362
  Slack (ns):                  0.272
  Arrival (ns):                3.168
  Required (ns):               2.896

Path 85
  From:                        A2DRead/DataRegU1Ch0b[1]:CLK
  To:                          A2DRead/DataRegU1Ch0c[1]:D
  Delay (ns):                  0.360
  Slack (ns):                  0.272
  Arrival (ns):                3.161
  Required (ns):               2.889

Path 86
  From:                        A2DRead/DataRegU1Ch0c[8]:CLK
  To:                          A2DRead/DataRegU1Ch0d[8]:D
  Delay (ns):                  0.362
  Slack (ns):                  0.272
  Arrival (ns):                3.168
  Required (ns):               2.896

Path 87
  From:                        A2DRead/DataRegU1Ch1m[1]:CLK
  To:                          A2DRead/DataRegU1Ch1n[1]:D
  Delay (ns):                  0.362
  Slack (ns):                  0.272
  Arrival (ns):                3.168
  Required (ns):               2.896

Path 88
  From:                        A2DRead/DataRegU1Ch0j[3]:CLK
  To:                          A2DRead/DataRegU1Ch0k[3]:D
  Delay (ns):                  0.360
  Slack (ns):                  0.272
  Arrival (ns):                3.161
  Required (ns):               2.889

Path 89
  From:                        A2DRead/DataRegU1Ch1g[1]:CLK
  To:                          A2DRead/DataRegU1Ch1h[1]:D
  Delay (ns):                  0.362
  Slack (ns):                  0.272
  Arrival (ns):                3.168
  Required (ns):               2.896

Path 90
  From:                        A2DRead/DataRegU1Ch0i[3]:CLK
  To:                          A2DRead/DataRegU1Ch0j[3]:D
  Delay (ns):                  0.360
  Slack (ns):                  0.272
  Arrival (ns):                3.161
  Required (ns):               2.889

Path 91
  From:                        A2DRead/DataRegU1Ch0c[1]:CLK
  To:                          A2DRead/DataRegU1Ch0d[1]:D
  Delay (ns):                  0.362
  Slack (ns):                  0.274
  Arrival (ns):                3.163
  Required (ns):               2.889

Path 92
  From:                        A2DRead/DataRegU1Ch1m[9]:CLK
  To:                          A2DRead/DataRegU1Ch1n[9]:D
  Delay (ns):                  0.360
  Slack (ns):                  0.274
  Arrival (ns):                3.150
  Required (ns):               2.876

Path 93
  From:                        A2DRead/DataRegU1Ch1b[8]:CLK
  To:                          A2DRead/DataRegU1Ch1c[8]:D
  Delay (ns):                  0.360
  Slack (ns):                  0.274
  Arrival (ns):                3.150
  Required (ns):               2.876

Path 94
  From:                        A2DRead/DataRegU1Ch0k[6]:CLK
  To:                          A2DRead/DataRegU1Ch0l[6]:D
  Delay (ns):                  0.362
  Slack (ns):                  0.274
  Arrival (ns):                3.163
  Required (ns):               2.889

Path 95
  From:                        A2DRead/DataRegU1Ch0n[2]:CLK
  To:                          A2DRead/DataRegU1Ch0o[2]:D
  Delay (ns):                  0.362
  Slack (ns):                  0.274
  Arrival (ns):                3.163
  Required (ns):               2.889

Path 96
  From:                        A2DRead/DataRegU1Ch0o[2]:CLK
  To:                          A2DRead/DataRegU1Ch0p[2]:D
  Delay (ns):                  0.362
  Slack (ns):                  0.274
  Arrival (ns):                3.163
  Required (ns):               2.889

Path 97
  From:                        A2DRead/DataRegU1Ch1k[4]:CLK
  To:                          A2DRead/DataRegU1Ch1l[4]:D
  Delay (ns):                  0.362
  Slack (ns):                  0.274
  Arrival (ns):                3.163
  Required (ns):               2.889

Path 98
  From:                        A2DRead/DataRegU1Ch1b[6]:CLK
  To:                          A2DRead/DataRegU1Ch1c[6]:D
  Delay (ns):                  0.360
  Slack (ns):                  0.274
  Arrival (ns):                3.150
  Required (ns):               2.876

Path 99
  From:                        A2DRead/DataRegU1Ch0m[1]:CLK
  To:                          A2DRead/DataRegU1Ch0n[1]:D
  Delay (ns):                  0.362
  Slack (ns):                  0.274
  Arrival (ns):                3.163
  Required (ns):               2.889

Path 100
  From:                        A2DRead/DataRegU1Ch1a[1]:CLK
  To:                          A2DRead/DataRegU1Ch1b[1]:D
  Delay (ns):                  0.360
  Slack (ns):                  0.274
  Arrival (ns):                3.150
  Required (ns):               2.876

