Timing Violation Report Max Delay Analysis

SmartTime Version v11.7 SP1.1
Microsemi Corporation - Microsemi Libero Software Release v11.7 SP1.1 (Version 11.7.1.14)
Date: Thu Jul 27 10:06:43 2017


Design: mainprogram
Family: IGLOO
Die: AGLN250V5
Package: 100 VQFP
Temperature Range: 0 - 70 C
Voltage Range: 1.425 - 1.575 V
Speed Grade: STD
Design State: Post-Layout
Data source: Silicon verified
Min Operating Conditions: BEST - 1.575 V - 0 C
Max Operating Conditions: WORST - 1.425 V - 70 C
Using Enhanced Min Delay Analysis
Scenario for Timing Analysis: Primary


Path 1
  From:                        clock_master/counter[2]:CLK
  To:                          clock_master/counter[4]:D
  Delay (ns):                  10.741
  Slack (ns):                  -6.298
  Arrival (ns):                12.558
  Required (ns):               6.260

Path 2
  From:                        clock_master/counter[2]:CLK
  To:                          clock_master/counter[7]:D
  Delay (ns):                  10.994
  Slack (ns):                  -5.619
  Arrival (ns):                12.811
  Required (ns):               7.192

Path 3
  From:                        clock_master/counter[0]:CLK
  To:                          clock_master/counter[4]:D
  Delay (ns):                  9.628
  Slack (ns):                  -5.607
  Arrival (ns):                11.867
  Required (ns):               6.260

Path 4
  From:                        clock_master/counter[0]:CLK
  To:                          clock_master/counter[7]:D
  Delay (ns):                  10.549
  Slack (ns):                  -5.596
  Arrival (ns):                12.788
  Required (ns):               7.192

Path 5
  From:                        clock_master/counter[2]:CLK
  To:                          clock_master/counter[5]:D
  Delay (ns):                  9.759
  Slack (ns):                  -5.114
  Arrival (ns):                11.576
  Required (ns):               6.462

Path 6
  From:                        clock_master/counter[1]:CLK
  To:                          clock_master/counter[7]:D
  Delay (ns):                  10.257
  Slack (ns):                  -5.108
  Arrival (ns):                12.300
  Required (ns):               7.192

Path 7
  From:                        clock_master/counter[2]:CLK
  To:                          clock_master/counter[6]:D
  Delay (ns):                  9.759
  Slack (ns):                  -4.691
  Arrival (ns):                11.576
  Required (ns):               6.885

Path 8
  From:                        clock_master/counter[3]:CLK
  To:                          clock_master/counter[7]:D
  Delay (ns):                  9.802
  Slack (ns):                  -4.653
  Arrival (ns):                11.845
  Required (ns):               7.192

Path 9
  From:                        clock_master/counter[0]:CLK
  To:                          clock_master/counter[5]:D
  Delay (ns):                  8.646
  Slack (ns):                  -4.423
  Arrival (ns):                10.885
  Required (ns):               6.462

Path 10
  From:                        clock_master/counter[2]:CLK
  To:                          clock_master/counter[3]:D
  Delay (ns):                  8.668
  Slack (ns):                  -4.226
  Arrival (ns):                10.485
  Required (ns):               6.259

Path 11
  From:                        clock_master/counter[0]:CLK
  To:                          clock_master/counter[3]:D
  Delay (ns):                  8.102
  Slack (ns):                  -4.082
  Arrival (ns):                10.341
  Required (ns):               6.259

Path 12
  From:                        clock_master/counter[0]:CLK
  To:                          clock_master/counter[6]:D
  Delay (ns):                  8.646
  Slack (ns):                  -4.000
  Arrival (ns):                10.885
  Required (ns):               6.885

Path 13
  From:                        clock_master/counter[3]:CLK
  To:                          clock_master/counter[4]:D
  Delay (ns):                  7.989
  Slack (ns):                  -3.772
  Arrival (ns):                10.032
  Required (ns):               6.260

Path 14
  From:                        clock_master/counter[1]:CLK
  To:                          clock_master/counter[4]:D
  Delay (ns):                  7.871
  Slack (ns):                  -3.654
  Arrival (ns):                9.914
  Required (ns):               6.260

Path 15
  From:                        clock_master/counter[5]:CLK
  To:                          clock_master/counter[7]:D
  Delay (ns):                  8.328
  Slack (ns):                  -3.382
  Arrival (ns):                10.574
  Required (ns):               7.192

Path 16
  From:                        addresslatch/output[7]:CLK
  To:                          discretedutycycle01/output[9]:D
  Delay (ns):                  12.522
  Slack (ns):                  -3.315
  Arrival (ns):                18.538
  Required (ns):               15.223

Path 17
  From:                        clock_master/counter[1]:CLK
  To:                          clock_master/counter[2]:D
  Delay (ns):                  7.198
  Slack (ns):                  -3.260
  Arrival (ns):                9.241
  Required (ns):               5.981

Path 18
  From:                        clock_master/counter[0]:CLK
  To:                          clock_master/counter[2]:D
  Delay (ns):                  6.896
  Slack (ns):                  -3.154
  Arrival (ns):                9.135
  Required (ns):               5.981

Path 19
  From:                        addresslatch/output[2]:CLK
  To:                          discretedutycycle01/output[9]:D
  Delay (ns):                  12.272
  Slack (ns):                  -3.061
  Arrival (ns):                18.284
  Required (ns):               15.223

Path 20
  From:                        addresslatch/output[7]:CLK
  To:                          externenablelatch/output[1]:D
  Delay (ns):                  12.067
  Slack (ns):                  -2.824
  Arrival (ns):                18.083
  Required (ns):               15.259

Path 21
  From:                        addresslatch/output[7]:CLK
  To:                          externenablelatch/output[2]:D
  Delay (ns):                  12.002
  Slack (ns):                  -2.805
  Arrival (ns):                18.018
  Required (ns):               15.213

Path 22
  From:                        addresslatch/output[2]:CLK
  To:                          bitcontrol01latch/output[2]:D
  Delay (ns):                  12.039
  Slack (ns):                  -2.774
  Arrival (ns):                18.051
  Required (ns):               15.277

Path 23
  From:                        addresslatch/output[5]:CLK
  To:                          externenablelatch/output[2]:D
  Delay (ns):                  11.842
  Slack (ns):                  -2.641
  Arrival (ns):                17.854
  Required (ns):               15.213

Path 24
  From:                        addresslatch/output[5]:CLK
  To:                          externenablelatch/output[1]:D
  Delay (ns):                  11.885
  Slack (ns):                  -2.638
  Arrival (ns):                17.897
  Required (ns):               15.259

Path 25
  From:                        addresslatch/output[6]:CLK
  To:                          A2D01reader/parallelholdreg[11]:D
  Delay (ns):                  11.824
  Slack (ns):                  -2.608
  Arrival (ns):                17.849
  Required (ns):               15.241

Path 26
  From:                        addresslatch/output[2]:CLK
  To:                          A2D00reader/parallelholdreg[5]:D
  Delay (ns):                  11.749
  Slack (ns):                  -2.599
  Arrival (ns):                17.761
  Required (ns):               15.162

Path 27
  From:                        clock_master/counter[3]:CLK
  To:                          clock_master/counter[5]:D
  Delay (ns):                  7.007
  Slack (ns):                  -2.588
  Arrival (ns):                9.050
  Required (ns):               6.462

Path 28
  From:                        addresslatch/output[2]:CLK
  To:                          bitcontrol01latch/output[6]:D
  Delay (ns):                  11.777
  Slack (ns):                  -2.548
  Arrival (ns):                17.789
  Required (ns):               15.241

Path 29
  From:                        clock_master/counter[1]:CLK
  To:                          clock_master/counter[5]:D
  Delay (ns):                  6.889
  Slack (ns):                  -2.470
  Arrival (ns):                8.932
  Required (ns):               6.462

Path 30
  From:                        addresslatch/output[6]:CLK
  To:                          discretedutycycle01/output[9]:D
  Delay (ns):                  11.650
  Slack (ns):                  -2.452
  Arrival (ns):                17.675
  Required (ns):               15.223

Path 31
  From:                        addresslatch/output[7]:CLK
  To:                          externenablelatch/output[4]:D
  Delay (ns):                  11.606
  Slack (ns):                  -2.434
  Arrival (ns):                17.622
  Required (ns):               15.188

Path 32
  From:                        addresslatch/output[7]:CLK
  To:                          discretedutycycle01/output[2]:D
  Delay (ns):                  11.623
  Slack (ns):                  -2.426
  Arrival (ns):                17.639
  Required (ns):               15.213

Path 33
  From:                        addresslatch/output[6]:CLK
  To:                          A2D01reader/parallelholdreg[0]:D
  Delay (ns):                  11.562
  Slack (ns):                  -2.346
  Arrival (ns):                17.587
  Required (ns):               15.241

Path 34
  From:                        addresslatch/output[2]:CLK
  To:                          A2D00reader/parallelholdreg[8]:D
  Delay (ns):                  11.523
  Slack (ns):                  -2.345
  Arrival (ns):                17.535
  Required (ns):               15.190

Path 35
  From:                        addresslatch/output[2]:CLK
  To:                          bitcontrol01latch/output[5]:D
  Delay (ns):                  11.564
  Slack (ns):                  -2.321
  Arrival (ns):                17.576
  Required (ns):               15.255

Path 36
  From:                        addresslatch/output[2]:CLK
  To:                          A2D00reader/parallelholdreg[1]:D
  Delay (ns):                  11.458
  Slack (ns):                  -2.308
  Arrival (ns):                17.470
  Required (ns):               15.162

Path 37
  From:                        clock_master/counter[0]:CLK
  To:                          clock_master/counter[1]:D
  Delay (ns):                  6.311
  Slack (ns):                  -2.291
  Arrival (ns):                8.550
  Required (ns):               6.259

Path 38
  From:                        addresslatch/output[2]:CLK
  To:                          bitcontrol01latch/output[1]:D
  Delay (ns):                  11.519
  Slack (ns):                  -2.290
  Arrival (ns):                17.531
  Required (ns):               15.241

Path 39
  From:                        addresslatch/output[6]:CLK
  To:                          externenablelatch/output[2]:D
  Delay (ns):                  11.463
  Slack (ns):                  -2.275
  Arrival (ns):                17.488
  Required (ns):               15.213

Path 40
  From:                        addresslatch/output[2]:CLK
  To:                          discretedutycycle01/output[2]:D
  Delay (ns):                  11.476
  Slack (ns):                  -2.275
  Arrival (ns):                17.488
  Required (ns):               15.213

Path 41
  From:                        addresslatch/output[6]:CLK
  To:                          externenablelatch/output[1]:D
  Delay (ns):                  11.506
  Slack (ns):                  -2.272
  Arrival (ns):                17.531
  Required (ns):               15.259

Path 42
  From:                        addresslatch/output[2]:CLK
  To:                          A2D00reader/parallelholdreg[11]:D
  Delay (ns):                  11.463
  Slack (ns):                  -2.267
  Arrival (ns):                17.475
  Required (ns):               15.208

Path 43
  From:                        addresslatch/output[3]:CLK
  To:                          discretedutycycle01/output[9]:D
  Delay (ns):                  11.456
  Slack (ns):                  -2.258
  Arrival (ns):                17.481
  Required (ns):               15.223

Path 44
  From:                        addresslatch/output[5]:CLK
  To:                          externenablelatch/output[4]:D
  Delay (ns):                  11.426
  Slack (ns):                  -2.250
  Arrival (ns):                17.438
  Required (ns):               15.188

Path 45
  From:                        addresslatch/output[2]:CLK
  To:                          A2D01reader/parallelholdreg[11]:D
  Delay (ns):                  11.405
  Slack (ns):                  -2.227
  Arrival (ns):                17.417
  Required (ns):               15.190

Path 46
  From:                        addresslatch/output[1]:CLK
  To:                          A2D01reader/parallelholdreg[11]:D
  Delay (ns):                  11.421
  Slack (ns):                  -2.205
  Arrival (ns):                17.446
  Required (ns):               15.241

Path 47
  From:                        addresslatch/output[0]:CLK
  To:                          externenablelatch/output[2]:D
  Delay (ns):                  11.385
  Slack (ns):                  -2.188
  Arrival (ns):                17.401
  Required (ns):               15.213

Path 48
  From:                        addresslatch/output[0]:CLK
  To:                          externenablelatch/output[1]:D
  Delay (ns):                  11.428
  Slack (ns):                  -2.185
  Arrival (ns):                17.444
  Required (ns):               15.259

Path 49
  From:                        clock_master/counter[4]:CLK
  To:                          clock_master/counter[7]:D
  Delay (ns):                  7.316
  Slack (ns):                  -2.168
  Arrival (ns):                9.360
  Required (ns):               7.192

Path 50
  From:                        clock_master/counter[3]:CLK
  To:                          clock_master/counter[6]:D
  Delay (ns):                  7.007
  Slack (ns):                  -2.165
  Arrival (ns):                9.050
  Required (ns):               6.885

Path 51
  From:                        clock_master/counter[1]:CLK
  To:                          clock_master/counter[3]:D
  Delay (ns):                  6.345
  Slack (ns):                  -2.129
  Arrival (ns):                8.388
  Required (ns):               6.259

Path 52
  From:                        addresslatch/output[2]:CLK
  To:                          externenablelatch/output[2]:D
  Delay (ns):                  11.270
  Slack (ns):                  -2.069
  Arrival (ns):                17.282
  Required (ns):               15.213

Path 53
  From:                        addresslatch/output[2]:CLK
  To:                          externenablelatch/output[1]:D
  Delay (ns):                  11.313
  Slack (ns):                  -2.066
  Arrival (ns):                17.325
  Required (ns):               15.259

Path 54
  From:                        clock_master/counter[1]:CLK
  To:                          clock_master/counter[6]:D
  Delay (ns):                  6.889
  Slack (ns):                  -2.047
  Arrival (ns):                8.932
  Required (ns):               6.885

Path 55
  From:                        addresslatch/output[6]:CLK
  To:                          A2D01reader/parallelholdreg[3]:D
  Delay (ns):                  11.295
  Slack (ns):                  -2.043
  Arrival (ns):                17.320
  Required (ns):               15.277

Path 56
  From:                        addresslatch/output[5]:CLK
  To:                          ioBank62reader/parallelholdreg[2]:D
  Delay (ns):                  11.264
  Slack (ns):                  -2.035
  Arrival (ns):                17.276
  Required (ns):               15.241

Path 57
  From:                        addresslatch/output[2]:CLK
  To:                          A2D00reader/parallelholdreg[3]:D
  Delay (ns):                  11.160
  Slack (ns):                  -2.033
  Arrival (ns):                17.172
  Required (ns):               15.139

Path 58
  From:                        addresslatch/output[0]:CLK
  To:                          A2D00reader/parallelholdreg[5]:D
  Delay (ns):                  11.166
  Slack (ns):                  -2.020
  Arrival (ns):                17.182
  Required (ns):               15.162

Path 59
  From:                        addresslatch/output[2]:CLK
  To:                          bitcontrol01latch/output[0]:D
  Delay (ns):                  11.244
  Slack (ns):                  -2.015
  Arrival (ns):                17.256
  Required (ns):               15.241

Path 60
  From:                        addresslatch/output[7]:CLK
  To:                          pwmdisable01latch/output[4]:D
  Delay (ns):                  11.140
  Slack (ns):                  -1.994
  Arrival (ns):                17.156
  Required (ns):               15.162

Path 61
  From:                        addresslatch/output[2]:CLK
  To:                          pwmdisable01latch/output[4]:D
  Delay (ns):                  11.185
  Slack (ns):                  -1.984
  Arrival (ns):                17.197
  Required (ns):               15.213

Path 62
  From:                        addresslatch/output[6]:CLK
  To:                          A2D01reader/parallelholdreg[2]:D
  Delay (ns):                  11.194
  Slack (ns):                  -1.978
  Arrival (ns):                17.219
  Required (ns):               15.241

Path 63
  From:                        addresslatch/output[3]:CLK
  To:                          bitcontrol01latch/output[2]:D
  Delay (ns):                  11.223
  Slack (ns):                  -1.971
  Arrival (ns):                17.248
  Required (ns):               15.277

Path 64
  From:                        addresslatch/output[2]:CLK
  To:                          A2D01reader/parallelholdreg[0]:D
  Delay (ns):                  11.141
  Slack (ns):                  -1.963
  Arrival (ns):                17.153
  Required (ns):               15.190

Path 65
  From:                        clock_master/counter[6]:CLK
  To:                          clock_master/counter[7]:D
  Delay (ns):                  6.474
  Slack (ns):                  -1.951
  Arrival (ns):                9.143
  Required (ns):               7.192

Path 66
  From:                        addresslatch/output[7]:CLK
  To:                          externenablelatch/output[3]:D
  Delay (ns):                  11.124
  Slack (ns):                  -1.950
  Arrival (ns):                17.140
  Required (ns):               15.190

Path 67
  From:                        addresslatch/output[1]:CLK
  To:                          externenablelatch/output[2]:D
  Delay (ns):                  11.138
  Slack (ns):                  -1.950
  Arrival (ns):                17.163
  Required (ns):               15.213

Path 68
  From:                        addresslatch/output[1]:CLK
  To:                          externenablelatch/output[1]:D
  Delay (ns):                  11.181
  Slack (ns):                  -1.947
  Arrival (ns):                17.206
  Required (ns):               15.259

Path 69
  From:                        addresslatch/output[1]:CLK
  To:                          A2D01reader/parallelholdreg[0]:D
  Delay (ns):                  11.159
  Slack (ns):                  -1.943
  Arrival (ns):                17.184
  Required (ns):               15.241

Path 70
  From:                        addresslatch/output[2]:CLK
  To:                          pwmdisable01latch/output[2]:D
  Delay (ns):                  11.169
  Slack (ns):                  -1.913
  Arrival (ns):                17.181
  Required (ns):               15.268

Path 71
  From:                        addresslatch/output[2]:CLK
  To:                          bitcontrol01latch/output[3]:D
  Delay (ns):                  11.145
  Slack (ns):                  -1.902
  Arrival (ns):                17.157
  Required (ns):               15.255

Path 72
  From:                        addresslatch/output[6]:CLK
  To:                          A2D01reader/parallelholdreg[6]:D
  Delay (ns):                  11.154
  Slack (ns):                  -1.902
  Arrival (ns):                17.179
  Required (ns):               15.277

Path 73
  From:                        addresslatch/output[6]:CLK
  To:                          A2D01reader/parallelholdreg[5]:D
  Delay (ns):                  11.154
  Slack (ns):                  -1.902
  Arrival (ns):                17.179
  Required (ns):               15.277

Path 74
  From:                        addresslatch/output[5]:CLK
  To:                          ioBank60reader/parallelholdreg[1]:D
  Delay (ns):                  11.095
  Slack (ns):                  -1.894
  Arrival (ns):                17.107
  Required (ns):               15.213

Path 75
  From:                        addresslatch/output[6]:CLK
  To:                          externenablelatch/output[4]:D
  Delay (ns):                  11.047
  Slack (ns):                  -1.884
  Arrival (ns):                17.072
  Required (ns):               15.188

Path 76
  From:                        addresslatch/output[6]:CLK
  To:                          A2D01reader/parallelholdreg[4]:D
  Delay (ns):                  11.116
  Slack (ns):                  -1.882
  Arrival (ns):                17.141
  Required (ns):               15.259

Path 77
  From:                        addresslatch/output[7]:CLK
  To:                          pwmdisable01latch/output[2]:D
  Delay (ns):                  11.116
  Slack (ns):                  -1.864
  Arrival (ns):                17.132
  Required (ns):               15.268

Path 78
  From:                        addresslatch/output[2]:CLK
  To:                          pwmdisable01latch/output[5]:D
  Delay (ns):                  11.104
  Slack (ns):                  -1.848
  Arrival (ns):                17.116
  Required (ns):               15.268

Path 79
  From:                        addresslatch/output[2]:CLK
  To:                          A2D00reader/parallelholdreg[9]:D
  Delay (ns):                  11.039
  Slack (ns):                  -1.838
  Arrival (ns):                17.051
  Required (ns):               15.213

Path 80
  From:                        addresslatch/output[5]:CLK
  To:                          ioBank60reader/parallelholdreg[3]:D
  Delay (ns):                  11.038
  Slack (ns):                  -1.837
  Arrival (ns):                17.050
  Required (ns):               15.213

Path 81
  From:                        addresslatch/output[6]:CLK
  To:                          A2D01reader/parallelholdreg[7]:D
  Delay (ns):                  11.083
  Slack (ns):                  -1.831
  Arrival (ns):                17.108
  Required (ns):               15.277

Path 82
  From:                        addresslatch/output[4]:CLK
  To:                          discretedutycycle01/output[9]:D
  Delay (ns):                  11.029
  Slack (ns):                  -1.831
  Arrival (ns):                17.054
  Required (ns):               15.223

Path 83
  From:                        addresslatch/output[3]:CLK
  To:                          externenablelatch/output[2]:D
  Delay (ns):                  10.990
  Slack (ns):                  -1.802
  Arrival (ns):                17.015
  Required (ns):               15.213

Path 84
  From:                        addresslatch/output[3]:CLK
  To:                          externenablelatch/output[1]:D
  Delay (ns):                  11.033
  Slack (ns):                  -1.799
  Arrival (ns):                17.058
  Required (ns):               15.259

Path 85
  From:                        addresslatch/output[7]:CLK
  To:                          pwmdisable01latch/output[5]:D
  Delay (ns):                  11.050
  Slack (ns):                  -1.798
  Arrival (ns):                17.066
  Required (ns):               15.268

Path 86
  From:                        addresslatch/output[0]:CLK
  To:                          externenablelatch/output[4]:D
  Delay (ns):                  10.969
  Slack (ns):                  -1.797
  Arrival (ns):                16.985
  Required (ns):               15.188

Path 87
  From:                        addresslatch/output[3]:CLK
  To:                          A2D00reader/parallelholdreg[5]:D
  Delay (ns):                  10.933
  Slack (ns):                  -1.796
  Arrival (ns):                16.958
  Required (ns):               15.162

Path 88
  From:                        addresslatch/output[7]:CLK
  To:                          discretedutycycle01/output[5]:D
  Delay (ns):                  10.995
  Slack (ns):                  -1.788
  Arrival (ns):                17.011
  Required (ns):               15.223

Path 89
  From:                        addresslatch/output[7]:CLK
  To:                          discretedutycycle01/output[7]:D
  Delay (ns):                  10.995
  Slack (ns):                  -1.788
  Arrival (ns):                17.011
  Required (ns):               15.223

Path 90
  From:                        addresslatch/output[5]:CLK
  To:                          bitcontrol01latch/output[2]:D
  Delay (ns):                  11.046
  Slack (ns):                  -1.781
  Arrival (ns):                17.058
  Required (ns):               15.277

Path 91
  From:                        addresslatch/output[5]:CLK
  To:                          externenablelatch/output[3]:D
  Delay (ns):                  10.959
  Slack (ns):                  -1.781
  Arrival (ns):                16.971
  Required (ns):               15.190

Path 92
  From:                        addresslatch/output[2]:CLK
  To:                          pwmdisable01latch/output[0]:D
  Delay (ns):                  10.984
  Slack (ns):                  -1.773
  Arrival (ns):                16.996
  Required (ns):               15.223

Path 93
  From:                        addresslatch/output[7]:CLK
  To:                          externenablelatch/output[6]:D
  Delay (ns):                  11.033
  Slack (ns):                  -1.772
  Arrival (ns):                17.049
  Required (ns):               15.277

Path 94
  From:                        addresslatch/output[0]:CLK
  To:                          A2D00reader/parallelholdreg[8]:D
  Delay (ns):                  10.940
  Slack (ns):                  -1.766
  Arrival (ns):                16.956
  Required (ns):               15.190

Path 95
  From:                        addresslatch/output[3]:CLK
  To:                          bitcontrol01latch/output[6]:D
  Delay (ns):                  10.961
  Slack (ns):                  -1.745
  Arrival (ns):                16.986
  Required (ns):               15.241

Path 96
  From:                        addresslatch/output[6]:CLK
  To:                          A2D01reader/parallelholdreg[10]:D
  Delay (ns):                  10.993
  Slack (ns):                  -1.741
  Arrival (ns):                17.018
  Required (ns):               15.277

Path 97
  From:                        addresslatch/output[0]:CLK
  To:                          A2D00reader/parallelholdreg[1]:D
  Delay (ns):                  10.875
  Slack (ns):                  -1.729
  Arrival (ns):                16.891
  Required (ns):               15.162

Path 98
  From:                        addresslatch/output[7]:CLK
  To:                          discretedutycycle01/output[3]:D
  Delay (ns):                  10.977
  Slack (ns):                  -1.725
  Arrival (ns):                16.993
  Required (ns):               15.268

Path 99
  From:                        addresslatch/output[7]:CLK
  To:                          pwmdisable01latch/output[0]:D
  Delay (ns):                  10.931
  Slack (ns):                  -1.724
  Arrival (ns):                16.947
  Required (ns):               15.223

Path 100
  From:                        addresslatch/output[7]:CLK
  To:                          discretedutycycle01/output[11]:D
  Delay (ns):                  10.922
  Slack (ns):                  -1.715
  Arrival (ns):                16.938
  Required (ns):               15.223

