Timing Violation Report Min Delay Analysis

SmartTime Version v11.7 SP1.1
Microsemi Corporation - Microsemi Libero Software Release v11.7 SP1.1 (Version 11.7.1.14)
Date: Thu Jul 27 09:15:03 2017


Design: mainprogram
Family: IGLOO
Die: AGLN250V5
Package: 100 VQFP
Temperature Range: 0 - 70 C
Voltage Range: 1.425 - 1.575 V
Speed Grade: STD
Design State: Post-Layout
Data source: Silicon verified
Min Operating Conditions: BEST - 1.575 V - 0 C
Max Operating Conditions: WORST - 1.425 V - 70 C
Using Enhanced Min Delay Analysis
Scenario for Timing Analysis: Primary


Path 1
  From:                        A2DRead/DataRegU1Ch1c[1]:CLK
  To:                          A2DRead/DataRegU1Ch1d[1]:D
  Delay (ns):                  0.362
  Slack (ns):                  0.098
  Arrival (ns):                2.999
  Required (ns):               2.901

Path 2
  From:                        A2DRead/DataRegU1Ch0l[11]:CLK
  To:                          A2DRead/DataRegU1Ch0m[11]:D
  Delay (ns):                  0.370
  Slack (ns):                  0.152
  Arrival (ns):                3.053
  Required (ns):               2.901

Path 3
  From:                        A2DRead/DataRegU1Ch0i[1]:CLK
  To:                          A2DRead/DataRegU1Ch0j[1]:D
  Delay (ns):                  0.362
  Slack (ns):                  0.176
  Arrival (ns):                3.051
  Required (ns):               2.875

Path 4
  From:                        A2DRead/DataRegU1Ch0k[1]:CLK
  To:                          A2DRead/DataRegU1Ch0l[1]:D
  Delay (ns):                  0.362
  Slack (ns):                  0.176
  Arrival (ns):                3.051
  Required (ns):               2.875

Path 5
  From:                        A2DRead/DataRegU1Ch0o[10]:CLK
  To:                          A2DRead/DataRegU1Ch0p[10]:D
  Delay (ns):                  0.360
  Slack (ns):                  0.211
  Arrival (ns):                3.102
  Required (ns):               2.891

Path 6
  From:                        A2DRead/DataRegU1Ch0i[10]:CLK
  To:                          A2DRead/DataRegU1Ch0j[10]:D
  Delay (ns):                  0.360
  Slack (ns):                  0.211
  Arrival (ns):                3.102
  Required (ns):               2.891

Path 7
  From:                        A2DRead/DataRegU1Ch0d[11]:CLK
  To:                          A2DRead/DataRegU1Ch0e[11]:D
  Delay (ns):                  0.360
  Slack (ns):                  0.211
  Arrival (ns):                3.102
  Required (ns):               2.891

Path 8
  From:                        A2DRead/DataRegU1Ch1g[2]:CLK
  To:                          A2DRead/DataRegU1Ch1h[2]:D
  Delay (ns):                  0.360
  Slack (ns):                  0.211
  Arrival (ns):                3.102
  Required (ns):               2.891

Path 9
  From:                        A2DRead/DataRegU1Ch0f[8]:CLK
  To:                          A2DRead/DataRegU1Ch0g[8]:D
  Delay (ns):                  0.360
  Slack (ns):                  0.211
  Arrival (ns):                3.102
  Required (ns):               2.891

Path 10
  From:                        A2DRead/DataRegU1Ch1h[5]:CLK
  To:                          A2DRead/DataRegU1Ch1i[5]:D
  Delay (ns):                  0.360
  Slack (ns):                  0.218
  Arrival (ns):                3.105
  Required (ns):               2.887

Path 11
  From:                        A2DRead/DataRegU1Ch1b[8]:CLK
  To:                          A2DRead/DataRegU1Ch1c[8]:D
  Delay (ns):                  0.360
  Slack (ns):                  0.218
  Arrival (ns):                3.105
  Required (ns):               2.887

Path 12
  From:                        A2DRead/DataRegU1Ch1a[4]:CLK
  To:                          A2DRead/DataRegU1Ch1b[4]:D
  Delay (ns):                  0.360
  Slack (ns):                  0.218
  Arrival (ns):                3.105
  Required (ns):               2.887

Path 13
  From:                        A2DRead/DataRegU1Ch1a[3]:CLK
  To:                          A2DRead/DataRegU1Ch1b[3]:D
  Delay (ns):                  0.360
  Slack (ns):                  0.218
  Arrival (ns):                3.105
  Required (ns):               2.887

Path 14
  From:                        A2DRead/DataRegU1Ch1n[9]:CLK
  To:                          A2DRead/DataRegU1Ch1o[9]:D
  Delay (ns):                  0.360
  Slack (ns):                  0.218
  Arrival (ns):                3.105
  Required (ns):               2.887

Path 15
  From:                        A2DRead/DataRegU1Ch1c[11]:CLK
  To:                          A2DRead/DataRegU1Ch1d[11]:D
  Delay (ns):                  0.360
  Slack (ns):                  0.218
  Arrival (ns):                3.105
  Required (ns):               2.887

Path 16
  From:                        A2DRead/DataRegU1Ch1l[8]:CLK
  To:                          A2DRead/DataRegU1Ch1m[8]:D
  Delay (ns):                  0.427
  Slack (ns):                  0.220
  Arrival (ns):                3.092
  Required (ns):               2.872

Path 17
  From:                        A2DRead/DataRegU1Ch0e[7]:CLK
  To:                          A2DRead/DataRegU1Ch0f[7]:D
  Delay (ns):                  0.430
  Slack (ns):                  0.223
  Arrival (ns):                3.095
  Required (ns):               2.872

Path 18
  From:                        A2DRead/DataRegU1Ch1h[9]:CLK
  To:                          A2DRead/DataRegU1Ch1i[9]:D
  Delay (ns):                  0.435
  Slack (ns):                  0.228
  Arrival (ns):                3.100
  Required (ns):               2.872

Path 19
  From:                        A2DRead/DataRegU1Ch0[8]:CLK
  To:                          A2DRead/DatHldRegU1Ch0[4]:D
  Delay (ns):                  0.362
  Slack (ns):                  0.228
  Arrival (ns):                2.999
  Required (ns):               2.771

Path 20
  From:                        A2DRead/DataRegU1Ch1e[9]:CLK
  To:                          A2DRead/DataRegU1Ch1f[9]:D
  Delay (ns):                  0.437
  Slack (ns):                  0.230
  Arrival (ns):                3.102
  Required (ns):               2.872

Path 21
  From:                        A2DRead/DataRegU1Ch0i[7]:CLK
  To:                          A2DRead/DataRegU1Ch0j[7]:D
  Delay (ns):                  0.427
  Slack (ns):                  0.241
  Arrival (ns):                3.116
  Required (ns):               2.875

Path 22
  From:                        A2DRead/DataRegU1Ch0e[2]:CLK
  To:                          A2DRead/DataRegU1Ch0f[2]:D
  Delay (ns):                  0.427
  Slack (ns):                  0.241
  Arrival (ns):                3.116
  Required (ns):               2.875

Path 23
  From:                        A2DRead/DataRegU1Ch0c[2]:CLK
  To:                          A2DRead/DataRegU1Ch0d[2]:D
  Delay (ns):                  0.427
  Slack (ns):                  0.241
  Arrival (ns):                3.116
  Required (ns):               2.875

Path 24
  From:                        A2DRead/DataRegU1Ch0l[3]:CLK
  To:                          A2DRead/DataRegU1Ch0m[3]:D
  Delay (ns):                  0.430
  Slack (ns):                  0.244
  Arrival (ns):                3.119
  Required (ns):               2.875

Path 25
  From:                        A2DRead/DataRegU1Ch0l[7]:CLK
  To:                          A2DRead/DataRegU1Ch0m[7]:D
  Delay (ns):                  0.430
  Slack (ns):                  0.244
  Arrival (ns):                3.119
  Required (ns):               2.875

Path 26
  From:                        A2DRead/DataRegU1Ch1[14]:CLK
  To:                          A2DRead/DatHldRegU1Ch1[10]:D
  Delay (ns):                  0.360
  Slack (ns):                  0.245
  Arrival (ns):                3.043
  Required (ns):               2.798

Path 27
  From:                        A2DRead/DataRegU1Ch1m[3]:CLK
  To:                          A2DRead/DataRegU1Ch1n[3]:D
  Delay (ns):                  0.360
  Slack (ns):                  0.246
  Arrival (ns):                3.147
  Required (ns):               2.901

Path 28
  From:                        A2DRead/DataRegU1Ch1d[10]:CLK
  To:                          A2DRead/DataRegU1Ch1e[10]:D
  Delay (ns):                  0.360
  Slack (ns):                  0.250
  Arrival (ns):                3.100
  Required (ns):               2.850

Path 29
  From:                        A2DRead/DataInReg[4]:CLK
  To:                          A2DRead/DataRegU1Ch0a[4]:D
  Delay (ns):                  0.392
  Slack (ns):                  0.250
  Arrival (ns):                3.137
  Required (ns):               2.887

Path 30
  From:                        matrix_read03/data04[2]:CLK
  To:                          matrix_read03/dataOut04[2]:D
  Delay (ns):                  0.368
  Slack (ns):                  0.253
  Arrival (ns):                2.705
  Required (ns):               2.452

Path 31
  From:                        A2DRead/DataRegU1Ch0j[5]:CLK
  To:                          A2DRead/DataRegU1Ch0k[5]:D
  Delay (ns):                  0.362
  Slack (ns):                  0.255
  Arrival (ns):                3.130
  Required (ns):               2.875

Path 32
  From:                        A2DRead/DataRegU1Ch0c[4]:CLK
  To:                          A2DRead/DataRegU1Ch0d[4]:D
  Delay (ns):                  0.362
  Slack (ns):                  0.255
  Arrival (ns):                3.130
  Required (ns):               2.875

Path 33
  From:                        A2DRead/DataRegU1Ch0o[2]:CLK
  To:                          A2DRead/DataRegU1Ch0p[2]:D
  Delay (ns):                  0.362
  Slack (ns):                  0.255
  Arrival (ns):                3.130
  Required (ns):               2.875

Path 34
  From:                        A2DRead/DataRegU1Ch0g[1]:CLK
  To:                          A2DRead/DataRegU1Ch0h[1]:D
  Delay (ns):                  0.362
  Slack (ns):                  0.255
  Arrival (ns):                3.130
  Required (ns):               2.875

Path 35
  From:                        A2DRead/DataRegU1Ch0b[5]:CLK
  To:                          A2DRead/DataRegU1Ch0c[5]:D
  Delay (ns):                  0.362
  Slack (ns):                  0.255
  Arrival (ns):                3.130
  Required (ns):               2.875

Path 36
  From:                        A2DRead/DataRegU1Ch1o[3]:CLK
  To:                          A2DRead/DataRegU1Ch1p[3]:D
  Delay (ns):                  0.360
  Slack (ns):                  0.256
  Arrival (ns):                3.147
  Required (ns):               2.891

Path 37
  From:                        A2DRead/DataRegU1Ch1b[12]:CLK
  To:                          A2DRead/DataRegU1Ch1c[12]:D
  Delay (ns):                  0.360
  Slack (ns):                  0.260
  Arrival (ns):                3.147
  Required (ns):               2.887

Path 38
  From:                        A2DRead/DataRegU1Ch1o[8]:CLK
  To:                          A2DRead/DataRegU1Ch1p[8]:D
  Delay (ns):                  0.360
  Slack (ns):                  0.260
  Arrival (ns):                3.147
  Required (ns):               2.887

Path 39
  From:                        A2DRead/DataRegU1Ch1g[7]:CLK
  To:                          A2DRead/DataRegU1Ch1h[7]:D
  Delay (ns):                  0.360
  Slack (ns):                  0.260
  Arrival (ns):                3.147
  Required (ns):               2.887

Path 40
  From:                        A2DRead/DataRegU1Ch1i[7]:CLK
  To:                          A2DRead/DataRegU1Ch1j[7]:D
  Delay (ns):                  0.360
  Slack (ns):                  0.260
  Arrival (ns):                3.147
  Required (ns):               2.887

Path 41
  From:                        A2DRead/DataRegU1Ch1d[7]:CLK
  To:                          A2DRead/DataRegU1Ch1e[7]:D
  Delay (ns):                  0.360
  Slack (ns):                  0.260
  Arrival (ns):                3.147
  Required (ns):               2.887

Path 42
  From:                        A2DRead/DataRegU1Ch1j[9]:CLK
  To:                          A2DRead/DataRegU1Ch1k[9]:D
  Delay (ns):                  0.425
  Slack (ns):                  0.263
  Arrival (ns):                3.085
  Required (ns):               2.822

Path 43
  From:                        A2DRead/DataRegU1Ch0d[9]:CLK
  To:                          A2DRead/DataRegU1Ch0e[9]:D
  Delay (ns):                  0.362
  Slack (ns):                  0.263
  Arrival (ns):                3.164
  Required (ns):               2.901

Path 44
  From:                        A2DRead/DataRegU1Ch1o[2]:CLK
  To:                          A2DRead/DataRegU1Ch1p[2]:D
  Delay (ns):                  0.362
  Slack (ns):                  0.263
  Arrival (ns):                3.164
  Required (ns):               2.901

Path 45
  From:                        A2DRead/DataRegU1Ch1l[1]:CLK
  To:                          A2DRead/DataRegU1Ch1m[1]:D
  Delay (ns):                  0.362
  Slack (ns):                  0.263
  Arrival (ns):                3.164
  Required (ns):               2.901

Path 46
  From:                        A2DRead/DataRegU1Ch0j[9]:CLK
  To:                          A2DRead/DataRegU1Ch0k[9]:D
  Delay (ns):                  0.362
  Slack (ns):                  0.263
  Arrival (ns):                3.164
  Required (ns):               2.901

Path 47
  From:                        A2DRead/DataRegU1Ch1l[12]:CLK
  To:                          A2DRead/DataRegU1Ch1m[12]:D
  Delay (ns):                  0.426
  Slack (ns):                  0.264
  Arrival (ns):                3.086
  Required (ns):               2.822

Path 48
  From:                        A2DRead/DataRegU1Ch1e[6]:CLK
  To:                          A2DRead/DataRegU1Ch1f[6]:D
  Delay (ns):                  0.426
  Slack (ns):                  0.264
  Arrival (ns):                3.086
  Required (ns):               2.822

Path 49
  From:                        A2DRead/DataRegU1Ch1[12]:CLK
  To:                          A2DRead/DatHldRegU1Ch1[8]:D
  Delay (ns):                  0.360
  Slack (ns):                  0.265
  Arrival (ns):                3.063
  Required (ns):               2.798

Path 50
  From:                        A2DRead/DataRegU1Ch1[13]:CLK
  To:                          A2DRead/DatHldRegU1Ch1[9]:D
  Delay (ns):                  0.360
  Slack (ns):                  0.265
  Arrival (ns):                3.063
  Required (ns):               2.798

Path 51
  From:                        A2DRead/DataRegU1Ch0k[12]:CLK
  To:                          A2DRead/DataRegU1Ch0l[12]:D
  Delay (ns):                  0.360
  Slack (ns):                  0.270
  Arrival (ns):                3.171
  Required (ns):               2.901

Path 52
  From:                        A2DRead/DataRegU1Ch0h[12]:CLK
  To:                          A2DRead/DataRegU1Ch0i[12]:D
  Delay (ns):                  0.360
  Slack (ns):                  0.270
  Arrival (ns):                3.171
  Required (ns):               2.901

Path 53
  From:                        A2DRead/DataRegU1Ch0e[9]:CLK
  To:                          A2DRead/DataRegU1Ch0f[9]:D
  Delay (ns):                  0.360
  Slack (ns):                  0.270
  Arrival (ns):                3.171
  Required (ns):               2.901

Path 54
  From:                        A2DRead/DataRegU1Ch0k[9]:CLK
  To:                          A2DRead/DataRegU1Ch0l[9]:D
  Delay (ns):                  0.360
  Slack (ns):                  0.270
  Arrival (ns):                3.171
  Required (ns):               2.901

Path 55
  From:                        A2DRead/DataRegU1Ch1g[3]:CLK
  To:                          A2DRead/DataRegU1Ch1h[3]:D
  Delay (ns):                  0.360
  Slack (ns):                  0.270
  Arrival (ns):                3.171
  Required (ns):               2.901

Path 56
  From:                        A2DRead/DataRegU1Ch1e[1]:CLK
  To:                          A2DRead/DataRegU1Ch1f[1]:D
  Delay (ns):                  0.360
  Slack (ns):                  0.270
  Arrival (ns):                3.171
  Required (ns):               2.901

Path 57
  From:                        A2DRead/DataRegU1Ch0i[12]:CLK
  To:                          A2DRead/DataRegU1Ch0j[12]:D
  Delay (ns):                  0.360
  Slack (ns):                  0.270
  Arrival (ns):                3.171
  Required (ns):               2.901

Path 58
  From:                        A2DRead/DataRegU1Ch1m[1]:CLK
  To:                          A2DRead/DataRegU1Ch1n[1]:D
  Delay (ns):                  0.360
  Slack (ns):                  0.270
  Arrival (ns):                3.171
  Required (ns):               2.901

Path 59
  From:                        A2DRead/DataRegU1Ch1n[1]:CLK
  To:                          A2DRead/DataRegU1Ch1o[1]:D
  Delay (ns):                  0.360
  Slack (ns):                  0.270
  Arrival (ns):                3.171
  Required (ns):               2.901

Path 60
  From:                        A2DRead/DataRegU1Ch0m[8]:CLK
  To:                          A2DRead/DataRegU1Ch0n[8]:D
  Delay (ns):                  0.360
  Slack (ns):                  0.270
  Arrival (ns):                3.171
  Required (ns):               2.901

Path 61
  From:                        A2DRead/DataRegU1Ch1f[1]:CLK
  To:                          A2DRead/DataRegU1Ch1g[1]:D
  Delay (ns):                  0.360
  Slack (ns):                  0.270
  Arrival (ns):                3.171
  Required (ns):               2.901

Path 62
  From:                        A2DRead/DataRegU1Ch0h[8]:CLK
  To:                          A2DRead/DataRegU1Ch0i[8]:D
  Delay (ns):                  0.360
  Slack (ns):                  0.270
  Arrival (ns):                3.171
  Required (ns):               2.901

Path 63
  From:                        A2DRead/DataRegU1Ch0m[9]:CLK
  To:                          A2DRead/DataRegU1Ch0n[9]:D
  Delay (ns):                  0.360
  Slack (ns):                  0.270
  Arrival (ns):                3.171
  Required (ns):               2.901

Path 64
  From:                        A2DRead/DataRegU1Ch0a[11]:CLK
  To:                          A2DRead/DataRegU1Ch0b[11]:D
  Delay (ns):                  0.360
  Slack (ns):                  0.271
  Arrival (ns):                3.162
  Required (ns):               2.891

Path 65
  From:                        A2DRead/DataRegU1Ch1k[1]:CLK
  To:                          A2DRead/DataRegU1Ch1l[1]:D
  Delay (ns):                  0.360
  Slack (ns):                  0.271
  Arrival (ns):                3.162
  Required (ns):               2.891

Path 66
  From:                        A2DRead/DataRegU1Ch1c[2]:CLK
  To:                          A2DRead/DataRegU1Ch1d[2]:D
  Delay (ns):                  0.360
  Slack (ns):                  0.271
  Arrival (ns):                3.162
  Required (ns):               2.891

Path 67
  From:                        A2DRead/DataRegU1Ch1l[2]:CLK
  To:                          A2DRead/DataRegU1Ch1m[2]:D
  Delay (ns):                  0.360
  Slack (ns):                  0.271
  Arrival (ns):                3.162
  Required (ns):               2.891

Path 68
  From:                        A2DRead/DataRegU1Ch0h[9]:CLK
  To:                          A2DRead/DataRegU1Ch0i[9]:D
  Delay (ns):                  0.360
  Slack (ns):                  0.271
  Arrival (ns):                3.162
  Required (ns):               2.891

Path 69
  From:                        A2DRead/DataRegU1Ch1n[2]:CLK
  To:                          A2DRead/DataRegU1Ch1o[2]:D
  Delay (ns):                  0.360
  Slack (ns):                  0.271
  Arrival (ns):                3.162
  Required (ns):               2.891

Path 70
  From:                        A2DRead/DataRegU1Ch1d[2]:CLK
  To:                          A2DRead/DataRegU1Ch1e[2]:D
  Delay (ns):                  0.360
  Slack (ns):                  0.271
  Arrival (ns):                3.162
  Required (ns):               2.891

Path 71
  From:                        A2DRead/DataRegU1Ch1h[2]:CLK
  To:                          A2DRead/DataRegU1Ch1i[2]:D
  Delay (ns):                  0.360
  Slack (ns):                  0.271
  Arrival (ns):                3.162
  Required (ns):               2.891

Path 72
  From:                        A2DRead/DataRegU1Ch0f[11]:CLK
  To:                          A2DRead/DataRegU1Ch0g[11]:D
  Delay (ns):                  0.360
  Slack (ns):                  0.271
  Arrival (ns):                3.162
  Required (ns):               2.891

Path 73
  From:                        A2DRead/DataRegU1Ch0g[11]:CLK
  To:                          A2DRead/DataRegU1Ch0h[11]:D
  Delay (ns):                  0.360
  Slack (ns):                  0.271
  Arrival (ns):                3.162
  Required (ns):               2.891

Path 74
  From:                        A2DRead/DataRegU1Ch0i[9]:CLK
  To:                          A2DRead/DataRegU1Ch0j[9]:D
  Delay (ns):                  0.360
  Slack (ns):                  0.271
  Arrival (ns):                3.162
  Required (ns):               2.891

Path 75
  From:                        A2DRead/DataRegU1Ch1k[2]:CLK
  To:                          A2DRead/DataRegU1Ch1l[2]:D
  Delay (ns):                  0.360
  Slack (ns):                  0.271
  Arrival (ns):                3.162
  Required (ns):               2.891

Path 76
  From:                        A2DRead/DataRegU1Ch0c[9]:CLK
  To:                          A2DRead/DataRegU1Ch0d[9]:D
  Delay (ns):                  0.360
  Slack (ns):                  0.271
  Arrival (ns):                3.162
  Required (ns):               2.891

Path 77
  From:                        A2DRead/DataRegU1Ch1[16]:CLK
  To:                          A2DRead/DatHldRegU1Ch1[12]:D
  Delay (ns):                  0.360
  Slack (ns):                  0.271
  Arrival (ns):                3.162
  Required (ns):               2.891

Path 78
  From:                        A2DRead/DataRegU1Ch0j[10]:CLK
  To:                          A2DRead/DataRegU1Ch0k[10]:D
  Delay (ns):                  0.360
  Slack (ns):                  0.271
  Arrival (ns):                3.162
  Required (ns):               2.891

Path 79
  From:                        A2DRead/DataRegU1Ch0l[9]:CLK
  To:                          A2DRead/DataRegU1Ch0m[9]:D
  Delay (ns):                  0.362
  Slack (ns):                  0.272
  Arrival (ns):                3.173
  Required (ns):               2.901

Path 80
  From:                        A2DRead/DataRegU1Ch1h[3]:CLK
  To:                          A2DRead/DataRegU1Ch1i[3]:D
  Delay (ns):                  0.362
  Slack (ns):                  0.272
  Arrival (ns):                3.173
  Required (ns):               2.901

Path 81
  From:                        A2DRead/DataRegU1Ch1o[7]:CLK
  To:                          A2DRead/DataRegU1Ch1p[7]:D
  Delay (ns):                  0.360
  Slack (ns):                  0.272
  Arrival (ns):                3.159
  Required (ns):               2.887

Path 82
  From:                        A2DRead/DataRegU1Ch0o[8]:CLK
  To:                          A2DRead/DataRegU1Ch0p[8]:D
  Delay (ns):                  0.362
  Slack (ns):                  0.272
  Arrival (ns):                3.173
  Required (ns):               2.901

Path 83
  From:                        A2DRead/DataRegU1Ch1o[1]:CLK
  To:                          A2DRead/DataRegU1Ch1p[1]:D
  Delay (ns):                  0.362
  Slack (ns):                  0.272
  Arrival (ns):                3.173
  Required (ns):               2.901

Path 84
  From:                        A2DRead/DataRegU1Ch1b[5]:CLK
  To:                          A2DRead/DataRegU1Ch1c[5]:D
  Delay (ns):                  0.360
  Slack (ns):                  0.272
  Arrival (ns):                3.159
  Required (ns):               2.887

Path 85
  From:                        A2DRead/DataRegU1Ch1l[7]:CLK
  To:                          A2DRead/DataRegU1Ch1m[7]:D
  Delay (ns):                  0.360
  Slack (ns):                  0.272
  Arrival (ns):                3.159
  Required (ns):               2.887

Path 86
  From:                        A2DRead/DataRegU1Ch1c[12]:CLK
  To:                          A2DRead/DataRegU1Ch1d[12]:D
  Delay (ns):                  0.360
  Slack (ns):                  0.272
  Arrival (ns):                3.159
  Required (ns):               2.887

Path 87
  From:                        A2DRead/DataRegU1Ch0j[12]:CLK
  To:                          A2DRead/DataRegU1Ch0k[12]:D
  Delay (ns):                  0.362
  Slack (ns):                  0.272
  Arrival (ns):                3.173
  Required (ns):               2.901

Path 88
  From:                        A2DRead/DataRegU1Ch0k[8]:CLK
  To:                          A2DRead/DataRegU1Ch0l[8]:D
  Delay (ns):                  0.362
  Slack (ns):                  0.272
  Arrival (ns):                3.173
  Required (ns):               2.901

Path 89
  From:                        A2DRead/DataRegU1Ch0o[11]:CLK
  To:                          A2DRead/DataRegU1Ch0p[11]:D
  Delay (ns):                  0.362
  Slack (ns):                  0.272
  Arrival (ns):                3.173
  Required (ns):               2.901

Path 90
  From:                        A2DRead/DataRegU1Ch0o[9]:CLK
  To:                          A2DRead/DataRegU1Ch0p[9]:D
  Delay (ns):                  0.362
  Slack (ns):                  0.272
  Arrival (ns):                3.173
  Required (ns):               2.901

Path 91
  From:                        A2DRead/DataRegU1Ch0i[8]:CLK
  To:                          A2DRead/DataRegU1Ch0j[8]:D
  Delay (ns):                  0.362
  Slack (ns):                  0.272
  Arrival (ns):                3.173
  Required (ns):               2.901

Path 92
  From:                        A2DRead/DataRegU1Ch1d[1]:CLK
  To:                          A2DRead/DataRegU1Ch1e[1]:D
  Delay (ns):                  0.362
  Slack (ns):                  0.272
  Arrival (ns):                3.173
  Required (ns):               2.901

Path 93
  From:                        A2DRead/DataRegU1Ch1h[4]:CLK
  To:                          A2DRead/DataRegU1Ch1i[4]:D
  Delay (ns):                  0.360
  Slack (ns):                  0.272
  Arrival (ns):                3.159
  Required (ns):               2.887

Path 94
  From:                        A2DRead/DataRegU1Ch0n[9]:CLK
  To:                          A2DRead/DataRegU1Ch0o[9]:D
  Delay (ns):                  0.362
  Slack (ns):                  0.272
  Arrival (ns):                3.173
  Required (ns):               2.901

Path 95
  From:                        A2DRead/DataRegU1Ch1e[8]:CLK
  To:                          A2DRead/DataRegU1Ch1f[8]:D
  Delay (ns):                  0.360
  Slack (ns):                  0.272
  Arrival (ns):                3.159
  Required (ns):               2.887

Path 96
  From:                        A2DRead/DataRegU1Ch1o[9]:CLK
  To:                          A2DRead/DataRegU1Ch1p[9]:D
  Delay (ns):                  0.360
  Slack (ns):                  0.272
  Arrival (ns):                3.159
  Required (ns):               2.887

Path 97
  From:                        A2DRead/DataRegU1Ch1a[1]:CLK
  To:                          A2DRead/DataRegU1Ch1b[1]:D
  Delay (ns):                  0.362
  Slack (ns):                  0.272
  Arrival (ns):                3.173
  Required (ns):               2.901

Path 98
  From:                        A2DRead/DataRegU1Ch0n[8]:CLK
  To:                          A2DRead/DataRegU1Ch0o[8]:D
  Delay (ns):                  0.362
  Slack (ns):                  0.272
  Arrival (ns):                3.173
  Required (ns):               2.901

Path 99
  From:                        A2DRead/DataRegU1Ch1f[3]:CLK
  To:                          A2DRead/DataRegU1Ch1g[3]:D
  Delay (ns):                  0.362
  Slack (ns):                  0.272
  Arrival (ns):                3.173
  Required (ns):               2.901

Path 100
  From:                        A2DRead/DataRegU1Ch0j[8]:CLK
  To:                          A2DRead/DataRegU1Ch0k[8]:D
  Delay (ns):                  0.362
  Slack (ns):                  0.272
  Arrival (ns):                3.173
  Required (ns):               2.901

