Timing Report Max Delay Analysis

SmartTime Version v11.7 SP1.1
Microsemi Corporation - Microsemi Libero Software Release v11.7 SP1.1 (Version 11.7.1.14)
Date: Thu Jul 27 09:16:29 2017


Design: mainprogram
Family: IGLOO
Die: AGLN250V5
Package: 100 VQFP
Temperature Range: 0 - 70 C
Voltage Range: 1.425 - 1.575 V
Speed Grade: STD
Design State: Post-Layout
Data source: Silicon verified
Min Operating Conditions: BEST - 1.575 V - 0 C
Max Operating Conditions: WORST - 1.425 V - 70 C
Using Enhanced Min Delay Analysis
Scenario for Timing Analysis: Primary


-----------------------------------------------------
SUMMARY

Clock Domain:               SerialClock
Period (ns):                9.421
Frequency (MHz):            106.146
Required Period (ns):       N/A
Required Frequency (MHz):   N/A
External Setup (ns):        12.864
External Hold (ns):         -1.394
Min Clock-To-Out (ns):      N/A
Max Clock-To-Out (ns):      N/A

Clock Domain:               XCLK
Period (ns):                11.298
Frequency (MHz):            88.511
Required Period (ns):       5.000
Required Frequency (MHz):   200.000
External Setup (ns):        12.081
External Hold (ns):         -2.171
Min Clock-To-Out (ns):      N/A
Max Clock-To-Out (ns):      N/A

Clock Domain:               clock_master/counter[0]:Q
Period (ns):                13.361
Frequency (MHz):            74.845
Required Period (ns):       10.000
Required Frequency (MHz):   100.000
External Setup (ns):        13.862
External Hold (ns):         0.210
Min Clock-To-Out (ns):      5.139
Max Clock-To-Out (ns):      15.862

Clock Domain:               clock_master/counter[1]:Q
Period (ns):                11.821
Frequency (MHz):            84.595
Required Period (ns):       20.000
Required Frequency (MHz):   50.000
External Setup (ns):        1.904
External Hold (ns):         1.150
Min Clock-To-Out (ns):      5.290
Max Clock-To-Out (ns):      13.418

Clock Domain:               clock_master/counter[2]:Q
Period (ns):                10.422
Frequency (MHz):            95.951
Required Period (ns):       40.000
Required Frequency (MHz):   25.000
External Setup (ns):        6.940
External Hold (ns):         1.808
Min Clock-To-Out (ns):      3.613
Max Clock-To-Out (ns):      12.199

Clock Domain:               clock_master/counter[7]:Q
Period (ns):                33.074
Frequency (MHz):            30.235
Required Period (ns):       320.000
Required Frequency (MHz):   3.125
External Setup (ns):        22.338
External Hold (ns):         1.702
Min Clock-To-Out (ns):      4.963
Max Clock-To-Out (ns):      19.349

                            Input to Output
Min Delay (ns):             N/A
Max Delay (ns):             N/A

END SUMMARY
-----------------------------------------------------

Clock Domain SerialClock

SET Register to Register

Path 1
  From:                        discretedutycycle01/cellindex[3]:CLK
  To:                          discretedutycycle01/paralleldata[4]:D
  Delay (ns):                  8.612
  Slack (ns):
  Arrival (ns):                11.063
  Required (ns):
  Setup (ns):                  0.757
  Minimum Period (ns):         9.421

Path 2
  From:                        pwmdisable01latch/cellindex[1]:CLK
  To:                          pwmdisable01latch/paralleldata[7]:D
  Delay (ns):                  8.618
  Slack (ns):
  Arrival (ns):                11.047
  Required (ns):
  Setup (ns):                  0.757
  Minimum Period (ns):         9.360

Path 3
  From:                        discretedutycycle01/cellindex[2]:CLK
  To:                          discretedutycycle01/paralleldata[11]:D
  Delay (ns):                  8.324
  Slack (ns):
  Arrival (ns):                10.769
  Required (ns):
  Setup (ns):                  0.757
  Minimum Period (ns):         9.075

Path 4
  From:                        bitcontrol01latch/cellindex[2]:CLK
  To:                          bitcontrol01latch/paralleldata[7]:D
  Delay (ns):                  8.234
  Slack (ns):
  Arrival (ns):                10.647
  Required (ns):
  Setup (ns):                  0.808
  Minimum Period (ns):         9.003

Path 5
  From:                        discretedutycycle01/cellindex[3]:CLK
  To:                          discretedutycycle01/paralleldata[6]:D
  Delay (ns):                  8.122
  Slack (ns):
  Arrival (ns):                10.573
  Required (ns):
  Setup (ns):                  0.757
  Minimum Period (ns):         8.931


Expanded Path 1
  From: discretedutycycle01/cellindex[3]:CLK
  To: discretedutycycle01/paralleldata[4]:D
  data required time                             N/C
  data arrival time                          -   11.063
  slack                                          N/C
  ________________________________________________________
  Data arrival time calculation
  0.000                        SerialClock
               +     0.000          Clock source
  0.000                        SerialClock (r)
               +     0.000          net: SerialClock
  0.000                        SerialClock_pad/U0/U0:PAD (r)
               +     1.158          cell: ADLIB:IOPAD_IN
  1.158                        SerialClock_pad/U0/U0:Y (r)
               +     0.000          net: SerialClock_pad/U0/NET1
  1.158                        SerialClock_pad/U0/U1:A (r)
               +     0.636          cell: ADLIB:CLKIO
  1.794                        SerialClock_pad/U0/U1:Y (r)
               +     0.657          net: SerialClock_c
  2.451                        discretedutycycle01/cellindex[3]:CLK (r)
               +     0.886          cell: ADLIB:DFN1E0
  3.337                        discretedutycycle01/cellindex[3]:Q (f)
               +     1.952          net: discretedutycycle01/cellindex[3]
  5.289                        discretedutycycle01/cellindex_RNILCOL_0[3]:B (f)
               +     0.982          cell: ADLIB:NOR2A
  6.271                        discretedutycycle01/cellindex_RNILCOL_0[3]:Y (r)
               +     1.426          net: discretedutycycle01/un1_paralleldata_2[7]
  7.697                        discretedutycycle01/paralleldata_RNO_1[4]:C (r)
               +     1.354          cell: ADLIB:NOR3C
  9.051                        discretedutycycle01/paralleldata_RNO_1[4]:Y (r)
               +     0.244          net: discretedutycycle01/N_131
  9.295                        discretedutycycle01/paralleldata_RNO_0[4]:S (r)
               +     0.500          cell: ADLIB:MX2
  9.795                        discretedutycycle01/paralleldata_RNO_0[4]:Y (f)
               +     0.228          net: discretedutycycle01/N_131_mux
  10.023                       discretedutycycle01/paralleldata_RNO[4]:A (f)
               +     0.783          cell: ADLIB:NOR2A
  10.806                       discretedutycycle01/paralleldata_RNO[4]:Y (f)
               +     0.257          net: discretedutycycle01/paralleldata_RNO_3[4]
  11.063                       discretedutycycle01/paralleldata[4]:D (f)
                                    
  11.063                       data arrival time
  ________________________________________________________
  Data required time calculation
  N/C                          SerialClock
               +     0.000          Clock source
  N/C                          SerialClock (r)
               +     0.000          net: SerialClock
  N/C                          SerialClock_pad/U0/U0:PAD (r)
               +     1.158          cell: ADLIB:IOPAD_IN
  N/C                          SerialClock_pad/U0/U0:Y (r)
               +     0.000          net: SerialClock_pad/U0/NET1
  N/C                          SerialClock_pad/U0/U1:A (r)
               +     0.636          cell: ADLIB:CLKIO
  N/C                          SerialClock_pad/U0/U1:Y (r)
               +     0.605          net: SerialClock_c
  N/C                          discretedutycycle01/paralleldata[4]:CLK (r)
               -     0.757          Library setup time: ADLIB:DFN1
  N/C                          discretedutycycle01/paralleldata[4]:D


END SET Register to Register

----------------------------------------------------

SET External Setup

Path 1
  From:                        SerialLoad
  To:                          externenablelatch/paralleldata[6]:D
  Delay (ns):                  14.552
  Slack (ns):
  Arrival (ns):                14.552
  Required (ns):
  Setup (ns):                  0.757
  External Setup (ns):         12.864

Path 2
  From:                        SerialLoad
  To:                          externenablelatch/paralleldata[0]:D
  Delay (ns):                  13.886
  Slack (ns):
  Arrival (ns):                13.886
  Required (ns):
  Setup (ns):                  0.757
  External Setup (ns):         12.197

Path 3
  From:                        SerialLoad
  To:                          externenablelatch/paralleldata[3]:D
  Delay (ns):                  13.423
  Slack (ns):
  Arrival (ns):                13.423
  Required (ns):
  Setup (ns):                  0.757
  External Setup (ns):         11.751

Path 4
  From:                        SerialLoad
  To:                          externenablelatch/paralleldata[1]:D
  Delay (ns):                  13.356
  Slack (ns):
  Arrival (ns):                13.356
  Required (ns):
  Setup (ns):                  0.757
  External Setup (ns):         11.700

Path 5
  From:                        SerialLoad
  To:                          externenablelatch/paralleldata[2]:D
  Delay (ns):                  13.246
  Slack (ns):
  Arrival (ns):                13.246
  Required (ns):
  Setup (ns):                  0.757
  External Setup (ns):         11.587


Expanded Path 1
  From: SerialLoad
  To: externenablelatch/paralleldata[6]:D
  data required time                             N/C
  data arrival time                          -   14.552
  slack                                          N/C
  ________________________________________________________
  Data arrival time calculation
  0.000                        SerialLoad (f)
               +     0.000          net: SerialLoad
  0.000                        SerialLoad_pad/U0/U0:PAD (f)
               +     1.075          cell: ADLIB:IOPAD_IN
  1.075                        SerialLoad_pad/U0/U0:Y (f)
               +     0.000          net: SerialLoad_pad/U0/NET1
  1.075                        SerialLoad_pad/U0/U1:YIN (f)
               +     0.184          cell: ADLIB:IOIN_IB
  1.259                        SerialLoad_pad/U0/U1:Y (f)
               +     2.787          net: SerialLoad_pad
  4.046                        SerialLoad_pad_RNIK82F:A (f)
               +     1.294          cell: ADLIB:CLKINT
  5.340                        SerialLoad_pad_RNIK82F:Y (f)
               +     0.718          net: SerialLoad_c
  6.058                        externenablelatch/output_0_sqmuxa:B (f)
               +     0.465          cell: ADLIB:NOR2A
  6.523                        externenablelatch/output_0_sqmuxa:Y (r)
               +     2.564          net: externenablelatch/output_0_sqmuxa
  9.087                        externenablelatch/cellindex_RNIH1BG1[2]:A (r)
               +     0.628          cell: ADLIB:NOR2B
  9.715                        externenablelatch/cellindex_RNIH1BG1[2]:Y (r)
               +     0.394          net: externenablelatch/paralleldata_0_e_0[5]
  10.109                       externenablelatch/paralleldata_RNO_1[6]:B (r)
               +     1.040          cell: ADLIB:NOR3B
  11.149                       externenablelatch/paralleldata_RNO_1[6]:Y (r)
               +     1.539          net: externenablelatch/N_98
  12.688                       externenablelatch/paralleldata_RNO_0[6]:S (r)
               +     0.596          cell: ADLIB:MX2
  13.284                       externenablelatch/paralleldata_RNO_0[6]:Y (f)
               +     0.228          net: externenablelatch/N_98_mux
  13.512                       externenablelatch/paralleldata_RNO[6]:A (f)
               +     0.783          cell: ADLIB:NOR2A
  14.295                       externenablelatch/paralleldata_RNO[6]:Y (f)
               +     0.257          net: externenablelatch/paralleldata_RNO_0[6]
  14.552                       externenablelatch/paralleldata[6]:D (f)
                                    
  14.552                       data arrival time
  ________________________________________________________
  Data required time calculation
  N/C                          SerialClock
               +     0.000          Clock source
  N/C                          SerialClock (r)
               +     0.000          net: SerialClock
  N/C                          SerialClock_pad/U0/U0:PAD (r)
               +     1.158          cell: ADLIB:IOPAD_IN
  N/C                          SerialClock_pad/U0/U0:Y (r)
               +     0.000          net: SerialClock_pad/U0/NET1
  N/C                          SerialClock_pad/U0/U1:A (r)
               +     0.636          cell: ADLIB:CLKIO
  N/C                          SerialClock_pad/U0/U1:Y (r)
               +     0.651          net: SerialClock_c
  N/C                          externenablelatch/paralleldata[6]:CLK (r)
               -     0.757          Library setup time: ADLIB:DFN1
  N/C                          externenablelatch/paralleldata[6]:D


END SET External Setup

----------------------------------------------------

SET Clock to Output

No Path

END SET Clock to Output

----------------------------------------------------

SET Register to Asynchronous

No Path

END SET Register to Asynchronous

----------------------------------------------------

SET External Recovery

No Path

END SET External Recovery

----------------------------------------------------

SET Asynchronous to Register

No Path

END SET Asynchronous to Register

----------------------------------------------------

Clock Domain XCLK

SET Register to Register

Path 1
  From:                        clock_master/counter[2]:CLK
  To:                          clock_master/counter[4]:D
  Delay (ns):                  10.741
  Slack (ns):                  -6.298
  Arrival (ns):                12.558
  Required (ns):               6.260
  Setup (ns):                  0.784
  Minimum Period (ns):         11.298

Path 2
  From:                        clock_master/counter[0]:CLK
  To:                          clock_master/counter[4]:D
  Delay (ns):                  9.620
  Slack (ns):                  -5.599
  Arrival (ns):                11.859
  Required (ns):               6.260
  Setup (ns):                  0.784
  Minimum Period (ns):         10.599

Path 3
  From:                        clock_master/counter[0]:CLK
  To:                          clock_master/counter[7]:D
  Delay (ns):                  10.487
  Slack (ns):                  -5.534
  Arrival (ns):                12.726
  Required (ns):               7.192
  Setup (ns):                  0.784
  Minimum Period (ns):         10.534

Path 4
  From:                        clock_master/counter[2]:CLK
  To:                          clock_master/counter[7]:D
  Delay (ns):                  10.893
  Slack (ns):                  -5.518
  Arrival (ns):                12.710
  Required (ns):               7.192
  Setup (ns):                  0.784
  Minimum Period (ns):         10.518

Path 5
  From:                        clock_master/counter[2]:CLK
  To:                          clock_master/counter[5]:D
  Delay (ns):                  9.767
  Slack (ns):                  -5.122
  Arrival (ns):                11.584
  Required (ns):               6.462
  Setup (ns):                  0.784
  Minimum Period (ns):         10.122


Expanded Path 1
  From: clock_master/counter[2]:CLK
  To: clock_master/counter[4]:D
  data required time                             6.260
  data arrival time                          -   12.558
  slack                                          -6.298
  ________________________________________________________
  Data arrival time calculation
  0.000                        XCLK
               +     0.000          Clock source
  0.000                        XCLK (r)
               +     0.000          net: XCLK
  0.000                        XCLK_pad/U0/U0:PAD (r)
               +     0.862          cell: ADLIB:IOPAD_IN
  0.862                        XCLK_pad/U0/U0:Y (r)
               +     0.000          net: XCLK_pad/U0/NET1
  0.862                        XCLK_pad/U0/U1:YIN (r)
               +     0.188          cell: ADLIB:IOIN_IB
  1.050                        XCLK_pad/U0/U1:Y (r)
               +     0.767          net: XCLK_c
  1.817                        clock_master/counter[2]:CLK (r)
               +     0.797          cell: ADLIB:DFN1
  2.614                        clock_master/counter[2]:Q (f)
               +     1.242          net: clock_master/counter_i[2]
  3.856                        clock_master/counter_RNIFBO8[2]:A (f)
               +     1.294          cell: ADLIB:CLKINT
  5.150                        clock_master/counter_RNIFBO8[2]:Y (f)
               +     0.535          net: Clock03
  5.685                        clock_master/counter_4_I_5:A (f)
               +     0.647          cell: ADLIB:AND2
  6.332                        clock_master/counter_4_I_5:Y (f)
               +     0.938          net: clock_master/DWACT_ADD_CI_0_g_array_0_2[0]
  7.270                        clock_master/counter_4_I_37:A (f)
               +     0.547          cell: ADLIB:NOR2B
  7.817                        clock_master/counter_4_I_37:Y (f)
               +     0.257          net: clock_master/DWACT_ADD_CI_0_g_array_1_1[0]
  8.074                        clock_master/counter_4_I_38:C (f)
               +     0.785          cell: ADLIB:AO1
  8.859                        clock_master/counter_4_I_38:Y (f)
               +     0.916          net: clock_master/DWACT_ADD_CI_0_g_array_2[0]
  9.775                        clock_master/counter_4_I_30:B (f)
               +     1.510          cell: ADLIB:XOR2
  11.285                       clock_master/counter_4_I_30:Y (r)
               +     1.273          net: clock_master/counter_4[4]
  12.558                       clock_master/counter[4]:D (r)
                                    
  12.558                       data arrival time
  ________________________________________________________
  Data required time calculation
  5.000                        XCLK
               +     0.000          Clock source
  5.000                        XCLK (r)
               +     0.000          net: XCLK
  5.000                        XCLK_pad/U0/U0:PAD (r)
               +     0.862          cell: ADLIB:IOPAD_IN
  5.862                        XCLK_pad/U0/U0:Y (r)
               +     0.000          net: XCLK_pad/U0/NET1
  5.862                        XCLK_pad/U0/U1:YIN (r)
               +     0.188          cell: ADLIB:IOIN_IB
  6.050                        XCLK_pad/U0/U1:Y (r)
               +     0.994          net: XCLK_c
  7.044                        clock_master/counter[4]:CLK (r)
               -     0.784          Library setup time: ADLIB:DFN1
  6.260                        clock_master/counter[4]:D
                                    
  6.260                        data required time


END SET Register to Register

----------------------------------------------------

SET External Setup

Path 1
  From:                        LogicReset
  To:                          clock_master/counter[7]:D
  Delay (ns):                  14.273
  Slack (ns):
  Arrival (ns):                14.273
  Required (ns):
  Setup (ns):                  0.784
  External Setup (ns):         12.081

Path 2
  From:                        LogicReset
  To:                          clock_master/counter[4]:D
  Delay (ns):                  12.927
  Slack (ns):
  Arrival (ns):                12.927
  Required (ns):
  Setup (ns):                  0.784
  External Setup (ns):         11.667

Path 3
  From:                        LogicReset
  To:                          clock_master/counter[5]:D
  Delay (ns):                  11.935
  Slack (ns):
  Arrival (ns):                11.935
  Required (ns):
  Setup (ns):                  0.836
  External Setup (ns):         10.525

Path 4
  From:                        LogicReset
  To:                          clock_master/counter[2]:D
  Delay (ns):                  11.183
  Slack (ns):
  Arrival (ns):                11.183
  Required (ns):
  Setup (ns):                  0.836
  External Setup (ns):         10.202

Path 5
  From:                        LogicReset
  To:                          clock_master/counter[6]:D
  Delay (ns):                  11.935
  Slack (ns):
  Arrival (ns):                11.935
  Required (ns):
  Setup (ns):                  0.836
  External Setup (ns):         10.102


Expanded Path 1
  From: LogicReset
  To: clock_master/counter[7]:D
  data required time                             N/C
  data arrival time                          -   14.273
  slack                                          N/C
  ________________________________________________________
  Data arrival time calculation
  0.000                        LogicReset (f)
               +     0.000          net: LogicReset
  0.000                        LogicReset_pad/U0/U0:PAD (f)
               +     0.578          cell: ADLIB:IOPAD_IN
  0.578                        LogicReset_pad/U0/U0:Y (f)
               +     0.000          net: LogicReset_pad/U0/NET1
  0.578                        LogicReset_pad/U0/U1:YIN (f)
               +     0.184          cell: ADLIB:IOIN_IB
  0.762                        LogicReset_pad/U0/U1:Y (f)
               +     2.783          net: LogicReset_pad
  3.545                        LogicReset_pad_RNI5AOB:A (f)
               +     1.294          cell: ADLIB:CLKINT
  4.839                        LogicReset_pad_RNI5AOB:Y (f)
               +     0.763          net: LogicReset_c
  5.602                        clock_master/counter_8_I_12:B (f)
               +     1.263          cell: ADLIB:XOR2
  6.865                        clock_master/counter_8_I_12:Y (r)
               +     0.909          net: clock_master/DWACT_ADD_CI_0_pog_array_0[0]
  7.774                        clock_master/counter_8_I_36:A (r)
               +     0.731          cell: ADLIB:AO1
  8.505                        clock_master/counter_8_I_36:Y (r)
               +     0.260          net: clock_master/DWACT_ADD_CI_0_g_array_1[0]
  8.765                        clock_master/counter_8_I_35:B (r)
               +     0.727          cell: ADLIB:AO1
  9.492                        clock_master/counter_8_I_35:Y (r)
               +     1.034          net: clock_master/DWACT_ADD_CI_0_g_array_2_0[0]
  10.526                       clock_master/counter_8_I_44:A (r)
               +     0.879          cell: ADLIB:NOR3C
  11.405                       clock_master/counter_8_I_44:Y (r)
               +     0.931          net: clock_master/DWACT_ADD_CI_0_g_array_12_2[0]
  12.336                       clock_master/counter_8_I_34:B (r)
               +     0.964          cell: ADLIB:XOR2
  13.300                       clock_master/counter_8_I_34:Y (r)
               +     0.973          net: clock_master/counter_4_3_0[7]
  14.273                       clock_master/counter[7]:D (r)
                                    
  14.273                       data arrival time
  ________________________________________________________
  Data required time calculation
  N/C                          XCLK
               +     0.000          Clock source
  N/C                          XCLK (r)
               +     0.000          net: XCLK
  N/C                          XCLK_pad/U0/U0:PAD (r)
               +     0.862          cell: ADLIB:IOPAD_IN
  N/C                          XCLK_pad/U0/U0:Y (r)
               +     0.000          net: XCLK_pad/U0/NET1
  N/C                          XCLK_pad/U0/U1:YIN (r)
               +     0.188          cell: ADLIB:IOIN_IB
  N/C                          XCLK_pad/U0/U1:Y (r)
               +     1.926          net: XCLK_c
  N/C                          clock_master/counter[7]:CLK (r)
               -     0.784          Library setup time: ADLIB:DFN1
  N/C                          clock_master/counter[7]:D


END SET External Setup

----------------------------------------------------

SET Clock to Output

No Path

END SET Clock to Output

----------------------------------------------------

SET Register to Asynchronous

No Path

END SET Register to Asynchronous

----------------------------------------------------

SET External Recovery

No Path

END SET External Recovery

----------------------------------------------------

SET Asynchronous to Register

No Path

END SET Asynchronous to Register

----------------------------------------------------

Clock Domain clock_master/counter[0]:Q

SET Register to Register

Path 1
  From:                        addresslatch/output[1]:CLK
  To:                          ioBank63reader/parallelholdreg[0]:D
  Delay (ns):                  12.717
  Slack (ns):                  -3.361
  Arrival (ns):                18.705
  Required (ns):               15.344
  Setup (ns):                  0.757
  Minimum Period (ns):         13.361

Path 2
  From:                        addresslatch/output[6]:CLK
  To:                          ioBank61reader/parallelholdreg[3]:D
  Delay (ns):                  12.489
  Slack (ns):                  -3.247
  Arrival (ns):                18.478
  Required (ns):               15.231
  Setup (ns):                  0.757
  Minimum Period (ns):         13.247

Path 3
  From:                        addresslatch/output[1]:CLK
  To:                          ioBank63reader/parallelholdreg[2]:D
  Delay (ns):                  12.210
  Slack (ns):                  -2.966
  Arrival (ns):                18.198
  Required (ns):               15.232
  Setup (ns):                  0.757
  Minimum Period (ns):         12.966

Path 4
  From:                        addresslatch/output[1]:CLK
  To:                          ioBank63reader/parallelholdreg[1]:D
  Delay (ns):                  12.318
  Slack (ns):                  -2.962
  Arrival (ns):                18.306
  Required (ns):               15.344
  Setup (ns):                  0.757
  Minimum Period (ns):         12.962

Path 5
  From:                        addresslatch/output[0]:CLK
  To:                          ioBank63reader/parallelholdreg[0]:D
  Delay (ns):                  12.188
  Slack (ns):                  -2.832
  Arrival (ns):                18.176
  Required (ns):               15.344
  Setup (ns):                  0.757
  Minimum Period (ns):         12.832


Expanded Path 1
  From: addresslatch/output[1]:CLK
  To: ioBank63reader/parallelholdreg[0]:D
  data required time                             15.344
  data arrival time                          -   18.705
  slack                                          -3.361
  ________________________________________________________
  Data arrival time calculation
  0.000                        clock_master/counter[0]:Q
               +     0.000          Clock source
  0.000                        clock_master/counter[0]:Q (r)
               +     2.856          Clock generation
  2.856
               +     1.218          net: clock_master/counter_i[0]
  4.074                        clock_master/counter_RNID9O8[0]:A (r)
               +     1.197          cell: ADLIB:CLKINT
  5.271                        clock_master/counter_RNID9O8[0]:Y (r)
               +     0.717          net: Clock01
  5.988                        addresslatch/output[1]:CLK (r)
               +     0.886          cell: ADLIB:DFN1
  6.874                        addresslatch/output[1]:Q (f)
               +     2.427          net: internaddr[1]
  9.301                        ioBank63reader/parallelholdreg_0_sqmuxa_2:A (f)
               +     0.598          cell: ADLIB:NOR2B
  9.899                        ioBank63reader/parallelholdreg_0_sqmuxa_2:Y (f)
               +     1.960          net: firmware_N_75
  11.859                       ioBank63reader/parallelholdreg_0_sqmuxa_4:B (f)
               +     1.000          cell: ADLIB:NOR3B
  12.859                       ioBank63reader/parallelholdreg_0_sqmuxa_4:Y (f)
               +     0.250          net: ioBank63reader/parallelholdreg_0_sqmuxa_4
  13.109                       ioBank63reader/cellindex_RNI83741[1]:B (f)
               +     0.700          cell: ADLIB:NOR3B
  13.809                       ioBank63reader/cellindex_RNI83741[1]:Y (f)
               +     0.225          net: ioBank63reader/parallelholdreg_0_sqmuxa_5
  14.034                       ioBank63reader/cellindex_RNIL69R1[1]:A (f)
               +     1.267          cell: ADLIB:AOI1
  15.301                       ioBank63reader/cellindex_RNIL69R1[1]:Y (r)
               +     0.429          net: ioBank63reader/parallelholdreg_1_sqmuxa
  15.730                       ioBank63reader/parallelholdreg_RNO_0[0]:S (r)
               +     0.524          cell: ADLIB:MX2
  16.254                       ioBank63reader/parallelholdreg_RNO_0[0]:Y (f)
               +     0.238          net: ioBank63reader/N_23
  16.492                       ioBank63reader/parallelholdreg_RNO[0]:A (f)
               +     0.624          cell: ADLIB:OR2
  17.116                       ioBank63reader/parallelholdreg_RNO[0]:Y (f)
               +     1.589          net: ioBank63reader/parallelholdreg_RNO_4[0]
  18.705                       ioBank63reader/parallelholdreg[0]:D (f)
                                    
  18.705                       data arrival time
  ________________________________________________________
  Data required time calculation
  10.000                       clock_master/counter[0]:Q
               +     0.000          Clock source
  10.000                       clock_master/counter[0]:Q (r)
               +     2.856          Clock generation
  12.856
               +     1.218          net: clock_master/counter_i[0]
  14.074                       clock_master/counter_RNID9O8[0]:A (r)
               +     1.197          cell: ADLIB:CLKINT
  15.271                       clock_master/counter_RNID9O8[0]:Y (r)
               +     0.830          net: Clock01
  16.101                       ioBank63reader/parallelholdreg[0]:CLK (r)
               -     0.757          Library setup time: ADLIB:DFN1
  15.344                       ioBank63reader/parallelholdreg[0]:D
                                    
  15.344                       data required time


END SET Register to Register

----------------------------------------------------

SET External Setup

Path 1
  From:                        SerialLoad
  To:                          firmware/parallelholdreg[1]:E
  Delay (ns):                  19.302
  Slack (ns):
  Arrival (ns):                19.302
  Required (ns):
  Setup (ns):                  0.534
  External Setup (ns):         13.862

Path 2
  From:                        SerialLoad
  To:                          firmware/parallelholdreg[3]:E
  Delay (ns):                  19.302
  Slack (ns):
  Arrival (ns):                19.302
  Required (ns):
  Setup (ns):                  0.534
  External Setup (ns):         13.848

Path 3
  From:                        LogicReset
  To:                          firmware/parallelholdreg[1]:E
  Delay (ns):                  19.031
  Slack (ns):
  Arrival (ns):                19.031
  Required (ns):
  Setup (ns):                  0.534
  External Setup (ns):         13.591

Path 4
  From:                        SerialLoad
  To:                          firmware/parallelholdreg[2]:D
  Delay (ns):                  18.809
  Slack (ns):
  Arrival (ns):                18.809
  Required (ns):
  Setup (ns):                  0.757
  External Setup (ns):         13.578

Path 5
  From:                        LogicReset
  To:                          firmware/parallelholdreg[3]:E
  Delay (ns):                  19.031
  Slack (ns):
  Arrival (ns):                19.031
  Required (ns):
  Setup (ns):                  0.534
  External Setup (ns):         13.577


Expanded Path 1
  From: SerialLoad
  To: firmware/parallelholdreg[1]:E
  data required time                             N/C
  data arrival time                          -   19.302
  slack                                          N/C
  ________________________________________________________
  Data arrival time calculation
  0.000                        SerialLoad (f)
               +     0.000          net: SerialLoad
  0.000                        SerialLoad_pad/U0/U0:PAD (f)
               +     1.075          cell: ADLIB:IOPAD_IN
  1.075                        SerialLoad_pad/U0/U0:Y (f)
               +     0.000          net: SerialLoad_pad/U0/NET1
  1.075                        SerialLoad_pad/U0/U1:YIN (f)
               +     0.184          cell: ADLIB:IOIN_IB
  1.259                        SerialLoad_pad/U0/U1:Y (f)
               +     2.787          net: SerialLoad_pad
  4.046                        SerialLoad_pad_RNIK82F:A (f)
               +     1.294          cell: ADLIB:CLKINT
  5.340                        SerialLoad_pad_RNIK82F:Y (f)
               +     0.707          net: SerialLoad_c
  6.047                        ioBank60reader/cellindex_1_sqmuxa_1_1:A (f)
               +     0.598          cell: ADLIB:NOR2
  6.645                        ioBank60reader/cellindex_1_sqmuxa_1_1:Y (r)
               +     5.477          net: ioBank60reader_cellindex_1_sqmuxa_1_1
  12.122                       firmware/un1_reset_0_o2_0:A (r)
               +     0.977          cell: ADLIB:OR2A
  13.099                       firmware/un1_reset_0_o2_0:Y (f)
               +     0.244          net: firmware/un1_reset_0_o2_0
  13.343                       firmware/un1_reset_0_o2_3:A (f)
               +     0.671          cell: ADLIB:OR3
  14.014                       firmware/un1_reset_0_o2_3:Y (f)
               +     2.314          net: firmware/un1_reset_0_o2_3
  16.328                       firmware/cellindex_RNIE0GV2[1]:C (f)
               +     1.069          cell: ADLIB:OR3B
  17.397                       firmware/cellindex_RNIE0GV2[1]:Y (f)
               +     1.905          net: firmware/N_14
  19.302                       firmware/parallelholdreg[1]:E (f)
                                    
  19.302                       data arrival time
  ________________________________________________________
  Data required time calculation
  N/C                          clock_master/counter[0]:Q
               +     0.000          Clock source
  N/C                          clock_master/counter[0]:Q (r)
               +     2.856          Clock generation
  N/C
               +     1.218          net: clock_master/counter_i[0]
  N/C                          clock_master/counter_RNID9O8[0]:A (r)
               +     1.197          cell: ADLIB:CLKINT
  N/C                          clock_master/counter_RNID9O8[0]:Y (r)
               +     0.703          net: Clock01
  N/C                          firmware/parallelholdreg[1]:CLK (r)
               -     0.534          Library setup time: ADLIB:DFN1E1
  N/C                          firmware/parallelholdreg[1]:E


END SET External Setup

----------------------------------------------------

SET Clock to Output

Path 1
  From:                        bitcontrol01latch/output[7]:CLK
  To:                          EncLgtControl
  Delay (ns):                  9.874
  Slack (ns):
  Arrival (ns):                15.862
  Required (ns):
  Clock to Out (ns):           15.862

Path 2
  From:                        pwmdisable01latch/output[7]:CLK
  To:                          EncLgtControl
  Delay (ns):                  9.726
  Slack (ns):
  Arrival (ns):                15.715
  Required (ns):
  Clock to Out (ns):           15.715

Path 3
  From:                        pwmdisable01latch/output[5]:CLK
  To:                          AN2DimControl
  Delay (ns):                  9.620
  Slack (ns):
  Arrival (ns):                15.602
  Required (ns):
  Clock to Out (ns):           15.602

Path 4
  From:                        bitcontrol01latch/output[3]:CLK
  To:                          AN4PTTControl
  Delay (ns):                  9.532
  Slack (ns):
  Arrival (ns):                15.520
  Required (ns):
  Clock to Out (ns):           15.520

Path 5
  From:                        bitcontrol01latch/output[5]:CLK
  To:                          AN2DimControl
  Delay (ns):                  9.362
  Slack (ns):
  Arrival (ns):                15.336
  Required (ns):
  Clock to Out (ns):           15.336


Expanded Path 1
  From: bitcontrol01latch/output[7]:CLK
  To: EncLgtControl
  data required time                             N/C
  data arrival time                          -   15.862
  slack                                          N/C
  ________________________________________________________
  Data arrival time calculation
  0.000                        clock_master/counter[0]:Q
               +     0.000          Clock source
  0.000                        clock_master/counter[0]:Q (r)
               +     2.856          Clock generation
  2.856
               +     1.218          net: clock_master/counter_i[0]
  4.074                        clock_master/counter_RNID9O8[0]:A (r)
               +     1.197          cell: ADLIB:CLKINT
  5.271                        clock_master/counter_RNID9O8[0]:Y (r)
               +     0.717          net: Clock01
  5.988                        bitcontrol01latch/output[7]:CLK (r)
               +     0.886          cell: ADLIB:DFN1
  6.874                        bitcontrol01latch/output[7]:Q (f)
               +     1.581          net: bitcontrol01[7]
  8.455                        pwmdisable01latch/output_RNID03R[7]:C (f)
               +     0.745          cell: ADLIB:OA1
  9.200                        pwmdisable01latch/output_RNID03R[7]:Y (f)
               +     2.259          net: EncLgtControl_c
  11.459                       EncLgtControl_pad/U0/U1:D (f)
               +     0.885          cell: ADLIB:IOTRI_OB_EB
  12.344                       EncLgtControl_pad/U0/U1:DOUT (f)
               +     0.000          net: EncLgtControl_pad/U0/NET1
  12.344                       EncLgtControl_pad/U0/U0:D (f)
               +     3.518          cell: ADLIB:IOPAD_TRI
  15.862                       EncLgtControl_pad/U0/U0:PAD (f)
               +     0.000          net: EncLgtControl
  15.862                       EncLgtControl (f)
                                    
  15.862                       data arrival time
  ________________________________________________________
  Data required time calculation
  N/C                          clock_master/counter[0]:Q
               +     0.000          Clock source
  N/C                          clock_master/counter[0]:Q (r)
               +     2.856          Clock generation
  N/C
                                    
  N/C                          EncLgtControl (f)


END SET Clock to Output

----------------------------------------------------

SET Register to Asynchronous

No Path

END SET Register to Asynchronous

----------------------------------------------------

SET External Recovery

No Path

END SET External Recovery

----------------------------------------------------

SET Asynchronous to Register

No Path

END SET Asynchronous to Register

----------------------------------------------------

Clock Domain clock_master/counter[1]:Q

SET Register to Register

Path 1
  From:                        Watch_Dog_Reset/timercount[5]:CLK
  To:                          Watch_Dog_Reset/timerexpired:D
  Delay (ns):                  9.928
  Slack (ns):                  8.179
  Arrival (ns):                16.753
  Required (ns):               24.932
  Setup (ns):                  0.784
  Minimum Period (ns):         11.821

Path 2
  From:                        Watch_Dog_Reset/timercount[5]:CLK
  To:                          Watch_Dog_Reset/timercount[4]:E
  Delay (ns):                  9.900
  Slack (ns):                  9.325
  Arrival (ns):                16.725
  Required (ns):               26.050
  Setup (ns):                  0.649
  Minimum Period (ns):         10.675

Path 3
  From:                        Watch_Dog_Reset/timercount[8]:CLK
  To:                          Watch_Dog_Reset/timerexpired:D
  Delay (ns):                  8.547
  Slack (ns):                  9.336
  Arrival (ns):                15.596
  Required (ns):               24.932
  Setup (ns):                  0.784
  Minimum Period (ns):         10.664

Path 4
  From:                        Watch_Dog_Reset/timercount[3]:CLK
  To:                          Watch_Dog_Reset/timerexpired:D
  Delay (ns):                  9.036
  Slack (ns):                  9.336
  Arrival (ns):                15.596
  Required (ns):               24.932
  Setup (ns):                  0.784
  Minimum Period (ns):         10.664

Path 5
  From:                        Watch_Dog_Reset/timercount[5]:CLK
  To:                          Watch_Dog_Reset/timercount[3]:E
  Delay (ns):                  9.741
  Slack (ns):                  9.345
  Arrival (ns):                16.566
  Required (ns):               25.911
  Setup (ns):                  0.649
  Minimum Period (ns):         10.655


Expanded Path 1
  From: Watch_Dog_Reset/timercount[5]:CLK
  To: Watch_Dog_Reset/timerexpired:D
  data required time                             24.932
  data arrival time                          -   16.753
  slack                                          8.179
  ________________________________________________________
  Data arrival time calculation
  0.000                        clock_master/counter[1]:Q
               +     0.000          Clock source
  0.000                        clock_master/counter[1]:Q (r)
               +     2.660          Clock generation
  2.660
               +     4.165          net: counter[1]
  6.825                        Watch_Dog_Reset/timercount[5]:CLK (r)
               +     0.797          cell: ADLIB:DFN1E0
  7.622                        Watch_Dog_Reset/timercount[5]:Q (f)
               +     1.278          net: Watch_Dog_Reset/timercount[5]
  8.900                        Watch_Dog_Reset/timercount_RNICL2S[3]:A (f)
               +     0.958          cell: ADLIB:NOR2
  9.858                        Watch_Dog_Reset/timercount_RNICL2S[3]:Y (r)
               +     0.257          net: Watch_Dog_Reset/m40_e_3
  10.115                       Watch_Dog_Reset/timercount_RNITF5O1[6]:A (r)
               +     0.945          cell: ADLIB:NOR3A
  11.060                       Watch_Dog_Reset/timercount_RNITF5O1[6]:Y (r)
               +     1.211          net: Watch_Dog_Reset/m40_e_6
  12.271                       Watch_Dog_Reset/timercount_RNIIOJD4[1]:C (r)
               +     0.960          cell: ADLIB:NOR3C
  13.231                       Watch_Dog_Reset/timercount_RNIIOJD4[1]:Y (r)
               +     0.244          net: Watch_Dog_Reset/N_63
  13.475                       Watch_Dog_Reset/timercount_RNI7ESA5[10]:S (r)
               +     0.500          cell: ADLIB:MX2C
  13.975                       Watch_Dog_Reset/timercount_RNI7ESA5[10]:Y (f)
               +     0.271          net: Watch_Dog_Reset/N_51_mux
  14.246                       Watch_Dog_Reset/timercount_RNIL7AM5[10]:A (f)
               +     0.706          cell: ADLIB:NOR2
  14.952                       Watch_Dog_Reset/timercount_RNIL7AM5[10]:Y (r)
               +     1.801          net: Watch_Dog_Reset/timercount_0_sqmuxa
  16.753                       Watch_Dog_Reset/timerexpired:D (r)
                                    
  16.753                       data arrival time
  ________________________________________________________
  Data required time calculation
  20.000                       clock_master/counter[1]:Q
               +     0.000          Clock source
  20.000                       clock_master/counter[1]:Q (r)
               +     2.660          Clock generation
  22.660
               +     3.056          net: counter[1]
  25.716                       Watch_Dog_Reset/timerexpired:CLK (r)
               -     0.784          Library setup time: ADLIB:DFN1
  24.932                       Watch_Dog_Reset/timerexpired:D
                                    
  24.932                       data required time


END SET Register to Register

----------------------------------------------------

SET External Setup

Path 1
  From:                        ResetIn
  To:                          Watch_Dog_Reset/timerexpired:D
  Delay (ns):                  6.836
  Slack (ns):
  Arrival (ns):                6.836
  Required (ns):
  Setup (ns):                  0.784
  External Setup (ns):         1.904

Path 2
  From:                        ResetIn
  To:                          Watch_Dog_Reset/timercount[4]:E
  Delay (ns):                  6.808
  Slack (ns):
  Arrival (ns):                6.808
  Required (ns):
  Setup (ns):                  0.649
  External Setup (ns):         0.758

Path 3
  From:                        ResetIn
  To:                          Watch_Dog_Reset/timercount[3]:E
  Delay (ns):                  6.649
  Slack (ns):
  Arrival (ns):                6.649
  Required (ns):
  Setup (ns):                  0.649
  External Setup (ns):         0.738

Path 4
  From:                        ResetIn
  To:                          Watch_Dog_Reset/timercount[5]:D
  Delay (ns):                  6.468
  Slack (ns):
  Arrival (ns):                6.468
  Required (ns):
  Setup (ns):                  0.784
  External Setup (ns):         0.427

Path 5
  From:                        ResetIn
  To:                          Watch_Dog_Reset/timercount[0]:E
  Delay (ns):                  6.726
  Slack (ns):
  Arrival (ns):                6.726
  Required (ns):
  Setup (ns):                  0.649
  External Setup (ns):         0.400


Expanded Path 1
  From: ResetIn
  To: Watch_Dog_Reset/timerexpired:D
  data required time                             N/C
  data arrival time                          -   6.836
  slack                                          N/C
  ________________________________________________________
  Data arrival time calculation
  0.000                        ResetIn (f)
               +     0.000          net: ResetIn
  0.000                        ResetIn_pad/U0/U0:PAD (f)
               +     0.578          cell: ADLIB:IOPAD_IN
  0.578                        ResetIn_pad/U0/U0:Y (f)
               +     0.000          net: ResetIn_pad/U0/NET1
  0.578                        ResetIn_pad/U0/U1:YIN (f)
               +     0.184          cell: ADLIB:IOIN_IB
  0.762                        ResetIn_pad/U0/U1:Y (f)
               +     3.420          net: ResetIn_c
  4.182                        Watch_Dog_Reset/timercount_RNIL7AM5[10]:B (f)
               +     0.853          cell: ADLIB:NOR2
  5.035                        Watch_Dog_Reset/timercount_RNIL7AM5[10]:Y (r)
               +     1.801          net: Watch_Dog_Reset/timercount_0_sqmuxa
  6.836                        Watch_Dog_Reset/timerexpired:D (r)
                                    
  6.836                        data arrival time
  ________________________________________________________
  Data required time calculation
  N/C                          clock_master/counter[1]:Q
               +     0.000          Clock source
  N/C                          clock_master/counter[1]:Q (r)
               +     2.660          Clock generation
  N/C
               +     3.056          net: counter[1]
  N/C                          Watch_Dog_Reset/timerexpired:CLK (r)
               -     0.784          Library setup time: ADLIB:DFN1
  N/C                          Watch_Dog_Reset/timerexpired:D


END SET External Setup

----------------------------------------------------

SET Clock to Output

Path 1
  From:                        Watch_Dog_Reset/timerexpired:CLK
  To:                          uCReset
  Delay (ns):                  7.702
  Slack (ns):
  Arrival (ns):                13.418
  Required (ns):
  Clock to Out (ns):           13.418


Expanded Path 1
  From: Watch_Dog_Reset/timerexpired:CLK
  To: uCReset
  data required time                             N/C
  data arrival time                          -   13.418
  slack                                          N/C
  ________________________________________________________
  Data arrival time calculation
  0.000                        clock_master/counter[1]:Q
               +     0.000          Clock source
  0.000                        clock_master/counter[1]:Q (r)
               +     2.660          Clock generation
  2.660
               +     3.056          net: counter[1]
  5.716                        Watch_Dog_Reset/timerexpired:CLK (r)
               +     0.797          cell: ADLIB:DFN1
  6.513                        Watch_Dog_Reset/timerexpired:Q (f)
               +     2.471          net: uCReset_c
  8.984                        uCReset_pad/U0/U1:D (f)
               +     0.916          cell: ADLIB:IOTRI_OB_EB
  9.900                        uCReset_pad/U0/U1:DOUT (f)
               +     0.000          net: uCReset_pad/U0/NET1
  9.900                        uCReset_pad/U0/U0:D (f)
               +     3.518          cell: ADLIB:IOPAD_TRI
  13.418                       uCReset_pad/U0/U0:PAD (f)
               +     0.000          net: uCReset
  13.418                       uCReset (f)
                                    
  13.418                       data arrival time
  ________________________________________________________
  Data required time calculation
  N/C                          clock_master/counter[1]:Q
               +     0.000          Clock source
  N/C                          clock_master/counter[1]:Q (r)
               +     2.660          Clock generation
  N/C
                                    
  N/C                          uCReset (f)


END SET Clock to Output

----------------------------------------------------

SET Register to Asynchronous

No Path

END SET Register to Asynchronous

----------------------------------------------------

SET External Recovery

No Path

END SET External Recovery

----------------------------------------------------

SET Asynchronous to Register

No Path

END SET Asynchronous to Register

----------------------------------------------------

Clock Domain clock_master/counter[2]:Q

SET Register to Register

Path 1
  From:                        matrix_read04/stage[1]:CLK
  To:                          matrix_read04/stage[4]:D
  Delay (ns):                  9.614
  Slack (ns):                  29.578
  Arrival (ns):                15.034
  Required (ns):               44.612
  Setup (ns):                  0.808
  Minimum Period (ns):         10.422

Path 2
  From:                        iobank69debounce/DebounceTimer[1]:CLK
  To:                          iobank69debounce/DebounceTimer[8]:D
  Delay (ns):                  9.488
  Slack (ns):                  29.701
  Arrival (ns):                14.950
  Required (ns):               44.651
  Setup (ns):                  0.808
  Minimum Period (ns):         10.299

Path 3
  From:                        iobank69debounce/DebounceTimer[0]:CLK
  To:                          iobank69debounce/DebounceTimer[8]:D
  Delay (ns):                  9.323
  Slack (ns):                  29.866
  Arrival (ns):                14.785
  Required (ns):               44.651
  Setup (ns):                  0.808
  Minimum Period (ns):         10.134

Path 4
  From:                        matrix_read04/stage[0]:CLK
  To:                          matrix_read04/stage[4]:D
  Delay (ns):                  9.257
  Slack (ns):                  29.971
  Arrival (ns):                14.641
  Required (ns):               44.612
  Setup (ns):                  0.808
  Minimum Period (ns):         10.029

Path 5
  From:                        iobank6Adebounce/Changing:CLK
  To:                          iobank6Adebounce/DebounceTimer[7]:E
  Delay (ns):                  8.968
  Slack (ns):                  30.341
  Arrival (ns):                14.396
  Required (ns):               44.737
  Setup (ns):                  0.725
  Minimum Period (ns):         9.659


Expanded Path 1
  From: matrix_read04/stage[1]:CLK
  To: matrix_read04/stage[4]:D
  data required time                             44.612
  data arrival time                          -   15.034
  slack                                          29.578
  ________________________________________________________
  Data arrival time calculation
  0.000                        clock_master/counter[2]:Q
               +     0.000          Clock source
  0.000                        clock_master/counter[2]:Q (r)
               +     2.434          Clock generation
  2.434
               +     1.154          net: clock_master/counter_i[2]
  3.588                        clock_master/counter_RNIFBO8[2]:A (r)
               +     1.197          cell: ADLIB:CLKINT
  4.785                        clock_master/counter_RNIFBO8[2]:Y (r)
               +     0.635          net: Clock03
  5.420                        matrix_read04/stage[1]:CLK (r)
               +     0.886          cell: ADLIB:DFN1
  6.306                        matrix_read04/stage[1]:Q (f)
               +     1.779          net: matrix_read04/stage[1]
  8.085                        matrix_read04/stage_RNITO3[0]:B (f)
               +     1.067          cell: ADLIB:OR2B
  9.152                        matrix_read04/stage_RNITO3[0]:Y (r)
               +     1.373          net: matrix_read04/N_26
  10.525                       matrix_read04/stage_RNITM5[2]:B (r)
               +     0.684          cell: ADLIB:OR2A
  11.209                       matrix_read04/stage_RNITM5[2]:Y (r)
               +     0.308          net: matrix_read04/N_36
  11.517                       matrix_read04/stage_RNO_0[4]:B (r)
               +     1.291          cell: ADLIB:OA1C
  12.808                       matrix_read04/stage_RNO_0[4]:Y (r)
               +     0.284          net: matrix_read04/N_55
  13.092                       matrix_read04/stage_RNO[4]:C (r)
               +     0.784          cell: ADLIB:NOR3
  13.876                       matrix_read04/stage_RNO[4]:Y (f)
               +     1.158          net: matrix_read04/N_15
  15.034                       matrix_read04/stage[4]:D (f)
                                    
  15.034                       data arrival time
  ________________________________________________________
  Data required time calculation
  40.000                       clock_master/counter[2]:Q
               +     0.000          Clock source
  40.000                       clock_master/counter[2]:Q (r)
               +     2.434          Clock generation
  42.434
               +     1.154          net: clock_master/counter_i[2]
  43.588                       clock_master/counter_RNIFBO8[2]:A (r)
               +     1.197          cell: ADLIB:CLKINT
  44.785                       clock_master/counter_RNIFBO8[2]:Y (r)
               +     0.635          net: Clock03
  45.420                       matrix_read04/stage[4]:CLK (r)
               -     0.808          Library setup time: ADLIB:DFN1
  44.612                       matrix_read04/stage[4]:D
                                    
  44.612                       data required time


END SET Register to Register

----------------------------------------------------

SET External Setup

Path 1
  From:                        LogicReset
  To:                          iobank6Adebounce/DebounceTimer[7]:E
  Delay (ns):                  11.868
  Slack (ns):
  Arrival (ns):                11.868
  Required (ns):
  Setup (ns):                  0.534
  External Setup (ns):         6.940

Path 2
  From:                        LogicReset
  To:                          iobank62debounce/DebounceTimer[4]:D
  Delay (ns):                  11.345
  Slack (ns):
  Arrival (ns):                11.345
  Required (ns):
  Setup (ns):                  0.808
  External Setup (ns):         6.597

Path 3
  From:                        LogicReset
  To:                          iobank6Adebounce/DebounceTimer[8]:D
  Delay (ns):                  11.194
  Slack (ns):
  Arrival (ns):                11.194
  Required (ns):
  Setup (ns):                  0.808
  External Setup (ns):         6.550

Path 4
  From:                        LogicReset
  To:                          iobank6Adebounce/DebounceTimer[6]:E
  Delay (ns):                  11.194
  Slack (ns):
  Arrival (ns):                11.194
  Required (ns):
  Setup (ns):                  0.725
  External Setup (ns):         6.457

Path 5
  From:                        LogicReset
  To:                          iobank6Adebounce/DebounceTimer[1]:E
  Delay (ns):                  11.000
  Slack (ns):
  Arrival (ns):                11.000
  Required (ns):
  Setup (ns):                  0.725
  External Setup (ns):         6.263


Expanded Path 1
  From: LogicReset
  To: iobank6Adebounce/DebounceTimer[7]:E
  data required time                             N/C
  data arrival time                          -   11.868
  slack                                          N/C
  ________________________________________________________
  Data arrival time calculation
  0.000                        LogicReset (r)
               +     0.000          net: LogicReset
  0.000                        LogicReset_pad/U0/U0:PAD (r)
               +     0.862          cell: ADLIB:IOPAD_IN
  0.862                        LogicReset_pad/U0/U0:Y (r)
               +     0.000          net: LogicReset_pad/U0/NET1
  0.862                        LogicReset_pad/U0/U1:YIN (r)
               +     0.188          cell: ADLIB:IOIN_IB
  1.050                        LogicReset_pad/U0/U1:Y (r)
               +     2.628          net: LogicReset_pad
  3.678                        LogicReset_pad_RNI5AOB:A (r)
               +     1.197          cell: ADLIB:CLKINT
  4.875                        LogicReset_pad_RNI5AOB:Y (r)
               +     0.780          net: LogicReset_c
  5.655                        iobank6Adebounce/Changing_RNI20FD:B (r)
               +     0.573          cell: ADLIB:NOR2
  6.228                        iobank6Adebounce/Changing_RNI20FD:Y (f)
               +     1.651          net: iobank6Adebounce/un1_previousposition7
  7.879                        iobank6Adebounce/DebounceTimer_RNIM7TM_0[8]:B (f)
               +     0.931          cell: ADLIB:OR2B
  8.810                        iobank6Adebounce/DebounceTimer_RNIM7TM_0[8]:Y (r)
               +     3.058          net: iobank6Adebounce/DebounceTimere
  11.868                       iobank6Adebounce/DebounceTimer[7]:E (r)
                                    
  11.868                       data arrival time
  ________________________________________________________
  Data required time calculation
  N/C                          clock_master/counter[2]:Q
               +     0.000          Clock source
  N/C                          clock_master/counter[2]:Q (r)
               +     2.434          Clock generation
  N/C
               +     1.154          net: clock_master/counter_i[2]
  N/C                          clock_master/counter_RNIFBO8[2]:A (r)
               +     1.197          cell: ADLIB:CLKINT
  N/C                          clock_master/counter_RNIFBO8[2]:Y (r)
               +     0.677          net: Clock03
  N/C                          iobank6Adebounce/DebounceTimer[7]:CLK (r)
               -     0.534          Library setup time: ADLIB:DFN1E1
  N/C                          iobank6Adebounce/DebounceTimer[7]:E


END SET External Setup

----------------------------------------------------

SET Clock to Output

Path 1
  From:                        matrix_read04/ctrl[1]:CLK
  To:                          inputs67_ctrl[1]
  Delay (ns):                  6.788
  Slack (ns):
  Arrival (ns):                12.199
  Required (ns):
  Clock to Out (ns):           12.199

Path 2
  From:                        matrix_read04/ctrl[2]:CLK
  To:                          inputs67_ctrl[2]
  Delay (ns):                  6.762
  Slack (ns):
  Arrival (ns):                12.168
  Required (ns):
  Clock to Out (ns):           12.168

Path 3
  From:                        matrix_read04/ctrl[4]:CLK
  To:                          inputs67_ctrl[4]
  Delay (ns):                  6.702
  Slack (ns):
  Arrival (ns):                12.122
  Required (ns):
  Clock to Out (ns):           12.122

Path 4
  From:                        matrix_read04/ctrl[0]:CLK
  To:                          inputs67_ctrl[0]
  Delay (ns):                  6.629
  Slack (ns):
  Arrival (ns):                12.049
  Required (ns):
  Clock to Out (ns):           12.049

Path 5
  From:                        matrix_read03/ctrl[3]:CLK
  To:                          inputs62_ctrl[3]
  Delay (ns):                  6.021
  Slack (ns):
  Arrival (ns):                11.530
  Required (ns):
  Clock to Out (ns):           11.530


Expanded Path 1
  From: matrix_read04/ctrl[1]:CLK
  To: inputs67_ctrl[1]
  data required time                             N/C
  data arrival time                          -   12.199
  slack                                          N/C
  ________________________________________________________
  Data arrival time calculation
  0.000                        clock_master/counter[2]:Q
               +     0.000          Clock source
  0.000                        clock_master/counter[2]:Q (r)
               +     2.434          Clock generation
  2.434
               +     1.154          net: clock_master/counter_i[2]
  3.588                        clock_master/counter_RNIFBO8[2]:A (r)
               +     1.197          cell: ADLIB:CLKINT
  4.785                        clock_master/counter_RNIFBO8[2]:Y (r)
               +     0.626          net: Clock03
  5.411                        matrix_read04/ctrl[1]:CLK (r)
               +     0.886          cell: ADLIB:DFN1
  6.297                        matrix_read04/ctrl[1]:Q (f)
               +     2.831          net: inputs67_ctrl_c[1]
  9.128                        inputs67_ctrl_pad[1]/U0/U1:D (f)
               +     0.916          cell: ADLIB:IOTRI_OB_EB
  10.044                       inputs67_ctrl_pad[1]/U0/U1:DOUT (f)
               +     0.000          net: inputs67_ctrl_pad[1]/U0/NET1
  10.044                       inputs67_ctrl_pad[1]/U0/U0:D (f)
               +     2.155          cell: ADLIB:IOPAD_TRI
  12.199                       inputs67_ctrl_pad[1]/U0/U0:PAD (f)
               +     0.000          net: inputs67_ctrl[1]
  12.199                       inputs67_ctrl[1] (f)
                                    
  12.199                       data arrival time
  ________________________________________________________
  Data required time calculation
  N/C                          clock_master/counter[2]:Q
               +     0.000          Clock source
  N/C                          clock_master/counter[2]:Q (r)
               +     2.434          Clock generation
  N/C
                                    
  N/C                          inputs67_ctrl[1] (f)


END SET Clock to Output

----------------------------------------------------

SET Register to Asynchronous

No Path

END SET Register to Asynchronous

----------------------------------------------------

SET External Recovery

No Path

END SET External Recovery

----------------------------------------------------

SET Asynchronous to Register

No Path

END SET Asynchronous to Register

----------------------------------------------------

Clock Domain clock_master/counter[7]:Q

SET Register to Register

Path 1
  From:                        A2DRead/DataRegU1Ch1a[5]:CLK
  To:                          A2DRead/DataRegU1Ch1[15]:D
  Delay (ns):                  32.019
  Slack (ns):                  286.926
  Arrival (ns):                38.828
  Required (ns):               325.754
  Setup (ns):                  0.808
  Minimum Period (ns):         33.074

Path 2
  From:                        A2DRead/DataRegU1Ch1d[5]:CLK
  To:                          A2DRead/DataRegU1Ch1[15]:D
  Delay (ns):                  31.172
  Slack (ns):                  287.773
  Arrival (ns):                37.981
  Required (ns):               325.754
  Setup (ns):                  0.808
  Minimum Period (ns):         32.227

Path 3
  From:                        A2DRead/DataRegU1Ch1b[5]:CLK
  To:                          A2DRead/DataRegU1Ch1[15]:D
  Delay (ns):                  31.146
  Slack (ns):                  287.799
  Arrival (ns):                37.955
  Required (ns):               325.754
  Setup (ns):                  0.808
  Minimum Period (ns):         32.201

Path 4
  From:                        A2DRead/DataRegU1Ch1c[5]:CLK
  To:                          A2DRead/DataRegU1Ch1[15]:D
  Delay (ns):                  31.008
  Slack (ns):                  287.937
  Arrival (ns):                37.817
  Required (ns):               325.754
  Setup (ns):                  0.808
  Minimum Period (ns):         32.063

Path 5
  From:                        A2DRead/DataRegU1Ch1p[5]:CLK
  To:                          A2DRead/DataRegU1Ch1[15]:D
  Delay (ns):                  30.583
  Slack (ns):                  288.300
  Arrival (ns):                37.454
  Required (ns):               325.754
  Setup (ns):                  0.808
  Minimum Period (ns):         31.700


Expanded Path 1
  From: A2DRead/DataRegU1Ch1a[5]:CLK
  To: A2DRead/DataRegU1Ch1[15]:D
  data required time                             325.754
  data arrival time                          -   38.828
  slack                                          286.926
  ________________________________________________________
  Data arrival time calculation
  0.000                        clock_master/counter[7]:Q
               +     0.000          Clock source
  0.000                        clock_master/counter[7]:Q (r)
               +     3.593          Clock generation
  3.593
               +     1.122          net: clock_master/counter_i[7]
  4.715                        clock_master/counter_RNIKGO8[7]:A (r)
               +     1.197          cell: ADLIB:CLKINT
  5.912                        clock_master/counter_RNIKGO8[7]:Y (r)
               +     0.897          net: Clock04
  6.809                        A2DRead/DataRegU1Ch1a[5]:CLK (r)
               +     0.663          cell: ADLIB:DFN1E1
  7.472                        A2DRead/DataRegU1Ch1a[5]:Q (r)
               +     1.751          net: A2DRead/DataRegU1Ch1a[5]
  9.223                        A2DRead/DataRegU1Ch1p_RNIBOI4_0[5]:B (r)
               +     1.489          cell: ADLIB:MAJ3
  10.712                       A2DRead/DataRegU1Ch1p_RNIBOI4_0[5]:Y (r)
               +     0.340          net: A2DRead/N_1450
  11.052                       A2DRead/DataRegU1Ch1f_RNIUOVN_0[6]:B (r)
               +     1.355          cell: ADLIB:MAJ3
  12.407                       A2DRead/DataRegU1Ch1f_RNIUOVN_0[6]:Y (r)
               +     1.775          net: A2DRead/N_1486
  14.182                       A2DRead/DataRegU1Ch1j_RNIJF0M2_0[7]:A (r)
               +     1.369          cell: ADLIB:OA1
  15.551                       A2DRead/DataRegU1Ch1j_RNIJF0M2_0[7]:Y (r)
               +     0.328          net: A2DRead/un60_dataregu1ch1_408_0
  15.879                       A2DRead/DataRegU1Ch1f_RNI7M284[6]:A (r)
               +     0.467          cell: ADLIB:OR2
  16.346                       A2DRead/DataRegU1Ch1f_RNI7M284[6]:Y (r)
               +     0.297          net: A2DRead/N_1520
  16.643                       A2DRead/DataRegU1Ch1o_RNIG68J8[7]:C (r)
               +     1.617          cell: ADLIB:XOR3
  18.260                       A2DRead/DataRegU1Ch1o_RNIG68J8[7]:Y (r)
               +     1.097          net: A2DRead/N_1551
  19.357                       A2DRead/DataRegU1Ch1f_RNIK7CCG[6]:C (r)
               +     0.970          cell: ADLIB:AO1
  20.327                       A2DRead/DataRegU1Ch1f_RNIK7CCG[6]:Y (r)
               +     0.257          net: A2DRead/un60_dataregu1ch1_498_0_tz_out
  20.584                       A2DRead/DataRegU1Ch1f_RNIVJP941[6]:B (r)
               +     1.220          cell: ADLIB:OA1
  21.804                       A2DRead/DataRegU1Ch1f_RNIVJP941[6]:Y (r)
               +     0.257          net: A2DRead/un60_dataregu1ch1_498_0
  22.061                       A2DRead/DataRegU1Ch1f_RNIT6APP1[6]:C (r)
               +     0.924          cell: ADLIB:AO1
  22.985                       A2DRead/DataRegU1Ch1f_RNIT6APP1[6]:Y (r)
               +     0.342          net: A2DRead/N_1556
  23.327                       A2DRead/DataRegU1Ch1f_RNIKKTT83_0[8]:C (r)
               +     0.818          cell: ADLIB:XOR3
  24.145                       A2DRead/DataRegU1Ch1f_RNIKKTT83_0[8]:Y (r)
               +     1.129          net: A2DRead/N_1585
  25.274                       A2DRead/un60_dataregu1ch1_824_ADD_11x11_fast_I4_P0N_s:C (r)
               +     1.071          cell: ADLIB:AO1
  26.345                       A2DRead/un60_dataregu1ch1_824_ADD_11x11_fast_I4_P0N_s:Y (r)
               +     0.257          net: A2DRead/ADD_11x11_fast_I4_P0N_out
  26.602                       A2DRead/un60_dataregu1ch1_824_ADD_11x11_fast_I4_P0N:C (r)
               +     0.924          cell: ADLIB:AO1
  27.526                       A2DRead/un60_dataregu1ch1_824_ADD_11x11_fast_I4_P0N:Y (r)
               +     1.165          net: A2DRead/N166_0
  28.691                       A2DRead/un60_dataregu1ch1_824_ADD_11x11_fast_I22_Y:A (r)
               +     0.674          cell: ADLIB:NOR2B
  29.365                       A2DRead/un60_dataregu1ch1_824_ADD_11x11_fast_I22_Y:Y (r)
               +     0.380          net: A2DRead/N199
  29.745                       A2DRead/un60_dataregu1ch1_824_ADD_11x11_fast_I43_Y:B (r)
               +     0.934          cell: ADLIB:AO1
  30.679                       A2DRead/un60_dataregu1ch1_824_ADD_11x11_fast_I43_Y:Y (r)
               +     1.069          net: A2DRead/N223_0
  31.748                       A2DRead/un60_dataregu1ch1_824_ADD_11x11_fast_I55_un1_Y:B (r)
               +     0.816          cell: ADLIB:NOR2B
  32.564                       A2DRead/un60_dataregu1ch1_824_ADD_11x11_fast_I55_un1_Y:Y (r)
               +     0.228          net: A2DRead/I55_un1_Y
  32.792                       A2DRead/un60_dataregu1ch1_824_ADD_11x11_fast_I70_Y_2:C (r)
               +     0.801          cell: ADLIB:OR3
  33.593                       A2DRead/un60_dataregu1ch1_824_ADD_11x11_fast_I70_Y_2:Y (r)
               +     0.225          net: A2DRead/ADD_11x11_fast_I70_Y_2_0
  33.818                       A2DRead/un60_dataregu1ch1_824_ADD_11x11_fast_I70_Y:C (r)
               +     0.990          cell: ADLIB:AO1
  34.808                       A2DRead/un60_dataregu1ch1_824_ADD_11x11_fast_I70_Y:Y (r)
               +     1.442          net: A2DRead/N269
  36.250                       A2DRead/un60_dataregu1ch1_824_ADD_11x11_fast_I91_Y:C (r)
               +     1.395          cell: ADLIB:XOR3
  37.645                       A2DRead/un60_dataregu1ch1_824_ADD_11x11_fast_I91_Y:Y (f)
               +     1.183          net: A2DRead/un60_dataregu1ch1[14]
  38.828                       A2DRead/DataRegU1Ch1[15]:D (f)
                                    
  38.828                       data arrival time
  ________________________________________________________
  Data required time calculation
  320.000                      clock_master/counter[7]:Q
               +     0.000          Clock source
  320.000                      clock_master/counter[7]:Q (r)
               +     3.593          Clock generation
  323.593
               +     1.122          net: clock_master/counter_i[7]
  324.715                      clock_master/counter_RNIKGO8[7]:A (r)
               +     1.197          cell: ADLIB:CLKINT
  325.912                      clock_master/counter_RNIKGO8[7]:Y (r)
               +     0.650          net: Clock04
  326.562                      A2DRead/DataRegU1Ch1[15]:CLK (r)
               -     0.808          Library setup time: ADLIB:DFN1E1
  325.754                      A2DRead/DataRegU1Ch1[15]:D
                                    
  325.754                      data required time


END SET Register to Register

----------------------------------------------------

SET External Setup

Path 1
  From:                        LogicReset
  To:                          heart_beat/counter[18]:D
  Delay (ns):                  28.115
  Slack (ns):
  Arrival (ns):                28.115
  Required (ns):
  Setup (ns):                  0.757
  External Setup (ns):         22.338

Path 2
  From:                        LogicReset
  To:                          heart_beat/counter[17]:D
  Delay (ns):                  27.785
  Slack (ns):
  Arrival (ns):                27.785
  Required (ns):
  Setup (ns):                  0.757
  External Setup (ns):         22.008

Path 3
  From:                        LogicReset
  To:                          heart_beat/counter[16]:D
  Delay (ns):                  26.674
  Slack (ns):
  Arrival (ns):                26.674
  Required (ns):
  Setup (ns):                  0.808
  External Setup (ns):         20.911

Path 4
  From:                        LogicReset
  To:                          heart_beat/counter[15]:D
  Delay (ns):                  25.936
  Slack (ns):
  Arrival (ns):                25.936
  Required (ns):
  Setup (ns):                  0.808
  External Setup (ns):         20.163

Path 5
  From:                        LogicReset
  To:                          heart_beat/counter[14]:D
  Delay (ns):                  25.512
  Slack (ns):
  Arrival (ns):                25.512
  Required (ns):
  Setup (ns):                  0.808
  External Setup (ns):         19.739


Expanded Path 1
  From: LogicReset
  To: heart_beat/counter[18]:D
  data required time                             N/C
  data arrival time                          -   28.115
  slack                                          N/C
  ________________________________________________________
  Data arrival time calculation
  0.000                        LogicReset (f)
               +     0.000          net: LogicReset
  0.000                        LogicReset_pad/U0/U0:PAD (f)
               +     0.578          cell: ADLIB:IOPAD_IN
  0.578                        LogicReset_pad/U0/U0:Y (f)
               +     0.000          net: LogicReset_pad/U0/NET1
  0.578                        LogicReset_pad/U0/U1:YIN (f)
               +     0.184          cell: ADLIB:IOIN_IB
  0.762                        LogicReset_pad/U0/U1:Y (f)
               +     2.783          net: LogicReset_pad
  3.545                        LogicReset_pad_RNI5AOB:A (f)
               +     1.294          cell: ADLIB:CLKINT
  4.839                        LogicReset_pad_RNI5AOB:Y (f)
               +     0.729          net: LogicReset_c
  5.568                        A2DRead/m16:B (f)
               +     0.468          cell: ADLIB:NOR2A
  6.036                        A2DRead/m16:Y (r)
               +     2.968          net: A2DRead_AdClock_0_sqmuxa
  9.004                        heart_beat/un1_counter_1_m1:B (r)
               +     1.140          cell: ADLIB:NOR2B
  10.144                       heart_beat/un1_counter_1_m1:Y (r)
               +     1.023          net: heart_beat/N_2_i
  11.167                       heart_beat/un1_counter_1_m2:B (r)
               +     0.827          cell: ADLIB:NOR2B
  11.994                       heart_beat/un1_counter_1_m2:Y (r)
               +     0.300          net: heart_beat/N_3_i
  12.294                       heart_beat/un1_counter_1_m5:B (r)
               +     0.887          cell: ADLIB:MX2C
  13.181                       heart_beat/un1_counter_1_m5:Y (f)
               +     0.343          net: heart_beat/i3_mux
  13.524                       heart_beat/un1_counter_1_m8:B (f)
               +     1.343          cell: ADLIB:AO13
  14.867                       heart_beat/un1_counter_1_m8:Y (f)
               +     0.942          net: heart_beat/i5_mux
  15.809                       heart_beat/un1_counter_1_m10:C (f)
               +     0.856          cell: ADLIB:NOR3B
  16.665                       heart_beat/un1_counter_1_m10:Y (r)
               +     0.430          net: heart_beat/N_11_i
  17.095                       heart_beat/un1_counter_1_m12:B (r)
               +     0.872          cell: ADLIB:NOR3C
  17.967                       heart_beat/un1_counter_1_m12:Y (r)
               +     1.181          net: heart_beat/N_13_i
  19.148                       heart_beat/un1_counter_1_m14:B (r)
               +     0.917          cell: ADLIB:NOR3C
  20.065                       heart_beat/un1_counter_1_m14:Y (r)
               +     1.436          net: heart_beat/N_15_i
  21.501                       heart_beat/un1_counter_1_m16:B (r)
               +     0.988          cell: ADLIB:NOR3C
  22.489                       heart_beat/un1_counter_1_m16:Y (r)
               +     0.428          net: heart_beat/N_17_i
  22.917                       heart_beat/un1_counter_1_m18:B (r)
               +     0.872          cell: ADLIB:NOR3C
  23.789                       heart_beat/un1_counter_1_m18:Y (r)
               +     0.989          net: heart_beat/N_19_i
  24.778                       heart_beat/un1_counter_1_m20:B (r)
               +     0.810          cell: ADLIB:NOR3C
  25.588                       heart_beat/un1_counter_1_m20:Y (r)
               +     0.321          net: heart_beat/N_21_i
  25.909                       heart_beat/un1_counter_1_m21:A (r)
               +     0.613          cell: ADLIB:NOR2B
  26.522                       heart_beat/un1_counter_1_m21:Y (r)
               +     0.294          net: heart_beat/N_22_i
  26.816                       heart_beat/un1_counter_1_ADD_19x19_fast_I121_Y:B (r)
               +     1.042          cell: ADLIB:AX1C
  27.858                       heart_beat/un1_counter_1_ADD_19x19_fast_I121_Y:Y (r)
               +     0.257          net: heart_beat/ADD_19x19_fast_I121_Y
  28.115                       heart_beat/counter[18]:D (r)
                                    
  28.115                       data arrival time
  ________________________________________________________
  Data required time calculation
  N/C                          clock_master/counter[7]:Q
               +     0.000          Clock source
  N/C                          clock_master/counter[7]:Q (r)
               +     3.593          Clock generation
  N/C
               +     1.122          net: clock_master/counter_i[7]
  N/C                          clock_master/counter_RNIKGO8[7]:A (r)
               +     1.197          cell: ADLIB:CLKINT
  N/C                          clock_master/counter_RNIKGO8[7]:Y (r)
               +     0.622          net: Clock04
  N/C                          heart_beat/counter[18]:CLK (r)
               -     0.757          Library setup time: ADLIB:DFN1
  N/C                          heart_beat/counter[18]:D


END SET External Setup

----------------------------------------------------

SET Clock to Output

Path 1
  From:                        snkpout01/PWMOut:CLK
  To:                          EncLgtControl
  Delay (ns):                  12.606
  Slack (ns):
  Arrival (ns):                19.349
  Required (ns):
  Clock to Out (ns):           19.349

Path 2
  From:                        snkpout01/PWMOut:CLK
  To:                          AN3DimControl
  Delay (ns):                  12.404
  Slack (ns):
  Arrival (ns):                19.147
  Required (ns):
  Clock to Out (ns):           19.147

Path 3
  From:                        snkpout01/PWMOut:CLK
  To:                          AN6NRMControl
  Delay (ns):                  11.452
  Slack (ns):
  Arrival (ns):                18.195
  Required (ns):
  Clock to Out (ns):           18.195

Path 4
  From:                        snkpout01/PWMOut:CLK
  To:                          AN4PTTControl
  Delay (ns):                  11.319
  Slack (ns):
  Arrival (ns):                18.062
  Required (ns):
  Clock to Out (ns):           18.062

Path 5
  From:                        snkpout01/PWMOut:CLK
  To:                          AN5NRMControl
  Delay (ns):                  11.174
  Slack (ns):
  Arrival (ns):                17.917
  Required (ns):
  Clock to Out (ns):           17.917


Expanded Path 1
  From: snkpout01/PWMOut:CLK
  To: EncLgtControl
  data required time                             N/C
  data arrival time                          -   19.349
  slack                                          N/C
  ________________________________________________________
  Data arrival time calculation
  0.000                        clock_master/counter[7]:Q
               +     0.000          Clock source
  0.000                        clock_master/counter[7]:Q (r)
               +     3.593          Clock generation
  3.593
               +     1.122          net: clock_master/counter_i[7]
  4.715                        clock_master/counter_RNIKGO8[7]:A (r)
               +     1.197          cell: ADLIB:CLKINT
  5.912                        clock_master/counter_RNIKGO8[7]:Y (r)
               +     0.831          net: Clock04
  6.743                        snkpout01/PWMOut:CLK (r)
               +     0.663          cell: ADLIB:DFN1
  7.406                        snkpout01/PWMOut:Q (r)
               +     3.472          net: PnlLgtControl_c
  10.878                       pwmdisable01latch/output_RNID03R[7]:A (r)
               +     1.821          cell: ADLIB:OA1
  12.699                       pwmdisable01latch/output_RNID03R[7]:Y (r)
               +     2.350          net: EncLgtControl_c
  15.049                       EncLgtControl_pad/U0/U1:D (r)
               +     0.885          cell: ADLIB:IOTRI_OB_EB
  15.934                       EncLgtControl_pad/U0/U1:DOUT (r)
               +     0.000          net: EncLgtControl_pad/U0/NET1
  15.934                       EncLgtControl_pad/U0/U0:D (r)
               +     3.415          cell: ADLIB:IOPAD_TRI
  19.349                       EncLgtControl_pad/U0/U0:PAD (r)
               +     0.000          net: EncLgtControl
  19.349                       EncLgtControl (r)
                                    
  19.349                       data arrival time
  ________________________________________________________
  Data required time calculation
  N/C                          clock_master/counter[7]:Q
               +     0.000          Clock source
  N/C                          clock_master/counter[7]:Q (r)
               +     3.593          Clock generation
  N/C
                                    
  N/C                          EncLgtControl (r)


END SET Clock to Output

----------------------------------------------------

SET Register to Asynchronous

No Path

END SET Register to Asynchronous

----------------------------------------------------

SET External Recovery

No Path

END SET External Recovery

----------------------------------------------------

SET Asynchronous to Register

No Path

END SET Asynchronous to Register

----------------------------------------------------

Path set Pin to Pin

SET Input to Output

No Path

END SET Input to Output

----------------------------------------------------

Path set User Sets

