Timing Violation Report Min Delay Analysis

SmartTime Version v11.7 SP1.1
Microsemi Corporation - Microsemi Libero Software Release v11.7 SP1.1 (Version 11.7.1.14)
Date: Thu Jul 27 09:57:55 2017


Design: mainprogram
Family: IGLOO
Die: AGLN250V5
Package: 100 VQFP
Temperature Range: 0 - 70 C
Voltage Range: 1.425 - 1.575 V
Speed Grade: STD
Design State: Post-Layout
Data source: Silicon verified
Min Operating Conditions: BEST - 1.575 V - 0 C
Max Operating Conditions: WORST - 1.425 V - 70 C
Using Enhanced Min Delay Analysis
Scenario for Timing Analysis: Primary


Path 1
  From:                        A2DRead/DataRegU1Ch1i[12]:CLK
  To:                          A2DRead/DataRegU1Ch1j[12]:D
  Delay (ns):                  0.362
  Slack (ns):                  0.169
  Arrival (ns):                3.053
  Required (ns):               2.884

Path 2
  From:                        A2DRead/DataRegU1Ch1f[7]:CLK
  To:                          A2DRead/DataRegU1Ch1g[7]:D
  Delay (ns):                  0.395
  Slack (ns):                  0.186
  Arrival (ns):                3.119
  Required (ns):               2.933

Path 3
  From:                        A2DRead/DataRegU1Ch0e[1]:CLK
  To:                          A2DRead/DataRegU1Ch0f[1]:D
  Delay (ns):                  0.395
  Slack (ns):                  0.190
  Arrival (ns):                3.121
  Required (ns):               2.931

Path 4
  From:                        A2DRead/DataRegU1Ch0b[8]:CLK
  To:                          A2DRead/DataRegU1Ch0c[8]:D
  Delay (ns):                  0.395
  Slack (ns):                  0.190
  Arrival (ns):                3.121
  Required (ns):               2.931

Path 5
  From:                        A2DRead/DataRegU1Ch1e[4]:CLK
  To:                          A2DRead/DataRegU1Ch1f[4]:D
  Delay (ns):                  0.427
  Slack (ns):                  0.218
  Arrival (ns):                3.151
  Required (ns):               2.933

Path 6
  From:                        A2DRead/DataRegU1Ch1f[10]:CLK
  To:                          A2DRead/DataRegU1Ch1g[10]:D
  Delay (ns):                  0.360
  Slack (ns):                  0.219
  Arrival (ns):                3.088
  Required (ns):               2.869

Path 7
  From:                        A2DRead/DataRegU1Ch1b[9]:CLK
  To:                          A2DRead/DataRegU1Ch1c[9]:D
  Delay (ns):                  0.429
  Slack (ns):                  0.220
  Arrival (ns):                3.153
  Required (ns):               2.933

Path 8
  From:                        A2DRead/DataRegU1Ch1l[4]:CLK
  To:                          A2DRead/DataRegU1Ch1m[4]:D
  Delay (ns):                  0.430
  Slack (ns):                  0.221
  Arrival (ns):                3.154
  Required (ns):               2.933

Path 9
  From:                        A2DRead/DataRegU1Ch1o[8]:CLK
  To:                          A2DRead/DataRegU1Ch1p[8]:D
  Delay (ns):                  0.430
  Slack (ns):                  0.221
  Arrival (ns):                3.154
  Required (ns):               2.933

Path 10
  From:                        A2DRead/DataRegU1Ch0o[6]:CLK
  To:                          A2DRead/DataRegU1Ch0p[6]:D
  Delay (ns):                  0.426
  Slack (ns):                  0.221
  Arrival (ns):                3.152
  Required (ns):               2.931

Path 11
  From:                        A2DRead/DataRegU1Ch0l[8]:CLK
  To:                          A2DRead/DataRegU1Ch0m[8]:D
  Delay (ns):                  0.430
  Slack (ns):                  0.221
  Arrival (ns):                3.154
  Required (ns):               2.933

Path 12
  From:                        A2DRead/DataRegU1Ch1l[8]:CLK
  To:                          A2DRead/DataRegU1Ch1m[8]:D
  Delay (ns):                  0.430
  Slack (ns):                  0.221
  Arrival (ns):                3.154
  Required (ns):               2.933

Path 13
  From:                        A2DRead/DataRegU1Ch1c[7]:CLK
  To:                          A2DRead/DataRegU1Ch1d[7]:D
  Delay (ns):                  0.431
  Slack (ns):                  0.222
  Arrival (ns):                3.155
  Required (ns):               2.933

Path 14
  From:                        A2DRead/DataRegU1Ch0i[7]:CLK
  To:                          A2DRead/DataRegU1Ch0j[7]:D
  Delay (ns):                  0.430
  Slack (ns):                  0.225
  Arrival (ns):                3.156
  Required (ns):               2.931

Path 15
  From:                        A2DRead/DataRegU1Ch0d[9]:CLK
  To:                          A2DRead/DataRegU1Ch0e[9]:D
  Delay (ns):                  0.435
  Slack (ns):                  0.226
  Arrival (ns):                3.159
  Required (ns):               2.933

Path 16
  From:                        A2DRead/DataRegU1Ch0n[7]:CLK
  To:                          A2DRead/DataRegU1Ch0o[7]:D
  Delay (ns):                  0.435
  Slack (ns):                  0.230
  Arrival (ns):                3.161
  Required (ns):               2.931

Path 17
  From:                        A2DRead/DataRegU1Ch0d[6]:CLK
  To:                          A2DRead/DataRegU1Ch0e[6]:D
  Delay (ns):                  0.435
  Slack (ns):                  0.230
  Arrival (ns):                3.161
  Required (ns):               2.931

Path 18
  From:                        A2DRead/DataRegU1Ch1c[3]:CLK
  To:                          A2DRead/DataRegU1Ch1d[3]:D
  Delay (ns):                  0.425
  Slack (ns):                  0.238
  Arrival (ns):                3.142
  Required (ns):               2.904

Path 19
  From:                        A2DRead/DataRegU1Ch0j[5]:CLK
  To:                          A2DRead/DataRegU1Ch0k[5]:D
  Delay (ns):                  0.425
  Slack (ns):                  0.238
  Arrival (ns):                3.115
  Required (ns):               2.877

Path 20
  From:                        A2DRead/DataRegU1Ch1b[5]:CLK
  To:                          A2DRead/DataRegU1Ch1c[5]:D
  Delay (ns):                  0.425
  Slack (ns):                  0.238
  Arrival (ns):                3.142
  Required (ns):               2.904

Path 21
  From:                        A2DRead/DataRegU1Ch0g[8]:CLK
  To:                          A2DRead/DataRegU1Ch0h[8]:D
  Delay (ns):                  0.368
  Slack (ns):                  0.241
  Arrival (ns):                3.165
  Required (ns):               2.924

Path 22
  From:                        A2DRead/DataRegU1Ch0n[4]:CLK
  To:                          A2DRead/DataRegU1Ch0o[4]:D
  Delay (ns):                  0.360
  Slack (ns):                  0.250
  Arrival (ns):                3.157
  Required (ns):               2.907

Path 23
  From:                        A2DRead/DataRegU1Ch0l[1]:CLK
  To:                          A2DRead/DataRegU1Ch0m[1]:D
  Delay (ns):                  0.362
  Slack (ns):                  0.253
  Arrival (ns):                3.184
  Required (ns):               2.931

Path 24
  From:                        A2DRead/DataRegU1Ch0i[6]:CLK
  To:                          A2DRead/DataRegU1Ch0j[6]:D
  Delay (ns):                  0.362
  Slack (ns):                  0.253
  Arrival (ns):                3.184
  Required (ns):               2.931

Path 25
  From:                        A2DRead/DataRegU1Ch0n[1]:CLK
  To:                          A2DRead/DataRegU1Ch0o[1]:D
  Delay (ns):                  0.362
  Slack (ns):                  0.253
  Arrival (ns):                3.184
  Required (ns):               2.931

Path 26
  From:                        A2DRead/DataRegU1Ch1h[3]:CLK
  To:                          A2DRead/DataRegU1Ch1i[3]:D
  Delay (ns):                  0.360
  Slack (ns):                  0.256
  Arrival (ns):                3.180
  Required (ns):               2.924

Path 27
  From:                        matrix_read04/data04[2]:CLK
  To:                          matrix_read04/dataOut04[2]:D
  Delay (ns):                  0.364
  Slack (ns):                  0.256
  Arrival (ns):                2.595
  Required (ns):               2.339

Path 28
  From:                        A2DRead/DataRegU1Ch1o[7]:CLK
  To:                          A2DRead/DataRegU1Ch1p[7]:D
  Delay (ns):                  0.362
  Slack (ns):                  0.265
  Arrival (ns):                3.198
  Required (ns):               2.933

Path 29
  From:                        A2DRead/DataRegU1Ch0j[11]:CLK
  To:                          A2DRead/DataRegU1Ch0k[11]:D
  Delay (ns):                  0.362
  Slack (ns):                  0.265
  Arrival (ns):                3.198
  Required (ns):               2.933

Path 30
  From:                        A2DRead/DataRegU1Ch1g[6]:CLK
  To:                          A2DRead/DataRegU1Ch1h[6]:D
  Delay (ns):                  0.362
  Slack (ns):                  0.265
  Arrival (ns):                3.198
  Required (ns):               2.933

Path 31
  From:                        A2DRead/DataRegU1Ch1e[2]:CLK
  To:                          A2DRead/DataRegU1Ch1f[2]:D
  Delay (ns):                  0.362
  Slack (ns):                  0.265
  Arrival (ns):                3.198
  Required (ns):               2.933

Path 32
  From:                        A2DRead/DataRegU1Ch1n[6]:CLK
  To:                          A2DRead/DataRegU1Ch1o[6]:D
  Delay (ns):                  0.362
  Slack (ns):                  0.265
  Arrival (ns):                3.198
  Required (ns):               2.933

Path 33
  From:                        A2DRead/DataRegU1Ch1b[6]:CLK
  To:                          A2DRead/DataRegU1Ch1c[6]:D
  Delay (ns):                  0.362
  Slack (ns):                  0.265
  Arrival (ns):                3.198
  Required (ns):               2.933

Path 34
  From:                        A2DRead/DataRegU1Ch1l[10]:CLK
  To:                          A2DRead/DataRegU1Ch1m[10]:D
  Delay (ns):                  0.362
  Slack (ns):                  0.268
  Arrival (ns):                3.152
  Required (ns):               2.884

Path 35
  From:                        A2DRead/DataRegU1Ch1k[11]:CLK
  To:                          A2DRead/DataRegU1Ch1l[11]:D
  Delay (ns):                  0.362
  Slack (ns):                  0.268
  Arrival (ns):                3.152
  Required (ns):               2.884

Path 36
  From:                        A2DRead/DataRegU1Ch1a[11]:CLK
  To:                          A2DRead/DataRegU1Ch1b[11]:D
  Delay (ns):                  0.362
  Slack (ns):                  0.268
  Arrival (ns):                3.152
  Required (ns):               2.884

Path 37
  From:                        A2DRead/DataRegU1Ch1m[12]:CLK
  To:                          A2DRead/DataRegU1Ch1n[12]:D
  Delay (ns):                  0.362
  Slack (ns):                  0.268
  Arrival (ns):                3.152
  Required (ns):               2.884

Path 38
  From:                        A2DRead/DataRegU1Ch1j[10]:CLK
  To:                          A2DRead/DataRegU1Ch1k[10]:D
  Delay (ns):                  0.362
  Slack (ns):                  0.268
  Arrival (ns):                3.152
  Required (ns):               2.884

Path 39
  From:                        A2DRead/DataRegU1Ch1g[8]:CLK
  To:                          A2DRead/DataRegU1Ch1h[8]:D
  Delay (ns):                  0.360
  Slack (ns):                  0.270
  Arrival (ns):                3.203
  Required (ns):               2.933

Path 40
  From:                        A2DRead/DataRegU1Ch1n[4]:CLK
  To:                          A2DRead/DataRegU1Ch1o[4]:D
  Delay (ns):                  0.360
  Slack (ns):                  0.270
  Arrival (ns):                3.203
  Required (ns):               2.933

Path 41
  From:                        A2DRead/DataRegU1Ch0e[9]:CLK
  To:                          A2DRead/DataRegU1Ch0f[9]:D
  Delay (ns):                  0.360
  Slack (ns):                  0.270
  Arrival (ns):                3.203
  Required (ns):               2.933

Path 42
  From:                        A2DRead/DataRegU1Ch0l[11]:CLK
  To:                          A2DRead/DataRegU1Ch0m[11]:D
  Delay (ns):                  0.360
  Slack (ns):                  0.270
  Arrival (ns):                3.203
  Required (ns):               2.933

Path 43
  From:                        A2DRead/DataRegU1Ch1g[7]:CLK
  To:                          A2DRead/DataRegU1Ch1h[7]:D
  Delay (ns):                  0.360
  Slack (ns):                  0.270
  Arrival (ns):                3.203
  Required (ns):               2.933

Path 44
  From:                        A2DRead/DataRegU1Ch0n[9]:CLK
  To:                          A2DRead/DataRegU1Ch0o[9]:D
  Delay (ns):                  0.360
  Slack (ns):                  0.270
  Arrival (ns):                3.203
  Required (ns):               2.933

Path 45
  From:                        A2DRead/DataRegU1Ch1k[6]:CLK
  To:                          A2DRead/DataRegU1Ch1l[6]:D
  Delay (ns):                  0.360
  Slack (ns):                  0.270
  Arrival (ns):                3.203
  Required (ns):               2.933

Path 46
  From:                        A2DRead/DataRegU1Ch1m[4]:CLK
  To:                          A2DRead/DataRegU1Ch1n[4]:D
  Delay (ns):                  0.360
  Slack (ns):                  0.270
  Arrival (ns):                3.203
  Required (ns):               2.933

Path 47
  From:                        A2DRead/DataRegU1Ch1f[4]:CLK
  To:                          A2DRead/DataRegU1Ch1g[4]:D
  Delay (ns):                  0.360
  Slack (ns):                  0.270
  Arrival (ns):                3.203
  Required (ns):               2.933

Path 48
  From:                        A2DRead/DataRegU1Ch1j[6]:CLK
  To:                          A2DRead/DataRegU1Ch1k[6]:D
  Delay (ns):                  0.360
  Slack (ns):                  0.270
  Arrival (ns):                3.203
  Required (ns):               2.933

Path 49
  From:                        A2DRead/DataRegU1Ch1o[6]:CLK
  To:                          A2DRead/DataRegU1Ch1p[6]:D
  Delay (ns):                  0.360
  Slack (ns):                  0.270
  Arrival (ns):                3.203
  Required (ns):               2.933

Path 50
  From:                        A2DRead/DataRegU1Ch1h[6]:CLK
  To:                          A2DRead/DataRegU1Ch1i[6]:D
  Delay (ns):                  0.360
  Slack (ns):                  0.270
  Arrival (ns):                3.203
  Required (ns):               2.933

Path 51
  From:                        A2DRead/DataRegU1Ch1c[6]:CLK
  To:                          A2DRead/DataRegU1Ch1d[6]:D
  Delay (ns):                  0.360
  Slack (ns):                  0.270
  Arrival (ns):                3.203
  Required (ns):               2.933

Path 52
  From:                        A2DRead/DataRegU1Ch0m[9]:CLK
  To:                          A2DRead/DataRegU1Ch0n[9]:D
  Delay (ns):                  0.360
  Slack (ns):                  0.270
  Arrival (ns):                3.203
  Required (ns):               2.933

Path 53
  From:                        A2DRead/DataRegU1Ch0k[11]:CLK
  To:                          A2DRead/DataRegU1Ch0l[11]:D
  Delay (ns):                  0.360
  Slack (ns):                  0.270
  Arrival (ns):                3.203
  Required (ns):               2.933

Path 54
  From:                        A2DRead/DataRegU1Ch0m[2]:CLK
  To:                          A2DRead/DataRegU1Ch0n[2]:D
  Delay (ns):                  0.360
  Slack (ns):                  0.271
  Arrival (ns):                3.202
  Required (ns):               2.931

Path 55
  From:                        A2DRead/DataRegU1Ch0d[8]:CLK
  To:                          A2DRead/DataRegU1Ch0e[8]:D
  Delay (ns):                  0.360
  Slack (ns):                  0.271
  Arrival (ns):                3.202
  Required (ns):               2.931

Path 56
  From:                        A2DRead/DataRegU1Ch0h[1]:CLK
  To:                          A2DRead/DataRegU1Ch0i[1]:D
  Delay (ns):                  0.360
  Slack (ns):                  0.271
  Arrival (ns):                3.202
  Required (ns):               2.931

Path 57
  From:                        A2DRead/DataRegU1Ch0j[7]:CLK
  To:                          A2DRead/DataRegU1Ch0k[7]:D
  Delay (ns):                  0.360
  Slack (ns):                  0.271
  Arrival (ns):                3.202
  Required (ns):               2.931

Path 58
  From:                        A2DRead/DataRegU1Ch0e[6]:CLK
  To:                          A2DRead/DataRegU1Ch0f[6]:D
  Delay (ns):                  0.360
  Slack (ns):                  0.271
  Arrival (ns):                3.202
  Required (ns):               2.931

Path 59
  From:                        A2DRead/DataRegU1Ch0j[6]:CLK
  To:                          A2DRead/DataRegU1Ch0k[6]:D
  Delay (ns):                  0.360
  Slack (ns):                  0.271
  Arrival (ns):                3.202
  Required (ns):               2.931

Path 60
  From:                        A2DRead/DataRegU1Ch0g[4]:CLK
  To:                          A2DRead/DataRegU1Ch0h[4]:D
  Delay (ns):                  0.360
  Slack (ns):                  0.271
  Arrival (ns):                3.202
  Required (ns):               2.931

Path 61
  From:                        A2DRead/DataRegU1Ch0k[2]:CLK
  To:                          A2DRead/DataRegU1Ch0l[2]:D
  Delay (ns):                  0.360
  Slack (ns):                  0.271
  Arrival (ns):                3.202
  Required (ns):               2.931

Path 62
  From:                        A2DRead/DataRegU1Ch0g[1]:CLK
  To:                          A2DRead/DataRegU1Ch0h[1]:D
  Delay (ns):                  0.360
  Slack (ns):                  0.271
  Arrival (ns):                3.202
  Required (ns):               2.931

Path 63
  From:                        A2DRead/DataRegU1Ch0c[8]:CLK
  To:                          A2DRead/DataRegU1Ch0d[8]:D
  Delay (ns):                  0.360
  Slack (ns):                  0.271
  Arrival (ns):                3.202
  Required (ns):               2.931

Path 64
  From:                        A2DRead/DataRegU1Ch0o[7]:CLK
  To:                          A2DRead/DataRegU1Ch0p[7]:D
  Delay (ns):                  0.360
  Slack (ns):                  0.271
  Arrival (ns):                3.202
  Required (ns):               2.931

Path 65
  From:                        A2DRead/DataRegU1Ch0o[1]:CLK
  To:                          A2DRead/DataRegU1Ch0p[1]:D
  Delay (ns):                  0.360
  Slack (ns):                  0.271
  Arrival (ns):                3.202
  Required (ns):               2.931

Path 66
  From:                        A2DRead/DataRegU1Ch1j[2]:CLK
  To:                          A2DRead/DataRegU1Ch1k[2]:D
  Delay (ns):                  0.360
  Slack (ns):                  0.272
  Arrival (ns):                3.196
  Required (ns):               2.924

Path 67
  From:                        A2DRead/DataRegU1Ch1h[8]:CLK
  To:                          A2DRead/DataRegU1Ch1i[8]:D
  Delay (ns):                  0.362
  Slack (ns):                  0.272
  Arrival (ns):                3.205
  Required (ns):               2.933

Path 68
  From:                        A2DRead/DataRegU1Ch0b[9]:CLK
  To:                          A2DRead/DataRegU1Ch0c[9]:D
  Delay (ns):                  0.362
  Slack (ns):                  0.272
  Arrival (ns):                3.205
  Required (ns):               2.933

Path 69
  From:                        A2DRead/DataRegU1Ch1i[2]:CLK
  To:                          A2DRead/DataRegU1Ch1j[2]:D
  Delay (ns):                  0.360
  Slack (ns):                  0.272
  Arrival (ns):                3.196
  Required (ns):               2.924

Path 70
  From:                        A2DRead/DataRegU1Ch1c[2]:CLK
  To:                          A2DRead/DataRegU1Ch1d[2]:D
  Delay (ns):                  0.360
  Slack (ns):                  0.272
  Arrival (ns):                3.196
  Required (ns):               2.924

Path 71
  From:                        A2DRead/DataRegU1Ch1d[6]:CLK
  To:                          A2DRead/DataRegU1Ch1e[6]:D
  Delay (ns):                  0.362
  Slack (ns):                  0.272
  Arrival (ns):                3.205
  Required (ns):               2.933

Path 72
  From:                        A2DRead/DataRegU1Ch1f[5]:CLK
  To:                          A2DRead/DataRegU1Ch1g[5]:D
  Delay (ns):                  0.360
  Slack (ns):                  0.272
  Arrival (ns):                3.196
  Required (ns):               2.924

Path 73
  From:                        A2DRead/DataRegU1Ch1m[2]:CLK
  To:                          A2DRead/DataRegU1Ch1n[2]:D
  Delay (ns):                  0.360
  Slack (ns):                  0.272
  Arrival (ns):                3.196
  Required (ns):               2.924

Path 74
  From:                        A2DRead/DataRegU1Ch0o[9]:CLK
  To:                          A2DRead/DataRegU1Ch0p[9]:D
  Delay (ns):                  0.362
  Slack (ns):                  0.272
  Arrival (ns):                3.205
  Required (ns):               2.933

Path 75
  From:                        A2DRead/DataRegU1Ch1h[4]:CLK
  To:                          A2DRead/DataRegU1Ch1i[4]:D
  Delay (ns):                  0.362
  Slack (ns):                  0.272
  Arrival (ns):                3.205
  Required (ns):               2.933

Path 76
  From:                        A2DRead/DataRegU1Ch1n[2]:CLK
  To:                          A2DRead/DataRegU1Ch1o[2]:D
  Delay (ns):                  0.360
  Slack (ns):                  0.272
  Arrival (ns):                3.196
  Required (ns):               2.924

Path 77
  From:                        A2DRead/DataRegU1Ch1d[2]:CLK
  To:                          A2DRead/DataRegU1Ch1e[2]:D
  Delay (ns):                  0.360
  Slack (ns):                  0.272
  Arrival (ns):                3.196
  Required (ns):               2.924

Path 78
  From:                        A2DRead/DataRegU1Ch1i[8]:CLK
  To:                          A2DRead/DataRegU1Ch1j[8]:D
  Delay (ns):                  0.362
  Slack (ns):                  0.272
  Arrival (ns):                3.205
  Required (ns):               2.933

Path 79
  From:                        A2DRead/DataRegU1Ch1l[6]:CLK
  To:                          A2DRead/DataRegU1Ch1m[6]:D
  Delay (ns):                  0.362
  Slack (ns):                  0.272
  Arrival (ns):                3.205
  Required (ns):               2.933

Path 80
  From:                        A2DRead/DataRegU1Ch1i[6]:CLK
  To:                          A2DRead/DataRegU1Ch1j[6]:D
  Delay (ns):                  0.362
  Slack (ns):                  0.272
  Arrival (ns):                3.205
  Required (ns):               2.933

Path 81
  From:                        A2DRead/DataRegU1Ch1g[4]:CLK
  To:                          A2DRead/DataRegU1Ch1h[4]:D
  Delay (ns):                  0.362
  Slack (ns):                  0.272
  Arrival (ns):                3.205
  Required (ns):               2.933

Path 82
  From:                        A2DRead/DataRegU1Ch1n[7]:CLK
  To:                          A2DRead/DataRegU1Ch1o[7]:D
  Delay (ns):                  0.360
  Slack (ns):                  0.272
  Arrival (ns):                3.196
  Required (ns):               2.924

Path 83
  From:                        A2DRead/DataRegU1Ch1o[4]:CLK
  To:                          A2DRead/DataRegU1Ch1p[4]:D
  Delay (ns):                  0.362
  Slack (ns):                  0.272
  Arrival (ns):                3.205
  Required (ns):               2.933

Path 84
  From:                        A2DRead/DataRegU1Ch0j[9]:CLK
  To:                          A2DRead/DataRegU1Ch0k[9]:D
  Delay (ns):                  0.381
  Slack (ns):                  0.272
  Arrival (ns):                3.203
  Required (ns):               2.931

Path 85
  From:                        A2DRead/DataRegU1Ch0m[11]:CLK
  To:                          A2DRead/DataRegU1Ch0n[11]:D
  Delay (ns):                  0.362
  Slack (ns):                  0.272
  Arrival (ns):                3.205
  Required (ns):               2.933

Path 86
  From:                        A2DRead/DataRegU1Ch1f[6]:CLK
  To:                          A2DRead/DataRegU1Ch1g[6]:D
  Delay (ns):                  0.360
  Slack (ns):                  0.272
  Arrival (ns):                3.196
  Required (ns):               2.924

Path 87
  From:                        A2DRead/DataRegU1Ch1g[5]:CLK
  To:                          A2DRead/DataRegU1Ch1h[5]:D
  Delay (ns):                  0.360
  Slack (ns):                  0.272
  Arrival (ns):                3.196
  Required (ns):               2.924

Path 88
  From:                        A2DRead/DataRegU1Ch0i[1]:CLK
  To:                          A2DRead/DataRegU1Ch0j[1]:D
  Delay (ns):                  0.362
  Slack (ns):                  0.273
  Arrival (ns):                3.204
  Required (ns):               2.931

Path 89
  From:                        A2DRead/DataRegU1Ch0k[3]:CLK
  To:                          A2DRead/DataRegU1Ch0l[3]:D
  Delay (ns):                  0.362
  Slack (ns):                  0.273
  Arrival (ns):                3.204
  Required (ns):               2.931

Path 90
  From:                        A2DRead/DataRegU1Ch0h[4]:CLK
  To:                          A2DRead/DataRegU1Ch0i[4]:D
  Delay (ns):                  0.362
  Slack (ns):                  0.273
  Arrival (ns):                3.204
  Required (ns):               2.931

Path 91
  From:                        A2DRead/DataRegU1Ch0k[6]:CLK
  To:                          A2DRead/DataRegU1Ch0l[6]:D
  Delay (ns):                  0.362
  Slack (ns):                  0.273
  Arrival (ns):                3.204
  Required (ns):               2.931

Path 92
  From:                        A2DRead/DataRegU1Ch0e[8]:CLK
  To:                          A2DRead/DataRegU1Ch0f[8]:D
  Delay (ns):                  0.362
  Slack (ns):                  0.273
  Arrival (ns):                3.204
  Required (ns):               2.931

Path 93
  From:                        A2DRead/DataRegU1Ch0n[2]:CLK
  To:                          A2DRead/DataRegU1Ch0o[2]:D
  Delay (ns):                  0.362
  Slack (ns):                  0.273
  Arrival (ns):                3.204
  Required (ns):               2.931

Path 94
  From:                        A2DRead/DataRegU1Ch0h[9]:CLK
  To:                          A2DRead/DataRegU1Ch0i[9]:D
  Delay (ns):                  0.362
  Slack (ns):                  0.273
  Arrival (ns):                3.204
  Required (ns):               2.931

Path 95
  From:                        A2DRead/DataRegU1Ch0a[6]:CLK
  To:                          A2DRead/DataRegU1Ch0b[6]:D
  Delay (ns):                  0.362
  Slack (ns):                  0.273
  Arrival (ns):                3.204
  Required (ns):               2.931

Path 96
  From:                        A2DRead/DataRegU1Ch0f[1]:CLK
  To:                          A2DRead/DataRegU1Ch0g[1]:D
  Delay (ns):                  0.362
  Slack (ns):                  0.273
  Arrival (ns):                3.204
  Required (ns):               2.931

Path 97
  From:                        A2DRead/DataRegU1Ch0l[3]:CLK
  To:                          A2DRead/DataRegU1Ch0m[3]:D
  Delay (ns):                  0.362
  Slack (ns):                  0.273
  Arrival (ns):                3.204
  Required (ns):               2.931

Path 98
  From:                        A2DRead/DataRegU1Ch0f[6]:CLK
  To:                          A2DRead/DataRegU1Ch0g[6]:D
  Delay (ns):                  0.362
  Slack (ns):                  0.273
  Arrival (ns):                3.204
  Required (ns):               2.931

Path 99
  From:                        A2DRead/DataRegU1Ch0k[7]:CLK
  To:                          A2DRead/DataRegU1Ch0l[7]:D
  Delay (ns):                  0.362
  Slack (ns):                  0.273
  Arrival (ns):                3.204
  Required (ns):               2.931

Path 100
  From:                        A2DRead/DataRegU1Ch0l[2]:CLK
  To:                          A2DRead/DataRegU1Ch0m[2]:D
  Delay (ns):                  0.362
  Slack (ns):                  0.273
  Arrival (ns):                3.204
  Required (ns):               2.931

