Timing Violation Report Min Delay Analysis

SmartTime Version v11.7 SP1.1
Microsemi Corporation - Microsemi Libero Software Release v11.7 SP1.1 (Version 11.7.1.14)
Date: Thu Jul 27 09:54:22 2017


Design: mainprogram
Family: IGLOO
Die: AGLN250V5
Package: 100 VQFP
Temperature Range: 0 - 70 C
Voltage Range: 1.425 - 1.575 V
Speed Grade: STD
Design State: Post-Layout
Data source: Silicon verified
Min Operating Conditions: BEST - 1.575 V - 0 C
Max Operating Conditions: WORST - 1.425 V - 70 C
Using Enhanced Min Delay Analysis
Scenario for Timing Analysis: Primary


Path 1
  From:                        A2DRead/DataRegU1Ch0g[12]:CLK
  To:                          A2DRead/DataRegU1Ch0h[12]:D
  Delay (ns):                  0.360
  Slack (ns):                  0.179
  Arrival (ns):                3.116
  Required (ns):               2.937

Path 2
  From:                        A2DRead/DataRegU1Ch1m[5]:CLK
  To:                          A2DRead/DataRegU1Ch1n[5]:D
  Delay (ns):                  0.362
  Slack (ns):                  0.191
  Arrival (ns):                3.129
  Required (ns):               2.938

Path 3
  From:                        A2DRead/DataRegU1Ch1i[2]:CLK
  To:                          A2DRead/DataRegU1Ch1j[2]:D
  Delay (ns):                  0.429
  Slack (ns):                  0.215
  Arrival (ns):                3.153
  Required (ns):               2.938

Path 4
  From:                        A2DRead/DataRegU1Ch0b[11]:CLK
  To:                          A2DRead/DataRegU1Ch0c[11]:D
  Delay (ns):                  0.429
  Slack (ns):                  0.215
  Arrival (ns):                3.153
  Required (ns):               2.938

Path 5
  From:                        A2DRead/DataRegU1Ch1l[6]:CLK
  To:                          A2DRead/DataRegU1Ch1m[6]:D
  Delay (ns):                  0.430
  Slack (ns):                  0.216
  Arrival (ns):                3.154
  Required (ns):               2.938

Path 6
  From:                        A2DRead/DataRegU1Ch1o[6]:CLK
  To:                          A2DRead/DataRegU1Ch1p[6]:D
  Delay (ns):                  0.430
  Slack (ns):                  0.216
  Arrival (ns):                3.154
  Required (ns):               2.938

Path 7
  From:                        A2DRead/DataRegU1Ch0g[7]:CLK
  To:                          A2DRead/DataRegU1Ch0h[7]:D
  Delay (ns):                  0.360
  Slack (ns):                  0.218
  Arrival (ns):                3.149
  Required (ns):               2.931

Path 8
  From:                        A2DRead/DataRegU1Ch0d[5]:CLK
  To:                          A2DRead/DataRegU1Ch0e[5]:D
  Delay (ns):                  0.360
  Slack (ns):                  0.218
  Arrival (ns):                3.149
  Required (ns):               2.931

Path 9
  From:                        A2DRead/DataRegU1Ch0d[9]:CLK
  To:                          A2DRead/DataRegU1Ch0e[9]:D
  Delay (ns):                  0.360
  Slack (ns):                  0.218
  Arrival (ns):                3.149
  Required (ns):               2.931

Path 10
  From:                        A2DRead/DataRegU1Ch0g[1]:CLK
  To:                          A2DRead/DataRegU1Ch0h[1]:D
  Delay (ns):                  0.360
  Slack (ns):                  0.218
  Arrival (ns):                3.149
  Required (ns):               2.931

Path 11
  From:                        A2DRead/DataRegU1Ch0g[6]:CLK
  To:                          A2DRead/DataRegU1Ch0h[6]:D
  Delay (ns):                  0.360
  Slack (ns):                  0.218
  Arrival (ns):                3.149
  Required (ns):               2.931

Path 12
  From:                        A2DRead/DataRegU1Ch1d[8]:CLK
  To:                          A2DRead/DataRegU1Ch1e[8]:D
  Delay (ns):                  0.435
  Slack (ns):                  0.221
  Arrival (ns):                3.159
  Required (ns):               2.938

Path 13
  From:                        A2DRead/DataRegU1Ch1k[8]:CLK
  To:                          A2DRead/DataRegU1Ch1l[8]:D
  Delay (ns):                  0.435
  Slack (ns):                  0.221
  Arrival (ns):                3.159
  Required (ns):               2.938

Path 14
  From:                        A2DRead/DataRegU1Ch1d[3]:CLK
  To:                          A2DRead/DataRegU1Ch1e[3]:D
  Delay (ns):                  0.435
  Slack (ns):                  0.221
  Arrival (ns):                3.159
  Required (ns):               2.938

Path 15
  From:                        A2DRead/DataRegU1Ch1d[6]:CLK
  To:                          A2DRead/DataRegU1Ch1e[6]:D
  Delay (ns):                  0.360
  Slack (ns):                  0.227
  Arrival (ns):                3.164
  Required (ns):               2.937

Path 16
  From:                        A2DRead/DataRegU1Ch1f[4]:CLK
  To:                          A2DRead/DataRegU1Ch1g[4]:D
  Delay (ns):                  0.360
  Slack (ns):                  0.227
  Arrival (ns):                3.164
  Required (ns):               2.937

Path 17
  From:                        A2DRead/DataRegU1Ch1m[1]:CLK
  To:                          A2DRead/DataRegU1Ch1n[1]:D
  Delay (ns):                  0.360
  Slack (ns):                  0.227
  Arrival (ns):                3.164
  Required (ns):               2.937

Path 18
  From:                        A2DRead/DataRegU1Ch1g[2]:CLK
  To:                          A2DRead/DataRegU1Ch1h[2]:D
  Delay (ns):                  0.442
  Slack (ns):                  0.228
  Arrival (ns):                3.166
  Required (ns):               2.938

Path 19
  From:                        A2DRead/DataRegU1Ch0e[4]:CLK
  To:                          A2DRead/DataRegU1Ch0f[4]:D
  Delay (ns):                  0.426
  Slack (ns):                  0.231
  Arrival (ns):                3.152
  Required (ns):               2.921

Path 20
  From:                        A2DRead/DataRegU1Ch1l[2]:CLK
  To:                          A2DRead/DataRegU1Ch1m[2]:D
  Delay (ns):                  0.430
  Slack (ns):                  0.235
  Arrival (ns):                3.156
  Required (ns):               2.921

Path 21
  From:                        A2DRead/DataRegU1Ch0l[3]:CLK
  To:                          A2DRead/DataRegU1Ch0m[3]:D
  Delay (ns):                  0.430
  Slack (ns):                  0.235
  Arrival (ns):                3.156
  Required (ns):               2.921

Path 22
  From:                        matrix_read04/data01[1]:CLK
  To:                          matrix_read04/dataOut01[1]:D
  Delay (ns):                  0.371
  Slack (ns):                  0.240
  Arrival (ns):                2.573
  Required (ns):               2.333

Path 23
  From:                        A2DRead/DataRegU1Ch0k[2]:CLK
  To:                          A2DRead/DataRegU1Ch0l[2]:D
  Delay (ns):                  0.435
  Slack (ns):                  0.240
  Arrival (ns):                3.161
  Required (ns):               2.921

Path 24
  From:                        A2DRead/DataRegU1Ch1o[2]:CLK
  To:                          A2DRead/DataRegU1Ch1p[2]:D
  Delay (ns):                  0.437
  Slack (ns):                  0.242
  Arrival (ns):                3.163
  Required (ns):               2.921

Path 25
  From:                        matrix_read03/data03[0]:CLK
  To:                          matrix_read03/dataOut03[0]:D
  Delay (ns):                  0.360
  Slack (ns):                  0.252
  Arrival (ns):                2.608
  Required (ns):               2.356

Path 26
  From:                        A2DRead/DataInReg[9]:CLK
  To:                          A2DRead/DataRegU1Ch1a[9]:D
  Delay (ns):                  0.392
  Slack (ns):                  0.259
  Arrival (ns):                3.196
  Required (ns):               2.937

Path 27
  From:                        A2DRead/DataRegU1Ch0o[8]:CLK
  To:                          A2DRead/DataRegU1Ch0p[8]:D
  Delay (ns):                  0.360
  Slack (ns):                  0.263
  Arrival (ns):                3.194
  Required (ns):               2.931

Path 28
  From:                        A2DRead/DataRegU1Ch0b[8]:CLK
  To:                          A2DRead/DataRegU1Ch0c[8]:D
  Delay (ns):                  0.360
  Slack (ns):                  0.263
  Arrival (ns):                3.194
  Required (ns):               2.931

Path 29
  From:                        A2DRead/DataRegU1Ch1o[1]:CLK
  To:                          A2DRead/DataRegU1Ch1p[1]:D
  Delay (ns):                  0.360
  Slack (ns):                  0.270
  Arrival (ns):                3.207
  Required (ns):               2.937

Path 30
  From:                        A2DRead/DataRegU1Ch1h[5]:CLK
  To:                          A2DRead/DataRegU1Ch1i[5]:D
  Delay (ns):                  0.360
  Slack (ns):                  0.270
  Arrival (ns):                3.208
  Required (ns):               2.938

Path 31
  From:                        A2DRead/DataRegU1Ch1n[4]:CLK
  To:                          A2DRead/DataRegU1Ch1o[4]:D
  Delay (ns):                  0.360
  Slack (ns):                  0.270
  Arrival (ns):                3.207
  Required (ns):               2.937

Path 32
  From:                        A2DRead/DataRegU1Ch0j[11]:CLK
  To:                          A2DRead/DataRegU1Ch0k[11]:D
  Delay (ns):                  0.360
  Slack (ns):                  0.270
  Arrival (ns):                3.207
  Required (ns):               2.937

Path 33
  From:                        A2DRead/DataRegU1Ch0h[12]:CLK
  To:                          A2DRead/DataRegU1Ch0i[12]:D
  Delay (ns):                  0.360
  Slack (ns):                  0.270
  Arrival (ns):                3.207
  Required (ns):               2.937

Path 34
  From:                        A2DRead/DataRegU1Ch1i[5]:CLK
  To:                          A2DRead/DataRegU1Ch1j[5]:D
  Delay (ns):                  0.360
  Slack (ns):                  0.270
  Arrival (ns):                3.208
  Required (ns):               2.938

Path 35
  From:                        A2DRead/DataRegU1Ch1h[1]:CLK
  To:                          A2DRead/DataRegU1Ch1i[1]:D
  Delay (ns):                  0.360
  Slack (ns):                  0.270
  Arrival (ns):                3.207
  Required (ns):               2.937

Path 36
  From:                        A2DRead/DataRegU1Ch1k[3]:CLK
  To:                          A2DRead/DataRegU1Ch1l[3]:D
  Delay (ns):                  0.360
  Slack (ns):                  0.270
  Arrival (ns):                3.207
  Required (ns):               2.937

Path 37
  From:                        A2DRead/DataRegU1Ch0n[11]:CLK
  To:                          A2DRead/DataRegU1Ch0o[11]:D
  Delay (ns):                  0.360
  Slack (ns):                  0.270
  Arrival (ns):                3.207
  Required (ns):               2.937

Path 38
  From:                        A2DRead/DataRegU1Ch0l[11]:CLK
  To:                          A2DRead/DataRegU1Ch0m[11]:D
  Delay (ns):                  0.360
  Slack (ns):                  0.270
  Arrival (ns):                3.207
  Required (ns):               2.937

Path 39
  From:                        A2DRead/DataRegU1Ch1g[3]:CLK
  To:                          A2DRead/DataRegU1Ch1h[3]:D
  Delay (ns):                  0.360
  Slack (ns):                  0.270
  Arrival (ns):                3.208
  Required (ns):               2.938

Path 40
  From:                        A2DRead/DataRegU1Ch1d[5]:CLK
  To:                          A2DRead/DataRegU1Ch1e[5]:D
  Delay (ns):                  0.360
  Slack (ns):                  0.270
  Arrival (ns):                3.207
  Required (ns):               2.937

Path 41
  From:                        A2DRead/DataRegU1Ch0d[11]:CLK
  To:                          A2DRead/DataRegU1Ch0e[11]:D
  Delay (ns):                  0.360
  Slack (ns):                  0.270
  Arrival (ns):                3.208
  Required (ns):               2.938

Path 42
  From:                        A2DRead/DataRegU1Ch1h[4]:CLK
  To:                          A2DRead/DataRegU1Ch1i[4]:D
  Delay (ns):                  0.360
  Slack (ns):                  0.270
  Arrival (ns):                3.207
  Required (ns):               2.937

Path 43
  From:                        A2DRead/DataRegU1Ch1e[8]:CLK
  To:                          A2DRead/DataRegU1Ch1f[8]:D
  Delay (ns):                  0.360
  Slack (ns):                  0.270
  Arrival (ns):                3.208
  Required (ns):               2.938

Path 44
  From:                        A2DRead/DataRegU1Ch1o[9]:CLK
  To:                          A2DRead/DataRegU1Ch1p[9]:D
  Delay (ns):                  0.360
  Slack (ns):                  0.270
  Arrival (ns):                3.207
  Required (ns):               2.937

Path 45
  From:                        A2DRead/DataRegU1Ch1a[1]:CLK
  To:                          A2DRead/DataRegU1Ch1b[1]:D
  Delay (ns):                  0.360
  Slack (ns):                  0.270
  Arrival (ns):                3.207
  Required (ns):               2.937

Path 46
  From:                        A2DRead/DataRegU1Ch1c[5]:CLK
  To:                          A2DRead/DataRegU1Ch1d[5]:D
  Delay (ns):                  0.360
  Slack (ns):                  0.270
  Arrival (ns):                3.207
  Required (ns):               2.937

Path 47
  From:                        A2DRead/DataRegU1Ch1f[3]:CLK
  To:                          A2DRead/DataRegU1Ch1g[3]:D
  Delay (ns):                  0.360
  Slack (ns):                  0.270
  Arrival (ns):                3.208
  Required (ns):               2.938

Path 48
  From:                        A2DRead/DataRegU1Ch1e[6]:CLK
  To:                          A2DRead/DataRegU1Ch1f[6]:D
  Delay (ns):                  0.360
  Slack (ns):                  0.270
  Arrival (ns):                3.207
  Required (ns):               2.937

Path 49
  From:                        A2DRead/DataRegU1Ch0i[12]:CLK
  To:                          A2DRead/DataRegU1Ch0j[12]:D
  Delay (ns):                  0.360
  Slack (ns):                  0.270
  Arrival (ns):                3.207
  Required (ns):               2.937

Path 50
  From:                        A2DRead/DataRegU1Ch0f[11]:CLK
  To:                          A2DRead/DataRegU1Ch0g[11]:D
  Delay (ns):                  0.360
  Slack (ns):                  0.270
  Arrival (ns):                3.208
  Required (ns):               2.938

Path 51
  From:                        A2DRead/DataRegU1Ch0g[11]:CLK
  To:                          A2DRead/DataRegU1Ch0h[11]:D
  Delay (ns):                  0.360
  Slack (ns):                  0.270
  Arrival (ns):                3.208
  Required (ns):               2.938

Path 52
  From:                        A2DRead/DataRegU1Ch1o[3]:CLK
  To:                          A2DRead/DataRegU1Ch1p[3]:D
  Delay (ns):                  0.360
  Slack (ns):                  0.270
  Arrival (ns):                3.208
  Required (ns):               2.938

Path 53
  From:                        A2DRead/DataRegU1Ch1f[8]:CLK
  To:                          A2DRead/DataRegU1Ch1g[8]:D
  Delay (ns):                  0.360
  Slack (ns):                  0.270
  Arrival (ns):                3.208
  Required (ns):               2.938

Path 54
  From:                        A2DRead/DataRegU1Ch1l[8]:CLK
  To:                          A2DRead/DataRegU1Ch1m[8]:D
  Delay (ns):                  0.360
  Slack (ns):                  0.270
  Arrival (ns):                3.208
  Required (ns):               2.938

Path 55
  From:                        A2DRead/DataRegU1Ch1d[4]:CLK
  To:                          A2DRead/DataRegU1Ch1e[4]:D
  Delay (ns):                  0.360
  Slack (ns):                  0.270
  Arrival (ns):                3.207
  Required (ns):               2.937

Path 56
  From:                        A2DRead/DataRegU1Ch1a[9]:CLK
  To:                          A2DRead/DataRegU1Ch1b[9]:D
  Delay (ns):                  0.360
  Slack (ns):                  0.270
  Arrival (ns):                3.207
  Required (ns):               2.937

Path 57
  From:                        A2DRead/DataRegU1Ch1n[3]:CLK
  To:                          A2DRead/DataRegU1Ch1o[3]:D
  Delay (ns):                  0.360
  Slack (ns):                  0.270
  Arrival (ns):                3.208
  Required (ns):               2.938

Path 58
  From:                        A2DRead/DataRegU1Ch0l[9]:CLK
  To:                          A2DRead/DataRegU1Ch0m[9]:D
  Delay (ns):                  0.360
  Slack (ns):                  0.271
  Arrival (ns):                3.202
  Required (ns):               2.931

Path 59
  From:                        A2DRead/DataRegU1Ch0c[1]:CLK
  To:                          A2DRead/DataRegU1Ch0d[1]:D
  Delay (ns):                  0.360
  Slack (ns):                  0.271
  Arrival (ns):                3.202
  Required (ns):               2.931

Path 60
  From:                        A2DRead/DataRegU1Ch1l[4]:CLK
  To:                          A2DRead/DataRegU1Ch1m[4]:D
  Delay (ns):                  0.360
  Slack (ns):                  0.271
  Arrival (ns):                3.208
  Required (ns):               2.937

Path 61
  From:                        A2DRead/DataRegU1Ch1e[5]:CLK
  To:                          A2DRead/DataRegU1Ch1f[5]:D
  Delay (ns):                  0.362
  Slack (ns):                  0.271
  Arrival (ns):                3.209
  Required (ns):               2.938

Path 62
  From:                        A2DRead/DataRegU1Ch0h[1]:CLK
  To:                          A2DRead/DataRegU1Ch0i[1]:D
  Delay (ns):                  0.360
  Slack (ns):                  0.271
  Arrival (ns):                3.202
  Required (ns):               2.931

Path 63
  From:                        A2DRead/DataRegU1Ch1i[3]:CLK
  To:                          A2DRead/DataRegU1Ch1j[3]:D
  Delay (ns):                  0.360
  Slack (ns):                  0.271
  Arrival (ns):                3.208
  Required (ns):               2.937

Path 64
  From:                        A2DRead/DataRegU1Ch0b[2]:CLK
  To:                          A2DRead/DataRegU1Ch0c[2]:D
  Delay (ns):                  0.360
  Slack (ns):                  0.271
  Arrival (ns):                3.202
  Required (ns):               2.931

Path 65
  From:                        A2DRead/DataRegU1Ch1b[4]:CLK
  To:                          A2DRead/DataRegU1Ch1c[4]:D
  Delay (ns):                  0.360
  Slack (ns):                  0.271
  Arrival (ns):                3.208
  Required (ns):               2.937

Path 66
  From:                        A2DRead/DataRegU1Ch0d[1]:CLK
  To:                          A2DRead/DataRegU1Ch0e[1]:D
  Delay (ns):                  0.360
  Slack (ns):                  0.271
  Arrival (ns):                3.202
  Required (ns):               2.931

Path 67
  From:                        A2DRead/DataRegU1Ch1i[4]:CLK
  To:                          A2DRead/DataRegU1Ch1j[4]:D
  Delay (ns):                  0.362
  Slack (ns):                  0.271
  Arrival (ns):                3.209
  Required (ns):               2.938

Path 68
  From:                        A2DRead/DataRegU1Ch0e[8]:CLK
  To:                          A2DRead/DataRegU1Ch0f[8]:D
  Delay (ns):                  0.360
  Slack (ns):                  0.271
  Arrival (ns):                3.202
  Required (ns):               2.931

Path 69
  From:                        A2DRead/DataRegU1Ch0h[9]:CLK
  To:                          A2DRead/DataRegU1Ch0i[9]:D
  Delay (ns):                  0.360
  Slack (ns):                  0.271
  Arrival (ns):                3.202
  Required (ns):               2.931

Path 70
  From:                        A2DRead/DataRegU1Ch0a[1]:CLK
  To:                          A2DRead/DataRegU1Ch0b[1]:D
  Delay (ns):                  0.360
  Slack (ns):                  0.271
  Arrival (ns):                3.202
  Required (ns):               2.931

Path 71
  From:                        A2DRead/DataRegU1Ch0m[4]:CLK
  To:                          A2DRead/DataRegU1Ch0n[4]:D
  Delay (ns):                  0.360
  Slack (ns):                  0.271
  Arrival (ns):                3.202
  Required (ns):               2.931

Path 72
  From:                        A2DRead/DataRegU1Ch0f[3]:CLK
  To:                          A2DRead/DataRegU1Ch0g[3]:D
  Delay (ns):                  0.360
  Slack (ns):                  0.271
  Arrival (ns):                3.202
  Required (ns):               2.931

Path 73
  From:                        A2DRead/DataRegU1Ch0i[11]:CLK
  To:                          A2DRead/DataRegU1Ch0j[11]:D
  Delay (ns):                  0.360
  Slack (ns):                  0.271
  Arrival (ns):                3.208
  Required (ns):               2.937

Path 74
  From:                        A2DRead/DataRegU1Ch0l[1]:CLK
  To:                          A2DRead/DataRegU1Ch0m[1]:D
  Delay (ns):                  0.360
  Slack (ns):                  0.271
  Arrival (ns):                3.202
  Required (ns):               2.931

Path 75
  From:                        A2DRead/DataRegU1Ch0i[6]:CLK
  To:                          A2DRead/DataRegU1Ch0j[6]:D
  Delay (ns):                  0.360
  Slack (ns):                  0.271
  Arrival (ns):                3.202
  Required (ns):               2.931

Path 76
  From:                        A2DRead/DataRegU1Ch0f[8]:CLK
  To:                          A2DRead/DataRegU1Ch0g[8]:D
  Delay (ns):                  0.360
  Slack (ns):                  0.271
  Arrival (ns):                3.202
  Required (ns):               2.931

Path 77
  From:                        A2DRead/DataRegU1Ch0k[7]:CLK
  To:                          A2DRead/DataRegU1Ch0l[7]:D
  Delay (ns):                  0.360
  Slack (ns):                  0.271
  Arrival (ns):                3.202
  Required (ns):               2.931

Path 78
  From:                        A2DRead/DataRegU1Ch0g[5]:CLK
  To:                          A2DRead/DataRegU1Ch0h[5]:D
  Delay (ns):                  0.360
  Slack (ns):                  0.271
  Arrival (ns):                3.202
  Required (ns):               2.931

Path 79
  From:                        A2DRead/DataRegU1Ch1n[8]:CLK
  To:                          A2DRead/DataRegU1Ch1o[8]:D
  Delay (ns):                  0.360
  Slack (ns):                  0.271
  Arrival (ns):                3.208
  Required (ns):               2.937

Path 80
  From:                        A2DRead/DataRegU1Ch0g[9]:CLK
  To:                          A2DRead/DataRegU1Ch0h[9]:D
  Delay (ns):                  0.360
  Slack (ns):                  0.271
  Arrival (ns):                3.202
  Required (ns):               2.931

Path 81
  From:                        A2DRead/DataRegU1Ch0k[1]:CLK
  To:                          A2DRead/DataRegU1Ch0l[1]:D
  Delay (ns):                  0.360
  Slack (ns):                  0.271
  Arrival (ns):                3.202
  Required (ns):               2.931

Path 82
  From:                        A2DRead/DataRegU1Ch0l[4]:CLK
  To:                          A2DRead/DataRegU1Ch0m[4]:D
  Delay (ns):                  0.360
  Slack (ns):                  0.271
  Arrival (ns):                3.202
  Required (ns):               2.931

Path 83
  From:                        A2DRead/DataRegU1Ch0e[5]:CLK
  To:                          A2DRead/DataRegU1Ch0f[5]:D
  Delay (ns):                  0.360
  Slack (ns):                  0.271
  Arrival (ns):                3.202
  Required (ns):               2.931

Path 84
  From:                        A2DRead/DataRegU1Ch0h[7]:CLK
  To:                          A2DRead/DataRegU1Ch0i[7]:D
  Delay (ns):                  0.360
  Slack (ns):                  0.271
  Arrival (ns):                3.202
  Required (ns):               2.931

Path 85
  From:                        A2DRead/DataRegU1Ch0f[9]:CLK
  To:                          A2DRead/DataRegU1Ch0g[9]:D
  Delay (ns):                  0.360
  Slack (ns):                  0.271
  Arrival (ns):                3.202
  Required (ns):               2.931

Path 86
  From:                        A2DRead/DataRegU1Ch1b[1]:CLK
  To:                          A2DRead/DataRegU1Ch1c[1]:D
  Delay (ns):                  0.362
  Slack (ns):                  0.271
  Arrival (ns):                3.209
  Required (ns):               2.938

Path 87
  From:                        A2DRead/DataRegU1Ch1l[3]:CLK
  To:                          A2DRead/DataRegU1Ch1m[3]:D
  Delay (ns):                  0.362
  Slack (ns):                  0.271
  Arrival (ns):                3.209
  Required (ns):               2.938

Path 88
  From:                        A2DRead/DataRegU1Ch0h[11]:CLK
  To:                          A2DRead/DataRegU1Ch0i[11]:D
  Delay (ns):                  0.362
  Slack (ns):                  0.272
  Arrival (ns):                3.210
  Required (ns):               2.938

Path 89
  From:                        A2DRead/DataRegU1Ch1g[8]:CLK
  To:                          A2DRead/DataRegU1Ch1h[8]:D
  Delay (ns):                  0.362
  Slack (ns):                  0.272
  Arrival (ns):                3.210
  Required (ns):               2.938

Path 90
  From:                        A2DRead/DataRegU1Ch1h[3]:CLK
  To:                          A2DRead/DataRegU1Ch1i[3]:D
  Delay (ns):                  0.362
  Slack (ns):                  0.272
  Arrival (ns):                3.210
  Required (ns):               2.938

Path 91
  From:                        A2DRead/DataRegU1Ch1m[8]:CLK
  To:                          A2DRead/DataRegU1Ch1n[8]:D
  Delay (ns):                  0.362
  Slack (ns):                  0.272
  Arrival (ns):                3.210
  Required (ns):               2.938

Path 92
  From:                        A2DRead/DataRegU1Ch0k[12]:CLK
  To:                          A2DRead/DataRegU1Ch0l[12]:D
  Delay (ns):                  0.362
  Slack (ns):                  0.272
  Arrival (ns):                3.209
  Required (ns):               2.937

Path 93
  From:                        A2DRead/DataRegU1Ch1j[3]:CLK
  To:                          A2DRead/DataRegU1Ch1k[3]:D
  Delay (ns):                  0.362
  Slack (ns):                  0.272
  Arrival (ns):                3.209
  Required (ns):               2.937

Path 94
  From:                        A2DRead/DataRegU1Ch1f[5]:CLK
  To:                          A2DRead/DataRegU1Ch1g[5]:D
  Delay (ns):                  0.362
  Slack (ns):                  0.272
  Arrival (ns):                3.210
  Required (ns):               2.938

Path 95
  From:                        A2DRead/DataRegU1Ch1c[1]:CLK
  To:                          A2DRead/DataRegU1Ch1d[1]:D
  Delay (ns):                  0.362
  Slack (ns):                  0.272
  Arrival (ns):                3.210
  Required (ns):               2.938

Path 96
  From:                        A2DRead/DataRegU1Ch1o[8]:CLK
  To:                          A2DRead/DataRegU1Ch1p[8]:D
  Delay (ns):                  0.362
  Slack (ns):                  0.272
  Arrival (ns):                3.209
  Required (ns):               2.937

Path 97
  From:                        A2DRead/DataRegU1Ch0j[12]:CLK
  To:                          A2DRead/DataRegU1Ch0k[12]:D
  Delay (ns):                  0.362
  Slack (ns):                  0.272
  Arrival (ns):                3.209
  Required (ns):               2.937

Path 98
  From:                        A2DRead/DataRegU1Ch1m[3]:CLK
  To:                          A2DRead/DataRegU1Ch1n[3]:D
  Delay (ns):                  0.362
  Slack (ns):                  0.272
  Arrival (ns):                3.210
  Required (ns):               2.938

Path 99
  From:                        A2DRead/DataRegU1Ch0c[11]:CLK
  To:                          A2DRead/DataRegU1Ch0d[11]:D
  Delay (ns):                  0.362
  Slack (ns):                  0.272
  Arrival (ns):                3.210
  Required (ns):               2.938

Path 100
  From:                        A2DRead/DataRegU1Ch1k[4]:CLK
  To:                          A2DRead/DataRegU1Ch1l[4]:D
  Delay (ns):                  0.362
  Slack (ns):                  0.272
  Arrival (ns):                3.210
  Required (ns):               2.938

