Timing Report Max Delay Analysis

SmartTime Version v11.7 SP1.1
Microsemi Corporation - Microsemi Libero Software Release v11.7 SP1.1 (Version 11.7.1.14)
Date: Thu Jul 27 10:04:57 2017


Design: mainprogram
Family: IGLOO
Die: AGLN250V5
Package: 100 VQFP
Temperature Range: 0 - 70 C
Voltage Range: 1.425 - 1.575 V
Speed Grade: STD
Design State: Post-Layout
Data source: Silicon verified
Min Operating Conditions: BEST - 1.575 V - 0 C
Max Operating Conditions: WORST - 1.425 V - 70 C
Using Enhanced Min Delay Analysis
Scenario for Timing Analysis: Primary


-----------------------------------------------------
SUMMARY

Clock Domain:               SerialClock
Period (ns):                9.456
Frequency (MHz):            105.753
Required Period (ns):       500.000
Required Frequency (MHz):   2.000
External Setup (ns):        13.948
External Hold (ns):         -1.339
Min Clock-To-Out (ns):      N/A
Max Clock-To-Out (ns):      N/A

Clock Domain:               XCLK
Period (ns):                11.445
Frequency (MHz):            87.374
Required Period (ns):       5.000
Required Frequency (MHz):   200.000
External Setup (ns):        12.550
External Hold (ns):         -2.048
Min Clock-To-Out (ns):      N/A
Max Clock-To-Out (ns):      N/A

Clock Domain:               clock_master/counter[0]:Q
Period (ns):                13.003
Frequency (MHz):            76.905
Required Period (ns):       10.000
Required Frequency (MHz):   100.000
External Setup (ns):        11.712
External Hold (ns):         0.080
Min Clock-To-Out (ns):      5.363
Max Clock-To-Out (ns):      15.631

Clock Domain:               clock_master/counter[1]:Q
Period (ns):                9.534
Frequency (MHz):            104.888
Required Period (ns):       20.000
Required Frequency (MHz):   50.000
External Setup (ns):        1.367
External Hold (ns):         1.447
Min Clock-To-Out (ns):      5.934
Max Clock-To-Out (ns):      14.949

Clock Domain:               clock_master/counter[2]:Q
Period (ns):                11.022
Frequency (MHz):            90.728
Required Period (ns):       40.000
Required Frequency (MHz):   25.000
External Setup (ns):        7.148
External Hold (ns):         1.696
Min Clock-To-Out (ns):      3.631
Max Clock-To-Out (ns):      12.506

Clock Domain:               clock_master/counter[7]:Q
Period (ns):                31.815
Frequency (MHz):            31.432
Required Period (ns):       320.000
Required Frequency (MHz):   3.125
External Setup (ns):        23.877
External Hold (ns):         1.765
Min Clock-To-Out (ns):      4.844
Max Clock-To-Out (ns):      17.863

                            Input to Output
Min Delay (ns):             N/A
Max Delay (ns):             N/A

END SUMMARY
-----------------------------------------------------

Clock Domain SerialClock

SET Register to Register

Path 1
  From:                        discretedutycycle01/cellindex[3]:CLK
  To:                          discretedutycycle01/paralleldata[7]:D
  Delay (ns):                  8.753
  Slack (ns):                  490.544
  Arrival (ns):                11.161
  Required (ns):               501.705
  Setup (ns):                  0.757
  Minimum Period (ns):         9.456

Path 2
  From:                        discretedutycycle01/cellindex[3]:CLK
  To:                          discretedutycycle01/paralleldata[11]:D
  Delay (ns):                  8.694
  Slack (ns):                  490.552
  Arrival (ns):                11.102
  Required (ns):               501.654
  Setup (ns):                  0.808
  Minimum Period (ns):         9.448

Path 3
  From:                        discretedutycycle01/cellindex[3]:CLK
  To:                          discretedutycycle01/paralleldata[4]:D
  Delay (ns):                  8.652
  Slack (ns):                  490.645
  Arrival (ns):                11.060
  Required (ns):               501.705
  Setup (ns):                  0.757
  Minimum Period (ns):         9.355

Path 4
  From:                        discretedutycycle01/cellindex[1]:CLK
  To:                          discretedutycycle01/paralleldata[9]:D
  Delay (ns):                  8.452
  Slack (ns):                  490.763
  Arrival (ns):                10.880
  Required (ns):               501.643
  Setup (ns):                  0.757
  Minimum Period (ns):         9.237

Path 5
  From:                        discretedutycycle01/cellindex[2]:CLK
  To:                          discretedutycycle01/paralleldata[11]:D
  Delay (ns):                  8.319
  Slack (ns):                  490.958
  Arrival (ns):                10.747
  Required (ns):               501.705
  Setup (ns):                  0.757
  Minimum Period (ns):         9.042


Expanded Path 1
  From: discretedutycycle01/cellindex[3]:CLK
  To: discretedutycycle01/paralleldata[7]:D
  data required time                             501.705
  data arrival time                          -   11.161
  slack                                          490.544
  ________________________________________________________
  Data arrival time calculation
  0.000                        SerialClock
               +     0.000          Clock source
  0.000                        SerialClock (r)
               +     0.000          net: SerialClock
  0.000                        SerialClock_pad/U0/U0:PAD (r)
               +     1.158          cell: ADLIB:IOPAD_IN
  1.158                        SerialClock_pad/U0/U0:Y (r)
               +     0.000          net: SerialClock_pad/U0/NET1
  1.158                        SerialClock_pad/U0/U1:A (r)
               +     0.636          cell: ADLIB:CLKIO
  1.794                        SerialClock_pad/U0/U1:Y (r)
               +     0.614          net: SerialClock_c
  2.408                        discretedutycycle01/cellindex[3]:CLK (r)
               +     0.886          cell: ADLIB:DFN1E0
  3.294                        discretedutycycle01/cellindex[3]:Q (f)
               +     2.392          net: discretedutycycle01/cellindex[3]
  5.686                        discretedutycycle01/cellindex_RNILCOL_0[3]:B (f)
               +     0.667          cell: ADLIB:NOR2A
  6.353                        discretedutycycle01/cellindex_RNILCOL_0[3]:Y (r)
               +     0.451          net: discretedutycycle01/un1_paralleldata_2[7]
  6.804                        discretedutycycle01/paralleldata_RNO_1[7]:C (r)
               +     1.124          cell: ADLIB:NOR3C
  7.928                        discretedutycycle01/paralleldata_RNO_1[7]:Y (r)
               +     1.432          net: discretedutycycle01/N_134
  9.360                        discretedutycycle01/paralleldata_RNO_0[7]:S (r)
               +     0.533          cell: ADLIB:MX2
  9.893                        discretedutycycle01/paralleldata_RNO_0[7]:Y (f)
               +     0.228          net: discretedutycycle01/N_134_mux
  10.121                       discretedutycycle01/paralleldata_RNO[7]:A (f)
               +     0.783          cell: ADLIB:NOR2A
  10.904                       discretedutycycle01/paralleldata_RNO[7]:Y (f)
               +     0.257          net: discretedutycycle01/paralleldata_RNO_2[7]
  11.161                       discretedutycycle01/paralleldata[7]:D (f)
                                    
  11.161                       data arrival time
  ________________________________________________________
  Data required time calculation
  500.000                      SerialClock
               +     0.000          Clock source
  500.000                      SerialClock (r)
               +     0.000          net: SerialClock
  500.000                      SerialClock_pad/U0/U0:PAD (r)
               +     1.158          cell: ADLIB:IOPAD_IN
  501.158                      SerialClock_pad/U0/U0:Y (r)
               +     0.000          net: SerialClock_pad/U0/NET1
  501.158                      SerialClock_pad/U0/U1:A (r)
               +     0.636          cell: ADLIB:CLKIO
  501.794                      SerialClock_pad/U0/U1:Y (r)
               +     0.668          net: SerialClock_c
  502.462                      discretedutycycle01/paralleldata[7]:CLK (r)
               -     0.757          Library setup time: ADLIB:DFN1
  501.705                      discretedutycycle01/paralleldata[7]:D
                                    
  501.705                      data required time


END SET Register to Register

----------------------------------------------------

SET External Setup

Path 1
  From:                        SerialLoad
  To:                          externenablelatch/paralleldata[3]:D
  Delay (ns):                  15.591
  Slack (ns):
  Arrival (ns):                15.591
  Required (ns):
  Setup (ns):                  0.757
  External Setup (ns):         13.948

Path 2
  From:                        SerialLoad
  To:                          externenablelatch/paralleldata[1]:D
  Delay (ns):                  14.700
  Slack (ns):
  Arrival (ns):                14.700
  Required (ns):
  Setup (ns):                  0.757
  External Setup (ns):         13.050

Path 3
  From:                        SerialLoad
  To:                          externenablelatch/paralleldata[2]:D
  Delay (ns):                  14.084
  Slack (ns):
  Arrival (ns):                14.084
  Required (ns):
  Setup (ns):                  0.757
  External Setup (ns):         12.405

Path 4
  From:                        SerialLoad
  To:                          bitcontrol01latch/paralleldata[0]:D
  Delay (ns):                  13.959
  Slack (ns):
  Arrival (ns):                13.959
  Required (ns):
  Setup (ns):                  0.757
  External Setup (ns):         12.287

Path 5
  From:                        SerialLoad
  To:                          externenablelatch/paralleldata[0]:D
  Delay (ns):                  13.504
  Slack (ns):
  Arrival (ns):                13.504
  Required (ns):
  Setup (ns):                  0.757
  External Setup (ns):         11.825


Expanded Path 1
  From: SerialLoad
  To: externenablelatch/paralleldata[3]:D
  data required time                             N/C
  data arrival time                          -   15.591
  slack                                          N/C
  ________________________________________________________
  Data arrival time calculation
  0.000                        SerialLoad (r)
               +     0.000          net: SerialLoad
  0.000                        SerialLoad_pad/U0/U0:PAD (r)
               +     1.158          cell: ADLIB:IOPAD_IN
  1.158                        SerialLoad_pad/U0/U0:Y (r)
               +     0.000          net: SerialLoad_pad/U0/NET1
  1.158                        SerialLoad_pad/U0/U1:YIN (r)
               +     0.188          cell: ADLIB:IOIN_IB
  1.346                        SerialLoad_pad/U0/U1:Y (r)
               +     2.621          net: SerialLoad_pad
  3.967                        SerialLoad_pad_RNIK82F:A (r)
               +     1.197          cell: ADLIB:CLKINT
  5.164                        SerialLoad_pad_RNIK82F:Y (r)
               +     0.775          net: SerialLoad_c
  5.939                        externenablelatch/output_0_sqmuxa:B (r)
               +     0.502          cell: ADLIB:NOR2A
  6.441                        externenablelatch/output_0_sqmuxa:Y (f)
               +     2.947          net: externenablelatch/output_0_sqmuxa
  9.388                        externenablelatch/cellindex_RNIH1BG1_0[2]:A (f)
               +     0.897          cell: ADLIB:NOR2A
  10.285                       externenablelatch/cellindex_RNIH1BG1_0[2]:Y (f)
               +     0.688          net: externenablelatch/paralleldata_0_e_0[3]
  10.973                       externenablelatch/paralleldata_RNO_1[3]:A (f)
               +     0.568          cell: ADLIB:NOR2B
  11.541                       externenablelatch/paralleldata_RNO_1[3]:Y (f)
               +     2.296          net: externenablelatch/N_95
  13.837                       externenablelatch/paralleldata_RNO_0[3]:S (f)
               +     0.666          cell: ADLIB:MX2
  14.503                       externenablelatch/paralleldata_RNO_0[3]:Y (f)
               +     0.215          net: externenablelatch/N_95_mux
  14.718                       externenablelatch/paralleldata_RNO[3]:A (f)
               +     0.616          cell: ADLIB:OR2
  15.334                       externenablelatch/paralleldata_RNO[3]:Y (f)
               +     0.257          net: externenablelatch/paralleldata_RNO_0[3]
  15.591                       externenablelatch/paralleldata[3]:D (f)
                                    
  15.591                       data arrival time
  ________________________________________________________
  Data required time calculation
  N/C                          SerialClock
               +     0.000          Clock source
  N/C                          SerialClock (r)
               +     0.000          net: SerialClock
  N/C                          SerialClock_pad/U0/U0:PAD (r)
               +     1.158          cell: ADLIB:IOPAD_IN
  N/C                          SerialClock_pad/U0/U0:Y (r)
               +     0.000          net: SerialClock_pad/U0/NET1
  N/C                          SerialClock_pad/U0/U1:A (r)
               +     0.636          cell: ADLIB:CLKIO
  N/C                          SerialClock_pad/U0/U1:Y (r)
               +     0.606          net: SerialClock_c
  N/C                          externenablelatch/paralleldata[3]:CLK (r)
               -     0.757          Library setup time: ADLIB:DFN1
  N/C                          externenablelatch/paralleldata[3]:D


END SET External Setup

----------------------------------------------------

SET Clock to Output

No Path

END SET Clock to Output

----------------------------------------------------

SET Register to Asynchronous

No Path

END SET Register to Asynchronous

----------------------------------------------------

SET External Recovery

No Path

END SET External Recovery

----------------------------------------------------

SET Asynchronous to Register

No Path

END SET Asynchronous to Register

----------------------------------------------------

Clock Domain XCLK

SET Register to Register

Path 1
  From:                        clock_master/counter[2]:CLK
  To:                          clock_master/counter[4]:D
  Delay (ns):                  10.789
  Slack (ns):                  -6.445
  Arrival (ns):                12.645
  Required (ns):               6.200
  Setup (ns):                  0.784
  Minimum Period (ns):         11.445

Path 2
  From:                        clock_master/counter[2]:CLK
  To:                          clock_master/counter[7]:D
  Delay (ns):                  10.955
  Slack (ns):                  -6.081
  Arrival (ns):                12.811
  Required (ns):               6.730
  Setup (ns):                  0.784
  Minimum Period (ns):         11.081

Path 3
  From:                        clock_master/counter[0]:CLK
  To:                          clock_master/counter[7]:D
  Delay (ns):                  10.549
  Slack (ns):                  -5.917
  Arrival (ns):                12.647
  Required (ns):               6.730
  Setup (ns):                  0.784
  Minimum Period (ns):         10.917

Path 4
  From:                        clock_master/counter[1]:CLK
  To:                          clock_master/counter[7]:D
  Delay (ns):                  10.288
  Slack (ns):                  -5.803
  Arrival (ns):                12.533
  Required (ns):               6.730
  Setup (ns):                  0.784
  Minimum Period (ns):         10.803

Path 5
  From:                        clock_master/counter[0]:CLK
  To:                          clock_master/counter[4]:D
  Delay (ns):                  9.620
  Slack (ns):                  -5.518
  Arrival (ns):                11.718
  Required (ns):               6.200
  Setup (ns):                  0.784
  Minimum Period (ns):         10.518


Expanded Path 1
  From: clock_master/counter[2]:CLK
  To: clock_master/counter[4]:D
  data required time                             6.200
  data arrival time                          -   12.645
  slack                                          -6.445
  ________________________________________________________
  Data arrival time calculation
  0.000                        XCLK
               +     0.000          Clock source
  0.000                        XCLK (r)
               +     0.000          net: XCLK
  0.000                        XCLK_pad/U0/U0:PAD (r)
               +     0.862          cell: ADLIB:IOPAD_IN
  0.862                        XCLK_pad/U0/U0:Y (r)
               +     0.000          net: XCLK_pad/U0/NET1
  0.862                        XCLK_pad/U0/U1:YIN (r)
               +     0.188          cell: ADLIB:IOIN_IB
  1.050                        XCLK_pad/U0/U1:Y (r)
               +     0.806          net: XCLK_c
  1.856                        clock_master/counter[2]:CLK (r)
               +     0.797          cell: ADLIB:DFN1
  2.653                        clock_master/counter[2]:Q (f)
               +     1.242          net: clock_master/counter_i[2]
  3.895                        clock_master/counter_RNIFBO8[2]:A (f)
               +     1.294          cell: ADLIB:CLKINT
  5.189                        clock_master/counter_RNIFBO8[2]:Y (f)
               +     0.529          net: Clock03
  5.718                        clock_master/counter_4_I_15:A (f)
               +     0.468          cell: ADLIB:XOR2
  6.186                        clock_master/counter_4_I_15:Y (f)
               +     0.809          net: clock_master/DWACT_ADD_CI_0_pog_array_0_1_0[0]
  6.995                        clock_master/counter_4_I_40:A (f)
               +     0.871          cell: ADLIB:AND2
  7.866                        clock_master/counter_4_I_40:Y (f)
               +     0.575          net: clock_master/DWACT_ADD_CI_0_pog_array_1_0[0]
  8.441                        clock_master/counter_4_I_38:A (f)
               +     0.505          cell: ADLIB:AO1
  8.946                        clock_master/counter_4_I_38:Y (f)
               +     0.916          net: clock_master/DWACT_ADD_CI_0_g_array_2[0]
  9.862                        clock_master/counter_4_I_30:B (f)
               +     1.510          cell: ADLIB:XOR2
  11.372                       clock_master/counter_4_I_30:Y (r)
               +     1.273          net: clock_master/counter_4[4]
  12.645                       clock_master/counter[4]:D (r)
                                    
  12.645                       data arrival time
  ________________________________________________________
  Data required time calculation
  5.000                        XCLK
               +     0.000          Clock source
  5.000                        XCLK (r)
               +     0.000          net: XCLK
  5.000                        XCLK_pad/U0/U0:PAD (r)
               +     0.862          cell: ADLIB:IOPAD_IN
  5.862                        XCLK_pad/U0/U0:Y (r)
               +     0.000          net: XCLK_pad/U0/NET1
  5.862                        XCLK_pad/U0/U1:YIN (r)
               +     0.188          cell: ADLIB:IOIN_IB
  6.050                        XCLK_pad/U0/U1:Y (r)
               +     0.934          net: XCLK_c
  6.984                        clock_master/counter[4]:CLK (r)
               -     0.784          Library setup time: ADLIB:DFN1
  6.200                        clock_master/counter[4]:D
                                    
  6.200                        data required time


END SET Register to Register

----------------------------------------------------

SET External Setup

Path 1
  From:                        LogicReset
  To:                          clock_master/counter[7]:D
  Delay (ns):                  14.280
  Slack (ns):
  Arrival (ns):                14.280
  Required (ns):
  Setup (ns):                  0.784
  External Setup (ns):         12.550

Path 2
  From:                        LogicReset
  To:                          clock_master/counter[4]:D
  Delay (ns):                  12.919
  Slack (ns):
  Arrival (ns):                12.919
  Required (ns):
  Setup (ns):                  0.784
  External Setup (ns):         11.719

Path 3
  From:                        LogicReset
  To:                          clock_master/counter[5]:D
  Delay (ns):                  11.927
  Slack (ns):
  Arrival (ns):                11.927
  Required (ns):
  Setup (ns):                  0.836
  External Setup (ns):         10.094

Path 4
  From:                        LogicReset
  To:                          clock_master/counter[2]:D
  Delay (ns):                  11.106
  Slack (ns):
  Arrival (ns):                11.106
  Required (ns):
  Setup (ns):                  0.836
  External Setup (ns):         10.086

Path 5
  From:                        LogicReset
  To:                          clock_master/counter[6]:D
  Delay (ns):                  11.927
  Slack (ns):
  Arrival (ns):                11.927
  Required (ns):
  Setup (ns):                  0.836
  External Setup (ns):         9.787


Expanded Path 1
  From: LogicReset
  To: clock_master/counter[7]:D
  data required time                             N/C
  data arrival time                          -   14.280
  slack                                          N/C
  ________________________________________________________
  Data arrival time calculation
  0.000                        LogicReset (f)
               +     0.000          net: LogicReset
  0.000                        LogicReset_pad/U0/U0:PAD (f)
               +     0.578          cell: ADLIB:IOPAD_IN
  0.578                        LogicReset_pad/U0/U0:Y (f)
               +     0.000          net: LogicReset_pad/U0/NET1
  0.578                        LogicReset_pad/U0/U1:YIN (f)
               +     0.184          cell: ADLIB:IOIN_IB
  0.762                        LogicReset_pad/U0/U1:Y (f)
               +     2.677          net: LogicReset_pad
  3.439                        LogicReset_pad_RNI5AOB:A (f)
               +     1.294          cell: ADLIB:CLKINT
  4.733                        LogicReset_pad_RNI5AOB:Y (f)
               +     0.782          net: LogicReset_c
  5.515                        clock_master/counter_8_I_12:B (f)
               +     1.269          cell: ADLIB:XOR2
  6.784                        clock_master/counter_8_I_12:Y (r)
               +     0.909          net: clock_master/DWACT_ADD_CI_0_pog_array_0[0]
  7.693                        clock_master/counter_8_I_36:A (r)
               +     0.731          cell: ADLIB:AO1
  8.424                        clock_master/counter_8_I_36:Y (r)
               +     0.260          net: clock_master/DWACT_ADD_CI_0_g_array_1[0]
  8.684                        clock_master/counter_8_I_35:B (r)
               +     0.727          cell: ADLIB:AO1
  9.411                        clock_master/counter_8_I_35:Y (r)
               +     1.243          net: clock_master/DWACT_ADD_CI_0_g_array_2_0[0]
  10.654                       clock_master/counter_8_I_44:A (r)
               +     0.758          cell: ADLIB:NOR3C
  11.412                       clock_master/counter_8_I_44:Y (r)
               +     0.931          net: clock_master/DWACT_ADD_CI_0_g_array_12_2[0]
  12.343                       clock_master/counter_8_I_34:B (r)
               +     0.964          cell: ADLIB:XOR2
  13.307                       clock_master/counter_8_I_34:Y (r)
               +     0.973          net: clock_master/counter_4_3_0[7]
  14.280                       clock_master/counter[7]:D (r)
                                    
  14.280                       data arrival time
  ________________________________________________________
  Data required time calculation
  N/C                          XCLK
               +     0.000          Clock source
  N/C                          XCLK (r)
               +     0.000          net: XCLK
  N/C                          XCLK_pad/U0/U0:PAD (r)
               +     0.862          cell: ADLIB:IOPAD_IN
  N/C                          XCLK_pad/U0/U0:Y (r)
               +     0.000          net: XCLK_pad/U0/NET1
  N/C                          XCLK_pad/U0/U1:YIN (r)
               +     0.188          cell: ADLIB:IOIN_IB
  N/C                          XCLK_pad/U0/U1:Y (r)
               +     1.464          net: XCLK_c
  N/C                          clock_master/counter[7]:CLK (r)
               -     0.784          Library setup time: ADLIB:DFN1
  N/C                          clock_master/counter[7]:D


END SET External Setup

----------------------------------------------------

SET Clock to Output

No Path

END SET Clock to Output

----------------------------------------------------

SET Register to Asynchronous

No Path

END SET Register to Asynchronous

----------------------------------------------------

SET External Recovery

No Path

END SET External Recovery

----------------------------------------------------

SET Asynchronous to Register

No Path

END SET Asynchronous to Register

----------------------------------------------------

Clock Domain clock_master/counter[0]:Q

SET Register to Register

Path 1
  From:                        addresslatch/output[6]:CLK
  To:                          ioBank69reader/parallelholdreg[1]:D
  Delay (ns):                  12.264
  Slack (ns):                  -3.003
  Arrival (ns):                18.166
  Required (ns):               15.163
  Setup (ns):                  0.757
  Minimum Period (ns):         13.003

Path 2
  From:                        addresslatch/output[6]:CLK
  To:                          ioBank61reader/parallelholdreg[2]:D
  Delay (ns):                  12.017
  Slack (ns):                  -2.837
  Arrival (ns):                17.919
  Required (ns):               15.082
  Setup (ns):                  0.757
  Minimum Period (ns):         12.837

Path 3
  From:                        addresslatch/output[7]:CLK
  To:                          externenablelatch/output[4]:D
  Delay (ns):                  11.912
  Slack (ns):                  -2.733
  Arrival (ns):                17.832
  Required (ns):               15.099
  Setup (ns):                  0.757
  Minimum Period (ns):         12.733

Path 4
  From:                        addresslatch/output[6]:CLK
  To:                          ioBank69reader/parallelholdreg[2]:D
  Delay (ns):                  11.874
  Slack (ns):                  -2.631
  Arrival (ns):                17.776
  Required (ns):               15.145
  Setup (ns):                  0.757
  Minimum Period (ns):         12.631

Path 5
  From:                        addresslatch/output[7]:CLK
  To:                          externenablelatch/output[2]:D
  Delay (ns):                  11.589
  Slack (ns):                  -2.436
  Arrival (ns):                17.509
  Required (ns):               15.073
  Setup (ns):                  0.757
  Minimum Period (ns):         12.436


Expanded Path 1
  From: addresslatch/output[6]:CLK
  To: ioBank69reader/parallelholdreg[1]:D
  data required time                             15.163
  data arrival time                          -   18.166
  slack                                          -3.003
  ________________________________________________________
  Data arrival time calculation
  0.000                        clock_master/counter[0]:Q
               +     0.000          Clock source
  0.000                        clock_master/counter[0]:Q (r)
               +     2.715          Clock generation
  2.715
               +     1.218          net: clock_master/counter_i[0]
  3.933                        clock_master/counter_RNID9O8[0]:A (r)
               +     1.197          cell: ADLIB:CLKINT
  5.130                        clock_master/counter_RNID9O8[0]:Y (r)
               +     0.772          net: Clock01
  5.902                        addresslatch/output[6]:CLK (r)
               +     0.886          cell: ADLIB:DFN1
  6.788                        addresslatch/output[6]:Q (f)
               +     2.231          net: internaddr[6]
  9.019                        A2D01reader/parallelholdreg_0_sqmuxa_4:A (f)
               +     1.031          cell: ADLIB:NOR2A
  10.050                       A2D01reader/parallelholdreg_0_sqmuxa_4:Y (f)
               +     1.629          net: A2D01reader_parallelholdreg_0_sqmuxa_4
  11.679                       ioBank69reader/parallelholdreg_0_sqmuxa_3:B (f)
               +     0.917          cell: ADLIB:NOR2B
  12.596                       ioBank69reader/parallelholdreg_0_sqmuxa_3:Y (f)
               +     0.257          net: ioBank69reader/parallelholdreg_0_sqmuxa_3
  12.853                       ioBank69reader/cellindex_RNI1BK72[1]:A (f)
               +     1.220          cell: ADLIB:AOI1
  14.073                       ioBank69reader/cellindex_RNI1BK72[1]:Y (r)
               +     1.228          net: ioBank69reader/parallelholdreg_1_sqmuxa
  15.301                       ioBank69reader/parallelholdreg_RNO_0[1]:S (r)
               +     0.552          cell: ADLIB:MX2
  15.853                       ioBank69reader/parallelholdreg_RNO_0[1]:Y (f)
               +     0.215          net: ioBank69reader/N_24
  16.068                       ioBank69reader/parallelholdreg_RNO[1]:A (f)
               +     0.616          cell: ADLIB:OR2
  16.684                       ioBank69reader/parallelholdreg_RNO[1]:Y (f)
               +     1.482          net: ioBank69reader/parallelholdreg_RNO_10[1]
  18.166                       ioBank69reader/parallelholdreg[1]:D (f)
                                    
  18.166                       data arrival time
  ________________________________________________________
  Data required time calculation
  10.000                       clock_master/counter[0]:Q
               +     0.000          Clock source
  10.000                       clock_master/counter[0]:Q (r)
               +     2.715          Clock generation
  12.715
               +     1.218          net: clock_master/counter_i[0]
  13.933                       clock_master/counter_RNID9O8[0]:A (r)
               +     1.197          cell: ADLIB:CLKINT
  15.130                       clock_master/counter_RNID9O8[0]:Y (r)
               +     0.790          net: Clock01
  15.920                       ioBank69reader/parallelholdreg[1]:CLK (r)
               -     0.757          Library setup time: ADLIB:DFN1
  15.163                       ioBank69reader/parallelholdreg[1]:D
                                    
  15.163                       data required time


END SET Register to Register

----------------------------------------------------

SET External Setup

Path 1
  From:                        SerialLoad
  To:                          firmware/parallelholdreg[2]:D
  Delay (ns):                  16.845
  Slack (ns):
  Arrival (ns):                16.845
  Required (ns):
  Setup (ns):                  0.757
  External Setup (ns):         11.712

Path 2
  From:                        SerialLoad
  To:                          firmware/parallelholdreg[7]:D
  Delay (ns):                  16.802
  Slack (ns):
  Arrival (ns):                16.802
  Required (ns):
  Setup (ns):                  0.757
  External Setup (ns):         11.657

Path 3
  From:                        LogicReset
  To:                          firmware/parallelholdreg[2]:D
  Delay (ns):                  16.457
  Slack (ns):
  Arrival (ns):                16.457
  Required (ns):
  Setup (ns):                  0.757
  External Setup (ns):         11.324

Path 4
  From:                        LogicReset
  To:                          firmware/parallelholdreg[7]:D
  Delay (ns):                  16.414
  Slack (ns):
  Arrival (ns):                16.414
  Required (ns):
  Setup (ns):                  0.757
  External Setup (ns):         11.269

Path 5
  From:                        SerialLoad
  To:                          firmware/parallelholdreg[1]:D
  Delay (ns):                  16.391
  Slack (ns):
  Arrival (ns):                16.391
  Required (ns):
  Setup (ns):                  0.757
  External Setup (ns):         11.228


Expanded Path 1
  From: SerialLoad
  To: firmware/parallelholdreg[2]:D
  data required time                             N/C
  data arrival time                          -   16.845
  slack                                          N/C
  ________________________________________________________
  Data arrival time calculation
  0.000                        SerialLoad (f)
               +     0.000          net: SerialLoad
  0.000                        SerialLoad_pad/U0/U0:PAD (f)
               +     1.075          cell: ADLIB:IOPAD_IN
  1.075                        SerialLoad_pad/U0/U0:Y (f)
               +     0.000          net: SerialLoad_pad/U0/NET1
  1.075                        SerialLoad_pad/U0/U1:YIN (f)
               +     0.184          cell: ADLIB:IOIN_IB
  1.259                        SerialLoad_pad/U0/U1:Y (f)
               +     2.787          net: SerialLoad_pad
  4.046                        SerialLoad_pad_RNIK82F:A (f)
               +     1.294          cell: ADLIB:CLKINT
  5.340                        SerialLoad_pad_RNIK82F:Y (f)
               +     0.708          net: SerialLoad_c
  6.048                        ioBank60reader/cellindex_1_sqmuxa_1_1:A (f)
               +     0.598          cell: ADLIB:NOR2
  6.646                        ioBank60reader/cellindex_1_sqmuxa_1_1:Y (r)
               +     4.079          net: ioBank60reader_cellindex_1_sqmuxa_1_1
  10.725                       firmware/un1_reset_0_o2_0:A (r)
               +     0.677          cell: ADLIB:OR2A
  11.402                       firmware/un1_reset_0_o2_0:Y (f)
               +     0.265          net: firmware/un1_reset_0_o2_0
  11.667                       firmware/un1_reset_0_o2_3:A (f)
               +     0.676          cell: ADLIB:OR3
  12.343                       firmware/un1_reset_0_o2_3:Y (f)
               +     2.330          net: firmware/un1_reset_0_o2_3
  14.673                       firmware/parallelholdreg_13_i_a2_i_o2[3]:B (f)
               +     0.878          cell: ADLIB:OR3A
  15.551                       firmware/parallelholdreg_13_i_a2_i_o2[3]:Y (f)
               +     0.328          net: firmware/N_44
  15.879                       firmware/parallelholdreg_RNO[2]:A (f)
               +     0.709          cell: ADLIB:OR2
  16.588                       firmware/parallelholdreg_RNO[2]:Y (f)
               +     0.257          net: firmware/parallelholdreg_13[2]
  16.845                       firmware/parallelholdreg[2]:D (f)
                                    
  16.845                       data arrival time
  ________________________________________________________
  Data required time calculation
  N/C                          clock_master/counter[0]:Q
               +     0.000          Clock source
  N/C                          clock_master/counter[0]:Q (r)
               +     2.715          Clock generation
  N/C
               +     1.218          net: clock_master/counter_i[0]
  N/C                          clock_master/counter_RNID9O8[0]:A (r)
               +     1.197          cell: ADLIB:CLKINT
  N/C                          clock_master/counter_RNID9O8[0]:Y (r)
               +     0.760          net: Clock01
  N/C                          firmware/parallelholdreg[2]:CLK (r)
               -     0.757          Library setup time: ADLIB:DFN1E1
  N/C                          firmware/parallelholdreg[2]:D


END SET External Setup

----------------------------------------------------

SET Clock to Output

Path 1
  From:                        pwmdisable01latch/output[4]:CLK
  To:                          AN3DimControl
  Delay (ns):                  9.756
  Slack (ns):
  Arrival (ns):                15.631
  Required (ns):
  Clock to Out (ns):           15.631

Path 2
  From:                        bitcontrol01latch/output[3]:CLK
  To:                          AN5PTTControl
  Delay (ns):                  9.596
  Slack (ns):
  Arrival (ns):                15.516
  Required (ns):
  Clock to Out (ns):           15.516

Path 3
  From:                        pwmdisable01latch/output[7]:CLK
  To:                          EncLgtControl
  Delay (ns):                  9.644
  Slack (ns):
  Arrival (ns):                15.483
  Required (ns):
  Clock to Out (ns):           15.483

Path 4
  From:                        ioBank69reader/dataout:CLK
  To:                          SerialOut
  Delay (ns):                  9.381
  Slack (ns):
  Arrival (ns):                15.301
  Required (ns):
  Clock to Out (ns):           15.301

Path 5
  From:                        firmware/dataout:CLK
  To:                          SerialOut
  Delay (ns):                  9.353
  Slack (ns):
  Arrival (ns):                15.273
  Required (ns):
  Clock to Out (ns):           15.273


Expanded Path 1
  From: pwmdisable01latch/output[4]:CLK
  To: AN3DimControl
  data required time                             N/C
  data arrival time                          -   15.631
  slack                                          N/C
  ________________________________________________________
  Data arrival time calculation
  0.000                        clock_master/counter[0]:Q
               +     0.000          Clock source
  0.000                        clock_master/counter[0]:Q (r)
               +     2.715          Clock generation
  2.715
               +     1.218          net: clock_master/counter_i[0]
  3.933                        clock_master/counter_RNID9O8[0]:A (r)
               +     1.197          cell: ADLIB:CLKINT
  5.130                        clock_master/counter_RNID9O8[0]:Y (r)
               +     0.745          net: Clock01
  5.875                        pwmdisable01latch/output[4]:CLK (r)
               +     0.886          cell: ADLIB:DFN1
  6.761                        pwmdisable01latch/output[4]:Q (f)
               +     3.346          net: pwmdisable01[4]
  10.107                       bitcontrol01latch/output_RNI7Q2R[4]:B (f)
               +     0.779          cell: ADLIB:OA1
  10.886                       bitcontrol01latch/output_RNI7Q2R[4]:Y (f)
               +     1.705          net: AN3DimControl_c
  12.591                       AN3DimControl_pad/U0/U1:D (f)
               +     0.885          cell: ADLIB:IOTRI_OB_EB
  13.476                       AN3DimControl_pad/U0/U1:DOUT (f)
               +     0.000          net: AN3DimControl_pad/U0/NET1
  13.476                       AN3DimControl_pad/U0/U0:D (f)
               +     2.155          cell: ADLIB:IOPAD_TRI
  15.631                       AN3DimControl_pad/U0/U0:PAD (f)
               +     0.000          net: AN3DimControl
  15.631                       AN3DimControl (f)
                                    
  15.631                       data arrival time
  ________________________________________________________
  Data required time calculation
  N/C                          clock_master/counter[0]:Q
               +     0.000          Clock source
  N/C                          clock_master/counter[0]:Q (r)
               +     2.715          Clock generation
  N/C
                                    
  N/C                          AN3DimControl (f)


END SET Clock to Output

----------------------------------------------------

SET Register to Asynchronous

No Path

END SET Register to Asynchronous

----------------------------------------------------

SET External Recovery

No Path

END SET External Recovery

----------------------------------------------------

SET Asynchronous to Register

No Path

END SET Asynchronous to Register

----------------------------------------------------

Clock Domain clock_master/counter[1]:Q

SET Register to Register

Path 1
  From:                        Watch_Dog_Reset/timercount[6]:CLK
  To:                          Watch_Dog_Reset/timercount[1]:E
  Delay (ns):                  7.987
  Slack (ns):                  10.466
  Arrival (ns):                15.219
  Required (ns):               25.685
  Setup (ns):                  0.649
  Minimum Period (ns):         9.534

Path 2
  From:                        Watch_Dog_Reset/timercount[6]:CLK
  To:                          Watch_Dog_Reset/timerexpired:D
  Delay (ns):                  7.886
  Slack (ns):                  10.499
  Arrival (ns):                15.118
  Required (ns):               25.617
  Setup (ns):                  0.784
  Minimum Period (ns):         9.501

Path 3
  From:                        Watch_Dog_Reset/timercount[4]:CLK
  To:                          Watch_Dog_Reset/timercount[1]:E
  Delay (ns):                  7.635
  Slack (ns):                  10.619
  Arrival (ns):                15.066
  Required (ns):               25.685
  Setup (ns):                  0.649
  Minimum Period (ns):         9.381

Path 4
  From:                        Watch_Dog_Reset/timercount[4]:CLK
  To:                          Watch_Dog_Reset/timerexpired:D
  Delay (ns):                  7.534
  Slack (ns):                  10.652
  Arrival (ns):                14.965
  Required (ns):               25.617
  Setup (ns):                  0.784
  Minimum Period (ns):         9.348

Path 5
  From:                        Watch_Dog_Reset/timercount[4]:CLK
  To:                          Watch_Dog_Reset/timercount[10]:D
  Delay (ns):                  8.509
  Slack (ns):                  10.679
  Arrival (ns):                15.940
  Required (ns):               26.619
  Setup (ns):                  0.836
  Minimum Period (ns):         9.321


Expanded Path 1
  From: Watch_Dog_Reset/timercount[6]:CLK
  To: Watch_Dog_Reset/timercount[1]:E
  data required time                             25.685
  data arrival time                          -   15.219
  slack                                          10.466
  ________________________________________________________
  Data arrival time calculation
  0.000                        clock_master/counter[1]:Q
               +     0.000          Clock source
  0.000                        clock_master/counter[1]:Q (r)
               +     2.862          Clock generation
  2.862
               +     4.370          net: counter[1]
  7.232                        Watch_Dog_Reset/timercount[6]:CLK (r)
               +     0.797          cell: ADLIB:DFN1E0
  8.029                        Watch_Dog_Reset/timercount[6]:Q (f)
               +     1.511          net: Watch_Dog_Reset/timercount[6]
  9.540                        Watch_Dog_Reset/timercount_RNITF5O1[6]:B (f)
               +     0.998          cell: ADLIB:NOR3A
  10.538                       Watch_Dog_Reset/timercount_RNITF5O1[6]:Y (r)
               +     0.257          net: Watch_Dog_Reset/m40_e_6
  10.795                       Watch_Dog_Reset/timercount_RNIIOJD4[1]:C (r)
               +     0.946          cell: ADLIB:NOR3C
  11.741                       Watch_Dog_Reset/timercount_RNIIOJD4[1]:Y (r)
               +     0.244          net: Watch_Dog_Reset/N_63
  11.985                       Watch_Dog_Reset/timercount_RNI7ESA5[10]:S (r)
               +     0.500          cell: ADLIB:MX2C
  12.485                       Watch_Dog_Reset/timercount_RNI7ESA5[10]:Y (f)
               +     0.244          net: Watch_Dog_Reset/N_51_mux
  12.729                       Watch_Dog_Reset/timercount_RNIL7AM5[10]:A (f)
               +     0.699          cell: ADLIB:NOR2
  13.428                       Watch_Dog_Reset/timercount_RNIL7AM5[10]:Y (r)
               +     1.791          net: Watch_Dog_Reset/timercount_0_sqmuxa
  15.219                       Watch_Dog_Reset/timercount[1]:E (r)
                                    
  15.219                       data arrival time
  ________________________________________________________
  Data required time calculation
  20.000                       clock_master/counter[1]:Q
               +     0.000          Clock source
  20.000                       clock_master/counter[1]:Q (r)
               +     2.862          Clock generation
  22.862
               +     3.472          net: counter[1]
  26.334                       Watch_Dog_Reset/timercount[1]:CLK (r)
               -     0.649          Library setup time: ADLIB:DFN1E0
  25.685                       Watch_Dog_Reset/timercount[1]:E
                                    
  25.685                       data required time


END SET Register to Register

----------------------------------------------------

SET External Setup

Path 1
  From:                        ResetIn
  To:                          Watch_Dog_Reset/timercount[1]:E
  Delay (ns):                  7.052
  Slack (ns):
  Arrival (ns):                7.052
  Required (ns):
  Setup (ns):                  0.649
  External Setup (ns):         1.367

Path 2
  From:                        ResetIn
  To:                          Watch_Dog_Reset/timerexpired:D
  Delay (ns):                  6.951
  Slack (ns):
  Arrival (ns):                6.951
  Required (ns):
  Setup (ns):                  0.784
  External Setup (ns):         1.334

Path 3
  From:                        ResetIn
  To:                          Watch_Dog_Reset/timercount[4]:D
  Delay (ns):                  7.880
  Slack (ns):
  Arrival (ns):                7.880
  Required (ns):
  Setup (ns):                  0.784
  External Setup (ns):         1.233

Path 4
  From:                        ResetIn
  To:                          Watch_Dog_Reset/timercount[10]:D
  Delay (ns):                  7.787
  Slack (ns):
  Arrival (ns):                7.787
  Required (ns):
  Setup (ns):                  0.784
  External Setup (ns):         1.116

Path 5
  From:                        ResetIn
  To:                          Watch_Dog_Reset/timercount[6]:D
  Delay (ns):                  7.409
  Slack (ns):
  Arrival (ns):                7.409
  Required (ns):
  Setup (ns):                  0.784
  External Setup (ns):         0.961


Expanded Path 1
  From: ResetIn
  To: Watch_Dog_Reset/timercount[1]:E
  data required time                             N/C
  data arrival time                          -   7.052
  slack                                          N/C
  ________________________________________________________
  Data arrival time calculation
  0.000                        ResetIn (f)
               +     0.000          net: ResetIn
  0.000                        ResetIn_pad/U0/U0:PAD (f)
               +     0.578          cell: ADLIB:IOPAD_IN
  0.578                        ResetIn_pad/U0/U0:Y (f)
               +     0.000          net: ResetIn_pad/U0/NET1
  0.578                        ResetIn_pad/U0/U1:YIN (f)
               +     0.184          cell: ADLIB:IOIN_IB
  0.762                        ResetIn_pad/U0/U1:Y (f)
               +     3.539          net: ResetIn_c
  4.301                        Watch_Dog_Reset/timercount_RNIL7AM5[10]:B (f)
               +     0.960          cell: ADLIB:NOR2
  5.261                        Watch_Dog_Reset/timercount_RNIL7AM5[10]:Y (r)
               +     1.791          net: Watch_Dog_Reset/timercount_0_sqmuxa
  7.052                        Watch_Dog_Reset/timercount[1]:E (r)
                                    
  7.052                        data arrival time
  ________________________________________________________
  Data required time calculation
  N/C                          clock_master/counter[1]:Q
               +     0.000          Clock source
  N/C                          clock_master/counter[1]:Q (r)
               +     2.862          Clock generation
  N/C
               +     3.472          net: counter[1]
  N/C                          Watch_Dog_Reset/timercount[1]:CLK (r)
               -     0.649          Library setup time: ADLIB:DFN1E0
  N/C                          Watch_Dog_Reset/timercount[1]:E


END SET External Setup

----------------------------------------------------

SET Clock to Output

Path 1
  From:                        Watch_Dog_Reset/timerexpired:CLK
  To:                          uCReset
  Delay (ns):                  8.548
  Slack (ns):
  Arrival (ns):                14.949
  Required (ns):
  Clock to Out (ns):           14.949


Expanded Path 1
  From: Watch_Dog_Reset/timerexpired:CLK
  To: uCReset
  data required time                             N/C
  data arrival time                          -   14.949
  slack                                          N/C
  ________________________________________________________
  Data arrival time calculation
  0.000                        clock_master/counter[1]:Q
               +     0.000          Clock source
  0.000                        clock_master/counter[1]:Q (r)
               +     2.862          Clock generation
  2.862
               +     3.539          net: counter[1]
  6.401                        Watch_Dog_Reset/timerexpired:CLK (r)
               +     0.797          cell: ADLIB:DFN1
  7.198                        Watch_Dog_Reset/timerexpired:Q (f)
               +     3.317          net: uCReset_c
  10.515                       uCReset_pad/U0/U1:D (f)
               +     0.916          cell: ADLIB:IOTRI_OB_EB
  11.431                       uCReset_pad/U0/U1:DOUT (f)
               +     0.000          net: uCReset_pad/U0/NET1
  11.431                       uCReset_pad/U0/U0:D (f)
               +     3.518          cell: ADLIB:IOPAD_TRI
  14.949                       uCReset_pad/U0/U0:PAD (f)
               +     0.000          net: uCReset
  14.949                       uCReset (f)
                                    
  14.949                       data arrival time
  ________________________________________________________
  Data required time calculation
  N/C                          clock_master/counter[1]:Q
               +     0.000          Clock source
  N/C                          clock_master/counter[1]:Q (r)
               +     2.862          Clock generation
  N/C
                                    
  N/C                          uCReset (f)


END SET Clock to Output

----------------------------------------------------

SET Register to Asynchronous

No Path

END SET Register to Asynchronous

----------------------------------------------------

SET External Recovery

No Path

END SET External Recovery

----------------------------------------------------

SET Asynchronous to Register

No Path

END SET Asynchronous to Register

----------------------------------------------------

Clock Domain clock_master/counter[2]:Q

SET Register to Register

Path 1
  From:                        iobank63debounce/DebounceTimer[1]:CLK
  To:                          iobank63debounce/DebounceTimer[8]:D
  Delay (ns):                  10.265
  Slack (ns):                  28.978
  Arrival (ns):                15.867
  Required (ns):               44.845
  Setup (ns):                  0.757
  Minimum Period (ns):         11.022

Path 2
  From:                        iobank63debounce/DebounceTimer[0]:CLK
  To:                          iobank63debounce/DebounceTimer[8]:D
  Delay (ns):                  10.009
  Slack (ns):                  29.242
  Arrival (ns):                15.603
  Required (ns):               44.845
  Setup (ns):                  0.757
  Minimum Period (ns):         10.758

Path 3
  From:                        iobank63debounce/Changing:CLK
  To:                          iobank63debounce/DebounceTimer[8]:D
  Delay (ns):                  9.122
  Slack (ns):                  30.058
  Arrival (ns):                14.736
  Required (ns):               44.794
  Setup (ns):                  0.808
  Minimum Period (ns):         9.942

Path 4
  From:                        iobank67debounce/DebounceTimer[2]:CLK
  To:                          iobank67debounce/DebounceTimer[8]:D
  Delay (ns):                  8.641
  Slack (ns):                  30.602
  Arrival (ns):                14.148
  Required (ns):               44.750
  Setup (ns):                  0.757
  Minimum Period (ns):         9.398

Path 5
  From:                        matrix_read04/stage[1]:CLK
  To:                          matrix_read04/stage[4]:D
  Delay (ns):                  8.532
  Slack (ns):                  30.660
  Arrival (ns):                14.039
  Required (ns):               44.699
  Setup (ns):                  0.808
  Minimum Period (ns):         9.340


Expanded Path 1
  From: iobank63debounce/DebounceTimer[1]:CLK
  To: iobank63debounce/DebounceTimer[8]:D
  data required time                             44.845
  data arrival time                          -   15.867
  slack                                          28.978
  ________________________________________________________
  Data arrival time calculation
  0.000                        clock_master/counter[2]:Q
               +     0.000          Clock source
  0.000                        clock_master/counter[2]:Q (r)
               +     2.473          Clock generation
  2.473
               +     1.154          net: clock_master/counter_i[2]
  3.627                        clock_master/counter_RNIFBO8[2]:A (r)
               +     1.197          cell: ADLIB:CLKINT
  4.824                        clock_master/counter_RNIFBO8[2]:Y (r)
               +     0.778          net: Clock03
  5.602                        iobank63debounce/DebounceTimer[1]:CLK (r)
               +     0.886          cell: ADLIB:DFN1E1
  6.488                        iobank63debounce/DebounceTimer[1]:Q (f)
               +     0.340          net: iobank63debounce/DebounceTimer[1]
  6.828                        iobank63debounce/DebounceTimer_RNIT2MR[1]:B (f)
               +     0.855          cell: ADLIB:NOR2B
  7.683                        iobank63debounce/DebounceTimer_RNIT2MR[1]:Y (f)
               +     1.674          net: iobank63debounce/DebounceTimer_c1
  9.357                        iobank63debounce/DebounceTimer_RNIU9CN1[3]:C (f)
               +     1.030          cell: ADLIB:NOR3C
  10.387                       iobank63debounce/DebounceTimer_RNIU9CN1[3]:Y (f)
               +     0.967          net: iobank63debounce/DebounceTimer_c3
  11.354                       iobank63debounce/DebounceTimer_RNI7ST03[6]:A (f)
               +     0.758          cell: ADLIB:NOR2B
  12.112                       iobank63debounce/DebounceTimer_RNI7ST03[6]:Y (f)
               +     0.381          net: iobank63debounce/DebounceTimer_c6
  12.493                       iobank63debounce/DebounceTimer_RNO_0[8]:C (f)
               +     0.813          cell: ADLIB:NOR3C
  13.306                       iobank63debounce/DebounceTimer_RNO_0[8]:Y (f)
               +     0.225          net: iobank63debounce/N_48
  13.531                       iobank63debounce/DebounceTimer_RNO[8]:B (f)
               +     0.770          cell: ADLIB:MX2A
  14.301                       iobank63debounce/DebounceTimer_RNO[8]:Y (f)
               +     1.566          net: iobank63debounce/DebounceTimer_RNO_2[8]
  15.867                       iobank63debounce/DebounceTimer[8]:D (f)
                                    
  15.867                       data arrival time
  ________________________________________________________
  Data required time calculation
  40.000                       clock_master/counter[2]:Q
               +     0.000          Clock source
  40.000                       clock_master/counter[2]:Q (r)
               +     2.473          Clock generation
  42.473
               +     1.154          net: clock_master/counter_i[2]
  43.627                       clock_master/counter_RNIFBO8[2]:A (r)
               +     1.197          cell: ADLIB:CLKINT
  44.824                       clock_master/counter_RNIFBO8[2]:Y (r)
               +     0.778          net: Clock03
  45.602                       iobank63debounce/DebounceTimer[8]:CLK (r)
               -     0.757          Library setup time: ADLIB:DFN1
  44.845                       iobank63debounce/DebounceTimer[8]:D
                                    
  44.845                       data required time


END SET Register to Register

----------------------------------------------------

SET External Setup

Path 1
  From:                        LogicReset
  To:                          iobank63debounce/DebounceTimer[8]:D
  Delay (ns):                  11.993
  Slack (ns):
  Arrival (ns):                11.993
  Required (ns):
  Setup (ns):                  0.757
  External Setup (ns):         7.148

Path 2
  From:                        LogicReset
  To:                          iobank67debounce/DebounceTimer[8]:D
  Delay (ns):                  11.251
  Slack (ns):
  Arrival (ns):                11.251
  Required (ns):
  Setup (ns):                  0.808
  External Setup (ns):         6.552

Path 3
  From:                        LogicReset
  To:                          iobank67debounce/DebounceTimer[4]:D
  Delay (ns):                  11.032
  Slack (ns):
  Arrival (ns):                11.032
  Required (ns):
  Setup (ns):                  0.808
  External Setup (ns):         6.333

Path 4
  From:                        LogicReset
  To:                          iobank63debounce/DebounceTimer[6]:E
  Delay (ns):                  11.001
  Slack (ns):
  Arrival (ns):                11.001
  Required (ns):
  Setup (ns):                  0.534
  External Setup (ns):         5.985

Path 5
  From:                        LogicReset
  To:                          iobank61debounce/DebounceTimer[0]:E
  Delay (ns):                  11.026
  Slack (ns):
  Arrival (ns):                11.026
  Required (ns):
  Setup (ns):                  0.534
  External Setup (ns):         5.946


Expanded Path 1
  From: LogicReset
  To: iobank63debounce/DebounceTimer[8]:D
  data required time                             N/C
  data arrival time                          -   11.993
  slack                                          N/C
  ________________________________________________________
  Data arrival time calculation
  0.000                        LogicReset (r)
               +     0.000          net: LogicReset
  0.000                        LogicReset_pad/U0/U0:PAD (r)
               +     0.862          cell: ADLIB:IOPAD_IN
  0.862                        LogicReset_pad/U0/U0:Y (r)
               +     0.000          net: LogicReset_pad/U0/NET1
  0.862                        LogicReset_pad/U0/U1:YIN (r)
               +     0.188          cell: ADLIB:IOIN_IB
  1.050                        LogicReset_pad/U0/U1:Y (r)
               +     2.525          net: LogicReset_pad
  3.575                        LogicReset_pad_RNI5AOB:A (r)
               +     1.197          cell: ADLIB:CLKINT
  4.772                        LogicReset_pad_RNI5AOB:Y (r)
               +     0.797          net: LogicReset_c
  5.569                        iobank63debounce/Changing_RNIKHNH:B (r)
               +     0.577          cell: ADLIB:NOR2
  6.146                        iobank63debounce/Changing_RNIKHNH:Y (f)
               +     1.263          net: iobank63debounce/un1_previousposition7
  7.409                        iobank63debounce/DebounceTimer_RNIQQIV_0[8]:B (f)
               +     0.909          cell: ADLIB:OR2B
  8.318                        iobank63debounce/DebounceTimer_RNIQQIV_0[8]:Y (r)
               +     1.541          net: iobank63debounce/DebounceTimere
  9.859                        iobank63debounce/DebounceTimer_RNO[8]:S (r)
               +     0.568          cell: ADLIB:MX2A
  10.427                       iobank63debounce/DebounceTimer_RNO[8]:Y (f)
               +     1.566          net: iobank63debounce/DebounceTimer_RNO_2[8]
  11.993                       iobank63debounce/DebounceTimer[8]:D (f)
                                    
  11.993                       data arrival time
  ________________________________________________________
  Data required time calculation
  N/C                          clock_master/counter[2]:Q
               +     0.000          Clock source
  N/C                          clock_master/counter[2]:Q (r)
               +     2.473          Clock generation
  N/C
               +     1.154          net: clock_master/counter_i[2]
  N/C                          clock_master/counter_RNIFBO8[2]:A (r)
               +     1.197          cell: ADLIB:CLKINT
  N/C                          clock_master/counter_RNIFBO8[2]:Y (r)
               +     0.778          net: Clock03
  N/C                          iobank63debounce/DebounceTimer[8]:CLK (r)
               -     0.757          Library setup time: ADLIB:DFN1
  N/C                          iobank63debounce/DebounceTimer[8]:D


END SET External Setup

----------------------------------------------------

SET Clock to Output

Path 1
  From:                        matrix_read04/ctrl[2]:CLK
  To:                          inputs67_ctrl[2]
  Delay (ns):                  6.999
  Slack (ns):
  Arrival (ns):                12.506
  Required (ns):
  Clock to Out (ns):           12.506

Path 2
  From:                        matrix_read04/ctrl[1]:CLK
  To:                          inputs67_ctrl[1]
  Delay (ns):                  6.792
  Slack (ns):
  Arrival (ns):                12.244
  Required (ns):
  Clock to Out (ns):           12.244

Path 3
  From:                        matrix_read04/ctrl[0]:CLK
  To:                          inputs67_ctrl[0]
  Delay (ns):                  6.683
  Slack (ns):
  Arrival (ns):                12.190
  Required (ns):
  Clock to Out (ns):           12.190

Path 4
  From:                        matrix_read04/ctrl[4]:CLK
  To:                          inputs67_ctrl[4]
  Delay (ns):                  6.557
  Slack (ns):
  Arrival (ns):                12.033
  Required (ns):
  Clock to Out (ns):           12.033

Path 5
  From:                        matrix_read04/ctrl[3]:CLK
  To:                          inputs67_ctrl[3]
  Delay (ns):                  5.989
  Slack (ns):
  Arrival (ns):                11.496
  Required (ns):
  Clock to Out (ns):           11.496


Expanded Path 1
  From: matrix_read04/ctrl[2]:CLK
  To: inputs67_ctrl[2]
  data required time                             N/C
  data arrival time                          -   12.506
  slack                                          N/C
  ________________________________________________________
  Data arrival time calculation
  0.000                        clock_master/counter[2]:Q
               +     0.000          Clock source
  0.000                        clock_master/counter[2]:Q (r)
               +     2.473          Clock generation
  2.473
               +     1.154          net: clock_master/counter_i[2]
  3.627                        clock_master/counter_RNIFBO8[2]:A (r)
               +     1.197          cell: ADLIB:CLKINT
  4.824                        clock_master/counter_RNIFBO8[2]:Y (r)
               +     0.683          net: Clock03
  5.507                        matrix_read04/ctrl[2]:CLK (r)
               +     0.886          cell: ADLIB:DFN1
  6.393                        matrix_read04/ctrl[2]:Q (f)
               +     3.042          net: inputs67_ctrl_c[2]
  9.435                        inputs67_ctrl_pad[2]/U0/U1:D (f)
               +     0.916          cell: ADLIB:IOTRI_OB_EB
  10.351                       inputs67_ctrl_pad[2]/U0/U1:DOUT (f)
               +     0.000          net: inputs67_ctrl_pad[2]/U0/NET1
  10.351                       inputs67_ctrl_pad[2]/U0/U0:D (f)
               +     2.155          cell: ADLIB:IOPAD_TRI
  12.506                       inputs67_ctrl_pad[2]/U0/U0:PAD (f)
               +     0.000          net: inputs67_ctrl[2]
  12.506                       inputs67_ctrl[2] (f)
                                    
  12.506                       data arrival time
  ________________________________________________________
  Data required time calculation
  N/C                          clock_master/counter[2]:Q
               +     0.000          Clock source
  N/C                          clock_master/counter[2]:Q (r)
               +     2.473          Clock generation
  N/C
                                    
  N/C                          inputs67_ctrl[2] (f)


END SET Clock to Output

----------------------------------------------------

SET Register to Asynchronous

No Path

END SET Register to Asynchronous

----------------------------------------------------

SET External Recovery

No Path

END SET External Recovery

----------------------------------------------------

SET Asynchronous to Register

No Path

END SET Asynchronous to Register

----------------------------------------------------

Clock Domain clock_master/counter[7]:Q

SET Register to Register

Path 1
  From:                        A2DRead/DataRegU1Ch1a[5]:CLK
  To:                          A2DRead/DataRegU1Ch1[15]:D
  Delay (ns):                  30.794
  Slack (ns):                  288.185
  Arrival (ns):                37.229
  Required (ns):               325.414
  Setup (ns):                  0.808
  Minimum Period (ns):         31.815

Path 2
  From:                        A2DRead/DataRegU1Ch1p[5]:CLK
  To:                          A2DRead/DataRegU1Ch1[15]:D
  Delay (ns):                  30.399
  Slack (ns):                  288.588
  Arrival (ns):                36.826
  Required (ns):               325.414
  Setup (ns):                  0.808
  Minimum Period (ns):         31.412

Path 3
  From:                        A2DRead/DataRegU1Ch1b[5]:CLK
  To:                          A2DRead/DataRegU1Ch1[15]:D
  Delay (ns):                  30.213
  Slack (ns):                  288.766
  Arrival (ns):                36.648
  Required (ns):               325.414
  Setup (ns):                  0.808
  Minimum Period (ns):         31.234

Path 4
  From:                        A2DRead/DataRegU1Ch1d[5]:CLK
  To:                          A2DRead/DataRegU1Ch1[15]:D
  Delay (ns):                  30.202
  Slack (ns):                  288.785
  Arrival (ns):                36.629
  Required (ns):               325.414
  Setup (ns):                  0.808
  Minimum Period (ns):         31.215

Path 5
  From:                        A2DRead/DataRegU1Ch1a[5]:CLK
  To:                          A2DRead/DataRegU1Ch1[14]:D
  Delay (ns):                  30.128
  Slack (ns):                  288.830
  Arrival (ns):                36.563
  Required (ns):               325.393
  Setup (ns):                  0.757
  Minimum Period (ns):         31.170


Expanded Path 1
  From: A2DRead/DataRegU1Ch1a[5]:CLK
  To: A2DRead/DataRegU1Ch1[15]:D
  data required time                             325.414
  data arrival time                          -   37.229
  slack                                          288.185
  ________________________________________________________
  Data arrival time calculation
  0.000                        clock_master/counter[7]:Q
               +     0.000          Clock source
  0.000                        clock_master/counter[7]:Q (r)
               +     3.131          Clock generation
  3.131
               +     1.122          net: clock_master/counter_i[7]
  4.253                        clock_master/counter_RNIKGO8[7]:A (r)
               +     1.197          cell: ADLIB:CLKINT
  5.450                        clock_master/counter_RNIKGO8[7]:Y (r)
               +     0.985          net: Clock04
  6.435                        A2DRead/DataRegU1Ch1a[5]:CLK (r)
               +     0.663          cell: ADLIB:DFN1E1
  7.098                        A2DRead/DataRegU1Ch1a[5]:Q (r)
               +     1.373          net: A2DRead/DataRegU1Ch1a[5]
  8.471                        A2DRead/DataRegU1Ch1p_RNIBOI4_0[5]:B (r)
               +     1.352          cell: ADLIB:MAJ3
  9.823                        A2DRead/DataRegU1Ch1p_RNIBOI4_0[5]:Y (r)
               +     0.340          net: A2DRead/N_1450
  10.163                       A2DRead/DataRegU1Ch1f_RNIUOVN_0[6]:B (r)
               +     1.355          cell: ADLIB:MAJ3
  11.518                       A2DRead/DataRegU1Ch1f_RNIUOVN_0[6]:Y (r)
               +     1.936          net: A2DRead/N_1486
  13.454                       A2DRead/DataRegU1Ch1j_RNIJF0M2_0[7]:A (r)
               +     1.522          cell: ADLIB:OA1
  14.976                       A2DRead/DataRegU1Ch1j_RNIJF0M2_0[7]:Y (r)
               +     0.328          net: A2DRead/un60_dataregu1ch1_408_0
  15.304                       A2DRead/DataRegU1Ch1f_RNI7M284[6]:A (r)
               +     0.467          cell: ADLIB:OR2
  15.771                       A2DRead/DataRegU1Ch1f_RNI7M284[6]:Y (r)
               +     0.297          net: A2DRead/N_1520
  16.068                       A2DRead/DataRegU1Ch1o_RNIG68J8[7]:C (r)
               +     1.617          cell: ADLIB:XOR3
  17.685                       A2DRead/DataRegU1Ch1o_RNIG68J8[7]:Y (r)
               +     0.427          net: A2DRead/N_1551
  18.112                       A2DRead/DataRegU1Ch1f_RNIK7CCG[6]:C (r)
               +     0.952          cell: ADLIB:AO1
  19.064                       A2DRead/DataRegU1Ch1f_RNIK7CCG[6]:Y (r)
               +     0.257          net: A2DRead/un60_dataregu1ch1_498_0_tz_out
  19.321                       A2DRead/DataRegU1Ch1f_RNIVJP941[6]:B (r)
               +     1.220          cell: ADLIB:OA1
  20.541                       A2DRead/DataRegU1Ch1f_RNIVJP941[6]:Y (r)
               +     0.257          net: A2DRead/un60_dataregu1ch1_498_0
  20.798                       A2DRead/DataRegU1Ch1f_RNIT6APP1[6]:C (r)
               +     0.924          cell: ADLIB:AO1
  21.722                       A2DRead/DataRegU1Ch1f_RNIT6APP1[6]:Y (r)
               +     0.342          net: A2DRead/N_1556
  22.064                       A2DRead/DataRegU1Ch1f_RNIKKTT83_0[8]:C (r)
               +     0.818          cell: ADLIB:XOR3
  22.882                       A2DRead/DataRegU1Ch1f_RNIKKTT83_0[8]:Y (r)
               +     0.337          net: A2DRead/N_1585
  23.219                       A2DRead/un60_dataregu1ch1_824_ADD_11x11_fast_I4_P0N_s:C (r)
               +     0.937          cell: ADLIB:AO1
  24.156                       A2DRead/un60_dataregu1ch1_824_ADD_11x11_fast_I4_P0N_s:Y (r)
               +     0.257          net: A2DRead/ADD_11x11_fast_I4_P0N_out
  24.413                       A2DRead/un60_dataregu1ch1_824_ADD_11x11_fast_I4_P0N:C (r)
               +     0.924          cell: ADLIB:AO1
  25.337                       A2DRead/un60_dataregu1ch1_824_ADD_11x11_fast_I4_P0N:Y (r)
               +     1.703          net: A2DRead/N166_0
  27.040                       A2DRead/un60_dataregu1ch1_824_ADD_11x11_fast_I22_Y:A (r)
               +     0.751          cell: ADLIB:NOR2B
  27.791                       A2DRead/un60_dataregu1ch1_824_ADD_11x11_fast_I22_Y:Y (r)
               +     0.457          net: A2DRead/N199
  28.248                       A2DRead/un60_dataregu1ch1_824_ADD_11x11_fast_I43_Y:B (r)
               +     0.966          cell: ADLIB:AO1
  29.214                       A2DRead/un60_dataregu1ch1_824_ADD_11x11_fast_I43_Y:Y (r)
               +     1.802          net: A2DRead/N223_0
  31.016                       A2DRead/un60_dataregu1ch1_824_ADD_11x11_fast_I55_un1_Y:B (r)
               +     1.017          cell: ADLIB:NOR2B
  32.033                       A2DRead/un60_dataregu1ch1_824_ADD_11x11_fast_I55_un1_Y:Y (r)
               +     0.228          net: A2DRead/I55_un1_Y
  32.261                       A2DRead/un60_dataregu1ch1_824_ADD_11x11_fast_I70_Y_2:C (r)
               +     0.801          cell: ADLIB:OR3
  33.062                       A2DRead/un60_dataregu1ch1_824_ADD_11x11_fast_I70_Y_2:Y (r)
               +     0.225          net: A2DRead/ADD_11x11_fast_I70_Y_2_0
  33.287                       A2DRead/un60_dataregu1ch1_824_ADD_11x11_fast_I70_Y:C (r)
               +     0.990          cell: ADLIB:AO1
  34.277                       A2DRead/un60_dataregu1ch1_824_ADD_11x11_fast_I70_Y:Y (r)
               +     0.257          net: A2DRead/N269
  34.534                       A2DRead/un60_dataregu1ch1_824_ADD_11x11_fast_I91_Y:C (r)
               +     1.311          cell: ADLIB:XOR3
  35.845                       A2DRead/un60_dataregu1ch1_824_ADD_11x11_fast_I91_Y:Y (f)
               +     1.384          net: A2DRead/un60_dataregu1ch1[14]
  37.229                       A2DRead/DataRegU1Ch1[15]:D (f)
                                    
  37.229                       data arrival time
  ________________________________________________________
  Data required time calculation
  320.000                      clock_master/counter[7]:Q
               +     0.000          Clock source
  320.000                      clock_master/counter[7]:Q (r)
               +     3.131          Clock generation
  323.131
               +     1.122          net: clock_master/counter_i[7]
  324.253                      clock_master/counter_RNIKGO8[7]:A (r)
               +     1.197          cell: ADLIB:CLKINT
  325.450                      clock_master/counter_RNIKGO8[7]:Y (r)
               +     0.772          net: Clock04
  326.222                      A2DRead/DataRegU1Ch1[15]:CLK (r)
               -     0.808          Library setup time: ADLIB:DFN1E1
  325.414                      A2DRead/DataRegU1Ch1[15]:D
                                    
  325.414                      data required time


END SET Register to Register

----------------------------------------------------

SET External Setup

Path 1
  From:                        LogicReset
  To:                          heart_beat/counter[18]:D
  Delay (ns):                  29.229
  Slack (ns):
  Arrival (ns):                29.229
  Required (ns):
  Setup (ns):                  0.757
  External Setup (ns):         23.877

Path 2
  From:                        LogicReset
  To:                          heart_beat/counter[17]:D
  Delay (ns):                  28.899
  Slack (ns):
  Arrival (ns):                28.899
  Required (ns):
  Setup (ns):                  0.757
  External Setup (ns):         23.584

Path 3
  From:                        LogicReset
  To:                          heart_beat/counter[16]:D
  Delay (ns):                  27.788
  Slack (ns):
  Arrival (ns):                27.788
  Required (ns):
  Setup (ns):                  0.808
  External Setup (ns):         22.524

Path 4
  From:                        LogicReset
  To:                          heart_beat/counter[15]:D
  Delay (ns):                  27.682
  Slack (ns):
  Arrival (ns):                27.682
  Required (ns):
  Setup (ns):                  0.808
  External Setup (ns):         22.418

Path 5
  From:                        LogicReset
  To:                          heart_beat/counter[14]:D
  Delay (ns):                  26.607
  Slack (ns):
  Arrival (ns):                26.607
  Required (ns):
  Setup (ns):                  0.808
  External Setup (ns):         21.343


Expanded Path 1
  From: LogicReset
  To: heart_beat/counter[18]:D
  data required time                             N/C
  data arrival time                          -   29.229
  slack                                          N/C
  ________________________________________________________
  Data arrival time calculation
  0.000                        LogicReset (f)
               +     0.000          net: LogicReset
  0.000                        LogicReset_pad/U0/U0:PAD (f)
               +     0.578          cell: ADLIB:IOPAD_IN
  0.578                        LogicReset_pad/U0/U0:Y (f)
               +     0.000          net: LogicReset_pad/U0/NET1
  0.578                        LogicReset_pad/U0/U1:YIN (f)
               +     0.184          cell: ADLIB:IOIN_IB
  0.762                        LogicReset_pad/U0/U1:Y (f)
               +     2.677          net: LogicReset_pad
  3.439                        LogicReset_pad_RNI5AOB:A (f)
               +     1.294          cell: ADLIB:CLKINT
  4.733                        LogicReset_pad_RNI5AOB:Y (f)
               +     0.777          net: LogicReset_c
  5.510                        A2DRead/m16:B (f)
               +     0.482          cell: ADLIB:NOR2A
  5.992                        A2DRead/m16:Y (r)
               +     2.163          net: A2DRead_AdClock_0_sqmuxa
  8.155                        heart_beat/un1_counter_1_m1:B (r)
               +     1.312          cell: ADLIB:NOR2B
  9.467                        heart_beat/un1_counter_1_m1:Y (r)
               +     0.337          net: heart_beat/N_2_i
  9.804                        heart_beat/un1_counter_1_m2:B (r)
               +     0.764          cell: ADLIB:NOR2B
  10.568                       heart_beat/un1_counter_1_m2:Y (r)
               +     1.368          net: heart_beat/N_3_i
  11.936                       heart_beat/un1_counter_1_m5:B (r)
               +     1.410          cell: ADLIB:MX2C
  13.346                       heart_beat/un1_counter_1_m5:Y (f)
               +     0.385          net: heart_beat/i3_mux
  13.731                       heart_beat/un1_counter_1_m8:B (f)
               +     1.353          cell: ADLIB:AO13
  15.084                       heart_beat/un1_counter_1_m8:Y (f)
               +     1.013          net: heart_beat/i5_mux
  16.097                       heart_beat/un1_counter_1_m10:C (f)
               +     0.873          cell: ADLIB:NOR3B
  16.970                       heart_beat/un1_counter_1_m10:Y (r)
               +     1.731          net: heart_beat/N_11_i
  18.701                       heart_beat/un1_counter_1_m12:B (r)
               +     0.850          cell: ADLIB:NOR3C
  19.551                       heart_beat/un1_counter_1_m12:Y (r)
               +     0.483          net: heart_beat/N_13_i
  20.034                       heart_beat/un1_counter_1_m14:B (r)
               +     0.885          cell: ADLIB:NOR3C
  20.919                       heart_beat/un1_counter_1_m14:Y (r)
               +     1.546          net: heart_beat/N_15_i
  22.465                       heart_beat/un1_counter_1_m16:B (r)
               +     0.897          cell: ADLIB:NOR3C
  23.362                       heart_beat/un1_counter_1_m16:Y (r)
               +     1.224          net: heart_beat/N_17_i
  24.586                       heart_beat/un1_counter_1_m18:B (r)
               +     0.926          cell: ADLIB:NOR3C
  25.512                       heart_beat/un1_counter_1_m18:Y (r)
               +     0.340          net: heart_beat/N_19_i
  25.852                       heart_beat/un1_counter_1_m20:B (r)
               +     0.850          cell: ADLIB:NOR3C
  26.702                       heart_beat/un1_counter_1_m20:Y (r)
               +     0.321          net: heart_beat/N_21_i
  27.023                       heart_beat/un1_counter_1_m21:A (r)
               +     0.613          cell: ADLIB:NOR2B
  27.636                       heart_beat/un1_counter_1_m21:Y (r)
               +     0.294          net: heart_beat/N_22_i
  27.930                       heart_beat/un1_counter_1_ADD_19x19_fast_I121_Y:B (r)
               +     1.042          cell: ADLIB:AX1C
  28.972                       heart_beat/un1_counter_1_ADD_19x19_fast_I121_Y:Y (r)
               +     0.257          net: heart_beat/ADD_19x19_fast_I121_Y
  29.229                       heart_beat/counter[18]:D (r)
                                    
  29.229                       data arrival time
  ________________________________________________________
  Data required time calculation
  N/C                          clock_master/counter[7]:Q
               +     0.000          Clock source
  N/C                          clock_master/counter[7]:Q (r)
               +     3.131          Clock generation
  N/C
               +     1.122          net: clock_master/counter_i[7]
  N/C                          clock_master/counter_RNIKGO8[7]:A (r)
               +     1.197          cell: ADLIB:CLKINT
  N/C                          clock_master/counter_RNIKGO8[7]:Y (r)
               +     0.659          net: Clock04
  N/C                          heart_beat/counter[18]:CLK (r)
               -     0.757          Library setup time: ADLIB:DFN1
  N/C                          heart_beat/counter[18]:D


END SET External Setup

----------------------------------------------------

SET Clock to Output

Path 1
  From:                        snkpout01/PWMOut:CLK
  To:                          EncLgtControl
  Delay (ns):                  11.713
  Slack (ns):
  Arrival (ns):                17.863
  Required (ns):
  Clock to Out (ns):           17.863

Path 2
  From:                        snkpout01/PWMOut:CLK
  To:                          AN5NRMControl
  Delay (ns):                  10.590
  Slack (ns):
  Arrival (ns):                16.740
  Required (ns):
  Clock to Out (ns):           16.740

Path 3
  From:                        snkpout01/PWMOut:CLK
  To:                          AN1DimControl
  Delay (ns):                  10.540
  Slack (ns):
  Arrival (ns):                16.690
  Required (ns):
  Clock to Out (ns):           16.690

Path 4
  From:                        snkpout01/PWMOut:CLK
  To:                          AN2DimControl
  Delay (ns):                  10.466
  Slack (ns):
  Arrival (ns):                16.616
  Required (ns):
  Clock to Out (ns):           16.616

Path 5
  From:                        snkpout01/PWMOut:CLK
  To:                          AN5PTTControl
  Delay (ns):                  10.109
  Slack (ns):
  Arrival (ns):                16.259
  Required (ns):
  Clock to Out (ns):           16.259


Expanded Path 1
  From: snkpout01/PWMOut:CLK
  To: EncLgtControl
  data required time                             N/C
  data arrival time                          -   17.863
  slack                                          N/C
  ________________________________________________________
  Data arrival time calculation
  0.000                        clock_master/counter[7]:Q
               +     0.000          Clock source
  0.000                        clock_master/counter[7]:Q (r)
               +     3.131          Clock generation
  3.131
               +     1.122          net: clock_master/counter_i[7]
  4.253                        clock_master/counter_RNIKGO8[7]:A (r)
               +     1.197          cell: ADLIB:CLKINT
  5.450                        clock_master/counter_RNIKGO8[7]:Y (r)
               +     0.700          net: Clock04
  6.150                        snkpout01/PWMOut:CLK (r)
               +     0.663          cell: ADLIB:DFN1
  6.813                        snkpout01/PWMOut:Q (r)
               +     2.727          net: PnlLgtControl_c
  9.540                        pwmdisable01latch/output_RNID03R[7]:A (r)
               +     1.692          cell: ADLIB:OA1
  11.232                       pwmdisable01latch/output_RNID03R[7]:Y (r)
               +     2.331          net: EncLgtControl_c
  13.563                       EncLgtControl_pad/U0/U1:D (r)
               +     0.885          cell: ADLIB:IOTRI_OB_EB
  14.448                       EncLgtControl_pad/U0/U1:DOUT (r)
               +     0.000          net: EncLgtControl_pad/U0/NET1
  14.448                       EncLgtControl_pad/U0/U0:D (r)
               +     3.415          cell: ADLIB:IOPAD_TRI
  17.863                       EncLgtControl_pad/U0/U0:PAD (r)
               +     0.000          net: EncLgtControl
  17.863                       EncLgtControl (r)
                                    
  17.863                       data arrival time
  ________________________________________________________
  Data required time calculation
  N/C                          clock_master/counter[7]:Q
               +     0.000          Clock source
  N/C                          clock_master/counter[7]:Q (r)
               +     3.131          Clock generation
  N/C
                                    
  N/C                          EncLgtControl (r)


END SET Clock to Output

----------------------------------------------------

SET Register to Asynchronous

No Path

END SET Register to Asynchronous

----------------------------------------------------

SET External Recovery

No Path

END SET External Recovery

----------------------------------------------------

SET Asynchronous to Register

No Path

END SET Asynchronous to Register

----------------------------------------------------

Path set Pin to Pin

SET Input to Output

No Path

END SET Input to Output

----------------------------------------------------

Path set User Sets

