Timing Report Max Delay Analysis

SmartTime Version v11.7 SP1.1
Microsemi Corporation - Microsemi Libero Software Release v11.7 SP1.1 (Version 11.7.1.14)
Date: Thu Jul 27 09:52:32 2017


Design: mainprogram
Family: IGLOO
Die: AGLN250V5
Package: 100 VQFP
Temperature Range: 0 - 70 C
Voltage Range: 1.425 - 1.575 V
Speed Grade: STD
Design State: Post-Layout
Data source: Silicon verified
Min Operating Conditions: BEST - 1.575 V - 0 C
Max Operating Conditions: WORST - 1.425 V - 70 C
Using Enhanced Min Delay Analysis
Scenario for Timing Analysis: Primary


-----------------------------------------------------
SUMMARY

Clock Domain:               SerialClock
Period (ns):                8.645
Frequency (MHz):            115.674
Required Period (ns):       500.000
Required Frequency (MHz):   2.000
External Setup (ns):        13.920
External Hold (ns):         -1.297
Min Clock-To-Out (ns):      N/A
Max Clock-To-Out (ns):      N/A

Clock Domain:               XCLK
Period (ns):                11.306
Frequency (MHz):            88.449
Required Period (ns):       5.000
Required Frequency (MHz):   200.000
External Setup (ns):        11.990
External Hold (ns):         -2.132
Min Clock-To-Out (ns):      N/A
Max Clock-To-Out (ns):      N/A

Clock Domain:               clock_master/counter[0]:Q
Period (ns):                13.089
Frequency (MHz):            76.400
Required Period (ns):       10.000
Required Frequency (MHz):   100.000
External Setup (ns):        15.118
External Hold (ns):         0.127
Min Clock-To-Out (ns):      5.368
Max Clock-To-Out (ns):      16.795

Clock Domain:               clock_master/counter[1]:Q
Period (ns):                10.358
Frequency (MHz):            96.544
Required Period (ns):       20.000
Required Frequency (MHz):   50.000
External Setup (ns):        2.119
External Hold (ns):         1.448
Min Clock-To-Out (ns):      5.555
Max Clock-To-Out (ns):      14.014

Clock Domain:               clock_master/counter[2]:Q
Period (ns):                10.610
Frequency (MHz):            94.251
Required Period (ns):       40.000
Required Frequency (MHz):   25.000
External Setup (ns):        7.494
External Hold (ns):         1.653
Min Clock-To-Out (ns):      3.620
Max Clock-To-Out (ns):      12.455

Clock Domain:               clock_master/counter[7]:Q
Period (ns):                31.645
Frequency (MHz):            31.601
Required Period (ns):       320.000
Required Frequency (MHz):   3.125
External Setup (ns):        18.031
External Hold (ns):         1.851
Min Clock-To-Out (ns):      5.166
Max Clock-To-Out (ns):      17.716

                            Input to Output
Min Delay (ns):             N/A
Max Delay (ns):             N/A

END SUMMARY
-----------------------------------------------------

Clock Domain SerialClock

SET Register to Register

Path 1
  From:                        discretedutycycle01/cellindex[3]:CLK
  To:                          discretedutycycle01/paralleldata[2]:D
  Delay (ns):                  7.883
  Slack (ns):                  491.355
  Arrival (ns):                10.303
  Required (ns):               501.658
  Setup (ns):                  0.757
  Minimum Period (ns):         8.645

Path 2
  From:                        discretedutycycle01/cellindex[2]:CLK
  To:                          discretedutycycle01/paralleldata[9]:D
  Delay (ns):                  7.784
  Slack (ns):                  491.454
  Arrival (ns):                10.204
  Required (ns):               501.658
  Setup (ns):                  0.757
  Minimum Period (ns):         8.546

Path 3
  From:                        discretedutycycle01/cellindex[2]:CLK
  To:                          discretedutycycle01/paralleldata[10]:D
  Delay (ns):                  7.735
  Slack (ns):                  491.540
  Arrival (ns):                10.155
  Required (ns):               501.695
  Setup (ns):                  0.757
  Minimum Period (ns):         8.460

Path 4
  From:                        discretedutycycle01/cellindex[2]:CLK
  To:                          discretedutycycle01/paralleldata[6]:D
  Delay (ns):                  7.621
  Slack (ns):                  491.566
  Arrival (ns):                10.041
  Required (ns):               501.607
  Setup (ns):                  0.808
  Minimum Period (ns):         8.434

Path 5
  From:                        discretedutycycle01/cellindex[3]:CLK
  To:                          discretedutycycle01/paralleldata[1]:D
  Delay (ns):                  7.651
  Slack (ns):                  491.624
  Arrival (ns):                10.071
  Required (ns):               501.695
  Setup (ns):                  0.757
  Minimum Period (ns):         8.376


Expanded Path 1
  From: discretedutycycle01/cellindex[3]:CLK
  To: discretedutycycle01/paralleldata[2]:D
  data required time                             501.658
  data arrival time                          -   10.303
  slack                                          491.355
  ________________________________________________________
  Data arrival time calculation
  0.000                        SerialClock
               +     0.000          Clock source
  0.000                        SerialClock (r)
               +     0.000          net: SerialClock
  0.000                        SerialClock_pad/U0/U0:PAD (r)
               +     1.158          cell: ADLIB:IOPAD_IN
  1.158                        SerialClock_pad/U0/U0:Y (r)
               +     0.000          net: SerialClock_pad/U0/NET1
  1.158                        SerialClock_pad/U0/U1:A (r)
               +     0.636          cell: ADLIB:CLKIO
  1.794                        SerialClock_pad/U0/U1:Y (r)
               +     0.626          net: SerialClock_c
  2.420                        discretedutycycle01/cellindex[3]:CLK (r)
               +     0.886          cell: ADLIB:DFN1E0
  3.306                        discretedutycycle01/cellindex[3]:Q (f)
               +     1.532          net: discretedutycycle01/cellindex[3]
  4.838                        discretedutycycle01/cellindex_RNILCOL_1[3]:A (f)
               +     1.021          cell: ADLIB:NOR2
  5.859                        discretedutycycle01/cellindex_RNILCOL_1[3]:Y (r)
               +     0.535          net: discretedutycycle01/un1_paralleldata_2[3]
  6.394                        discretedutycycle01/paralleldata_RNO_1[2]:C (r)
               +     0.992          cell: ADLIB:NOR3C
  7.386                        discretedutycycle01/paralleldata_RNO_1[2]:Y (r)
               +     1.143          net: discretedutycycle01/N_129
  8.529                        discretedutycycle01/paralleldata_RNO_0[2]:S (r)
               +     0.506          cell: ADLIB:MX2
  9.035                        discretedutycycle01/paralleldata_RNO_0[2]:Y (f)
               +     0.228          net: discretedutycycle01/N_129_mux
  9.263                        discretedutycycle01/paralleldata_RNO[2]:A (f)
               +     0.783          cell: ADLIB:NOR2A
  10.046                       discretedutycycle01/paralleldata_RNO[2]:Y (f)
               +     0.257          net: discretedutycycle01/paralleldata_RNO_3[2]
  10.303                       discretedutycycle01/paralleldata[2]:D (f)
                                    
  10.303                       data arrival time
  ________________________________________________________
  Data required time calculation
  500.000                      SerialClock
               +     0.000          Clock source
  500.000                      SerialClock (r)
               +     0.000          net: SerialClock
  500.000                      SerialClock_pad/U0/U0:PAD (r)
               +     1.158          cell: ADLIB:IOPAD_IN
  501.158                      SerialClock_pad/U0/U0:Y (r)
               +     0.000          net: SerialClock_pad/U0/NET1
  501.158                      SerialClock_pad/U0/U1:A (r)
               +     0.636          cell: ADLIB:CLKIO
  501.794                      SerialClock_pad/U0/U1:Y (r)
               +     0.621          net: SerialClock_c
  502.415                      discretedutycycle01/paralleldata[2]:CLK (r)
               -     0.757          Library setup time: ADLIB:DFN1
  501.658                      discretedutycycle01/paralleldata[2]:D
                                    
  501.658                      data required time


END SET Register to Register

----------------------------------------------------

SET External Setup

Path 1
  From:                        SerialLoad
  To:                          A2D01reader/cellindex[3]:D
  Delay (ns):                  15.527
  Slack (ns):
  Arrival (ns):                15.527
  Required (ns):
  Setup (ns):                  0.808
  External Setup (ns):         13.920

Path 2
  From:                        SerialLoad
  To:                          A2D01reader/cellindex[1]:D
  Delay (ns):                  15.483
  Slack (ns):
  Arrival (ns):                15.483
  Required (ns):
  Setup (ns):                  0.808
  External Setup (ns):         13.892

Path 3
  From:                        SerialLoad
  To:                          A2D01reader/cellindex[2]:D
  Delay (ns):                  15.480
  Slack (ns):
  Arrival (ns):                15.480
  Required (ns):
  Setup (ns):                  0.808
  External Setup (ns):         13.873

Path 4
  From:                        SerialLoad
  To:                          A2D01reader/cellindex[0]:D
  Delay (ns):                  15.315
  Slack (ns):
  Arrival (ns):                15.315
  Required (ns):
  Setup (ns):                  0.808
  External Setup (ns):         13.724

Path 5
  From:                        LogicReset
  To:                          A2D01reader/cellindex[3]:D
  Delay (ns):                  15.141
  Slack (ns):
  Arrival (ns):                15.141
  Required (ns):
  Setup (ns):                  0.808
  External Setup (ns):         13.534


Expanded Path 1
  From: SerialLoad
  To: A2D01reader/cellindex[3]:D
  data required time                             N/C
  data arrival time                          -   15.527
  slack                                          N/C
  ________________________________________________________
  Data arrival time calculation
  0.000                        SerialLoad (f)
               +     0.000          net: SerialLoad
  0.000                        SerialLoad_pad/U0/U0:PAD (f)
               +     1.075          cell: ADLIB:IOPAD_IN
  1.075                        SerialLoad_pad/U0/U0:Y (f)
               +     0.000          net: SerialLoad_pad/U0/NET1
  1.075                        SerialLoad_pad/U0/U1:YIN (f)
               +     0.184          cell: ADLIB:IOIN_IB
  1.259                        SerialLoad_pad/U0/U1:Y (f)
               +     2.787          net: SerialLoad_pad
  4.046                        SerialLoad_pad_RNIK82F:A (f)
               +     1.294          cell: ADLIB:CLKINT
  5.340                        SerialLoad_pad_RNIK82F:Y (f)
               +     0.707          net: SerialLoad_c
  6.047                        ioBank60reader/cellindex_1_sqmuxa_1_1:A (f)
               +     0.598          cell: ADLIB:NOR2
  6.645                        ioBank60reader/cellindex_1_sqmuxa_1_1:Y (r)
               +     6.376          net: ioBank60reader_cellindex_1_sqmuxa_1_1
  13.021                       A2D01reader/cellindex_RNI303P1[2]:C (r)
               +     0.877          cell: ADLIB:AOI1B
  13.898                       A2D01reader/cellindex_RNI303P1[2]:Y (r)
               +     0.522          net: A2D01reader/cellindex_1_sqmuxa_1
  14.420                       A2D01reader/cellindex_RNO[3]:A (r)
               +     0.879          cell: ADLIB:AX1C
  15.299                       A2D01reader/cellindex_RNO[3]:Y (f)
               +     0.228          net: A2D01reader/cellindex_n3
  15.527                       A2D01reader/cellindex[3]:D (f)
                                    
  15.527                       data arrival time
  ________________________________________________________
  Data required time calculation
  N/C                          SerialClock
               +     0.000          Clock source
  N/C                          SerialClock (r)
               +     0.000          net: SerialClock
  N/C                          SerialClock_pad/U0/U0:PAD (r)
               +     1.158          cell: ADLIB:IOPAD_IN
  N/C                          SerialClock_pad/U0/U0:Y (r)
               +     0.000          net: SerialClock_pad/U0/NET1
  N/C                          SerialClock_pad/U0/U1:A (r)
               +     0.636          cell: ADLIB:CLKIO
  N/C                          SerialClock_pad/U0/U1:Y (r)
               +     0.621          net: SerialClock_c
  N/C                          A2D01reader/cellindex[3]:CLK (r)
               -     0.808          Library setup time: ADLIB:DFN1
  N/C                          A2D01reader/cellindex[3]:D


END SET External Setup

----------------------------------------------------

SET Clock to Output

No Path

END SET Clock to Output

----------------------------------------------------

SET Register to Asynchronous

No Path

END SET Register to Asynchronous

----------------------------------------------------

SET External Recovery

No Path

END SET External Recovery

----------------------------------------------------

SET Asynchronous to Register

No Path

END SET Asynchronous to Register

----------------------------------------------------

Clock Domain XCLK

SET Register to Register

Path 1
  From:                        clock_master/counter[2]:CLK
  To:                          clock_master/counter[4]:D
  Delay (ns):                  10.749
  Slack (ns):                  -6.306
  Arrival (ns):                12.566
  Required (ns):               6.260
  Setup (ns):                  0.784
  Minimum Period (ns):         11.306

Path 2
  From:                        clock_master/counter[0]:CLK
  To:                          clock_master/counter[4]:D
  Delay (ns):                  9.620
  Slack (ns):                  -5.599
  Arrival (ns):                11.859
  Required (ns):               6.260
  Setup (ns):                  0.784
  Minimum Period (ns):         10.599

Path 3
  From:                        clock_master/counter[2]:CLK
  To:                          clock_master/counter[7]:D
  Delay (ns):                  10.912
  Slack (ns):                  -5.537
  Arrival (ns):                12.729
  Required (ns):               7.192
  Setup (ns):                  0.784
  Minimum Period (ns):         10.537

Path 4
  From:                        clock_master/counter[0]:CLK
  To:                          clock_master/counter[7]:D
  Delay (ns):                  10.487
  Slack (ns):                  -5.534
  Arrival (ns):                12.726
  Required (ns):               7.192
  Setup (ns):                  0.784
  Minimum Period (ns):         10.534

Path 5
  From:                        clock_master/counter[2]:CLK
  To:                          clock_master/counter[5]:D
  Delay (ns):                  9.775
  Slack (ns):                  -5.130
  Arrival (ns):                11.592
  Required (ns):               6.462
  Setup (ns):                  0.784
  Minimum Period (ns):         10.130


Expanded Path 1
  From: clock_master/counter[2]:CLK
  To: clock_master/counter[4]:D
  data required time                             6.260
  data arrival time                          -   12.566
  slack                                          -6.306
  ________________________________________________________
  Data arrival time calculation
  0.000                        XCLK
               +     0.000          Clock source
  0.000                        XCLK (r)
               +     0.000          net: XCLK
  0.000                        XCLK_pad/U0/U0:PAD (r)
               +     0.862          cell: ADLIB:IOPAD_IN
  0.862                        XCLK_pad/U0/U0:Y (r)
               +     0.000          net: XCLK_pad/U0/NET1
  0.862                        XCLK_pad/U0/U1:YIN (r)
               +     0.188          cell: ADLIB:IOIN_IB
  1.050                        XCLK_pad/U0/U1:Y (r)
               +     0.767          net: XCLK_c
  1.817                        clock_master/counter[2]:CLK (r)
               +     0.797          cell: ADLIB:DFN1
  2.614                        clock_master/counter[2]:Q (f)
               +     1.242          net: clock_master/counter_i[2]
  3.856                        clock_master/counter_RNIFBO8[2]:A (f)
               +     1.294          cell: ADLIB:CLKINT
  5.150                        clock_master/counter_RNIFBO8[2]:Y (f)
               +     0.541          net: Clock03
  5.691                        clock_master/counter_4_I_5:A (f)
               +     0.649          cell: ADLIB:AND2
  6.340                        clock_master/counter_4_I_5:Y (f)
               +     0.938          net: clock_master/DWACT_ADD_CI_0_g_array_0_2[0]
  7.278                        clock_master/counter_4_I_37:A (f)
               +     0.547          cell: ADLIB:NOR2B
  7.825                        clock_master/counter_4_I_37:Y (f)
               +     0.257          net: clock_master/DWACT_ADD_CI_0_g_array_1_1[0]
  8.082                        clock_master/counter_4_I_38:C (f)
               +     0.785          cell: ADLIB:AO1
  8.867                        clock_master/counter_4_I_38:Y (f)
               +     0.916          net: clock_master/DWACT_ADD_CI_0_g_array_2[0]
  9.783                        clock_master/counter_4_I_30:B (f)
               +     1.510          cell: ADLIB:XOR2
  11.293                       clock_master/counter_4_I_30:Y (r)
               +     1.273          net: clock_master/counter_4[4]
  12.566                       clock_master/counter[4]:D (r)
                                    
  12.566                       data arrival time
  ________________________________________________________
  Data required time calculation
  5.000                        XCLK
               +     0.000          Clock source
  5.000                        XCLK (r)
               +     0.000          net: XCLK
  5.000                        XCLK_pad/U0/U0:PAD (r)
               +     0.862          cell: ADLIB:IOPAD_IN
  5.862                        XCLK_pad/U0/U0:Y (r)
               +     0.000          net: XCLK_pad/U0/NET1
  5.862                        XCLK_pad/U0/U1:YIN (r)
               +     0.188          cell: ADLIB:IOIN_IB
  6.050                        XCLK_pad/U0/U1:Y (r)
               +     0.994          net: XCLK_c
  7.044                        clock_master/counter[4]:CLK (r)
               -     0.784          Library setup time: ADLIB:DFN1
  6.260                        clock_master/counter[4]:D
                                    
  6.260                        data required time


END SET Register to Register

----------------------------------------------------

SET External Setup

Path 1
  From:                        LogicReset
  To:                          clock_master/counter[7]:D
  Delay (ns):                  14.182
  Slack (ns):
  Arrival (ns):                14.182
  Required (ns):
  Setup (ns):                  0.784
  External Setup (ns):         11.990

Path 2
  From:                        LogicReset
  To:                          clock_master/counter[4]:D
  Delay (ns):                  12.821
  Slack (ns):
  Arrival (ns):                12.821
  Required (ns):
  Setup (ns):                  0.784
  External Setup (ns):         11.561

Path 3
  From:                        LogicReset
  To:                          clock_master/counter[5]:D
  Delay (ns):                  11.829
  Slack (ns):
  Arrival (ns):                11.829
  Required (ns):
  Setup (ns):                  0.836
  External Setup (ns):         10.419

Path 4
  From:                        LogicReset
  To:                          clock_master/counter[2]:D
  Delay (ns):                  11.095
  Slack (ns):
  Arrival (ns):                11.095
  Required (ns):
  Setup (ns):                  0.836
  External Setup (ns):         10.114

Path 5
  From:                        LogicReset
  To:                          clock_master/counter[6]:D
  Delay (ns):                  11.829
  Slack (ns):
  Arrival (ns):                11.829
  Required (ns):
  Setup (ns):                  0.836
  External Setup (ns):         9.996


Expanded Path 1
  From: LogicReset
  To: clock_master/counter[7]:D
  data required time                             N/C
  data arrival time                          -   14.182
  slack                                          N/C
  ________________________________________________________
  Data arrival time calculation
  0.000                        LogicReset (f)
               +     0.000          net: LogicReset
  0.000                        LogicReset_pad/U0/U0:PAD (f)
               +     0.578          cell: ADLIB:IOPAD_IN
  0.578                        LogicReset_pad/U0/U0:Y (f)
               +     0.000          net: LogicReset_pad/U0/NET1
  0.578                        LogicReset_pad/U0/U1:YIN (f)
               +     0.184          cell: ADLIB:IOIN_IB
  0.762                        LogicReset_pad/U0/U1:Y (f)
               +     2.677          net: LogicReset_pad
  3.439                        LogicReset_pad_RNI5AOB:A (f)
               +     1.294          cell: ADLIB:CLKINT
  4.733                        LogicReset_pad_RNI5AOB:Y (f)
               +     0.775          net: LogicReset_c
  5.508                        clock_master/counter_8_I_12:B (f)
               +     1.266          cell: ADLIB:XOR2
  6.774                        clock_master/counter_8_I_12:Y (r)
               +     0.909          net: clock_master/DWACT_ADD_CI_0_pog_array_0[0]
  7.683                        clock_master/counter_8_I_36:A (r)
               +     0.731          cell: ADLIB:AO1
  8.414                        clock_master/counter_8_I_36:Y (r)
               +     0.260          net: clock_master/DWACT_ADD_CI_0_g_array_1[0]
  8.674                        clock_master/counter_8_I_35:B (r)
               +     0.727          cell: ADLIB:AO1
  9.401                        clock_master/counter_8_I_35:Y (r)
               +     1.034          net: clock_master/DWACT_ADD_CI_0_g_array_2_0[0]
  10.435                       clock_master/counter_8_I_44:A (r)
               +     0.879          cell: ADLIB:NOR3C
  11.314                       clock_master/counter_8_I_44:Y (r)
               +     0.931          net: clock_master/DWACT_ADD_CI_0_g_array_12_2[0]
  12.245                       clock_master/counter_8_I_34:B (r)
               +     0.964          cell: ADLIB:XOR2
  13.209                       clock_master/counter_8_I_34:Y (r)
               +     0.973          net: clock_master/counter_4_3_0[7]
  14.182                       clock_master/counter[7]:D (r)
                                    
  14.182                       data arrival time
  ________________________________________________________
  Data required time calculation
  N/C                          XCLK
               +     0.000          Clock source
  N/C                          XCLK (r)
               +     0.000          net: XCLK
  N/C                          XCLK_pad/U0/U0:PAD (r)
               +     0.862          cell: ADLIB:IOPAD_IN
  N/C                          XCLK_pad/U0/U0:Y (r)
               +     0.000          net: XCLK_pad/U0/NET1
  N/C                          XCLK_pad/U0/U1:YIN (r)
               +     0.188          cell: ADLIB:IOIN_IB
  N/C                          XCLK_pad/U0/U1:Y (r)
               +     1.926          net: XCLK_c
  N/C                          clock_master/counter[7]:CLK (r)
               -     0.784          Library setup time: ADLIB:DFN1
  N/C                          clock_master/counter[7]:D


END SET External Setup

----------------------------------------------------

SET Clock to Output

No Path

END SET Clock to Output

----------------------------------------------------

SET Register to Asynchronous

No Path

END SET Register to Asynchronous

----------------------------------------------------

SET External Recovery

No Path

END SET External Recovery

----------------------------------------------------

SET Asynchronous to Register

No Path

END SET Asynchronous to Register

----------------------------------------------------

Clock Domain clock_master/counter[0]:Q

SET Register to Register

Path 1
  From:                        addresslatch/output[6]:CLK
  To:                          discretedutycycle01/output[5]:D
  Delay (ns):                  12.267
  Slack (ns):                  -3.089
  Arrival (ns):                18.302
  Required (ns):               15.213
  Setup (ns):                  0.757
  Minimum Period (ns):         13.089

Path 2
  From:                        addresslatch/output[6]:CLK
  To:                          discretedutycycle01/output[6]:D
  Delay (ns):                  12.262
  Slack (ns):                  -3.065
  Arrival (ns):                18.297
  Required (ns):               15.232
  Setup (ns):                  0.757
  Minimum Period (ns):         13.065

Path 3
  From:                        addresslatch/output[2]:CLK
  To:                          ioBank65reader/parallelholdreg[2]:D
  Delay (ns):                  12.128
  Slack (ns):                  -2.904
  Arrival (ns):                18.163
  Required (ns):               15.259
  Setup (ns):                  0.757
  Minimum Period (ns):         12.904

Path 4
  From:                        addresslatch/output[7]:CLK
  To:                          ioBank65reader/parallelholdreg[2]:D
  Delay (ns):                  12.097
  Slack (ns):                  -2.844
  Arrival (ns):                18.103
  Required (ns):               15.259
  Setup (ns):                  0.757
  Minimum Period (ns):         12.844

Path 5
  From:                        addresslatch/output[6]:CLK
  To:                          discretedutycycle01/output[10]:D
  Delay (ns):                  12.022
  Slack (ns):                  -2.825
  Arrival (ns):                18.057
  Required (ns):               15.232
  Setup (ns):                  0.757
  Minimum Period (ns):         12.825


Expanded Path 1
  From: addresslatch/output[6]:CLK
  To: discretedutycycle01/output[5]:D
  data required time                             15.213
  data arrival time                          -   18.302
  slack                                          -3.089
  ________________________________________________________
  Data arrival time calculation
  0.000                        clock_master/counter[0]:Q
               +     0.000          Clock source
  0.000                        clock_master/counter[0]:Q (r)
               +     2.856          Clock generation
  2.856
               +     1.218          net: clock_master/counter_i[0]
  4.074                        clock_master/counter_RNID9O8[0]:A (r)
               +     1.197          cell: ADLIB:CLKINT
  5.271                        clock_master/counter_RNID9O8[0]:Y (r)
               +     0.764          net: Clock01
  6.035                        addresslatch/output[6]:CLK (r)
               +     0.886          cell: ADLIB:DFN1
  6.921                        addresslatch/output[6]:Q (f)
               +     2.019          net: internaddr[6]
  8.940                        discretedutycycle01/CellIndexUpdate.address_0:A (f)
               +     1.077          cell: ADLIB:NOR2A
  10.017                       discretedutycycle01/CellIndexUpdate.address_0:Y (f)
               +     0.260          net: discretedutycycle01/address_0
  10.277                       discretedutycycle01/CellIndexUpdate.address_3:B (f)
               +     0.775          cell: ADLIB:NOR3C
  11.052                       discretedutycycle01/CellIndexUpdate.address_3:Y (f)
               +     0.215          net: discretedutycycle01/address_3
  11.267                       discretedutycycle01/CellIndexUpdate.address:A (f)
               +     0.661          cell: ADLIB:NOR2B
  11.928                       discretedutycycle01/CellIndexUpdate.address:Y (f)
               +     0.260          net: discretedutycycle01/address
  12.188                       discretedutycycle01/output_0_sqmuxa_0:A (f)
               +     0.837          cell: ADLIB:NOR2A
  13.025                       discretedutycycle01/output_0_sqmuxa_0:Y (f)
               +     1.970          net: discretedutycycle01/output_0_sqmuxa_0
  14.995                       discretedutycycle01/output_RNO_0[5]:S (f)
               +     0.814          cell: ADLIB:MX2
  15.809                       discretedutycycle01/output_RNO_0[5]:Y (f)
               +     0.228          net: discretedutycycle01/N_65
  16.037                       discretedutycycle01/output_RNO[5]:A (f)
               +     0.783          cell: ADLIB:NOR2A
  16.820                       discretedutycycle01/output_RNO[5]:Y (f)
               +     1.482          net: discretedutycycle01/output_RNO_3[5]
  18.302                       discretedutycycle01/output[5]:D (f)
                                    
  18.302                       data arrival time
  ________________________________________________________
  Data required time calculation
  10.000                       clock_master/counter[0]:Q
               +     0.000          Clock source
  10.000                       clock_master/counter[0]:Q (r)
               +     2.856          Clock generation
  12.856
               +     1.218          net: clock_master/counter_i[0]
  14.074                       clock_master/counter_RNID9O8[0]:A (r)
               +     1.197          cell: ADLIB:CLKINT
  15.271                       clock_master/counter_RNID9O8[0]:Y (r)
               +     0.699          net: Clock01
  15.970                       discretedutycycle01/output[5]:CLK (r)
               -     0.757          Library setup time: ADLIB:DFN1
  15.213                       discretedutycycle01/output[5]:D
                                    
  15.213                       data required time


END SET Register to Register

----------------------------------------------------

SET External Setup

Path 1
  From:                        SerialLoad
  To:                          firmware/parallelholdreg[4]:E
  Delay (ns):                  20.600
  Slack (ns):
  Arrival (ns):                20.600
  Required (ns):
  Setup (ns):                  0.534
  External Setup (ns):         15.118

Path 2
  From:                        SerialLoad
  To:                          firmware/parallelholdreg[2]:D
  Delay (ns):                  20.359
  Slack (ns):
  Arrival (ns):                20.359
  Required (ns):
  Setup (ns):                  0.757
  External Setup (ns):         15.100

Path 3
  From:                        SerialLoad
  To:                          firmware/parallelholdreg[0]:E
  Delay (ns):                  20.225
  Slack (ns):
  Arrival (ns):                20.225
  Required (ns):
  Setup (ns):                  0.534
  External Setup (ns):         14.743

Path 4
  From:                        LogicReset
  To:                          firmware/parallelholdreg[4]:E
  Delay (ns):                  20.214
  Slack (ns):
  Arrival (ns):                20.214
  Required (ns):
  Setup (ns):                  0.534
  External Setup (ns):         14.732

Path 5
  From:                        LogicReset
  To:                          firmware/parallelholdreg[2]:D
  Delay (ns):                  19.973
  Slack (ns):
  Arrival (ns):                19.973
  Required (ns):
  Setup (ns):                  0.757
  External Setup (ns):         14.714


Expanded Path 1
  From: SerialLoad
  To: firmware/parallelholdreg[4]:E
  data required time                             N/C
  data arrival time                          -   20.600
  slack                                          N/C
  ________________________________________________________
  Data arrival time calculation
  0.000                        SerialLoad (f)
               +     0.000          net: SerialLoad
  0.000                        SerialLoad_pad/U0/U0:PAD (f)
               +     1.075          cell: ADLIB:IOPAD_IN
  1.075                        SerialLoad_pad/U0/U0:Y (f)
               +     0.000          net: SerialLoad_pad/U0/NET1
  1.075                        SerialLoad_pad/U0/U1:YIN (f)
               +     0.184          cell: ADLIB:IOIN_IB
  1.259                        SerialLoad_pad/U0/U1:Y (f)
               +     2.787          net: SerialLoad_pad
  4.046                        SerialLoad_pad_RNIK82F:A (f)
               +     1.294          cell: ADLIB:CLKINT
  5.340                        SerialLoad_pad_RNIK82F:Y (f)
               +     0.707          net: SerialLoad_c
  6.047                        ioBank60reader/cellindex_1_sqmuxa_1_1:A (f)
               +     0.598          cell: ADLIB:NOR2
  6.645                        ioBank60reader/cellindex_1_sqmuxa_1_1:Y (r)
               +     7.258          net: ioBank60reader_cellindex_1_sqmuxa_1_1
  13.903                       firmware/un1_reset_0_o2_0:A (r)
               +     0.745          cell: ADLIB:OR2A
  14.648                       firmware/un1_reset_0_o2_0:Y (f)
               +     0.244          net: firmware/un1_reset_0_o2_0
  14.892                       firmware/un1_reset_0_o2_3:A (f)
               +     0.671          cell: ADLIB:OR3
  15.563                       firmware/un1_reset_0_o2_3:Y (f)
               +     0.917          net: firmware/un1_reset_0_o2_3
  16.480                       firmware/cellindex_RNIE0GV2[1]:C (f)
               +     0.929          cell: ADLIB:OR3B
  17.409                       firmware/cellindex_RNIE0GV2[1]:Y (f)
               +     3.191          net: firmware/N_14
  20.600                       firmware/parallelholdreg[4]:E (f)
                                    
  20.600                       data arrival time
  ________________________________________________________
  Data required time calculation
  N/C                          clock_master/counter[0]:Q
               +     0.000          Clock source
  N/C                          clock_master/counter[0]:Q (r)
               +     2.856          Clock generation
  N/C
               +     1.218          net: clock_master/counter_i[0]
  N/C                          clock_master/counter_RNID9O8[0]:A (r)
               +     1.197          cell: ADLIB:CLKINT
  N/C                          clock_master/counter_RNID9O8[0]:Y (r)
               +     0.745          net: Clock01
  N/C                          firmware/parallelholdreg[4]:CLK (r)
               -     0.534          Library setup time: ADLIB:DFN1E1
  N/C                          firmware/parallelholdreg[4]:E


END SET External Setup

----------------------------------------------------

SET Clock to Output

Path 1
  From:                        pwmdisable01latch/output[7]:CLK
  To:                          EncLgtControl
  Delay (ns):                  10.798
  Slack (ns):
  Arrival (ns):                16.795
  Required (ns):
  Clock to Out (ns):           16.795

Path 2
  From:                        bitcontrol01latch/output[7]:CLK
  To:                          EncLgtControl
  Delay (ns):                  10.756
  Slack (ns):
  Arrival (ns):                16.762
  Required (ns):
  Clock to Out (ns):           16.762

Path 3
  From:                        bitcontrol01latch/output[5]:CLK
  To:                          AN2DimControl
  Delay (ns):                  10.104
  Slack (ns):
  Arrival (ns):                16.127
  Required (ns):
  Clock to Out (ns):           16.127

Path 4
  From:                        pwmdisable01latch/output[5]:CLK
  To:                          AN2DimControl
  Delay (ns):                  9.979
  Slack (ns):
  Arrival (ns):                15.976
  Required (ns):
  Clock to Out (ns):           15.976

Path 5
  From:                        pwmdisable01latch/output[3]:CLK
  To:                          AN4PTTControl
  Delay (ns):                  9.615
  Slack (ns):
  Arrival (ns):                15.612
  Required (ns):
  Clock to Out (ns):           15.612


Expanded Path 1
  From: pwmdisable01latch/output[7]:CLK
  To: EncLgtControl
  data required time                             N/C
  data arrival time                          -   16.795
  slack                                          N/C
  ________________________________________________________
  Data arrival time calculation
  0.000                        clock_master/counter[0]:Q
               +     0.000          Clock source
  0.000                        clock_master/counter[0]:Q (r)
               +     2.856          Clock generation
  2.856
               +     1.218          net: clock_master/counter_i[0]
  4.074                        clock_master/counter_RNID9O8[0]:A (r)
               +     1.197          cell: ADLIB:CLKINT
  5.271                        clock_master/counter_RNID9O8[0]:Y (r)
               +     0.726          net: Clock01
  5.997                        pwmdisable01latch/output[7]:CLK (r)
               +     0.663          cell: ADLIB:DFN1
  6.660                        pwmdisable01latch/output[7]:Q (r)
               +     1.520          net: pwmdisable01latch/pwmdisable01[7]
  8.180                        pwmdisable01latch/output_RNID03R[7]:B (r)
               +     1.463          cell: ADLIB:OA1
  9.643                        pwmdisable01latch/output_RNID03R[7]:Y (r)
               +     2.852          net: EncLgtControl_c
  12.495                       EncLgtControl_pad/U0/U1:D (r)
               +     0.885          cell: ADLIB:IOTRI_OB_EB
  13.380                       EncLgtControl_pad/U0/U1:DOUT (r)
               +     0.000          net: EncLgtControl_pad/U0/NET1
  13.380                       EncLgtControl_pad/U0/U0:D (r)
               +     3.415          cell: ADLIB:IOPAD_TRI
  16.795                       EncLgtControl_pad/U0/U0:PAD (r)
               +     0.000          net: EncLgtControl
  16.795                       EncLgtControl (r)
                                    
  16.795                       data arrival time
  ________________________________________________________
  Data required time calculation
  N/C                          clock_master/counter[0]:Q
               +     0.000          Clock source
  N/C                          clock_master/counter[0]:Q (r)
               +     2.856          Clock generation
  N/C
                                    
  N/C                          EncLgtControl (r)


END SET Clock to Output

----------------------------------------------------

SET Register to Asynchronous

No Path

END SET Register to Asynchronous

----------------------------------------------------

SET External Recovery

No Path

END SET External Recovery

----------------------------------------------------

SET Asynchronous to Register

No Path

END SET Asynchronous to Register

----------------------------------------------------

Clock Domain clock_master/counter[1]:Q

SET Register to Register

Path 1
  From:                        Watch_Dog_Reset/timercount[3]:CLK
  To:                          Watch_Dog_Reset/timerexpired:D
  Delay (ns):                  9.159
  Slack (ns):                  9.642
  Arrival (ns):                15.752
  Required (ns):               25.394
  Setup (ns):                  0.784
  Minimum Period (ns):         10.358

Path 2
  From:                        Watch_Dog_Reset/timercount[5]:CLK
  To:                          Watch_Dog_Reset/timerexpired:D
  Delay (ns):                  9.584
  Slack (ns):                  9.649
  Arrival (ns):                15.745
  Required (ns):               25.394
  Setup (ns):                  0.784
  Minimum Period (ns):         10.351

Path 3
  From:                        Watch_Dog_Reset/timercount[8]:CLK
  To:                          Watch_Dog_Reset/timerexpired:D
  Delay (ns):                  8.926
  Slack (ns):                  9.984
  Arrival (ns):                15.410
  Required (ns):               25.394
  Setup (ns):                  0.784
  Minimum Period (ns):         10.016

Path 4
  From:                        Watch_Dog_Reset/timercount[3]:CLK
  To:                          Watch_Dog_Reset/timercount[9]:E
  Delay (ns):                  8.849
  Slack (ns):                  9.996
  Arrival (ns):                15.442
  Required (ns):               25.438
  Setup (ns):                  0.649
  Minimum Period (ns):         10.004

Path 5
  From:                        Watch_Dog_Reset/timercount[6]:CLK
  To:                          Watch_Dog_Reset/timerexpired:D
  Delay (ns):                  8.911
  Slack (ns):                  9.999
  Arrival (ns):                15.395
  Required (ns):               25.394
  Setup (ns):                  0.784
  Minimum Period (ns):         10.001


Expanded Path 1
  From: Watch_Dog_Reset/timercount[3]:CLK
  To: Watch_Dog_Reset/timerexpired:D
  data required time                             25.394
  data arrival time                          -   15.752
  slack                                          9.642
  ________________________________________________________
  Data arrival time calculation
  0.000                        clock_master/counter[1]:Q
               +     0.000          Clock source
  0.000                        clock_master/counter[1]:Q (r)
               +     2.660          Clock generation
  2.660
               +     3.933          net: counter[1]
  6.593                        Watch_Dog_Reset/timercount[3]:CLK (r)
               +     0.797          cell: ADLIB:DFN1E0
  7.390                        Watch_Dog_Reset/timercount[3]:Q (f)
               +     0.528          net: Watch_Dog_Reset/timercount[3]
  7.918                        Watch_Dog_Reset/timercount_RNICL2S[3]:B (f)
               +     0.941          cell: ADLIB:NOR2
  8.859                        Watch_Dog_Reset/timercount_RNICL2S[3]:Y (r)
               +     0.257          net: Watch_Dog_Reset/m40_e_3
  9.116                        Watch_Dog_Reset/timercount_RNITF5O1[6]:A (r)
               +     0.945          cell: ADLIB:NOR3A
  10.061                       Watch_Dog_Reset/timercount_RNITF5O1[6]:Y (r)
               +     0.886          net: Watch_Dog_Reset/m40_e_6
  10.947                       Watch_Dog_Reset/timercount_RNIIOJD4[1]:C (r)
               +     0.955          cell: ADLIB:NOR3C
  11.902                       Watch_Dog_Reset/timercount_RNIIOJD4[1]:Y (r)
               +     0.244          net: Watch_Dog_Reset/N_63
  12.146                       Watch_Dog_Reset/timercount_RNI7ESA5[10]:S (r)
               +     0.500          cell: ADLIB:MX2C
  12.646                       Watch_Dog_Reset/timercount_RNI7ESA5[10]:Y (f)
               +     0.244          net: Watch_Dog_Reset/N_51_mux
  12.890                       Watch_Dog_Reset/timercount_RNIL7AM5[10]:A (f)
               +     0.699          cell: ADLIB:NOR2
  13.589                       Watch_Dog_Reset/timercount_RNIL7AM5[10]:Y (r)
               +     2.163          net: Watch_Dog_Reset/timercount_0_sqmuxa
  15.752                       Watch_Dog_Reset/timerexpired:D (r)
                                    
  15.752                       data arrival time
  ________________________________________________________
  Data required time calculation
  20.000                       clock_master/counter[1]:Q
               +     0.000          Clock source
  20.000                       clock_master/counter[1]:Q (r)
               +     2.660          Clock generation
  22.660
               +     3.518          net: counter[1]
  26.178                       Watch_Dog_Reset/timerexpired:CLK (r)
               -     0.784          Library setup time: ADLIB:DFN1
  25.394                       Watch_Dog_Reset/timerexpired:D
                                    
  25.394                       data required time


END SET Register to Register

----------------------------------------------------

SET External Setup

Path 1
  From:                        ResetIn
  To:                          Watch_Dog_Reset/timerexpired:D
  Delay (ns):                  7.513
  Slack (ns):
  Arrival (ns):                7.513
  Required (ns):
  Setup (ns):                  0.784
  External Setup (ns):         2.119

Path 2
  From:                        ResetIn
  To:                          Watch_Dog_Reset/timercount[9]:E
  Delay (ns):                  7.203
  Slack (ns):
  Arrival (ns):                7.203
  Required (ns):
  Setup (ns):                  0.649
  External Setup (ns):         1.765

Path 3
  From:                        ResetIn
  To:                          Watch_Dog_Reset/timercount[8]:E
  Delay (ns):                  7.423
  Slack (ns):
  Arrival (ns):                7.423
  Required (ns):
  Setup (ns):                  0.649
  External Setup (ns):         1.588

Path 4
  From:                        ResetIn
  To:                          Watch_Dog_Reset/timercount[4]:E
  Delay (ns):                  7.082
  Slack (ns):
  Arrival (ns):                7.082
  Required (ns):
  Setup (ns):                  0.649
  External Setup (ns):         1.145

Path 5
  From:                        ResetIn
  To:                          Watch_Dog_Reset/timercount[5]:E
  Delay (ns):                  6.622
  Slack (ns):
  Arrival (ns):                6.622
  Required (ns):
  Setup (ns):                  0.649
  External Setup (ns):         1.110


Expanded Path 1
  From: ResetIn
  To: Watch_Dog_Reset/timerexpired:D
  data required time                             N/C
  data arrival time                          -   7.513
  slack                                          N/C
  ________________________________________________________
  Data arrival time calculation
  0.000                        ResetIn (f)
               +     0.000          net: ResetIn
  0.000                        ResetIn_pad/U0/U0:PAD (f)
               +     0.578          cell: ADLIB:IOPAD_IN
  0.578                        ResetIn_pad/U0/U0:Y (f)
               +     0.000          net: ResetIn_pad/U0/NET1
  0.578                        ResetIn_pad/U0/U1:YIN (f)
               +     0.184          cell: ADLIB:IOIN_IB
  0.762                        ResetIn_pad/U0/U1:Y (f)
               +     3.739          net: ResetIn_c
  4.501                        Watch_Dog_Reset/timercount_RNIL7AM5[10]:B (f)
               +     0.849          cell: ADLIB:NOR2
  5.350                        Watch_Dog_Reset/timercount_RNIL7AM5[10]:Y (r)
               +     2.163          net: Watch_Dog_Reset/timercount_0_sqmuxa
  7.513                        Watch_Dog_Reset/timerexpired:D (r)
                                    
  7.513                        data arrival time
  ________________________________________________________
  Data required time calculation
  N/C                          clock_master/counter[1]:Q
               +     0.000          Clock source
  N/C                          clock_master/counter[1]:Q (r)
               +     2.660          Clock generation
  N/C
               +     3.518          net: counter[1]
  N/C                          Watch_Dog_Reset/timerexpired:CLK (r)
               -     0.784          Library setup time: ADLIB:DFN1
  N/C                          Watch_Dog_Reset/timerexpired:D


END SET External Setup

----------------------------------------------------

SET Clock to Output

Path 1
  From:                        Watch_Dog_Reset/timerexpired:CLK
  To:                          uCReset
  Delay (ns):                  7.836
  Slack (ns):
  Arrival (ns):                14.014
  Required (ns):
  Clock to Out (ns):           14.014


Expanded Path 1
  From: Watch_Dog_Reset/timerexpired:CLK
  To: uCReset
  data required time                             N/C
  data arrival time                          -   14.014
  slack                                          N/C
  ________________________________________________________
  Data arrival time calculation
  0.000                        clock_master/counter[1]:Q
               +     0.000          Clock source
  0.000                        clock_master/counter[1]:Q (r)
               +     2.660          Clock generation
  2.660
               +     3.518          net: counter[1]
  6.178                        Watch_Dog_Reset/timerexpired:CLK (r)
               +     0.797          cell: ADLIB:DFN1
  6.975                        Watch_Dog_Reset/timerexpired:Q (f)
               +     2.605          net: uCReset_c
  9.580                        uCReset_pad/U0/U1:D (f)
               +     0.916          cell: ADLIB:IOTRI_OB_EB
  10.496                       uCReset_pad/U0/U1:DOUT (f)
               +     0.000          net: uCReset_pad/U0/NET1
  10.496                       uCReset_pad/U0/U0:D (f)
               +     3.518          cell: ADLIB:IOPAD_TRI
  14.014                       uCReset_pad/U0/U0:PAD (f)
               +     0.000          net: uCReset
  14.014                       uCReset (f)
                                    
  14.014                       data arrival time
  ________________________________________________________
  Data required time calculation
  N/C                          clock_master/counter[1]:Q
               +     0.000          Clock source
  N/C                          clock_master/counter[1]:Q (r)
               +     2.660          Clock generation
  N/C
                                    
  N/C                          uCReset (f)


END SET Clock to Output

----------------------------------------------------

SET Register to Asynchronous

No Path

END SET Register to Asynchronous

----------------------------------------------------

SET External Recovery

No Path

END SET External Recovery

----------------------------------------------------

SET Asynchronous to Register

No Path

END SET Asynchronous to Register

----------------------------------------------------

Clock Domain clock_master/counter[2]:Q

SET Register to Register

Path 1
  From:                        iobank68debounce/DebounceTimer[1]:CLK
  To:                          iobank68debounce/DebounceTimer[8]:D
  Delay (ns):                  9.887
  Slack (ns):                  29.390
  Arrival (ns):                15.331
  Required (ns):               44.721
  Setup (ns):                  0.757
  Minimum Period (ns):         10.610

Path 2
  From:                        iobank68debounce/DebounceTimer[0]:CLK
  To:                          iobank68debounce/DebounceTimer[8]:D
  Delay (ns):                  9.694
  Slack (ns):                  29.583
  Arrival (ns):                15.138
  Required (ns):               44.721
  Setup (ns):                  0.757
  Minimum Period (ns):         10.417

Path 3
  From:                        iobank68debounce/DebounceTimer[1]:CLK
  To:                          iobank68debounce/DebounceTimer[7]:D
  Delay (ns):                  9.439
  Slack (ns):                  29.838
  Arrival (ns):                14.883
  Required (ns):               44.721
  Setup (ns):                  0.757
  Minimum Period (ns):         10.162

Path 4
  From:                        iobank63debounce/Changing:CLK
  To:                          iobank63debounce/DebounceTimer[0]:D
  Delay (ns):                  9.182
  Slack (ns):                  30.028
  Arrival (ns):                14.601
  Required (ns):               44.629
  Setup (ns):                  0.808
  Minimum Period (ns):         9.972

Path 5
  From:                        iobank68debounce/DebounceTimer[0]:CLK
  To:                          iobank68debounce/DebounceTimer[7]:D
  Delay (ns):                  9.246
  Slack (ns):                  30.031
  Arrival (ns):                14.690
  Required (ns):               44.721
  Setup (ns):                  0.757
  Minimum Period (ns):         9.969


Expanded Path 1
  From: iobank68debounce/DebounceTimer[1]:CLK
  To: iobank68debounce/DebounceTimer[8]:D
  data required time                             44.721
  data arrival time                          -   15.331
  slack                                          29.390
  ________________________________________________________
  Data arrival time calculation
  0.000                        clock_master/counter[2]:Q
               +     0.000          Clock source
  0.000                        clock_master/counter[2]:Q (r)
               +     2.434          Clock generation
  2.434
               +     1.154          net: clock_master/counter_i[2]
  3.588                        clock_master/counter_RNIFBO8[2]:A (r)
               +     1.197          cell: ADLIB:CLKINT
  4.785                        clock_master/counter_RNIFBO8[2]:Y (r)
               +     0.659          net: Clock03
  5.444                        iobank68debounce/DebounceTimer[1]:CLK (r)
               +     0.663          cell: ADLIB:DFN1E1
  6.107                        iobank68debounce/DebounceTimer[1]:Q (r)
               +     1.451          net: iobank68debounce/DebounceTimer[1]
  7.558                        iobank68debounce/DebounceTimer_RNI7TLH[1]:B (r)
               +     0.878          cell: ADLIB:NOR2B
  8.436                        iobank68debounce/DebounceTimer_RNI7TLH[1]:Y (r)
               +     0.425          net: iobank68debounce/DebounceTimer_c1
  8.861                        iobank68debounce/DebounceTimer_RNIIUB31[3]:C (r)
               +     1.108          cell: ADLIB:NOR3C
  9.969                        iobank68debounce/DebounceTimer_RNIIUB31[3]:Y (r)
               +     2.698          net: iobank68debounce/DebounceTimer_c3
  12.667                       iobank68debounce/DebounceTimer_RNIA8TT1[6]:C (r)
               +     1.059          cell: ADLIB:NOR3C
  13.726                       iobank68debounce/DebounceTimer_RNIA8TT1[6]:Y (r)
               +     0.381          net: iobank68debounce/DebounceTimer_c6
  14.107                       iobank68debounce/DebounceTimer_RNO[8]:C (r)
               +     0.967          cell: ADLIB:NOR3C
  15.074                       iobank68debounce/DebounceTimer_RNO[8]:Y (r)
               +     0.257          net: iobank68debounce/N_48
  15.331                       iobank68debounce/DebounceTimer[8]:D (r)
                                    
  15.331                       data arrival time
  ________________________________________________________
  Data required time calculation
  40.000                       clock_master/counter[2]:Q
               +     0.000          Clock source
  40.000                       clock_master/counter[2]:Q (r)
               +     2.434          Clock generation
  42.434
               +     1.154          net: clock_master/counter_i[2]
  43.588                       clock_master/counter_RNIFBO8[2]:A (r)
               +     1.197          cell: ADLIB:CLKINT
  44.785                       clock_master/counter_RNIFBO8[2]:Y (r)
               +     0.693          net: Clock03
  45.478                       iobank68debounce/DebounceTimer[8]:CLK (r)
               -     0.757          Library setup time: ADLIB:DFN1E1
  44.721                       iobank68debounce/DebounceTimer[8]:D
                                    
  44.721                       data required time


END SET Register to Register

----------------------------------------------------

SET External Setup

Path 1
  From:                        LogicReset
  To:                          iobank63debounce/DebounceTimer[0]:D
  Delay (ns):                  12.123
  Slack (ns):
  Arrival (ns):                12.123
  Required (ns):
  Setup (ns):                  0.808
  External Setup (ns):         7.494

Path 2
  From:                        LogicReset
  To:                          iobank63debounce/DebounceTimer[1]:D
  Delay (ns):                  11.029
  Slack (ns):
  Arrival (ns):                11.029
  Required (ns):
  Setup (ns):                  0.808
  External Setup (ns):         6.400

Path 3
  From:                        LogicReset
  To:                          iobank63debounce/DebounceTimer[4]:D
  Delay (ns):                  11.011
  Slack (ns):
  Arrival (ns):                11.011
  Required (ns):
  Setup (ns):                  0.808
  External Setup (ns):         6.382

Path 4
  From:                        LogicReset
  To:                          iobank63debounce/DebounceTimer[2]:D
  Delay (ns):                  10.275
  Slack (ns):
  Arrival (ns):                10.275
  Required (ns):
  Setup (ns):                  0.808
  External Setup (ns):         5.646

Path 5
  From:                        LogicReset
  To:                          iobank69debounce/DebounceTimer[4]:E
  Delay (ns):                  10.608
  Slack (ns):
  Arrival (ns):                10.608
  Required (ns):
  Setup (ns):                  0.534
  External Setup (ns):         5.639


Expanded Path 1
  From: LogicReset
  To: iobank63debounce/DebounceTimer[0]:D
  data required time                             N/C
  data arrival time                          -   12.123
  slack                                          N/C
  ________________________________________________________
  Data arrival time calculation
  0.000                        LogicReset (f)
               +     0.000          net: LogicReset
  0.000                        LogicReset_pad/U0/U0:PAD (f)
               +     0.578          cell: ADLIB:IOPAD_IN
  0.578                        LogicReset_pad/U0/U0:Y (f)
               +     0.000          net: LogicReset_pad/U0/NET1
  0.578                        LogicReset_pad/U0/U1:YIN (f)
               +     0.184          cell: ADLIB:IOIN_IB
  0.762                        LogicReset_pad/U0/U1:Y (f)
               +     2.677          net: LogicReset_pad
  3.439                        LogicReset_pad_RNI5AOB:A (f)
               +     1.294          cell: ADLIB:CLKINT
  4.733                        LogicReset_pad_RNI5AOB:Y (f)
               +     0.712          net: LogicReset_c
  5.445                        iobank63debounce/Changing_RNIKHNH:B (f)
               +     0.785          cell: ADLIB:NOR2
  6.230                        iobank63debounce/Changing_RNIKHNH:Y (r)
               +     4.863          net: iobank63debounce/un1_previousposition7
  11.093                       iobank63debounce/DebounceTimer_RNO[0]:A (r)
               +     0.805          cell: ADLIB:NOR2A
  11.898                       iobank63debounce/DebounceTimer_RNO[0]:Y (r)
               +     0.225          net: iobank63debounce/N_67
  12.123                       iobank63debounce/DebounceTimer[0]:D (r)
                                    
  12.123                       data arrival time
  ________________________________________________________
  Data required time calculation
  N/C                          clock_master/counter[2]:Q
               +     0.000          Clock source
  N/C                          clock_master/counter[2]:Q (r)
               +     2.434          Clock generation
  N/C
               +     1.154          net: clock_master/counter_i[2]
  N/C                          clock_master/counter_RNIFBO8[2]:A (r)
               +     1.197          cell: ADLIB:CLKINT
  N/C                          clock_master/counter_RNIFBO8[2]:Y (r)
               +     0.652          net: Clock03
  N/C                          iobank63debounce/DebounceTimer[0]:CLK (r)
               -     0.808          Library setup time: ADLIB:DFN1E1
  N/C                          iobank63debounce/DebounceTimer[0]:D


END SET External Setup

----------------------------------------------------

SET Clock to Output

Path 1
  From:                        matrix_read04/ctrl[4]:CLK
  To:                          inputs67_ctrl[4]
  Delay (ns):                  6.978
  Slack (ns):
  Arrival (ns):                12.455
  Required (ns):
  Clock to Out (ns):           12.455

Path 2
  From:                        matrix_read04/ctrl[2]:CLK
  To:                          inputs67_ctrl[2]
  Delay (ns):                  6.433
  Slack (ns):
  Arrival (ns):                11.910
  Required (ns):
  Clock to Out (ns):           11.910

Path 3
  From:                        matrix_read04/ctrl[0]:CLK
  To:                          inputs67_ctrl[0]
  Delay (ns):                  6.355
  Slack (ns):
  Arrival (ns):                11.833
  Required (ns):
  Clock to Out (ns):           11.833

Path 4
  From:                        matrix_read04/ctrl[3]:CLK
  To:                          inputs67_ctrl[3]
  Delay (ns):                  6.275
  Slack (ns):
  Arrival (ns):                11.752
  Required (ns):
  Clock to Out (ns):           11.752

Path 5
  From:                        matrix_read04/ctrl[1]:CLK
  To:                          inputs67_ctrl[1]
  Delay (ns):                  6.259
  Slack (ns):
  Arrival (ns):                11.728
  Required (ns):
  Clock to Out (ns):           11.728


Expanded Path 1
  From: matrix_read04/ctrl[4]:CLK
  To: inputs67_ctrl[4]
  data required time                             N/C
  data arrival time                          -   12.455
  slack                                          N/C
  ________________________________________________________
  Data arrival time calculation
  0.000                        clock_master/counter[2]:Q
               +     0.000          Clock source
  0.000                        clock_master/counter[2]:Q (r)
               +     2.434          Clock generation
  2.434
               +     1.154          net: clock_master/counter_i[2]
  3.588                        clock_master/counter_RNIFBO8[2]:A (r)
               +     1.197          cell: ADLIB:CLKINT
  4.785                        clock_master/counter_RNIFBO8[2]:Y (r)
               +     0.692          net: Clock03
  5.477                        matrix_read04/ctrl[4]:CLK (r)
               +     0.886          cell: ADLIB:DFN1
  6.363                        matrix_read04/ctrl[4]:Q (f)
               +     3.021          net: inputs67_ctrl_c[4]
  9.384                        inputs67_ctrl_pad[4]/U0/U1:D (f)
               +     0.916          cell: ADLIB:IOTRI_OB_EB
  10.300                       inputs67_ctrl_pad[4]/U0/U1:DOUT (f)
               +     0.000          net: inputs67_ctrl_pad[4]/U0/NET1
  10.300                       inputs67_ctrl_pad[4]/U0/U0:D (f)
               +     2.155          cell: ADLIB:IOPAD_TRI
  12.455                       inputs67_ctrl_pad[4]/U0/U0:PAD (f)
               +     0.000          net: inputs67_ctrl[4]
  12.455                       inputs67_ctrl[4] (f)
                                    
  12.455                       data arrival time
  ________________________________________________________
  Data required time calculation
  N/C                          clock_master/counter[2]:Q
               +     0.000          Clock source
  N/C                          clock_master/counter[2]:Q (r)
               +     2.434          Clock generation
  N/C
                                    
  N/C                          inputs67_ctrl[4] (f)


END SET Clock to Output

----------------------------------------------------

SET Register to Asynchronous

No Path

END SET Register to Asynchronous

----------------------------------------------------

SET External Recovery

No Path

END SET External Recovery

----------------------------------------------------

SET Asynchronous to Register

No Path

END SET Asynchronous to Register

----------------------------------------------------

Clock Domain clock_master/counter[7]:Q

SET Register to Register

Path 1
  From:                        A2DRead/DataRegU1Ch1a[5]:CLK
  To:                          A2DRead/DataRegU1Ch1[15]:D
  Delay (ns):                  30.739
  Slack (ns):                  288.355
  Arrival (ns):                37.443
  Required (ns):               325.798
  Setup (ns):                  0.808
  Minimum Period (ns):         31.645

Path 2
  From:                        A2DRead/DataRegU1Ch1d[5]:CLK
  To:                          A2DRead/DataRegU1Ch1[15]:D
  Delay (ns):                  30.491
  Slack (ns):                  288.615
  Arrival (ns):                37.183
  Required (ns):               325.798
  Setup (ns):                  0.808
  Minimum Period (ns):         31.385

Path 3
  From:                        A2DRead/DataRegU1Ch1c[5]:CLK
  To:                          A2DRead/DataRegU1Ch1[15]:D
  Delay (ns):                  30.191
  Slack (ns):                  288.915
  Arrival (ns):                36.883
  Required (ns):               325.798
  Setup (ns):                  0.808
  Minimum Period (ns):         31.085

Path 4
  From:                        A2DRead/DataRegU1Ch1h[2]:CLK
  To:                          A2DRead/DataRegU1Ch1[15]:D
  Delay (ns):                  29.974
  Slack (ns):                  288.944
  Arrival (ns):                36.854
  Required (ns):               325.798
  Setup (ns):                  0.808
  Minimum Period (ns):         31.056

Path 5
  From:                        A2DRead/DataRegU1Ch1p[5]:CLK
  To:                          A2DRead/DataRegU1Ch1[15]:D
  Delay (ns):                  29.958
  Slack (ns):                  288.960
  Arrival (ns):                36.838
  Required (ns):               325.798
  Setup (ns):                  0.808
  Minimum Period (ns):         31.040


Expanded Path 1
  From: A2DRead/DataRegU1Ch1a[5]:CLK
  To: A2DRead/DataRegU1Ch1[15]:D
  data required time                             325.798
  data arrival time                          -   37.443
  slack                                          288.355
  ________________________________________________________
  Data arrival time calculation
  0.000                        clock_master/counter[7]:Q
               +     0.000          Clock source
  0.000                        clock_master/counter[7]:Q (r)
               +     3.593          Clock generation
  3.593
               +     1.122          net: clock_master/counter_i[7]
  4.715                        clock_master/counter_RNIKGO8[7]:A (r)
               +     1.197          cell: ADLIB:CLKINT
  5.912                        clock_master/counter_RNIKGO8[7]:Y (r)
               +     0.792          net: Clock04
  6.704                        A2DRead/DataRegU1Ch1a[5]:CLK (r)
               +     0.663          cell: ADLIB:DFN1E1
  7.367                        A2DRead/DataRegU1Ch1a[5]:Q (r)
               +     1.513          net: A2DRead/DataRegU1Ch1a[5]
  8.880                        A2DRead/DataRegU1Ch1p_RNIBOI4_0[5]:B (r)
               +     1.390          cell: ADLIB:MAJ3
  10.270                       A2DRead/DataRegU1Ch1p_RNIBOI4_0[5]:Y (r)
               +     0.352          net: A2DRead/N_1450
  10.622                       A2DRead/DataRegU1Ch1f_RNIUOVN_0[6]:B (r)
               +     1.358          cell: ADLIB:MAJ3
  11.980                       A2DRead/DataRegU1Ch1f_RNIUOVN_0[6]:Y (r)
               +     1.229          net: A2DRead/N_1486
  13.209                       A2DRead/DataRegU1Ch1j_RNIJF0M2_0[7]:A (r)
               +     1.436          cell: ADLIB:OA1
  14.645                       A2DRead/DataRegU1Ch1j_RNIJF0M2_0[7]:Y (r)
               +     0.328          net: A2DRead/un60_dataregu1ch1_408_0
  14.973                       A2DRead/DataRegU1Ch1f_RNI7M284[6]:A (r)
               +     0.467          cell: ADLIB:OR2
  15.440                       A2DRead/DataRegU1Ch1f_RNI7M284[6]:Y (r)
               +     0.300          net: A2DRead/N_1520
  15.740                       A2DRead/DataRegU1Ch1o_RNIG68J8[7]:C (r)
               +     1.617          cell: ADLIB:XOR3
  17.357                       A2DRead/DataRegU1Ch1o_RNIG68J8[7]:Y (r)
               +     1.122          net: A2DRead/N_1551
  18.479                       A2DRead/DataRegU1Ch1f_RNIK7CCG[6]:C (r)
               +     0.932          cell: ADLIB:AO1
  19.411                       A2DRead/DataRegU1Ch1f_RNIK7CCG[6]:Y (r)
               +     0.257          net: A2DRead/un60_dataregu1ch1_498_0_tz_out
  19.668                       A2DRead/DataRegU1Ch1f_RNIVJP941[6]:B (r)
               +     1.220          cell: ADLIB:OA1
  20.888                       A2DRead/DataRegU1Ch1f_RNIVJP941[6]:Y (r)
               +     0.257          net: A2DRead/un60_dataregu1ch1_498_0
  21.145                       A2DRead/DataRegU1Ch1f_RNIT6APP1[6]:C (r)
               +     0.924          cell: ADLIB:AO1
  22.069                       A2DRead/DataRegU1Ch1f_RNIT6APP1[6]:Y (r)
               +     1.140          net: A2DRead/N_1556
  23.209                       A2DRead/DataRegU1Ch1f_RNIKKTT83[8]:B (r)
               +     1.346          cell: ADLIB:MAJ3
  24.555                       A2DRead/DataRegU1Ch1f_RNIKKTT83[8]:Y (r)
               +     2.087          net: A2DRead/N_1586
  26.642                       A2DRead/un60_dataregu1ch1_824_ADD_11x11_fast_I5_G0N:B (r)
               +     0.682          cell: ADLIB:NOR2B
  27.324                       A2DRead/un60_dataregu1ch1_824_ADD_11x11_fast_I5_G0N:Y (r)
               +     0.225          net: A2DRead/N168_0
  27.549                       A2DRead/un60_dataregu1ch1_824_ADD_11x11_fast_I21_Y:C (r)
               +     0.990          cell: ADLIB:AO1
  28.539                       A2DRead/un60_dataregu1ch1_824_ADD_11x11_fast_I21_Y:Y (r)
               +     1.403          net: A2DRead/N198_0
  29.942                       A2DRead/un60_dataregu1ch1_824_ADD_11x11_fast_I43_Y:C (r)
               +     0.948          cell: ADLIB:AO1
  30.890                       A2DRead/un60_dataregu1ch1_824_ADD_11x11_fast_I43_Y:Y (r)
               +     0.343          net: A2DRead/N223_0
  31.233                       A2DRead/un60_dataregu1ch1_824_ADD_11x11_fast_I55_un1_Y:B (r)
               +     0.617          cell: ADLIB:NOR2B
  31.850                       A2DRead/un60_dataregu1ch1_824_ADD_11x11_fast_I55_un1_Y:Y (r)
               +     0.228          net: A2DRead/I55_un1_Y
  32.078                       A2DRead/un60_dataregu1ch1_824_ADD_11x11_fast_I70_Y_2:C (r)
               +     0.801          cell: ADLIB:OR3
  32.879                       A2DRead/un60_dataregu1ch1_824_ADD_11x11_fast_I70_Y_2:Y (r)
               +     0.225          net: A2DRead/ADD_11x11_fast_I70_Y_2_0
  33.104                       A2DRead/un60_dataregu1ch1_824_ADD_11x11_fast_I70_Y:C (r)
               +     0.990          cell: ADLIB:AO1
  34.094                       A2DRead/un60_dataregu1ch1_824_ADD_11x11_fast_I70_Y:Y (r)
               +     0.257          net: A2DRead/N269
  34.351                       A2DRead/un60_dataregu1ch1_824_ADD_11x11_fast_I91_Y:C (r)
               +     1.311          cell: ADLIB:XOR3
  35.662                       A2DRead/un60_dataregu1ch1_824_ADD_11x11_fast_I91_Y:Y (f)
               +     1.781          net: A2DRead/un60_dataregu1ch1[14]
  37.443                       A2DRead/DataRegU1Ch1[15]:D (f)
                                    
  37.443                       data arrival time
  ________________________________________________________
  Data required time calculation
  320.000                      clock_master/counter[7]:Q
               +     0.000          Clock source
  320.000                      clock_master/counter[7]:Q (r)
               +     3.593          Clock generation
  323.593
               +     1.122          net: clock_master/counter_i[7]
  324.715                      clock_master/counter_RNIKGO8[7]:A (r)
               +     1.197          cell: ADLIB:CLKINT
  325.912                      clock_master/counter_RNIKGO8[7]:Y (r)
               +     0.694          net: Clock04
  326.606                      A2DRead/DataRegU1Ch1[15]:CLK (r)
               -     0.808          Library setup time: ADLIB:DFN1E1
  325.798                      A2DRead/DataRegU1Ch1[15]:D
                                    
  325.798                      data required time


END SET Register to Register

----------------------------------------------------

SET External Setup

Path 1
  From:                        LogicReset
  To:                          heart_beat/counter[18]:D
  Delay (ns):                  23.864
  Slack (ns):
  Arrival (ns):                23.864
  Required (ns):
  Setup (ns):                  0.757
  External Setup (ns):         18.031

Path 2
  From:                        LogicReset
  To:                          heart_beat/counter[17]:D
  Delay (ns):                  23.511
  Slack (ns):
  Arrival (ns):                23.511
  Required (ns):
  Setup (ns):                  0.757
  External Setup (ns):         17.678

Path 3
  From:                        LogicReset
  To:                          heart_beat/counter[16]:D
  Delay (ns):                  22.354
  Slack (ns):
  Arrival (ns):                22.354
  Required (ns):
  Setup (ns):                  0.808
  External Setup (ns):         16.572

Path 4
  From:                        LogicReset
  To:                          heart_beat/counter[15]:D
  Delay (ns):                  22.361
  Slack (ns):
  Arrival (ns):                22.361
  Required (ns):
  Setup (ns):                  0.808
  External Setup (ns):         16.399

Path 5
  From:                        LogicReset
  To:                          heart_beat/counter[14]:D
  Delay (ns):                  21.927
  Slack (ns):
  Arrival (ns):                21.927
  Required (ns):
  Setup (ns):                  0.808
  External Setup (ns):         15.965


Expanded Path 1
  From: LogicReset
  To: heart_beat/counter[18]:D
  data required time                             N/C
  data arrival time                          -   23.864
  slack                                          N/C
  ________________________________________________________
  Data arrival time calculation
  0.000                        LogicReset (f)
               +     0.000          net: LogicReset
  0.000                        LogicReset_pad/U0/U0:PAD (f)
               +     0.578          cell: ADLIB:IOPAD_IN
  0.578                        LogicReset_pad/U0/U0:Y (f)
               +     0.000          net: LogicReset_pad/U0/NET1
  0.578                        LogicReset_pad/U0/U1:YIN (f)
               +     0.184          cell: ADLIB:IOIN_IB
  0.762                        LogicReset_pad/U0/U1:Y (f)
               +     2.677          net: LogicReset_pad
  3.439                        LogicReset_pad_RNI5AOB:A (f)
               +     1.294          cell: ADLIB:CLKINT
  4.733                        LogicReset_pad_RNI5AOB:Y (f)
               +     0.716          net: LogicReset_c
  5.449                        A2DRead/m16:B (f)
               +     0.465          cell: ADLIB:NOR2A
  5.914                        A2DRead/m16:Y (r)
               +     1.345          net: A2DRead_AdClock_0_sqmuxa
  7.259                        heart_beat/un1_counter_1_m1:B (r)
               +     0.959          cell: ADLIB:NOR2B
  8.218                        heart_beat/un1_counter_1_m1:Y (r)
               +     0.300          net: heart_beat/N_2_i
  8.518                        heart_beat/un1_counter_1_m2:B (r)
               +     0.749          cell: ADLIB:NOR2B
  9.267                        heart_beat/un1_counter_1_m2:Y (r)
               +     0.297          net: heart_beat/N_3_i
  9.564                        heart_beat/un1_counter_1_m5:B (r)
               +     0.886          cell: ADLIB:MX2C
  10.450                       heart_beat/un1_counter_1_m5:Y (f)
               +     0.360          net: heart_beat/i3_mux
  10.810                       heart_beat/un1_counter_1_m8:B (f)
               +     1.348          cell: ADLIB:AO13
  12.158                       heart_beat/un1_counter_1_m8:Y (f)
               +     1.051          net: heart_beat/i5_mux
  13.209                       heart_beat/un1_counter_1_m10:C (f)
               +     0.698          cell: ADLIB:NOR3B
  13.907                       heart_beat/un1_counter_1_m10:Y (r)
               +     0.469          net: heart_beat/N_11_i
  14.376                       heart_beat/un1_counter_1_m12:B (r)
               +     0.881          cell: ADLIB:NOR3C
  15.257                       heart_beat/un1_counter_1_m12:Y (r)
               +     0.260          net: heart_beat/N_13_i
  15.517                       heart_beat/un1_counter_1_m14:B (r)
               +     0.831          cell: ADLIB:NOR3C
  16.348                       heart_beat/un1_counter_1_m14:Y (r)
               +     0.285          net: heart_beat/N_15_i
  16.633                       heart_beat/un1_counter_1_m16:B (r)
               +     0.837          cell: ADLIB:NOR3C
  17.470                       heart_beat/un1_counter_1_m16:Y (r)
               +     1.507          net: heart_beat/N_17_i
  18.977                       heart_beat/un1_counter_1_m18:B (r)
               +     1.133          cell: ADLIB:NOR3C
  20.110                       heart_beat/un1_counter_1_m18:Y (r)
               +     0.285          net: heart_beat/N_19_i
  20.395                       heart_beat/un1_counter_1_m20:B (r)
               +     0.837          cell: ADLIB:NOR3C
  21.232                       heart_beat/un1_counter_1_m20:Y (r)
               +     0.357          net: heart_beat/N_21_i
  21.589                       heart_beat/un1_counter_1_m21:A (r)
               +     0.622          cell: ADLIB:NOR2B
  22.211                       heart_beat/un1_counter_1_m21:Y (r)
               +     0.334          net: heart_beat/N_22_i
  22.545                       heart_beat/un1_counter_1_ADD_19x19_fast_I121_Y:B (r)
               +     1.062          cell: ADLIB:AX1C
  23.607                       heart_beat/un1_counter_1_ADD_19x19_fast_I121_Y:Y (r)
               +     0.257          net: heart_beat/ADD_19x19_fast_I121_Y
  23.864                       heart_beat/counter[18]:D (r)
                                    
  23.864                       data arrival time
  ________________________________________________________
  Data required time calculation
  N/C                          clock_master/counter[7]:Q
               +     0.000          Clock source
  N/C                          clock_master/counter[7]:Q (r)
               +     3.593          Clock generation
  N/C
               +     1.122          net: clock_master/counter_i[7]
  N/C                          clock_master/counter_RNIKGO8[7]:A (r)
               +     1.197          cell: ADLIB:CLKINT
  N/C                          clock_master/counter_RNIKGO8[7]:Y (r)
               +     0.678          net: Clock04
  N/C                          heart_beat/counter[18]:CLK (r)
               -     0.757          Library setup time: ADLIB:DFN1
  N/C                          heart_beat/counter[18]:D


END SET External Setup

----------------------------------------------------

SET Clock to Output

Path 1
  From:                        snkpout01/PWMOut:CLK
  To:                          EncLgtControl
  Delay (ns):                  11.068
  Slack (ns):
  Arrival (ns):                17.716
  Required (ns):
  Clock to Out (ns):           17.716

Path 2
  From:                        snkpout01/PWMOut:CLK
  To:                          AN4PTTControl
  Delay (ns):                  10.651
  Slack (ns):
  Arrival (ns):                17.299
  Required (ns):
  Clock to Out (ns):           17.299

Path 3
  From:                        snkpout01/PWMOut:CLK
  To:                          AN5NRMControl
  Delay (ns):                  10.274
  Slack (ns):
  Arrival (ns):                16.922
  Required (ns):
  Clock to Out (ns):           16.922

Path 4
  From:                        snkpout01/PWMOut:CLK
  To:                          AN1DimControl
  Delay (ns):                  10.179
  Slack (ns):
  Arrival (ns):                16.827
  Required (ns):
  Clock to Out (ns):           16.827

Path 5
  From:                        snkpout01/PWMOut:CLK
  To:                          AN2DimControl
  Delay (ns):                  10.064
  Slack (ns):
  Arrival (ns):                16.712
  Required (ns):
  Clock to Out (ns):           16.712


Expanded Path 1
  From: snkpout01/PWMOut:CLK
  To: EncLgtControl
  data required time                             N/C
  data arrival time                          -   17.716
  slack                                          N/C
  ________________________________________________________
  Data arrival time calculation
  0.000                        clock_master/counter[7]:Q
               +     0.000          Clock source
  0.000                        clock_master/counter[7]:Q (r)
               +     3.593          Clock generation
  3.593
               +     1.122          net: clock_master/counter_i[7]
  4.715                        clock_master/counter_RNIKGO8[7]:A (r)
               +     1.197          cell: ADLIB:CLKINT
  5.912                        clock_master/counter_RNIKGO8[7]:Y (r)
               +     0.736          net: Clock04
  6.648                        snkpout01/PWMOut:CLK (r)
               +     0.663          cell: ADLIB:DFN1
  7.311                        snkpout01/PWMOut:Q (r)
               +     1.880          net: PnlLgtControl_c
  9.191                        pwmdisable01latch/output_RNID03R[7]:A (r)
               +     1.373          cell: ADLIB:OA1
  10.564                       pwmdisable01latch/output_RNID03R[7]:Y (r)
               +     2.852          net: EncLgtControl_c
  13.416                       EncLgtControl_pad/U0/U1:D (r)
               +     0.885          cell: ADLIB:IOTRI_OB_EB
  14.301                       EncLgtControl_pad/U0/U1:DOUT (r)
               +     0.000          net: EncLgtControl_pad/U0/NET1
  14.301                       EncLgtControl_pad/U0/U0:D (r)
               +     3.415          cell: ADLIB:IOPAD_TRI
  17.716                       EncLgtControl_pad/U0/U0:PAD (r)
               +     0.000          net: EncLgtControl
  17.716                       EncLgtControl (r)
                                    
  17.716                       data arrival time
  ________________________________________________________
  Data required time calculation
  N/C                          clock_master/counter[7]:Q
               +     0.000          Clock source
  N/C                          clock_master/counter[7]:Q (r)
               +     3.593          Clock generation
  N/C
                                    
  N/C                          EncLgtControl (r)


END SET Clock to Output

----------------------------------------------------

SET Register to Asynchronous

No Path

END SET Register to Asynchronous

----------------------------------------------------

SET External Recovery

No Path

END SET External Recovery

----------------------------------------------------

SET Asynchronous to Register

No Path

END SET Asynchronous to Register

----------------------------------------------------

Path set Pin to Pin

SET Input to Output

No Path

END SET Input to Output

----------------------------------------------------

Path set User Sets

