Timing Report Max Delay Analysis

SmartTime Version v11.7 SP1.1
Microsemi Corporation - Microsemi Libero Software Release v11.7 SP1.1 (Version 11.7.1.14)
Date: Thu Jul 27 10:08:29 2017


Design: mainprogram
Family: IGLOO
Die: AGLN250V5
Package: 100 VQFP
Temperature Range: 0 - 70 C
Voltage Range: 1.425 - 1.575 V
Speed Grade: STD
Design State: Post-Layout
Data source: Silicon verified
Min Operating Conditions: BEST - 1.575 V - 0 C
Max Operating Conditions: WORST - 1.425 V - 70 C
Using Enhanced Min Delay Analysis
Scenario for Timing Analysis: Primary


-----------------------------------------------------
SUMMARY

Clock Domain:               SerialClock
Period (ns):                8.889
Frequency (MHz):            112.499
Required Period (ns):       500.000
Required Frequency (MHz):   2.000
External Setup (ns):        13.202
External Hold (ns):         -1.349
Min Clock-To-Out (ns):      N/A
Max Clock-To-Out (ns):      N/A

Clock Domain:               XCLK
Period (ns):                11.305
Frequency (MHz):            88.456
Required Period (ns):       5.000
Required Frequency (MHz):   200.000
External Setup (ns):        12.000
External Hold (ns):         -2.137
Min Clock-To-Out (ns):      N/A
Max Clock-To-Out (ns):      N/A

Clock Domain:               clock_master/counter[0]:Q
Period (ns):                14.182
Frequency (MHz):            70.512
Required Period (ns):       10.000
Required Frequency (MHz):   100.000
External Setup (ns):        11.257
External Hold (ns):         0.191
Min Clock-To-Out (ns):      5.416
Max Clock-To-Out (ns):      18.086

Clock Domain:               clock_master/counter[1]:Q
Period (ns):                13.269
Frequency (MHz):            75.364
Required Period (ns):       20.000
Required Frequency (MHz):   50.000
External Setup (ns):        4.409
External Hold (ns):         1.383
Min Clock-To-Out (ns):      6.408
Max Clock-To-Out (ns):      16.093

Clock Domain:               clock_master/counter[2]:Q
Period (ns):                9.332
Frequency (MHz):            107.158
Required Period (ns):       40.000
Required Frequency (MHz):   25.000
External Setup (ns):        7.405
External Hold (ns):         1.618
Min Clock-To-Out (ns):      3.620
Max Clock-To-Out (ns):      12.105

Clock Domain:               clock_master/counter[7]:Q
Period (ns):                32.896
Frequency (MHz):            30.399
Required Period (ns):       320.000
Required Frequency (MHz):   3.125
External Setup (ns):        16.814
External Hold (ns):         1.988
Min Clock-To-Out (ns):      5.316
Max Clock-To-Out (ns):      18.577

                            Input to Output
Min Delay (ns):             N/A
Max Delay (ns):             N/A

END SUMMARY
-----------------------------------------------------

Clock Domain SerialClock

SET Register to Register

Path 1
  From:                        pwmdisable01latch/cellindex[0]:CLK
  To:                          pwmdisable01latch/paralleldata[1]:D
  Delay (ns):                  8.050
  Slack (ns):                  491.111
  Arrival (ns):                10.503
  Required (ns):               501.614
  Setup (ns):                  0.808
  Minimum Period (ns):         8.889

Path 2
  From:                        discretedutycycle01/cellindex[0]:CLK
  To:                          discretedutycycle01/paralleldata[1]:D
  Delay (ns):                  8.066
  Slack (ns):                  491.148
  Arrival (ns):                10.518
  Required (ns):               501.666
  Setup (ns):                  0.757
  Minimum Period (ns):         8.852

Path 3
  From:                        discretedutycycle01/cellindex[1]:CLK
  To:                          discretedutycycle01/paralleldata[1]:D
  Delay (ns):                  7.960
  Slack (ns):                  491.254
  Arrival (ns):                10.412
  Required (ns):               501.666
  Setup (ns):                  0.757
  Minimum Period (ns):         8.746

Path 4
  From:                        discretedutycycle01/cellindex[0]:CLK
  To:                          discretedutycycle01/paralleldata[5]:D
  Delay (ns):                  7.918
  Slack (ns):                  491.296
  Arrival (ns):                10.370
  Required (ns):               501.666
  Setup (ns):                  0.757
  Minimum Period (ns):         8.704

Path 5
  From:                        discretedutycycle01/cellindex[1]:CLK
  To:                          discretedutycycle01/paralleldata[5]:D
  Delay (ns):                  7.853
  Slack (ns):                  491.361
  Arrival (ns):                10.305
  Required (ns):               501.666
  Setup (ns):                  0.757
  Minimum Period (ns):         8.639


Expanded Path 1
  From: pwmdisable01latch/cellindex[0]:CLK
  To: pwmdisable01latch/paralleldata[1]:D
  data required time                             501.614
  data arrival time                          -   10.503
  slack                                          491.111
  ________________________________________________________
  Data arrival time calculation
  0.000                        SerialClock
               +     0.000          Clock source
  0.000                        SerialClock (r)
               +     0.000          net: SerialClock
  0.000                        SerialClock_pad/U0/U0:PAD (r)
               +     1.158          cell: ADLIB:IOPAD_IN
  1.158                        SerialClock_pad/U0/U0:Y (r)
               +     0.000          net: SerialClock_pad/U0/NET1
  1.158                        SerialClock_pad/U0/U1:A (r)
               +     0.636          cell: ADLIB:CLKIO
  1.794                        SerialClock_pad/U0/U1:Y (r)
               +     0.659          net: SerialClock_c
  2.453                        pwmdisable01latch/cellindex[0]:CLK (r)
               +     0.886          cell: ADLIB:DFN1E0
  3.339                        pwmdisable01latch/cellindex[0]:Q (f)
               +     1.698          net: pwmdisable01latch/cellindex[0]
  5.037                        pwmdisable01latch/cellindex_RNI7TE4_1[1]:A (f)
               +     1.159          cell: ADLIB:NOR2A
  6.196                        pwmdisable01latch/cellindex_RNI7TE4_1[1]:Y (f)
               +     0.351          net: pwmdisable01latch/un1_paralleldata_1[5]
  6.547                        pwmdisable01latch/paralleldata_RNO_1[1]:B (f)
               +     0.794          cell: ADLIB:NOR3B
  7.341                        pwmdisable01latch/paralleldata_RNO_1[1]:Y (f)
               +     1.282          net: pwmdisable01latch/N_95
  8.623                        pwmdisable01latch/paralleldata_RNO_0[1]:S (f)
               +     0.797          cell: ADLIB:MX2
  9.420                        pwmdisable01latch/paralleldata_RNO_0[1]:Y (r)
               +     0.260          net: pwmdisable01latch/N_95_mux
  9.680                        pwmdisable01latch/paralleldata_RNO[1]:A (r)
               +     0.595          cell: ADLIB:NOR2A
  10.275                       pwmdisable01latch/paralleldata_RNO[1]:Y (r)
               +     0.228          net: pwmdisable01latch/paralleldata_RNO_2[1]
  10.503                       pwmdisable01latch/paralleldata[1]:D (r)
                                    
  10.503                       data arrival time
  ________________________________________________________
  Data required time calculation
  500.000                      SerialClock
               +     0.000          Clock source
  500.000                      SerialClock (r)
               +     0.000          net: SerialClock
  500.000                      SerialClock_pad/U0/U0:PAD (r)
               +     1.158          cell: ADLIB:IOPAD_IN
  501.158                      SerialClock_pad/U0/U0:Y (r)
               +     0.000          net: SerialClock_pad/U0/NET1
  501.158                      SerialClock_pad/U0/U1:A (r)
               +     0.636          cell: ADLIB:CLKIO
  501.794                      SerialClock_pad/U0/U1:Y (r)
               +     0.628          net: SerialClock_c
  502.422                      pwmdisable01latch/paralleldata[1]:CLK (r)
               -     0.808          Library setup time: ADLIB:DFN1
  501.614                      pwmdisable01latch/paralleldata[1]:D
                                    
  501.614                      data required time


END SET Register to Register

----------------------------------------------------

SET External Setup

Path 1
  From:                        SerialLoad
  To:                          discretedutycycle01/paralleldata[11]:D
  Delay (ns):                  14.868
  Slack (ns):
  Arrival (ns):                14.868
  Required (ns):
  Setup (ns):                  0.757
  External Setup (ns):         13.202

Path 2
  From:                        SerialLoad
  To:                          discretedutycycle01/paralleldata[3]:D
  Delay (ns):                  13.911
  Slack (ns):
  Arrival (ns):                13.911
  Required (ns):
  Setup (ns):                  0.757
  External Setup (ns):         12.260

Path 3
  From:                        SerialLoad
  To:                          discretedutycycle01/paralleldata[8]:D
  Delay (ns):                  13.911
  Slack (ns):
  Arrival (ns):                13.911
  Required (ns):
  Setup (ns):                  0.757
  External Setup (ns):         12.260

Path 4
  From:                        SerialLoad
  To:                          externenablelatch/paralleldata[3]:D
  Delay (ns):                  13.464
  Slack (ns):
  Arrival (ns):                13.464
  Required (ns):
  Setup (ns):                  0.757
  External Setup (ns):         11.813

Path 5
  From:                        SerialLoad
  To:                          externenablelatch/paralleldata[2]:D
  Delay (ns):                  13.438
  Slack (ns):
  Arrival (ns):                13.438
  Required (ns):
  Setup (ns):                  0.757
  External Setup (ns):         11.795


Expanded Path 1
  From: SerialLoad
  To: discretedutycycle01/paralleldata[11]:D
  data required time                             N/C
  data arrival time                          -   14.868
  slack                                          N/C
  ________________________________________________________
  Data arrival time calculation
  0.000                        SerialLoad (r)
               +     0.000          net: SerialLoad
  0.000                        SerialLoad_pad/U0/U0:PAD (r)
               +     1.158          cell: ADLIB:IOPAD_IN
  1.158                        SerialLoad_pad/U0/U0:Y (r)
               +     0.000          net: SerialLoad_pad/U0/NET1
  1.158                        SerialLoad_pad/U0/U1:YIN (r)
               +     0.188          cell: ADLIB:IOIN_IB
  1.346                        SerialLoad_pad/U0/U1:Y (r)
               +     2.621          net: SerialLoad_pad
  3.967                        SerialLoad_pad_RNIK82F:A (r)
               +     1.197          cell: ADLIB:CLKINT
  5.164                        SerialLoad_pad_RNIK82F:Y (r)
               +     0.750          net: SerialLoad_c
  5.914                        discretedutycycle01/output_0_sqmuxa:B (r)
               +     0.499          cell: ADLIB:NOR2A
  6.413                        discretedutycycle01/output_0_sqmuxa:Y (f)
               +     4.853          net: discretedutycycle01/output_0_sqmuxa
  11.266                       discretedutycycle01/paralleldata_RNO_1[11]:B (f)
               +     0.784          cell: ADLIB:NOR3C
  12.050                       discretedutycycle01/paralleldata_RNO_1[11]:Y (f)
               +     0.215          net: discretedutycycle01/N_138
  12.265                       discretedutycycle01/paralleldata_RNO_0[11]:S (f)
               +     0.462          cell: ADLIB:MX2
  12.727                       discretedutycycle01/paralleldata_RNO_0[11]:Y (f)
               +     0.228          net: discretedutycycle01/N_138_mux
  12.955                       discretedutycycle01/paralleldata_RNO[11]:A (f)
               +     0.783          cell: ADLIB:NOR2A
  13.738                       discretedutycycle01/paralleldata_RNO[11]:Y (f)
               +     1.130          net: discretedutycycle01/paralleldata_RNO[11]
  14.868                       discretedutycycle01/paralleldata[11]:D (f)
                                    
  14.868                       data arrival time
  ________________________________________________________
  Data required time calculation
  N/C                          SerialClock
               +     0.000          Clock source
  N/C                          SerialClock (r)
               +     0.000          net: SerialClock
  N/C                          SerialClock_pad/U0/U0:PAD (r)
               +     1.158          cell: ADLIB:IOPAD_IN
  N/C                          SerialClock_pad/U0/U0:Y (r)
               +     0.000          net: SerialClock_pad/U0/NET1
  N/C                          SerialClock_pad/U0/U1:A (r)
               +     0.636          cell: ADLIB:CLKIO
  N/C                          SerialClock_pad/U0/U1:Y (r)
               +     0.629          net: SerialClock_c
  N/C                          discretedutycycle01/paralleldata[11]:CLK (r)
               -     0.757          Library setup time: ADLIB:DFN1
  N/C                          discretedutycycle01/paralleldata[11]:D


END SET External Setup

----------------------------------------------------

SET Clock to Output

No Path

END SET Clock to Output

----------------------------------------------------

SET Register to Asynchronous

No Path

END SET Register to Asynchronous

----------------------------------------------------

SET External Recovery

No Path

END SET External Recovery

----------------------------------------------------

SET Asynchronous to Register

No Path

END SET Asynchronous to Register

----------------------------------------------------

Clock Domain XCLK

SET Register to Register

Path 1
  From:                        clock_master/counter[2]:CLK
  To:                          clock_master/counter[4]:D
  Delay (ns):                  10.748
  Slack (ns):                  -6.305
  Arrival (ns):                12.565
  Required (ns):               6.260
  Setup (ns):                  0.784
  Minimum Period (ns):         11.305

Path 2
  From:                        clock_master/counter[0]:CLK
  To:                          clock_master/counter[4]:D
  Delay (ns):                  9.620
  Slack (ns):                  -5.599
  Arrival (ns):                11.859
  Required (ns):               6.260
  Setup (ns):                  0.784
  Minimum Period (ns):         10.599

Path 3
  From:                        clock_master/counter[0]:CLK
  To:                          clock_master/counter[7]:D
  Delay (ns):                  10.487
  Slack (ns):                  -5.534
  Arrival (ns):                12.726
  Required (ns):               7.192
  Setup (ns):                  0.784
  Minimum Period (ns):         10.534

Path 4
  From:                        clock_master/counter[2]:CLK
  To:                          clock_master/counter[7]:D
  Delay (ns):                  10.876
  Slack (ns):                  -5.501
  Arrival (ns):                12.693
  Required (ns):               7.192
  Setup (ns):                  0.784
  Minimum Period (ns):         10.501

Path 5
  From:                        clock_master/counter[2]:CLK
  To:                          clock_master/counter[5]:D
  Delay (ns):                  9.774
  Slack (ns):                  -5.129
  Arrival (ns):                11.591
  Required (ns):               6.462
  Setup (ns):                  0.784
  Minimum Period (ns):         10.129


Expanded Path 1
  From: clock_master/counter[2]:CLK
  To: clock_master/counter[4]:D
  data required time                             6.260
  data arrival time                          -   12.565
  slack                                          -6.305
  ________________________________________________________
  Data arrival time calculation
  0.000                        XCLK
               +     0.000          Clock source
  0.000                        XCLK (r)
               +     0.000          net: XCLK
  0.000                        XCLK_pad/U0/U0:PAD (r)
               +     0.862          cell: ADLIB:IOPAD_IN
  0.862                        XCLK_pad/U0/U0:Y (r)
               +     0.000          net: XCLK_pad/U0/NET1
  0.862                        XCLK_pad/U0/U1:YIN (r)
               +     0.188          cell: ADLIB:IOIN_IB
  1.050                        XCLK_pad/U0/U1:Y (r)
               +     0.767          net: XCLK_c
  1.817                        clock_master/counter[2]:CLK (r)
               +     0.797          cell: ADLIB:DFN1
  2.614                        clock_master/counter[2]:Q (f)
               +     1.242          net: clock_master/counter_i[2]
  3.856                        clock_master/counter_RNIFBO8[2]:A (f)
               +     1.294          cell: ADLIB:CLKINT
  5.150                        clock_master/counter_RNIFBO8[2]:Y (f)
               +     0.540          net: Clock03
  5.690                        clock_master/counter_4_I_5:A (f)
               +     0.649          cell: ADLIB:AND2
  6.339                        clock_master/counter_4_I_5:Y (f)
               +     0.938          net: clock_master/DWACT_ADD_CI_0_g_array_0_2[0]
  7.277                        clock_master/counter_4_I_37:A (f)
               +     0.547          cell: ADLIB:NOR2B
  7.824                        clock_master/counter_4_I_37:Y (f)
               +     0.257          net: clock_master/DWACT_ADD_CI_0_g_array_1_1[0]
  8.081                        clock_master/counter_4_I_38:C (f)
               +     0.785          cell: ADLIB:AO1
  8.866                        clock_master/counter_4_I_38:Y (f)
               +     0.916          net: clock_master/DWACT_ADD_CI_0_g_array_2[0]
  9.782                        clock_master/counter_4_I_30:B (f)
               +     1.510          cell: ADLIB:XOR2
  11.292                       clock_master/counter_4_I_30:Y (r)
               +     1.273          net: clock_master/counter_4[4]
  12.565                       clock_master/counter[4]:D (r)
                                    
  12.565                       data arrival time
  ________________________________________________________
  Data required time calculation
  5.000                        XCLK
               +     0.000          Clock source
  5.000                        XCLK (r)
               +     0.000          net: XCLK
  5.000                        XCLK_pad/U0/U0:PAD (r)
               +     0.862          cell: ADLIB:IOPAD_IN
  5.862                        XCLK_pad/U0/U0:Y (r)
               +     0.000          net: XCLK_pad/U0/NET1
  5.862                        XCLK_pad/U0/U1:YIN (r)
               +     0.188          cell: ADLIB:IOIN_IB
  6.050                        XCLK_pad/U0/U1:Y (r)
               +     0.994          net: XCLK_c
  7.044                        clock_master/counter[4]:CLK (r)
               -     0.784          Library setup time: ADLIB:DFN1
  6.260                        clock_master/counter[4]:D
                                    
  6.260                        data required time


END SET Register to Register

----------------------------------------------------

SET External Setup

Path 1
  From:                        LogicReset
  To:                          clock_master/counter[7]:D
  Delay (ns):                  14.192
  Slack (ns):
  Arrival (ns):                14.192
  Required (ns):
  Setup (ns):                  0.784
  External Setup (ns):         12.000

Path 2
  From:                        LogicReset
  To:                          clock_master/counter[4]:D
  Delay (ns):                  12.830
  Slack (ns):
  Arrival (ns):                12.830
  Required (ns):
  Setup (ns):                  0.784
  External Setup (ns):         11.570

Path 3
  From:                        LogicReset
  To:                          clock_master/counter[5]:D
  Delay (ns):                  11.838
  Slack (ns):
  Arrival (ns):                11.838
  Required (ns):
  Setup (ns):                  0.836
  External Setup (ns):         10.428

Path 4
  From:                        LogicReset
  To:                          clock_master/counter[2]:D
  Delay (ns):                  11.106
  Slack (ns):
  Arrival (ns):                11.106
  Required (ns):
  Setup (ns):                  0.836
  External Setup (ns):         10.125

Path 5
  From:                        LogicReset
  To:                          clock_master/counter[6]:D
  Delay (ns):                  11.838
  Slack (ns):
  Arrival (ns):                11.838
  Required (ns):
  Setup (ns):                  0.836
  External Setup (ns):         10.005


Expanded Path 1
  From: LogicReset
  To: clock_master/counter[7]:D
  data required time                             N/C
  data arrival time                          -   14.192
  slack                                          N/C
  ________________________________________________________
  Data arrival time calculation
  0.000                        LogicReset (f)
               +     0.000          net: LogicReset
  0.000                        LogicReset_pad/U0/U0:PAD (f)
               +     0.578          cell: ADLIB:IOPAD_IN
  0.578                        LogicReset_pad/U0/U0:Y (f)
               +     0.000          net: LogicReset_pad/U0/NET1
  0.578                        LogicReset_pad/U0/U1:YIN (f)
               +     0.184          cell: ADLIB:IOIN_IB
  0.762                        LogicReset_pad/U0/U1:Y (f)
               +     2.677          net: LogicReset_pad
  3.439                        LogicReset_pad_RNI5AOB:A (f)
               +     1.294          cell: ADLIB:CLKINT
  4.733                        LogicReset_pad_RNI5AOB:Y (f)
               +     0.782          net: LogicReset_c
  5.515                        clock_master/counter_8_I_12:B (f)
               +     1.269          cell: ADLIB:XOR2
  6.784                        clock_master/counter_8_I_12:Y (r)
               +     0.909          net: clock_master/DWACT_ADD_CI_0_pog_array_0[0]
  7.693                        clock_master/counter_8_I_36:A (r)
               +     0.731          cell: ADLIB:AO1
  8.424                        clock_master/counter_8_I_36:Y (r)
               +     0.260          net: clock_master/DWACT_ADD_CI_0_g_array_1[0]
  8.684                        clock_master/counter_8_I_35:B (r)
               +     0.727          cell: ADLIB:AO1
  9.411                        clock_master/counter_8_I_35:Y (r)
               +     1.034          net: clock_master/DWACT_ADD_CI_0_g_array_2_0[0]
  10.445                       clock_master/counter_8_I_44:A (r)
               +     0.879          cell: ADLIB:NOR3C
  11.324                       clock_master/counter_8_I_44:Y (r)
               +     0.931          net: clock_master/DWACT_ADD_CI_0_g_array_12_2[0]
  12.255                       clock_master/counter_8_I_34:B (r)
               +     0.964          cell: ADLIB:XOR2
  13.219                       clock_master/counter_8_I_34:Y (r)
               +     0.973          net: clock_master/counter_4_3_0[7]
  14.192                       clock_master/counter[7]:D (r)
                                    
  14.192                       data arrival time
  ________________________________________________________
  Data required time calculation
  N/C                          XCLK
               +     0.000          Clock source
  N/C                          XCLK (r)
               +     0.000          net: XCLK
  N/C                          XCLK_pad/U0/U0:PAD (r)
               +     0.862          cell: ADLIB:IOPAD_IN
  N/C                          XCLK_pad/U0/U0:Y (r)
               +     0.000          net: XCLK_pad/U0/NET1
  N/C                          XCLK_pad/U0/U1:YIN (r)
               +     0.188          cell: ADLIB:IOIN_IB
  N/C                          XCLK_pad/U0/U1:Y (r)
               +     1.926          net: XCLK_c
  N/C                          clock_master/counter[7]:CLK (r)
               -     0.784          Library setup time: ADLIB:DFN1
  N/C                          clock_master/counter[7]:D


END SET External Setup

----------------------------------------------------

SET Clock to Output

No Path

END SET Clock to Output

----------------------------------------------------

SET Register to Asynchronous

No Path

END SET Register to Asynchronous

----------------------------------------------------

SET External Recovery

No Path

END SET External Recovery

----------------------------------------------------

SET Asynchronous to Register

No Path

END SET Asynchronous to Register

----------------------------------------------------

Clock Domain clock_master/counter[0]:Q

SET Register to Register

Path 1
  From:                        addresslatch/output[6]:CLK
  To:                          ioBank6Areader/parallelholdreg[2]:D
  Delay (ns):                  13.346
  Slack (ns):                  -4.182
  Arrival (ns):                19.380
  Required (ns):               15.198
  Setup (ns):                  0.757
  Minimum Period (ns):         14.182

Path 2
  From:                        addresslatch/output[5]:CLK
  To:                          externenablelatch/output[4]:D
  Delay (ns):                  12.727
  Slack (ns):                  -3.562
  Arrival (ns):                18.761
  Required (ns):               15.199
  Setup (ns):                  0.757
  Minimum Period (ns):         13.562

Path 3
  From:                        addresslatch/output[5]:CLK
  To:                          ioBank60reader/parallelholdreg[0]:D
  Delay (ns):                  12.651
  Slack (ns):                  -3.486
  Arrival (ns):                18.685
  Required (ns):               15.199
  Setup (ns):                  0.757
  Minimum Period (ns):         13.486

Path 4
  From:                        addresslatch/output[6]:CLK
  To:                          discretedutycycle01/output[3]:D
  Delay (ns):                  12.606
  Slack (ns):                  -3.417
  Arrival (ns):                18.640
  Required (ns):               15.223
  Setup (ns):                  0.757
  Minimum Period (ns):         13.417

Path 5
  From:                        addresslatch/output[6]:CLK
  To:                          ioBank6Areader/parallelholdreg[0]:D
  Delay (ns):                  12.329
  Slack (ns):                  -3.122
  Arrival (ns):                18.363
  Required (ns):               15.241
  Setup (ns):                  0.757
  Minimum Period (ns):         13.122


Expanded Path 1
  From: addresslatch/output[6]:CLK
  To: ioBank6Areader/parallelholdreg[2]:D
  data required time                             15.198
  data arrival time                          -   19.380
  slack                                          -4.182
  ________________________________________________________
  Data arrival time calculation
  0.000                        clock_master/counter[0]:Q
               +     0.000          Clock source
  0.000                        clock_master/counter[0]:Q (r)
               +     2.856          Clock generation
  2.856
               +     1.218          net: clock_master/counter_i[0]
  4.074                        clock_master/counter_RNID9O8[0]:A (r)
               +     1.197          cell: ADLIB:CLKINT
  5.271                        clock_master/counter_RNID9O8[0]:Y (r)
               +     0.763          net: Clock01
  6.034                        addresslatch/output[6]:CLK (r)
               +     0.886          cell: ADLIB:DFN1
  6.920                        addresslatch/output[6]:Q (f)
               +     2.548          net: internaddr[6]
  9.468                        ioBank66reader/parallelholdreg_0_sqmuxa_3:A (f)
               +     0.960          cell: ADLIB:NOR2A
  10.428                       ioBank66reader/parallelholdreg_0_sqmuxa_3:Y (f)
               +     1.570          net: ioBank6Areader_parallelholdreg_0_sqmuxa_3
  11.998                       ioBank6Areader/cellindex_RNIBSBA1[1]:C (f)
               +     0.998          cell: ADLIB:NOR3C
  12.996                       ioBank6Areader/cellindex_RNIBSBA1[1]:Y (f)
               +     0.228          net: ioBank6Areader/parallelholdreg_0_sqmuxa_2_0
  13.224                       ioBank6Areader/cellindex_RNIHRDD2[1]:B (f)
               +     1.266          cell: ADLIB:AOI1
  14.490                       ioBank6Areader/cellindex_RNIHRDD2[1]:Y (r)
               +     2.004          net: ioBank6Areader/parallelholdreg_1_sqmuxa
  16.494                       ioBank6Areader/parallelholdreg_RNO_0[2]:S (r)
               +     0.677          cell: ADLIB:MX2
  17.171                       ioBank6Areader/parallelholdreg_RNO_0[2]:Y (f)
               +     0.215          net: ioBank6Areader/N_25
  17.386                       ioBank6Areader/parallelholdreg_RNO[2]:A (f)
               +     0.616          cell: ADLIB:OR2
  18.002                       ioBank6Areader/parallelholdreg_RNO[2]:Y (f)
               +     1.378          net: ioBank6Areader/parallelholdreg_RNO_11[2]
  19.380                       ioBank6Areader/parallelholdreg[2]:D (f)
                                    
  19.380                       data arrival time
  ________________________________________________________
  Data required time calculation
  10.000                       clock_master/counter[0]:Q
               +     0.000          Clock source
  10.000                       clock_master/counter[0]:Q (r)
               +     2.856          Clock generation
  12.856
               +     1.218          net: clock_master/counter_i[0]
  14.074                       clock_master/counter_RNID9O8[0]:A (r)
               +     1.197          cell: ADLIB:CLKINT
  15.271                       clock_master/counter_RNID9O8[0]:Y (r)
               +     0.684          net: Clock01
  15.955                       ioBank6Areader/parallelholdreg[2]:CLK (r)
               -     0.757          Library setup time: ADLIB:DFN1
  15.198                       ioBank6Areader/parallelholdreg[2]:D
                                    
  15.198                       data required time


END SET Register to Register

----------------------------------------------------

SET External Setup

Path 1
  From:                        SerialLoad
  To:                          firmware/parallelholdreg[6]:D
  Delay (ns):                  16.506
  Slack (ns):
  Arrival (ns):                16.506
  Required (ns):
  Setup (ns):                  0.757
  External Setup (ns):         11.257

Path 2
  From:                        SerialLoad
  To:                          firmware/parallelholdreg[0]:E
  Delay (ns):                  16.728
  Slack (ns):
  Arrival (ns):                16.728
  Required (ns):
  Setup (ns):                  0.534
  External Setup (ns):         11.227

Path 3
  From:                        SerialLoad
  To:                          firmware/parallelholdreg[2]:D
  Delay (ns):                  16.266
  Slack (ns):
  Arrival (ns):                16.266
  Required (ns):
  Setup (ns):                  0.757
  External Setup (ns):         11.017

Path 4
  From:                        SerialLoad
  To:                          firmware/parallelholdreg[2]:E
  Delay (ns):                  16.477
  Slack (ns):
  Arrival (ns):                16.477
  Required (ns):
  Setup (ns):                  0.534
  External Setup (ns):         11.005

Path 5
  From:                        SerialLoad
  To:                          firmware/parallelholdreg[4]:E
  Delay (ns):                  16.477
  Slack (ns):
  Arrival (ns):                16.477
  Required (ns):
  Setup (ns):                  0.534
  External Setup (ns):         11.005


Expanded Path 1
  From: SerialLoad
  To: firmware/parallelholdreg[6]:D
  data required time                             N/C
  data arrival time                          -   16.506
  slack                                          N/C
  ________________________________________________________
  Data arrival time calculation
  0.000                        SerialLoad (f)
               +     0.000          net: SerialLoad
  0.000                        SerialLoad_pad/U0/U0:PAD (f)
               +     1.075          cell: ADLIB:IOPAD_IN
  1.075                        SerialLoad_pad/U0/U0:Y (f)
               +     0.000          net: SerialLoad_pad/U0/NET1
  1.075                        SerialLoad_pad/U0/U1:YIN (f)
               +     0.184          cell: ADLIB:IOIN_IB
  1.259                        SerialLoad_pad/U0/U1:Y (f)
               +     2.787          net: SerialLoad_pad
  4.046                        SerialLoad_pad_RNIK82F:A (f)
               +     1.294          cell: ADLIB:CLKINT
  5.340                        SerialLoad_pad_RNIK82F:Y (f)
               +     0.708          net: SerialLoad_c
  6.048                        ioBank60reader/cellindex_1_sqmuxa_1_1:A (f)
               +     0.598          cell: ADLIB:NOR2
  6.646                        ioBank60reader/cellindex_1_sqmuxa_1_1:Y (r)
               +     4.023          net: ioBank60reader_cellindex_1_sqmuxa_1_1
  10.669                       firmware/un1_reset_0_o2_0:A (r)
               +     0.701          cell: ADLIB:OR2A
  11.370                       firmware/un1_reset_0_o2_0:Y (f)
               +     0.244          net: firmware/un1_reset_0_o2_0
  11.614                       firmware/un1_reset_0_o2_3:A (f)
               +     0.671          cell: ADLIB:OR3
  12.285                       firmware/un1_reset_0_o2_3:Y (f)
               +     2.063          net: firmware/un1_reset_0_o2_3
  14.348                       firmware/parallelholdreg_RNO[6]:B (f)
               +     1.057          cell: ADLIB:OR3A
  15.405                       firmware/parallelholdreg_RNO[6]:Y (f)
               +     1.101          net: firmware/parallelholdreg_RNO[6]
  16.506                       firmware/parallelholdreg[6]:D (f)
                                    
  16.506                       data arrival time
  ________________________________________________________
  Data required time calculation
  N/C                          clock_master/counter[0]:Q
               +     0.000          Clock source
  N/C                          clock_master/counter[0]:Q (r)
               +     2.856          Clock generation
  N/C
               +     1.218          net: clock_master/counter_i[0]
  N/C                          clock_master/counter_RNID9O8[0]:A (r)
               +     1.197          cell: ADLIB:CLKINT
  N/C                          clock_master/counter_RNID9O8[0]:Y (r)
               +     0.735          net: Clock01
  N/C                          firmware/parallelholdreg[6]:CLK (r)
               -     0.757          Library setup time: ADLIB:DFN1
  N/C                          firmware/parallelholdreg[6]:D


END SET External Setup

----------------------------------------------------

SET Clock to Output

Path 1
  From:                        bitcontrol01latch/output[7]:CLK
  To:                          EncLgtControl
  Delay (ns):                  12.080
  Slack (ns):
  Arrival (ns):                18.086
  Required (ns):
  Clock to Out (ns):           18.086

Path 2
  From:                        pwmdisable01latch/output[7]:CLK
  To:                          EncLgtControl
  Delay (ns):                  11.321
  Slack (ns):
  Arrival (ns):                17.344
  Required (ns):
  Clock to Out (ns):           17.344

Path 3
  From:                        ioBank69reader/dataout:CLK
  To:                          SerialOut
  Delay (ns):                  10.081
  Slack (ns):
  Arrival (ns):                16.036
  Required (ns):
  Clock to Out (ns):           16.036

Path 4
  From:                        firmware/dataout:CLK
  To:                          SerialOut
  Delay (ns):                  10.056
  Slack (ns):
  Arrival (ns):                16.011
  Required (ns):
  Clock to Out (ns):           16.011

Path 5
  From:                        A2D00reader/dataout:CLK
  To:                          SerialOut
  Delay (ns):                  9.943
  Slack (ns):
  Arrival (ns):                15.941
  Required (ns):
  Clock to Out (ns):           15.941


Expanded Path 1
  From: bitcontrol01latch/output[7]:CLK
  To: EncLgtControl
  data required time                             N/C
  data arrival time                          -   18.086
  slack                                          N/C
  ________________________________________________________
  Data arrival time calculation
  0.000                        clock_master/counter[0]:Q
               +     0.000          Clock source
  0.000                        clock_master/counter[0]:Q (r)
               +     2.856          Clock generation
  2.856
               +     1.218          net: clock_master/counter_i[0]
  4.074                        clock_master/counter_RNID9O8[0]:A (r)
               +     1.197          cell: ADLIB:CLKINT
  5.271                        clock_master/counter_RNID9O8[0]:Y (r)
               +     0.735          net: Clock01
  6.006                        bitcontrol01latch/output[7]:CLK (r)
               +     0.886          cell: ADLIB:DFN1
  6.892                        bitcontrol01latch/output[7]:Q (f)
               +     3.091          net: bitcontrol01[7]
  9.983                        pwmdisable01latch/output_RNID03R[7]:C (f)
               +     0.797          cell: ADLIB:OA1
  10.780                       pwmdisable01latch/output_RNID03R[7]:Y (f)
               +     2.903          net: EncLgtControl_c
  13.683                       EncLgtControl_pad/U0/U1:D (f)
               +     0.885          cell: ADLIB:IOTRI_OB_EB
  14.568                       EncLgtControl_pad/U0/U1:DOUT (f)
               +     0.000          net: EncLgtControl_pad/U0/NET1
  14.568                       EncLgtControl_pad/U0/U0:D (f)
               +     3.518          cell: ADLIB:IOPAD_TRI
  18.086                       EncLgtControl_pad/U0/U0:PAD (f)
               +     0.000          net: EncLgtControl
  18.086                       EncLgtControl (f)
                                    
  18.086                       data arrival time
  ________________________________________________________
  Data required time calculation
  N/C                          clock_master/counter[0]:Q
               +     0.000          Clock source
  N/C                          clock_master/counter[0]:Q (r)
               +     2.856          Clock generation
  N/C
                                    
  N/C                          EncLgtControl (f)


END SET Clock to Output

----------------------------------------------------

SET Register to Asynchronous

No Path

END SET Register to Asynchronous

----------------------------------------------------

SET External Recovery

No Path

END SET External Recovery

----------------------------------------------------

SET Asynchronous to Register

No Path

END SET Asynchronous to Register

----------------------------------------------------

Clock Domain clock_master/counter[1]:Q

SET Register to Register

Path 1
  From:                        Watch_Dog_Reset/timercount[3]:CLK
  To:                          Watch_Dog_Reset/timerexpired:D
  Delay (ns):                  11.761
  Slack (ns):                  6.731
  Arrival (ns):                18.723
  Required (ns):               25.454
  Setup (ns):                  0.784
  Minimum Period (ns):         13.269

Path 2
  From:                        Watch_Dog_Reset/timercount[3]:CLK
  To:                          Watch_Dog_Reset/timercount[9]:E
  Delay (ns):                  11.204
  Slack (ns):                  7.765
  Arrival (ns):                18.166
  Required (ns):               25.931
  Setup (ns):                  0.649
  Minimum Period (ns):         12.235

Path 3
  From:                        Watch_Dog_Reset/timercount[3]:CLK
  To:                          Watch_Dog_Reset/timercount[8]:E
  Delay (ns):                  10.810
  Slack (ns):                  7.840
  Arrival (ns):                17.772
  Required (ns):               25.612
  Setup (ns):                  0.649
  Minimum Period (ns):         12.160

Path 4
  From:                        Watch_Dog_Reset/timercount[3]:CLK
  To:                          Watch_Dog_Reset/timercount[7]:E
  Delay (ns):                  10.657
  Slack (ns):                  8.172
  Arrival (ns):                17.619
  Required (ns):               25.791
  Setup (ns):                  0.649
  Minimum Period (ns):         11.828

Path 5
  From:                        Watch_Dog_Reset/timercount[5]:CLK
  To:                          Watch_Dog_Reset/timerexpired:D
  Delay (ns):                  10.493
  Slack (ns):                  8.190
  Arrival (ns):                17.264
  Required (ns):               25.454
  Setup (ns):                  0.784
  Minimum Period (ns):         11.810


Expanded Path 1
  From: Watch_Dog_Reset/timercount[3]:CLK
  To: Watch_Dog_Reset/timerexpired:D
  data required time                             25.454
  data arrival time                          -   18.723
  slack                                          6.731
  ________________________________________________________
  Data arrival time calculation
  0.000                        clock_master/counter[1]:Q
               +     0.000          Clock source
  0.000                        clock_master/counter[1]:Q (r)
               +     2.660          Clock generation
  2.660
               +     4.302          net: counter[1]
  6.962                        Watch_Dog_Reset/timercount[3]:CLK (r)
               +     0.797          cell: ADLIB:DFN1E0
  7.759                        Watch_Dog_Reset/timercount[3]:Q (f)
               +     2.096          net: Watch_Dog_Reset/timercount[3]
  9.855                        Watch_Dog_Reset/timercount_RNICL2S[3]:B (f)
               +     1.185          cell: ADLIB:NOR2
  11.040                       Watch_Dog_Reset/timercount_RNICL2S[3]:Y (r)
               +     0.257          net: Watch_Dog_Reset/m40_e_3
  11.297                       Watch_Dog_Reset/timercount_RNITF5O1[6]:A (r)
               +     0.945          cell: ADLIB:NOR3A
  12.242                       Watch_Dog_Reset/timercount_RNITF5O1[6]:Y (r)
               +     0.986          net: Watch_Dog_Reset/m40_e_6
  13.228                       Watch_Dog_Reset/timercount_RNIIOJD4[1]:C (r)
               +     1.067          cell: ADLIB:NOR3C
  14.295                       Watch_Dog_Reset/timercount_RNIIOJD4[1]:Y (r)
               +     0.244          net: Watch_Dog_Reset/N_63
  14.539                       Watch_Dog_Reset/timercount_RNI7ESA5[10]:S (r)
               +     0.500          cell: ADLIB:MX2C
  15.039                       Watch_Dog_Reset/timercount_RNI7ESA5[10]:Y (f)
               +     0.244          net: Watch_Dog_Reset/N_51_mux
  15.283                       Watch_Dog_Reset/timercount_RNIL7AM5[10]:A (f)
               +     0.699          cell: ADLIB:NOR2
  15.982                       Watch_Dog_Reset/timercount_RNIL7AM5[10]:Y (r)
               +     2.741          net: Watch_Dog_Reset/timercount_0_sqmuxa
  18.723                       Watch_Dog_Reset/timerexpired:D (r)
                                    
  18.723                       data arrival time
  ________________________________________________________
  Data required time calculation
  20.000                       clock_master/counter[1]:Q
               +     0.000          Clock source
  20.000                       clock_master/counter[1]:Q (r)
               +     2.660          Clock generation
  22.660
               +     3.578          net: counter[1]
  26.238                       Watch_Dog_Reset/timerexpired:CLK (r)
               -     0.784          Library setup time: ADLIB:DFN1
  25.454                       Watch_Dog_Reset/timerexpired:D
                                    
  25.454                       data required time


END SET Register to Register

----------------------------------------------------

SET External Setup

Path 1
  From:                        ResetIn
  To:                          Watch_Dog_Reset/timerexpired:D
  Delay (ns):                  9.863
  Slack (ns):
  Arrival (ns):                9.863
  Required (ns):
  Setup (ns):                  0.784
  External Setup (ns):         4.409

Path 2
  From:                        ResetIn
  To:                          Watch_Dog_Reset/timercount[9]:E
  Delay (ns):                  9.306
  Slack (ns):
  Arrival (ns):                9.306
  Required (ns):
  Setup (ns):                  0.649
  External Setup (ns):         3.375

Path 3
  From:                        ResetIn
  To:                          Watch_Dog_Reset/timercount[8]:E
  Delay (ns):                  8.912
  Slack (ns):
  Arrival (ns):                8.912
  Required (ns):
  Setup (ns):                  0.649
  External Setup (ns):         3.300

Path 4
  From:                        ResetIn
  To:                          Watch_Dog_Reset/timercount[7]:E
  Delay (ns):                  8.759
  Slack (ns):
  Arrival (ns):                8.759
  Required (ns):
  Setup (ns):                  0.649
  External Setup (ns):         2.968

Path 5
  From:                        ResetIn
  To:                          Watch_Dog_Reset/timercount[5]:E
  Delay (ns):                  8.588
  Slack (ns):
  Arrival (ns):                8.588
  Required (ns):
  Setup (ns):                  0.649
  External Setup (ns):         2.466


Expanded Path 1
  From: ResetIn
  To: Watch_Dog_Reset/timerexpired:D
  data required time                             N/C
  data arrival time                          -   9.863
  slack                                          N/C
  ________________________________________________________
  Data arrival time calculation
  0.000                        ResetIn (f)
               +     0.000          net: ResetIn
  0.000                        ResetIn_pad/U0/U0:PAD (f)
               +     0.578          cell: ADLIB:IOPAD_IN
  0.578                        ResetIn_pad/U0/U0:Y (f)
               +     0.000          net: ResetIn_pad/U0/NET1
  0.578                        ResetIn_pad/U0/U1:YIN (f)
               +     0.184          cell: ADLIB:IOIN_IB
  0.762                        ResetIn_pad/U0/U1:Y (f)
               +     5.033          net: ResetIn_c
  5.795                        Watch_Dog_Reset/timercount_RNIL7AM5[10]:B (f)
               +     1.327          cell: ADLIB:NOR2
  7.122                        Watch_Dog_Reset/timercount_RNIL7AM5[10]:Y (r)
               +     2.741          net: Watch_Dog_Reset/timercount_0_sqmuxa
  9.863                        Watch_Dog_Reset/timerexpired:D (r)
                                    
  9.863                        data arrival time
  ________________________________________________________
  Data required time calculation
  N/C                          clock_master/counter[1]:Q
               +     0.000          Clock source
  N/C                          clock_master/counter[1]:Q (r)
               +     2.660          Clock generation
  N/C
               +     3.578          net: counter[1]
  N/C                          Watch_Dog_Reset/timerexpired:CLK (r)
               -     0.784          Library setup time: ADLIB:DFN1
  N/C                          Watch_Dog_Reset/timerexpired:D


END SET External Setup

----------------------------------------------------

SET Clock to Output

Path 1
  From:                        Watch_Dog_Reset/timerexpired:CLK
  To:                          uCReset
  Delay (ns):                  9.855
  Slack (ns):
  Arrival (ns):                16.093
  Required (ns):
  Clock to Out (ns):           16.093


Expanded Path 1
  From: Watch_Dog_Reset/timerexpired:CLK
  To: uCReset
  data required time                             N/C
  data arrival time                          -   16.093
  slack                                          N/C
  ________________________________________________________
  Data arrival time calculation
  0.000                        clock_master/counter[1]:Q
               +     0.000          Clock source
  0.000                        clock_master/counter[1]:Q (r)
               +     2.660          Clock generation
  2.660
               +     3.578          net: counter[1]
  6.238                        Watch_Dog_Reset/timerexpired:CLK (r)
               +     0.797          cell: ADLIB:DFN1
  7.035                        Watch_Dog_Reset/timerexpired:Q (f)
               +     4.624          net: uCReset_c
  11.659                       uCReset_pad/U0/U1:D (f)
               +     0.916          cell: ADLIB:IOTRI_OB_EB
  12.575                       uCReset_pad/U0/U1:DOUT (f)
               +     0.000          net: uCReset_pad/U0/NET1
  12.575                       uCReset_pad/U0/U0:D (f)
               +     3.518          cell: ADLIB:IOPAD_TRI
  16.093                       uCReset_pad/U0/U0:PAD (f)
               +     0.000          net: uCReset
  16.093                       uCReset (f)
                                    
  16.093                       data arrival time
  ________________________________________________________
  Data required time calculation
  N/C                          clock_master/counter[1]:Q
               +     0.000          Clock source
  N/C                          clock_master/counter[1]:Q (r)
               +     2.660          Clock generation
  N/C
                                    
  N/C                          uCReset (f)


END SET Clock to Output

----------------------------------------------------

SET Register to Asynchronous

No Path

END SET Register to Asynchronous

----------------------------------------------------

SET External Recovery

No Path

END SET External Recovery

----------------------------------------------------

SET Asynchronous to Register

No Path

END SET Asynchronous to Register

----------------------------------------------------

Clock Domain clock_master/counter[2]:Q

SET Register to Register

Path 1
  From:                        iobank62debounce/Changing:CLK
  To:                          iobank62debounce/DebounceTimer[8]:D
  Delay (ns):                  8.439
  Slack (ns):                  30.668
  Arrival (ns):                13.952
  Required (ns):               44.620
  Setup (ns):                  0.808
  Minimum Period (ns):         9.332

Path 2
  From:                        iobank62debounce/DebounceTimer[1]:CLK
  To:                          iobank62debounce/DebounceTimer[8]:D
  Delay (ns):                  8.203
  Slack (ns):                  30.879
  Arrival (ns):                13.741
  Required (ns):               44.620
  Setup (ns):                  0.808
  Minimum Period (ns):         9.121

Path 3
  From:                        iobank62debounce/DebounceTimer[2]:CLK
  To:                          iobank62debounce/DebounceTimer[8]:D
  Delay (ns):                  8.155
  Slack (ns):                  30.927
  Arrival (ns):                13.693
  Required (ns):               44.620
  Setup (ns):                  0.808
  Minimum Period (ns):         9.073

Path 4
  From:                        iobank62debounce/DebounceTimer[0]:CLK
  To:                          iobank62debounce/DebounceTimer[8]:D
  Delay (ns):                  8.037
  Slack (ns):                  31.045
  Arrival (ns):                13.575
  Required (ns):               44.620
  Setup (ns):                  0.808
  Minimum Period (ns):         8.955

Path 5
  From:                        matrix_read04/stage[1]:CLK
  To:                          matrix_read04/stage[4]:D
  Delay (ns):                  7.983
  Slack (ns):                  31.194
  Arrival (ns):                13.396
  Required (ns):               44.590
  Setup (ns):                  0.808
  Minimum Period (ns):         8.806


Expanded Path 1
  From: iobank62debounce/Changing:CLK
  To: iobank62debounce/DebounceTimer[8]:D
  data required time                             44.620
  data arrival time                          -   13.952
  slack                                          30.668
  ________________________________________________________
  Data arrival time calculation
  0.000                        clock_master/counter[2]:Q
               +     0.000          Clock source
  0.000                        clock_master/counter[2]:Q (r)
               +     2.434          Clock generation
  2.434
               +     1.154          net: clock_master/counter_i[2]
  3.588                        clock_master/counter_RNIFBO8[2]:A (r)
               +     1.197          cell: ADLIB:CLKINT
  4.785                        clock_master/counter_RNIFBO8[2]:Y (r)
               +     0.728          net: Clock03
  5.513                        iobank62debounce/Changing:CLK (r)
               +     0.886          cell: ADLIB:DFN1E0
  6.399                        iobank62debounce/Changing:Q (f)
               +     1.082          net: iobank62debounce/Changing
  7.481                        iobank62debounce/Changing_RNIJ0FL:A (f)
               +     0.718          cell: ADLIB:NOR2
  8.199                        iobank62debounce/Changing_RNIJ0FL:Y (r)
               +     1.969          net: iobank62debounce/un1_previousposition7
  10.168                       iobank62debounce/DebounceTimer_RNIOGTT_0[8]:B (r)
               +     0.596          cell: ADLIB:OR2B
  10.764                       iobank62debounce/DebounceTimer_RNIOGTT_0[8]:Y (f)
               +     1.370          net: iobank62debounce/DebounceTimere
  12.134                       iobank62debounce/DebounceTimer_RNO[8]:S (f)
               +     0.684          cell: ADLIB:MX2A
  12.818                       iobank62debounce/DebounceTimer_RNO[8]:Y (r)
               +     1.134          net: iobank62debounce/DebounceTimer_RNO_1[8]
  13.952                       iobank62debounce/DebounceTimer[8]:D (r)
                                    
  13.952                       data arrival time
  ________________________________________________________
  Data required time calculation
  40.000                       clock_master/counter[2]:Q
               +     0.000          Clock source
  40.000                       clock_master/counter[2]:Q (r)
               +     2.434          Clock generation
  42.434
               +     1.154          net: clock_master/counter_i[2]
  43.588                       clock_master/counter_RNIFBO8[2]:A (r)
               +     1.197          cell: ADLIB:CLKINT
  44.785                       clock_master/counter_RNIFBO8[2]:Y (r)
               +     0.643          net: Clock03
  45.428                       iobank62debounce/DebounceTimer[8]:CLK (r)
               -     0.808          Library setup time: ADLIB:DFN1
  44.620                       iobank62debounce/DebounceTimer[8]:D
                                    
  44.620                       data required time


END SET Register to Register

----------------------------------------------------

SET External Setup

Path 1
  From:                        LogicReset
  To:                          iobank62debounce/DebounceTimer[8]:D
  Delay (ns):                  12.025
  Slack (ns):
  Arrival (ns):                12.025
  Required (ns):
  Setup (ns):                  0.808
  External Setup (ns):         7.405

Path 2
  From:                        LogicReset
  To:                          iobank65debounce/DebounceTimer[4]:E
  Delay (ns):                  11.143
  Slack (ns):
  Arrival (ns):                11.143
  Required (ns):
  Setup (ns):                  0.534
  External Setup (ns):         6.187

Path 3
  From:                        LogicReset
  To:                          iobank62debounce/DebounceTimer[0]:E
  Delay (ns):                  10.791
  Slack (ns):
  Arrival (ns):                10.791
  Required (ns):
  Setup (ns):                  0.725
  External Setup (ns):         5.978

Path 4
  From:                        LogicReset
  To:                          iobank66debounce/DebounceTimer[5]:D
  Delay (ns):                  10.673
  Slack (ns):
  Arrival (ns):                10.673
  Required (ns):
  Setup (ns):                  0.808
  External Setup (ns):         5.970

Path 5
  From:                        LogicReset
  To:                          iobank65debounce/DebounceTimer[3]:E
  Delay (ns):                  10.706
  Slack (ns):
  Arrival (ns):                10.706
  Required (ns):
  Setup (ns):                  0.725
  External Setup (ns):         5.941


Expanded Path 1
  From: LogicReset
  To: iobank62debounce/DebounceTimer[8]:D
  data required time                             N/C
  data arrival time                          -   12.025
  slack                                          N/C
  ________________________________________________________
  Data arrival time calculation
  0.000                        LogicReset (f)
               +     0.000          net: LogicReset
  0.000                        LogicReset_pad/U0/U0:PAD (f)
               +     0.578          cell: ADLIB:IOPAD_IN
  0.578                        LogicReset_pad/U0/U0:Y (f)
               +     0.000          net: LogicReset_pad/U0/NET1
  0.578                        LogicReset_pad/U0/U1:YIN (f)
               +     0.184          cell: ADLIB:IOIN_IB
  0.762                        LogicReset_pad/U0/U1:Y (f)
               +     2.677          net: LogicReset_pad
  3.439                        LogicReset_pad_RNI5AOB:A (f)
               +     1.294          cell: ADLIB:CLKINT
  4.733                        LogicReset_pad_RNI5AOB:Y (f)
               +     0.742          net: LogicReset_c
  5.475                        iobank62debounce/Changing_RNIJ0FL:B (f)
               +     0.797          cell: ADLIB:NOR2
  6.272                        iobank62debounce/Changing_RNIJ0FL:Y (r)
               +     1.969          net: iobank62debounce/un1_previousposition7
  8.241                        iobank62debounce/DebounceTimer_RNIOGTT_0[8]:B (r)
               +     0.596          cell: ADLIB:OR2B
  8.837                        iobank62debounce/DebounceTimer_RNIOGTT_0[8]:Y (f)
               +     1.370          net: iobank62debounce/DebounceTimere
  10.207                       iobank62debounce/DebounceTimer_RNO[8]:S (f)
               +     0.684          cell: ADLIB:MX2A
  10.891                       iobank62debounce/DebounceTimer_RNO[8]:Y (r)
               +     1.134          net: iobank62debounce/DebounceTimer_RNO_1[8]
  12.025                       iobank62debounce/DebounceTimer[8]:D (r)
                                    
  12.025                       data arrival time
  ________________________________________________________
  Data required time calculation
  N/C                          clock_master/counter[2]:Q
               +     0.000          Clock source
  N/C                          clock_master/counter[2]:Q (r)
               +     2.434          Clock generation
  N/C
               +     1.154          net: clock_master/counter_i[2]
  N/C                          clock_master/counter_RNIFBO8[2]:A (r)
               +     1.197          cell: ADLIB:CLKINT
  N/C                          clock_master/counter_RNIFBO8[2]:Y (r)
               +     0.643          net: Clock03
  N/C                          iobank62debounce/DebounceTimer[8]:CLK (r)
               -     0.808          Library setup time: ADLIB:DFN1
  N/C                          iobank62debounce/DebounceTimer[8]:D


END SET External Setup

----------------------------------------------------

SET Clock to Output

Path 1
  From:                        matrix_read04/ctrl[0]:CLK
  To:                          inputs67_ctrl[0]
  Delay (ns):                  6.684
  Slack (ns):
  Arrival (ns):                12.105
  Required (ns):
  Clock to Out (ns):           12.105

Path 2
  From:                        matrix_read04/ctrl[4]:CLK
  To:                          inputs67_ctrl[4]
  Delay (ns):                  6.591
  Slack (ns):
  Arrival (ns):                12.004
  Required (ns):
  Clock to Out (ns):           12.004

Path 3
  From:                        matrix_read04/ctrl[2]:CLK
  To:                          inputs67_ctrl[2]
  Delay (ns):                  6.355
  Slack (ns):
  Arrival (ns):                11.768
  Required (ns):
  Clock to Out (ns):           11.768

Path 4
  From:                        matrix_read04/ctrl[1]:CLK
  To:                          inputs67_ctrl[1]
  Delay (ns):                  6.351
  Slack (ns):
  Arrival (ns):                11.749
  Required (ns):
  Clock to Out (ns):           11.749

Path 5
  From:                        matrix_read04/ctrl[3]:CLK
  To:                          inputs67_ctrl[3]
  Delay (ns):                  6.216
  Slack (ns):
  Arrival (ns):                11.629
  Required (ns):
  Clock to Out (ns):           11.629


Expanded Path 1
  From: matrix_read04/ctrl[0]:CLK
  To: inputs67_ctrl[0]
  data required time                             N/C
  data arrival time                          -   12.105
  slack                                          N/C
  ________________________________________________________
  Data arrival time calculation
  0.000                        clock_master/counter[2]:Q
               +     0.000          Clock source
  0.000                        clock_master/counter[2]:Q (r)
               +     2.434          Clock generation
  2.434
               +     1.154          net: clock_master/counter_i[2]
  3.588                        clock_master/counter_RNIFBO8[2]:A (r)
               +     1.197          cell: ADLIB:CLKINT
  4.785                        clock_master/counter_RNIFBO8[2]:Y (r)
               +     0.636          net: Clock03
  5.421                        matrix_read04/ctrl[0]:CLK (r)
               +     0.886          cell: ADLIB:DFN1
  6.307                        matrix_read04/ctrl[0]:Q (f)
               +     2.727          net: inputs67_ctrl_c[0]
  9.034                        inputs67_ctrl_pad[0]/U0/U1:D (f)
               +     0.916          cell: ADLIB:IOTRI_OB_EB
  9.950                        inputs67_ctrl_pad[0]/U0/U1:DOUT (f)
               +     0.000          net: inputs67_ctrl_pad[0]/U0/NET1
  9.950                        inputs67_ctrl_pad[0]/U0/U0:D (f)
               +     2.155          cell: ADLIB:IOPAD_TRI
  12.105                       inputs67_ctrl_pad[0]/U0/U0:PAD (f)
               +     0.000          net: inputs67_ctrl[0]
  12.105                       inputs67_ctrl[0] (f)
                                    
  12.105                       data arrival time
  ________________________________________________________
  Data required time calculation
  N/C                          clock_master/counter[2]:Q
               +     0.000          Clock source
  N/C                          clock_master/counter[2]:Q (r)
               +     2.434          Clock generation
  N/C
                                    
  N/C                          inputs67_ctrl[0] (f)


END SET Clock to Output

----------------------------------------------------

SET Register to Asynchronous

No Path

END SET Register to Asynchronous

----------------------------------------------------

SET External Recovery

No Path

END SET External Recovery

----------------------------------------------------

SET Asynchronous to Register

No Path

END SET Asynchronous to Register

----------------------------------------------------

Clock Domain clock_master/counter[7]:Q

SET Register to Register

Path 1
  From:                        A2DRead/DataRegU1Ch1a[5]:CLK
  To:                          A2DRead/DataRegU1Ch1[15]:D
  Delay (ns):                  31.798
  Slack (ns):                  287.104
  Arrival (ns):                38.660
  Required (ns):               325.764
  Setup (ns):                  0.808
  Minimum Period (ns):         32.896

Path 2
  From:                        A2DRead/DataRegU1Ch1p[5]:CLK
  To:                          A2DRead/DataRegU1Ch1[15]:D
  Delay (ns):                  31.513
  Slack (ns):                  287.389
  Arrival (ns):                38.375
  Required (ns):               325.764
  Setup (ns):                  0.808
  Minimum Period (ns):         32.611

Path 3
  From:                        A2DRead/DataRegU1Ch1d[5]:CLK
  To:                          A2DRead/DataRegU1Ch1[15]:D
  Delay (ns):                  31.455
  Slack (ns):                  287.430
  Arrival (ns):                38.334
  Required (ns):               325.764
  Setup (ns):                  0.808
  Minimum Period (ns):         32.570

Path 4
  From:                        A2DRead/DataRegU1Ch1c[5]:CLK
  To:                          A2DRead/DataRegU1Ch1[15]:D
  Delay (ns):                  31.365
  Slack (ns):                  287.537
  Arrival (ns):                38.227
  Required (ns):               325.764
  Setup (ns):                  0.808
  Minimum Period (ns):         32.463

Path 5
  From:                        A2DRead/DataRegU1Ch1b[5]:CLK
  To:                          A2DRead/DataRegU1Ch1[15]:D
  Delay (ns):                  31.242
  Slack (ns):                  287.660
  Arrival (ns):                38.104
  Required (ns):               325.764
  Setup (ns):                  0.808
  Minimum Period (ns):         32.340


Expanded Path 1
  From: A2DRead/DataRegU1Ch1a[5]:CLK
  To: A2DRead/DataRegU1Ch1[15]:D
  data required time                             325.764
  data arrival time                          -   38.660
  slack                                          287.104
  ________________________________________________________
  Data arrival time calculation
  0.000                        clock_master/counter[7]:Q
               +     0.000          Clock source
  0.000                        clock_master/counter[7]:Q (r)
               +     3.593          Clock generation
  3.593
               +     1.122          net: clock_master/counter_i[7]
  4.715                        clock_master/counter_RNIKGO8[7]:A (r)
               +     1.197          cell: ADLIB:CLKINT
  5.912                        clock_master/counter_RNIKGO8[7]:Y (r)
               +     0.950          net: Clock04
  6.862                        A2DRead/DataRegU1Ch1a[5]:CLK (r)
               +     0.663          cell: ADLIB:DFN1E1
  7.525                        A2DRead/DataRegU1Ch1a[5]:Q (r)
               +     1.372          net: A2DRead/DataRegU1Ch1a[5]
  8.897                        A2DRead/DataRegU1Ch1p_RNIBOI4_0[5]:B (r)
               +     1.349          cell: ADLIB:MAJ3
  10.246                       A2DRead/DataRegU1Ch1p_RNIBOI4_0[5]:Y (r)
               +     0.352          net: A2DRead/N_1450
  10.598                       A2DRead/DataRegU1Ch1f_RNIUOVN_0[6]:B (r)
               +     1.358          cell: ADLIB:MAJ3
  11.956                       A2DRead/DataRegU1Ch1f_RNIUOVN_0[6]:Y (r)
               +     1.346          net: A2DRead/N_1486
  13.302                       A2DRead/DataRegU1Ch1j_RNIJF0M2_0[7]:A (r)
               +     1.449          cell: ADLIB:OA1
  14.751                       A2DRead/DataRegU1Ch1j_RNIJF0M2_0[7]:Y (r)
               +     0.328          net: A2DRead/un60_dataregu1ch1_408_0
  15.079                       A2DRead/DataRegU1Ch1f_RNI7M284[6]:A (r)
               +     0.467          cell: ADLIB:OR2
  15.546                       A2DRead/DataRegU1Ch1f_RNI7M284[6]:Y (r)
               +     0.843          net: A2DRead/N_1520
  16.389                       A2DRead/DataRegU1Ch1o_RNIG68J8[7]:C (r)
               +     1.906          cell: ADLIB:XOR3
  18.295                       A2DRead/DataRegU1Ch1o_RNIG68J8[7]:Y (r)
               +     0.427          net: A2DRead/N_1551
  18.722                       A2DRead/DataRegU1Ch1f_RNIK7CCG[6]:C (r)
               +     0.952          cell: ADLIB:AO1
  19.674                       A2DRead/DataRegU1Ch1f_RNIK7CCG[6]:Y (r)
               +     0.257          net: A2DRead/un60_dataregu1ch1_498_0_tz_out
  19.931                       A2DRead/DataRegU1Ch1f_RNIVJP941[6]:B (r)
               +     1.220          cell: ADLIB:OA1
  21.151                       A2DRead/DataRegU1Ch1f_RNIVJP941[6]:Y (r)
               +     0.257          net: A2DRead/un60_dataregu1ch1_498_0
  21.408                       A2DRead/DataRegU1Ch1f_RNIT6APP1[6]:C (r)
               +     0.924          cell: ADLIB:AO1
  22.332                       A2DRead/DataRegU1Ch1f_RNIT6APP1[6]:Y (r)
               +     0.342          net: A2DRead/N_1556
  22.674                       A2DRead/DataRegU1Ch1f_RNIKKTT83_0[8]:C (r)
               +     0.818          cell: ADLIB:XOR3
  23.492                       A2DRead/DataRegU1Ch1f_RNIKKTT83_0[8]:Y (r)
               +     1.125          net: A2DRead/N_1585
  24.617                       A2DRead/un60_dataregu1ch1_824_ADD_11x11_fast_I4_P0N_s:C (r)
               +     1.003          cell: ADLIB:AO1
  25.620                       A2DRead/un60_dataregu1ch1_824_ADD_11x11_fast_I4_P0N_s:Y (r)
               +     0.257          net: A2DRead/ADD_11x11_fast_I4_P0N_out
  25.877                       A2DRead/un60_dataregu1ch1_824_ADD_11x11_fast_I4_P0N:C (r)
               +     0.924          cell: ADLIB:AO1
  26.801                       A2DRead/un60_dataregu1ch1_824_ADD_11x11_fast_I4_P0N:Y (r)
               +     1.120          net: A2DRead/N166_0
  27.921                       A2DRead/un60_dataregu1ch1_824_ADD_11x11_fast_I22_Y:A (r)
               +     0.674          cell: ADLIB:NOR2B
  28.595                       A2DRead/un60_dataregu1ch1_824_ADD_11x11_fast_I22_Y:Y (r)
               +     0.455          net: A2DRead/N199
  29.050                       A2DRead/un60_dataregu1ch1_824_ADD_11x11_fast_I43_Y:B (r)
               +     0.965          cell: ADLIB:AO1
  30.015                       A2DRead/un60_dataregu1ch1_824_ADD_11x11_fast_I43_Y:Y (r)
               +     0.989          net: A2DRead/N223_0
  31.004                       A2DRead/un60_dataregu1ch1_824_ADD_11x11_fast_I55_un1_Y:B (r)
               +     0.794          cell: ADLIB:NOR2B
  31.798                       A2DRead/un60_dataregu1ch1_824_ADD_11x11_fast_I55_un1_Y:Y (r)
               +     0.228          net: A2DRead/I55_un1_Y
  32.026                       A2DRead/un60_dataregu1ch1_824_ADD_11x11_fast_I70_Y_2:C (r)
               +     0.801          cell: ADLIB:OR3
  32.827                       A2DRead/un60_dataregu1ch1_824_ADD_11x11_fast_I70_Y_2:Y (r)
               +     0.225          net: A2DRead/ADD_11x11_fast_I70_Y_2_0
  33.052                       A2DRead/un60_dataregu1ch1_824_ADD_11x11_fast_I70_Y:C (r)
               +     0.990          cell: ADLIB:AO1
  34.042                       A2DRead/un60_dataregu1ch1_824_ADD_11x11_fast_I70_Y:Y (r)
               +     1.135          net: A2DRead/N269
  35.177                       A2DRead/un60_dataregu1ch1_824_ADD_11x11_fast_I91_Y:C (r)
               +     1.399          cell: ADLIB:XOR3
  36.576                       A2DRead/un60_dataregu1ch1_824_ADD_11x11_fast_I91_Y:Y (f)
               +     2.084          net: A2DRead/un60_dataregu1ch1[14]
  38.660                       A2DRead/DataRegU1Ch1[15]:D (f)
                                    
  38.660                       data arrival time
  ________________________________________________________
  Data required time calculation
  320.000                      clock_master/counter[7]:Q
               +     0.000          Clock source
  320.000                      clock_master/counter[7]:Q (r)
               +     3.593          Clock generation
  323.593
               +     1.122          net: clock_master/counter_i[7]
  324.715                      clock_master/counter_RNIKGO8[7]:A (r)
               +     1.197          cell: ADLIB:CLKINT
  325.912                      clock_master/counter_RNIKGO8[7]:Y (r)
               +     0.660          net: Clock04
  326.572                      A2DRead/DataRegU1Ch1[15]:CLK (r)
               -     0.808          Library setup time: ADLIB:DFN1E1
  325.764                      A2DRead/DataRegU1Ch1[15]:D
                                    
  325.764                      data required time


END SET Register to Register

----------------------------------------------------

SET External Setup

Path 1
  From:                        LogicReset
  To:                          heart_beat/counter[18]:D
  Delay (ns):                  22.619
  Slack (ns):
  Arrival (ns):                22.619
  Required (ns):
  Setup (ns):                  0.757
  External Setup (ns):         16.814

Path 2
  From:                        LogicReset
  To:                          heart_beat/counter[17]:D
  Delay (ns):                  22.267
  Slack (ns):
  Arrival (ns):                22.267
  Required (ns):
  Setup (ns):                  0.757
  External Setup (ns):         16.462

Path 3
  From:                        LogicReset
  To:                          heart_beat/counter[16]:D
  Delay (ns):                  21.391
  Slack (ns):
  Arrival (ns):                21.391
  Required (ns):
  Setup (ns):                  0.808
  External Setup (ns):         15.637

Path 4
  From:                        LogicReset
  To:                          heart_beat/counter[15]:D
  Delay (ns):                  21.092
  Slack (ns):
  Arrival (ns):                21.092
  Required (ns):
  Setup (ns):                  0.808
  External Setup (ns):         15.216

Path 5
  From:                        LogicReset
  To:                          heart_beat/counter[14]:D
  Delay (ns):                  20.937
  Slack (ns):
  Arrival (ns):                20.937
  Required (ns):
  Setup (ns):                  0.808
  External Setup (ns):         15.088


Expanded Path 1
  From: LogicReset
  To: heart_beat/counter[18]:D
  data required time                             N/C
  data arrival time                          -   22.619
  slack                                          N/C
  ________________________________________________________
  Data arrival time calculation
  0.000                        LogicReset (f)
               +     0.000          net: LogicReset
  0.000                        LogicReset_pad/U0/U0:PAD (f)
               +     0.578          cell: ADLIB:IOPAD_IN
  0.578                        LogicReset_pad/U0/U0:Y (f)
               +     0.000          net: LogicReset_pad/U0/NET1
  0.578                        LogicReset_pad/U0/U1:YIN (f)
               +     0.184          cell: ADLIB:IOIN_IB
  0.762                        LogicReset_pad/U0/U1:Y (f)
               +     2.677          net: LogicReset_pad
  3.439                        LogicReset_pad_RNI5AOB:A (f)
               +     1.294          cell: ADLIB:CLKINT
  4.733                        LogicReset_pad_RNI5AOB:Y (f)
               +     0.755          net: LogicReset_c
  5.488                        A2DRead/m16:B (f)
               +     0.475          cell: ADLIB:NOR2A
  5.963                        A2DRead/m16:Y (r)
               +     1.507          net: A2DRead_AdClock_0_sqmuxa
  7.470                        heart_beat/un1_counter_1_m1:B (r)
               +     0.850          cell: ADLIB:NOR2B
  8.320                        heart_beat/un1_counter_1_m1:Y (r)
               +     0.337          net: heart_beat/N_2_i
  8.657                        heart_beat/un1_counter_1_m2:B (r)
               +     0.764          cell: ADLIB:NOR2B
  9.421                        heart_beat/un1_counter_1_m2:Y (r)
               +     0.341          net: heart_beat/N_3_i
  9.762                        heart_beat/un1_counter_1_m5:B (r)
               +     0.907          cell: ADLIB:MX2C
  10.669                       heart_beat/un1_counter_1_m5:Y (f)
               +     0.351          net: heart_beat/i3_mux
  11.020                       heart_beat/un1_counter_1_m8:B (f)
               +     1.345          cell: ADLIB:AO13
  12.365                       heart_beat/un1_counter_1_m8:Y (f)
               +     0.244          net: heart_beat/i5_mux
  12.609                       heart_beat/un1_counter_1_m10:C (f)
               +     0.680          cell: ADLIB:NOR3B
  13.289                       heart_beat/un1_counter_1_m10:Y (r)
               +     0.428          net: heart_beat/N_11_i
  13.717                       heart_beat/un1_counter_1_m12:B (r)
               +     0.872          cell: ADLIB:NOR3C
  14.589                       heart_beat/un1_counter_1_m12:Y (r)
               +     0.931          net: heart_beat/N_13_i
  15.520                       heart_beat/un1_counter_1_m14:B (r)
               +     0.993          cell: ADLIB:NOR3C
  16.513                       heart_beat/un1_counter_1_m14:Y (r)
               +     0.340          net: heart_beat/N_15_i
  16.853                       heart_beat/un1_counter_1_m16:B (r)
               +     0.850          cell: ADLIB:NOR3C
  17.703                       heart_beat/un1_counter_1_m16:Y (r)
               +     0.340          net: heart_beat/N_17_i
  18.043                       heart_beat/un1_counter_1_m18:B (r)
               +     0.850          cell: ADLIB:NOR3C
  18.893                       heart_beat/un1_counter_1_m18:Y (r)
               +     0.260          net: heart_beat/N_19_i
  19.153                       heart_beat/un1_counter_1_m20:B (r)
               +     0.831          cell: ADLIB:NOR3C
  19.984                       heart_beat/un1_counter_1_m20:Y (r)
               +     0.360          net: heart_beat/N_21_i
  20.344                       heart_beat/un1_counter_1_m21:A (r)
               +     0.622          cell: ADLIB:NOR2B
  20.966                       heart_beat/un1_counter_1_m21:Y (r)
               +     0.334          net: heart_beat/N_22_i
  21.300                       heart_beat/un1_counter_1_ADD_19x19_fast_I121_Y:B (r)
               +     1.062          cell: ADLIB:AX1C
  22.362                       heart_beat/un1_counter_1_ADD_19x19_fast_I121_Y:Y (r)
               +     0.257          net: heart_beat/ADD_19x19_fast_I121_Y
  22.619                       heart_beat/counter[18]:D (r)
                                    
  22.619                       data arrival time
  ________________________________________________________
  Data required time calculation
  N/C                          clock_master/counter[7]:Q
               +     0.000          Clock source
  N/C                          clock_master/counter[7]:Q (r)
               +     3.593          Clock generation
  N/C
               +     1.122          net: clock_master/counter_i[7]
  N/C                          clock_master/counter_RNIKGO8[7]:A (r)
               +     1.197          cell: ADLIB:CLKINT
  N/C                          clock_master/counter_RNIKGO8[7]:Y (r)
               +     0.650          net: Clock04
  N/C                          heart_beat/counter[18]:CLK (r)
               -     0.757          Library setup time: ADLIB:DFN1
  N/C                          heart_beat/counter[18]:D


END SET External Setup

----------------------------------------------------

SET Clock to Output

Path 1
  From:                        snkpout01/PWMOut:CLK
  To:                          EncLgtControl
  Delay (ns):                  11.920
  Slack (ns):
  Arrival (ns):                18.577
  Required (ns):
  Clock to Out (ns):           18.577

Path 2
  From:                        snkpout01/PWMOut:CLK
  To:                          AN5PTTControl
  Delay (ns):                  10.480
  Slack (ns):
  Arrival (ns):                17.137
  Required (ns):
  Clock to Out (ns):           17.137

Path 3
  From:                        snkpout01/PWMOut:CLK
  To:                          AN6NRMControl
  Delay (ns):                  10.307
  Slack (ns):
  Arrival (ns):                16.964
  Required (ns):
  Clock to Out (ns):           16.964

Path 4
  From:                        snkpout01/PWMOut:CLK
  To:                          AN2DimControl
  Delay (ns):                  10.172
  Slack (ns):
  Arrival (ns):                16.829
  Required (ns):
  Clock to Out (ns):           16.829

Path 5
  From:                        snkpout01/PWMOut:CLK
  To:                          AN4PTTControl
  Delay (ns):                  10.114
  Slack (ns):
  Arrival (ns):                16.771
  Required (ns):
  Clock to Out (ns):           16.771


Expanded Path 1
  From: snkpout01/PWMOut:CLK
  To: EncLgtControl
  data required time                             N/C
  data arrival time                          -   18.577
  slack                                          N/C
  ________________________________________________________
  Data arrival time calculation
  0.000                        clock_master/counter[7]:Q
               +     0.000          Clock source
  0.000                        clock_master/counter[7]:Q (r)
               +     3.593          Clock generation
  3.593
               +     1.122          net: clock_master/counter_i[7]
  4.715                        clock_master/counter_RNIKGO8[7]:A (r)
               +     1.197          cell: ADLIB:CLKINT
  5.912                        clock_master/counter_RNIKGO8[7]:Y (r)
               +     0.745          net: Clock04
  6.657                        snkpout01/PWMOut:CLK (r)
               +     0.663          cell: ADLIB:DFN1
  7.320                        snkpout01/PWMOut:Q (r)
               +     2.161          net: PnlLgtControl_c
  9.481                        pwmdisable01latch/output_RNID03R[7]:A (r)
               +     1.630          cell: ADLIB:OA1
  11.111                       pwmdisable01latch/output_RNID03R[7]:Y (r)
               +     3.166          net: EncLgtControl_c
  14.277                       EncLgtControl_pad/U0/U1:D (r)
               +     0.885          cell: ADLIB:IOTRI_OB_EB
  15.162                       EncLgtControl_pad/U0/U1:DOUT (r)
               +     0.000          net: EncLgtControl_pad/U0/NET1
  15.162                       EncLgtControl_pad/U0/U0:D (r)
               +     3.415          cell: ADLIB:IOPAD_TRI
  18.577                       EncLgtControl_pad/U0/U0:PAD (r)
               +     0.000          net: EncLgtControl
  18.577                       EncLgtControl (r)
                                    
  18.577                       data arrival time
  ________________________________________________________
  Data required time calculation
  N/C                          clock_master/counter[7]:Q
               +     0.000          Clock source
  N/C                          clock_master/counter[7]:Q (r)
               +     3.593          Clock generation
  N/C
                                    
  N/C                          EncLgtControl (r)


END SET Clock to Output

----------------------------------------------------

SET Register to Asynchronous

No Path

END SET Register to Asynchronous

----------------------------------------------------

SET External Recovery

No Path

END SET External Recovery

----------------------------------------------------

SET Asynchronous to Register

No Path

END SET Asynchronous to Register

----------------------------------------------------

Path set Pin to Pin

SET Input to Output

No Path

END SET Input to Output

----------------------------------------------------

Path set User Sets

