Timing Violation Report Min Delay Analysis

SmartTime Version v11.7 SP1.1
Microsemi Corporation - Microsemi Libero Software Release v11.7 SP1.1 (Version 11.7.1.14)
Date: Thu Jul 27 10:04:59 2017


Design: mainprogram
Family: IGLOO
Die: AGLN250V5
Package: 100 VQFP
Temperature Range: 0 - 70 C
Voltage Range: 1.425 - 1.575 V
Speed Grade: STD
Design State: Post-Layout
Data source: Silicon verified
Min Operating Conditions: BEST - 1.575 V - 0 C
Max Operating Conditions: WORST - 1.425 V - 70 C
Using Enhanced Min Delay Analysis
Scenario for Timing Analysis: Primary


Path 1
  From:                        A2DRead/DataRegU1Ch1k[2]:CLK
  To:                          A2DRead/DataRegU1Ch1l[2]:D
  Delay (ns):                  0.362
  Slack (ns):                  0.171
  Arrival (ns):                2.888
  Required (ns):               2.717

Path 2
  From:                        A2DRead/DataRegU1Ch1k[7]:CLK
  To:                          A2DRead/DataRegU1Ch1l[7]:D
  Delay (ns):                  0.360
  Slack (ns):                  0.172
  Arrival (ns):                2.851
  Required (ns):               2.679

Path 3
  From:                        A2DRead/DataRegU1Ch1k[9]:CLK
  To:                          A2DRead/DataRegU1Ch1l[9]:D
  Delay (ns):                  0.395
  Slack (ns):                  0.190
  Arrival (ns):                2.919
  Required (ns):               2.729

Path 4
  From:                        A2DRead/DataRegU1Ch0o[1]:CLK
  To:                          A2DRead/DataRegU1Ch0p[1]:D
  Delay (ns):                  0.396
  Slack (ns):                  0.205
  Arrival (ns):                2.922
  Required (ns):               2.717

Path 5
  From:                        A2DRead/DataRegU1Ch1b[7]:CLK
  To:                          A2DRead/DataRegU1Ch1c[7]:D
  Delay (ns):                  0.360
  Slack (ns):                  0.218
  Arrival (ns):                2.951
  Required (ns):               2.733

Path 6
  From:                        A2DRead/DataRegU1Ch1m[4]:CLK
  To:                          A2DRead/DataRegU1Ch1n[4]:D
  Delay (ns):                  0.360
  Slack (ns):                  0.218
  Arrival (ns):                2.951
  Required (ns):               2.733

Path 7
  From:                        A2DRead/DataRegU1Ch0g[9]:CLK
  To:                          A2DRead/DataRegU1Ch0h[9]:D
  Delay (ns):                  0.360
  Slack (ns):                  0.218
  Arrival (ns):                2.951
  Required (ns):               2.733

Path 8
  From:                        A2DRead/DataRegU1Ch0e[10]:CLK
  To:                          A2DRead/DataRegU1Ch0f[10]:D
  Delay (ns):                  0.426
  Slack (ns):                  0.221
  Arrival (ns):                2.950
  Required (ns):               2.729

Path 9
  From:                        A2DRead/DataRegU1Ch0i[7]:CLK
  To:                          A2DRead/DataRegU1Ch0j[7]:D
  Delay (ns):                  0.430
  Slack (ns):                  0.225
  Arrival (ns):                2.954
  Required (ns):               2.729

Path 10
  From:                        A2DRead/DataRegU1Ch1j[3]:CLK
  To:                          A2DRead/DataRegU1Ch1k[3]:D
  Delay (ns):                  0.368
  Slack (ns):                  0.226
  Arrival (ns):                2.959
  Required (ns):               2.733

Path 11
  From:                        A2DRead/DataRegU1Ch1d[10]:CLK
  To:                          A2DRead/DataRegU1Ch1e[10]:D
  Delay (ns):                  0.435
  Slack (ns):                  0.230
  Arrival (ns):                2.959
  Required (ns):               2.729

Path 12
  From:                        A2DRead/DataRegU1Ch0h[10]:CLK
  To:                          A2DRead/DataRegU1Ch0i[10]:D
  Delay (ns):                  0.435
  Slack (ns):                  0.230
  Arrival (ns):                2.959
  Required (ns):               2.729

Path 13
  From:                        A2DRead/DataRegU1Ch0l[7]:CLK
  To:                          A2DRead/DataRegU1Ch0m[7]:D
  Delay (ns):                  0.437
  Slack (ns):                  0.232
  Arrival (ns):                2.961
  Required (ns):               2.729

Path 14
  From:                        A2DRead/DataRegU1Ch0i[1]:CLK
  To:                          A2DRead/DataRegU1Ch0j[1]:D
  Delay (ns):                  0.429
  Slack (ns):                  0.238
  Arrival (ns):                2.955
  Required (ns):               2.717

Path 15
  From:                        A2DRead/DataRegU1Ch1l[12]:CLK
  To:                          A2DRead/DataRegU1Ch1m[12]:D
  Delay (ns):                  0.427
  Slack (ns):                  0.238
  Arrival (ns):                2.908
  Required (ns):               2.670

Path 16
  From:                        A2DRead/DataRegU1Ch0o[8]:CLK
  To:                          A2DRead/DataRegU1Ch0p[8]:D
  Delay (ns):                  0.430
  Slack (ns):                  0.239
  Arrival (ns):                2.956
  Required (ns):               2.717

Path 17
  From:                        A2DRead/DataRegU1Ch0l[4]:CLK
  To:                          A2DRead/DataRegU1Ch0m[4]:D
  Delay (ns):                  0.430
  Slack (ns):                  0.239
  Arrival (ns):                2.956
  Required (ns):               2.717

Path 18
  From:                        A2DRead/DataRegU1Ch0h[2]:CLK
  To:                          A2DRead/DataRegU1Ch0i[2]:D
  Delay (ns):                  0.435
  Slack (ns):                  0.244
  Arrival (ns):                2.961
  Required (ns):               2.717

Path 19
  From:                        A2DRead/DataRegU1Ch1e[8]:CLK
  To:                          A2DRead/DataRegU1Ch1f[8]:D
  Delay (ns):                  0.362
  Slack (ns):                  0.244
  Arrival (ns):                2.914
  Required (ns):               2.670

Path 20
  From:                        A2DRead/DataRegU1Ch1f[4]:CLK
  To:                          A2DRead/DataRegU1Ch1g[4]:D
  Delay (ns):                  0.362
  Slack (ns):                  0.244
  Arrival (ns):                2.914
  Required (ns):               2.670

Path 21
  From:                        A2DRead/DataRegU1Ch0h[8]:CLK
  To:                          A2DRead/DataRegU1Ch0i[8]:D
  Delay (ns):                  0.435
  Slack (ns):                  0.244
  Arrival (ns):                2.961
  Required (ns):               2.717

Path 22
  From:                        A2DRead/DataRegU1Ch1k[1]:CLK
  To:                          A2DRead/DataRegU1Ch1l[1]:D
  Delay (ns):                  0.362
  Slack (ns):                  0.259
  Arrival (ns):                2.976
  Required (ns):               2.717

Path 23
  From:                        A2DRead/DataRegU1Ch0d[1]:CLK
  To:                          A2DRead/DataRegU1Ch0e[1]:D
  Delay (ns):                  0.362
  Slack (ns):                  0.259
  Arrival (ns):                2.976
  Required (ns):               2.717

Path 24
  From:                        A2DRead/DataRegU1Ch1i[1]:CLK
  To:                          A2DRead/DataRegU1Ch1j[1]:D
  Delay (ns):                  0.362
  Slack (ns):                  0.259
  Arrival (ns):                2.976
  Required (ns):               2.717

Path 25
  From:                        A2DRead/DataRegU1Ch1g[1]:CLK
  To:                          A2DRead/DataRegU1Ch1h[1]:D
  Delay (ns):                  0.362
  Slack (ns):                  0.259
  Arrival (ns):                2.976
  Required (ns):               2.717

Path 26
  From:                        A2DRead/DataRegU1Ch0j[2]:CLK
  To:                          A2DRead/DataRegU1Ch0k[2]:D
  Delay (ns):                  0.425
  Slack (ns):                  0.264
  Arrival (ns):                2.956
  Required (ns):               2.692

Path 27
  From:                        A2DRead/DataRegU1Ch1i[4]:CLK
  To:                          A2DRead/DataRegU1Ch1j[4]:D
  Delay (ns):                  0.360
  Slack (ns):                  0.267
  Arrival (ns):                3.000
  Required (ns):               2.733

Path 28
  From:                        A2DRead/DataRegU1Ch0b[6]:CLK
  To:                          A2DRead/DataRegU1Ch0c[6]:D
  Delay (ns):                  0.370
  Slack (ns):                  0.267
  Arrival (ns):                2.984
  Required (ns):               2.717

Path 29
  From:                        A2DRead/DataRegU1Ch1g[10]:CLK
  To:                          A2DRead/DataRegU1Ch1h[10]:D
  Delay (ns):                  0.360
  Slack (ns):                  0.267
  Arrival (ns):                3.000
  Required (ns):               2.733

Path 30
  From:                        A2DRead/DataRegU1Ch0l[6]:CLK
  To:                          A2DRead/DataRegU1Ch0m[6]:D
  Delay (ns):                  0.368
  Slack (ns):                  0.269
  Arrival (ns):                2.998
  Required (ns):               2.729

Path 31
  From:                        A2DRead/DataRegU1Ch0l[9]:CLK
  To:                          A2DRead/DataRegU1Ch0m[9]:D
  Delay (ns):                  0.360
  Slack (ns):                  0.270
  Arrival (ns):                3.003
  Required (ns):               2.733

Path 32
  From:                        A2DRead/DataRegU1Ch0d[8]:CLK
  To:                          A2DRead/DataRegU1Ch0e[8]:D
  Delay (ns):                  0.360
  Slack (ns):                  0.270
  Arrival (ns):                3.003
  Required (ns):               2.733

Path 33
  From:                        A2DRead/DataRegU1Ch1n[6]:CLK
  To:                          A2DRead/DataRegU1Ch1o[6]:D
  Delay (ns):                  0.360
  Slack (ns):                  0.270
  Arrival (ns):                3.003
  Required (ns):               2.733

Path 34
  From:                        A2DRead/DataRegU1Ch0i[11]:CLK
  To:                          A2DRead/DataRegU1Ch0j[11]:D
  Delay (ns):                  0.360
  Slack (ns):                  0.270
  Arrival (ns):                3.003
  Required (ns):               2.733

Path 35
  From:                        A2DRead/DataRegU1Ch1j[4]:CLK
  To:                          A2DRead/DataRegU1Ch1k[4]:D
  Delay (ns):                  0.360
  Slack (ns):                  0.270
  Arrival (ns):                3.003
  Required (ns):               2.733

Path 36
  From:                        A2DRead/DataRegU1Ch1c[7]:CLK
  To:                          A2DRead/DataRegU1Ch1d[7]:D
  Delay (ns):                  0.360
  Slack (ns):                  0.270
  Arrival (ns):                3.003
  Required (ns):               2.733

Path 37
  From:                        A2DRead/DataRegU1Ch0c[8]:CLK
  To:                          A2DRead/DataRegU1Ch0d[8]:D
  Delay (ns):                  0.360
  Slack (ns):                  0.270
  Arrival (ns):                3.003
  Required (ns):               2.733

Path 38
  From:                        A2DRead/DataRegU1Ch0a[8]:CLK
  To:                          A2DRead/DataRegU1Ch0b[8]:D
  Delay (ns):                  0.360
  Slack (ns):                  0.270
  Arrival (ns):                3.003
  Required (ns):               2.733

Path 39
  From:                        A2DRead/DataRegU1Ch1i[6]:CLK
  To:                          A2DRead/DataRegU1Ch1j[6]:D
  Delay (ns):                  0.360
  Slack (ns):                  0.270
  Arrival (ns):                3.003
  Required (ns):               2.733

Path 40
  From:                        A2DRead/DataRegU1Ch0i[9]:CLK
  To:                          A2DRead/DataRegU1Ch0j[9]:D
  Delay (ns):                  0.360
  Slack (ns):                  0.270
  Arrival (ns):                3.003
  Required (ns):               2.733

Path 41
  From:                        A2DRead/DataRegU1Ch1a[5]:CLK
  To:                          A2DRead/DataRegU1Ch1b[5]:D
  Delay (ns):                  0.360
  Slack (ns):                  0.270
  Arrival (ns):                3.003
  Required (ns):               2.733

Path 42
  From:                        A2DRead/DataRegU1Ch1h[6]:CLK
  To:                          A2DRead/DataRegU1Ch1i[6]:D
  Delay (ns):                  0.360
  Slack (ns):                  0.270
  Arrival (ns):                3.003
  Required (ns):               2.733

Path 43
  From:                        A2DRead/DataRegU1Ch0j[9]:CLK
  To:                          A2DRead/DataRegU1Ch0k[9]:D
  Delay (ns):                  0.360
  Slack (ns):                  0.270
  Arrival (ns):                3.003
  Required (ns):               2.733

Path 44
  From:                        A2DRead/DataRegU1Ch0m[9]:CLK
  To:                          A2DRead/DataRegU1Ch0n[9]:D
  Delay (ns):                  0.360
  Slack (ns):                  0.270
  Arrival (ns):                3.003
  Required (ns):               2.733

Path 45
  From:                        A2DRead/DataRegU1Ch0b[8]:CLK
  To:                          A2DRead/DataRegU1Ch0c[8]:D
  Delay (ns):                  0.360
  Slack (ns):                  0.270
  Arrival (ns):                3.003
  Required (ns):               2.733

Path 46
  From:                        A2DRead/DataRegU1Ch1m[9]:CLK
  To:                          A2DRead/DataRegU1Ch1n[9]:D
  Delay (ns):                  0.360
  Slack (ns):                  0.271
  Arrival (ns):                3.000
  Required (ns):               2.729

Path 47
  From:                        A2DRead/DataRegU1Ch0d[5]:CLK
  To:                          A2DRead/DataRegU1Ch0e[5]:D
  Delay (ns):                  0.360
  Slack (ns):                  0.271
  Arrival (ns):                3.000
  Required (ns):               2.729

Path 48
  From:                        A2DRead/DataRegU1Ch0b[3]:CLK
  To:                          A2DRead/DataRegU1Ch0c[3]:D
  Delay (ns):                  0.360
  Slack (ns):                  0.271
  Arrival (ns):                2.969
  Required (ns):               2.698

Path 49
  From:                        A2DRead/DataRegU1Ch1l[9]:CLK
  To:                          A2DRead/DataRegU1Ch1m[9]:D
  Delay (ns):                  0.360
  Slack (ns):                  0.271
  Arrival (ns):                3.000
  Required (ns):               2.729

Path 50
  From:                        A2DRead/DataRegU1Ch0n[2]:CLK
  To:                          A2DRead/DataRegU1Ch0o[2]:D
  Delay (ns):                  0.360
  Slack (ns):                  0.271
  Arrival (ns):                2.969
  Required (ns):               2.698

Path 51
  From:                        A2DRead/DataRegU1Ch0o[9]:CLK
  To:                          A2DRead/DataRegU1Ch0p[9]:D
  Delay (ns):                  0.360
  Slack (ns):                  0.271
  Arrival (ns):                3.000
  Required (ns):               2.729

Path 52
  From:                        A2DRead/DataRegU1Ch0c[5]:CLK
  To:                          A2DRead/DataRegU1Ch0d[5]:D
  Delay (ns):                  0.360
  Slack (ns):                  0.271
  Arrival (ns):                3.000
  Required (ns):               2.729

Path 53
  From:                        A2DRead/DataRegU1Ch1d[1]:CLK
  To:                          A2DRead/DataRegU1Ch1e[1]:D
  Delay (ns):                  0.360
  Slack (ns):                  0.271
  Arrival (ns):                2.969
  Required (ns):               2.698

Path 54
  From:                        A2DRead/DataRegU1Ch1c[5]:CLK
  To:                          A2DRead/DataRegU1Ch1d[5]:D
  Delay (ns):                  0.360
  Slack (ns):                  0.271
  Arrival (ns):                3.000
  Required (ns):               2.729

Path 55
  From:                        A2DRead/DataRegU1Ch1e[10]:CLK
  To:                          A2DRead/DataRegU1Ch1f[10]:D
  Delay (ns):                  0.360
  Slack (ns):                  0.271
  Arrival (ns):                3.000
  Required (ns):               2.729

Path 56
  From:                        A2DRead/DataRegU1Ch0o[7]:CLK
  To:                          A2DRead/DataRegU1Ch0p[7]:D
  Delay (ns):                  0.360
  Slack (ns):                  0.271
  Arrival (ns):                3.000
  Required (ns):               2.729

Path 57
  From:                        A2DRead/DataRegU1Ch1l[8]:CLK
  To:                          A2DRead/DataRegU1Ch1m[8]:D
  Delay (ns):                  0.360
  Slack (ns):                  0.271
  Arrival (ns):                3.000
  Required (ns):               2.729

Path 58
  From:                        A2DRead/DataRegU1Ch1o[5]:CLK
  To:                          A2DRead/DataRegU1Ch1p[5]:D
  Delay (ns):                  0.360
  Slack (ns):                  0.271
  Arrival (ns):                3.000
  Required (ns):               2.729

Path 59
  From:                        A2DRead/DataRegU1Ch0h[11]:CLK
  To:                          A2DRead/DataRegU1Ch0i[11]:D
  Delay (ns):                  0.362
  Slack (ns):                  0.272
  Arrival (ns):                3.005
  Required (ns):               2.733

Path 60
  From:                        A2DRead/DataRegU1Ch1n[4]:CLK
  To:                          A2DRead/DataRegU1Ch1o[4]:D
  Delay (ns):                  0.362
  Slack (ns):                  0.272
  Arrival (ns):                3.005
  Required (ns):               2.733

Path 61
  From:                        A2DRead/DataRegU1Ch1g[6]:CLK
  To:                          A2DRead/DataRegU1Ch1h[6]:D
  Delay (ns):                  0.362
  Slack (ns):                  0.272
  Arrival (ns):                3.005
  Required (ns):               2.733

Path 62
  From:                        A2DRead/DataRegU1Ch1g[11]:CLK
  To:                          A2DRead/DataRegU1Ch1h[11]:D
  Delay (ns):                  0.360
  Slack (ns):                  0.272
  Arrival (ns):                2.951
  Required (ns):               2.679

Path 63
  From:                        A2DRead/DataRegU1Ch0k[9]:CLK
  To:                          A2DRead/DataRegU1Ch0l[9]:D
  Delay (ns):                  0.362
  Slack (ns):                  0.272
  Arrival (ns):                3.005
  Required (ns):               2.733

Path 64
  From:                        A2DRead/DataRegU1Ch0h[9]:CLK
  To:                          A2DRead/DataRegU1Ch0i[9]:D
  Delay (ns):                  0.362
  Slack (ns):                  0.272
  Arrival (ns):                3.005
  Required (ns):               2.733

Path 65
  From:                        A2DRead/DataRegU1Ch1e[11]:CLK
  To:                          A2DRead/DataRegU1Ch1f[11]:D
  Delay (ns):                  0.360
  Slack (ns):                  0.272
  Arrival (ns):                2.951
  Required (ns):               2.679

Path 66
  From:                        A2DRead/DataRegU1Ch1h[10]:CLK
  To:                          A2DRead/DataRegU1Ch1i[10]:D
  Delay (ns):                  0.362
  Slack (ns):                  0.272
  Arrival (ns):                3.005
  Required (ns):               2.733

Path 67
  From:                        A2DRead/DataRegU1Ch0g[11]:CLK
  To:                          A2DRead/DataRegU1Ch0h[11]:D
  Delay (ns):                  0.362
  Slack (ns):                  0.272
  Arrival (ns):                3.005
  Required (ns):               2.733

Path 68
  From:                        A2DRead/DataRegU1Ch1o[4]:CLK
  To:                          A2DRead/DataRegU1Ch1p[4]:D
  Delay (ns):                  0.362
  Slack (ns):                  0.272
  Arrival (ns):                3.005
  Required (ns):               2.733

Path 69
  From:                        A2DRead/DataRegU1Ch1m[6]:CLK
  To:                          A2DRead/DataRegU1Ch1n[6]:D
  Delay (ns):                  0.362
  Slack (ns):                  0.272
  Arrival (ns):                3.005
  Required (ns):               2.733

Path 70
  From:                        A2DRead/DataRegU1Ch0g[12]:CLK
  To:                          A2DRead/DataRegU1Ch0h[12]:D
  Delay (ns):                  0.360
  Slack (ns):                  0.272
  Arrival (ns):                2.951
  Required (ns):               2.679

Path 71
  From:                        A2DRead/DataRegU1Ch0e[11]:CLK
  To:                          A2DRead/DataRegU1Ch0f[11]:D
  Delay (ns):                  0.360
  Slack (ns):                  0.272
  Arrival (ns):                2.951
  Required (ns):               2.679

Path 72
  From:                        A2DRead/DataRegU1Ch1l[2]:CLK
  To:                          A2DRead/DataRegU1Ch1m[2]:D
  Delay (ns):                  0.360
  Slack (ns):                  0.273
  Arrival (ns):                2.990
  Required (ns):               2.717

Path 73
  From:                        A2DRead/DataRegU1Ch1m[5]:CLK
  To:                          A2DRead/DataRegU1Ch1n[5]:D
  Delay (ns):                  0.362
  Slack (ns):                  0.273
  Arrival (ns):                3.002
  Required (ns):               2.729

Path 74
  From:                        A2DRead/DataRegU1Ch0m[4]:CLK
  To:                          A2DRead/DataRegU1Ch0n[4]:D
  Delay (ns):                  0.360
  Slack (ns):                  0.273
  Arrival (ns):                2.990
  Required (ns):               2.717

Path 75
  From:                        A2DRead/DataRegU1Ch0c[4]:CLK
  To:                          A2DRead/DataRegU1Ch0d[4]:D
  Delay (ns):                  0.360
  Slack (ns):                  0.273
  Arrival (ns):                2.990
  Required (ns):               2.717

Path 76
  From:                        A2DRead/DataRegU1Ch0f[4]:CLK
  To:                          A2DRead/DataRegU1Ch0g[4]:D
  Delay (ns):                  0.360
  Slack (ns):                  0.273
  Arrival (ns):                2.990
  Required (ns):               2.717

Path 77
  From:                        A2DRead/DataRegU1Ch1l[5]:CLK
  To:                          A2DRead/DataRegU1Ch1m[5]:D
  Delay (ns):                  0.362
  Slack (ns):                  0.273
  Arrival (ns):                3.002
  Required (ns):               2.729

Path 78
  From:                        A2DRead/DataRegU1Ch1d[5]:CLK
  To:                          A2DRead/DataRegU1Ch1e[5]:D
  Delay (ns):                  0.362
  Slack (ns):                  0.273
  Arrival (ns):                3.002
  Required (ns):               2.729

Path 79
  From:                        A2DRead/DataRegU1Ch0e[1]:CLK
  To:                          A2DRead/DataRegU1Ch0f[1]:D
  Delay (ns):                  0.360
  Slack (ns):                  0.273
  Arrival (ns):                2.990
  Required (ns):               2.717

Path 80
  From:                        A2DRead/DataRegU1Ch1h[4]:CLK
  To:                          A2DRead/DataRegU1Ch1i[4]:D
  Delay (ns):                  0.362
  Slack (ns):                  0.273
  Arrival (ns):                3.002
  Required (ns):               2.729

Path 81
  From:                        A2DRead/DataRegU1Ch1k[8]:CLK
  To:                          A2DRead/DataRegU1Ch1l[8]:D
  Delay (ns):                  0.362
  Slack (ns):                  0.273
  Arrival (ns):                3.002
  Required (ns):               2.729

Path 82
  From:                        A2DRead/DataRegU1Ch1f[10]:CLK
  To:                          A2DRead/DataRegU1Ch1g[10]:D
  Delay (ns):                  0.362
  Slack (ns):                  0.273
  Arrival (ns):                3.002
  Required (ns):               2.729

Path 83
  From:                        A2DRead/DataRegU1Ch1b[6]:CLK
  To:                          A2DRead/DataRegU1Ch1c[6]:D
  Delay (ns):                  0.362
  Slack (ns):                  0.273
  Arrival (ns):                3.002
  Required (ns):               2.729

Path 84
  From:                        A2DRead/DataRegU1Ch1o[9]:CLK
  To:                          A2DRead/DataRegU1Ch1p[9]:D
  Delay (ns):                  0.362
  Slack (ns):                  0.273
  Arrival (ns):                3.002
  Required (ns):               2.729

Path 85
  From:                        A2DRead/DataRegU1Ch0e[4]:CLK
  To:                          A2DRead/DataRegU1Ch0f[4]:D
  Delay (ns):                  0.360
  Slack (ns):                  0.273
  Arrival (ns):                2.990
  Required (ns):               2.717

Path 86
  From:                        A2DRead/DataRegU1Ch1h[2]:CLK
  To:                          A2DRead/DataRegU1Ch1i[2]:D
  Delay (ns):                  0.360
  Slack (ns):                  0.273
  Arrival (ns):                2.990
  Required (ns):               2.717

Path 87
  From:                        A2DRead/DataRegU1Ch0n[7]:CLK
  To:                          A2DRead/DataRegU1Ch0o[7]:D
  Delay (ns):                  0.362
  Slack (ns):                  0.273
  Arrival (ns):                3.002
  Required (ns):               2.729

Path 88
  From:                        A2DRead/DataRegU1Ch0c[6]:CLK
  To:                          A2DRead/DataRegU1Ch0d[6]:D
  Delay (ns):                  0.360
  Slack (ns):                  0.273
  Arrival (ns):                2.990
  Required (ns):               2.717

Path 89
  From:                        A2DRead/DataRegU1Ch1o[2]:CLK
  To:                          A2DRead/DataRegU1Ch1p[2]:D
  Delay (ns):                  0.360
  Slack (ns):                  0.273
  Arrival (ns):                2.990
  Required (ns):               2.717

Path 90
  From:                        A2DRead/DataRegU1Ch1n[9]:CLK
  To:                          A2DRead/DataRegU1Ch1o[9]:D
  Delay (ns):                  0.362
  Slack (ns):                  0.273
  Arrival (ns):                3.002
  Required (ns):               2.729

Path 91
  From:                        Watch_Dog_Reset/timercount[1]:CLK
  To:                          Watch_Dog_Reset/timercount[2]:D
  Delay (ns):                  1.051
  Slack (ns):                  0.273
  Arrival (ns):                3.705
  Required (ns):               3.432

Path 92
  From:                        A2DRead/DataRegU1Ch0d[4]:CLK
  To:                          A2DRead/DataRegU1Ch0e[4]:D
  Delay (ns):                  0.360
  Slack (ns):                  0.273
  Arrival (ns):                2.990
  Required (ns):               2.717

Path 93
  From:                        A2DRead/DataRegU1Ch0k[1]:CLK
  To:                          A2DRead/DataRegU1Ch0l[1]:D
  Delay (ns):                  0.360
  Slack (ns):                  0.273
  Arrival (ns):                2.990
  Required (ns):               2.717

Path 94
  From:                        A2DRead/DataRegU1Ch1n[5]:CLK
  To:                          A2DRead/DataRegU1Ch1o[5]:D
  Delay (ns):                  0.362
  Slack (ns):                  0.273
  Arrival (ns):                3.002
  Required (ns):               2.729

Path 95
  From:                        A2DRead/DataRegU1Ch0e[5]:CLK
  To:                          A2DRead/DataRegU1Ch0f[5]:D
  Delay (ns):                  0.362
  Slack (ns):                  0.273
  Arrival (ns):                3.002
  Required (ns):               2.729

Path 96
  From:                        A2DRead/DataRegU1Ch0b[5]:CLK
  To:                          A2DRead/DataRegU1Ch0c[5]:D
  Delay (ns):                  0.362
  Slack (ns):                  0.273
  Arrival (ns):                3.002
  Required (ns):               2.729

Path 97
  From:                        A2DRead/DataRegU1Ch1i[2]:CLK
  To:                          A2DRead/DataRegU1Ch1j[2]:D
  Delay (ns):                  0.362
  Slack (ns):                  0.275
  Arrival (ns):                2.992
  Required (ns):               2.717

Path 98
  From:                        A2DRead/DataRegU1Ch0k[6]:CLK
  To:                          A2DRead/DataRegU1Ch0l[6]:D
  Delay (ns):                  0.362
  Slack (ns):                  0.275
  Arrival (ns):                2.992
  Required (ns):               2.717

Path 99
  From:                        A2DRead/DataRegU1Ch1m[2]:CLK
  To:                          A2DRead/DataRegU1Ch1n[2]:D
  Delay (ns):                  0.362
  Slack (ns):                  0.275
  Arrival (ns):                2.992
  Required (ns):               2.717

Path 100
  From:                        A2DRead/DataRegU1Ch1n[2]:CLK
  To:                          A2DRead/DataRegU1Ch1o[2]:D
  Delay (ns):                  0.362
  Slack (ns):                  0.275
  Arrival (ns):                2.992
  Required (ns):               2.717

