Timing Report Max Delay Analysis

SmartTime Version v11.7 SP1.1
Microsemi Corporation - Microsemi Libero Software Release v11.7 SP1.1 (Version 11.7.1.14)
Date: Thu Jul 27 10:06:43 2017


Design: mainprogram
Family: IGLOO
Die: AGLN250V5
Package: 100 VQFP
Temperature Range: 0 - 70 C
Voltage Range: 1.425 - 1.575 V
Speed Grade: STD
Design State: Post-Layout
Data source: Silicon verified
Min Operating Conditions: BEST - 1.575 V - 0 C
Max Operating Conditions: WORST - 1.425 V - 70 C
Using Enhanced Min Delay Analysis
Scenario for Timing Analysis: Primary


-----------------------------------------------------
SUMMARY

Clock Domain:               SerialClock
Period (ns):                8.926
Frequency (MHz):            112.032
Required Period (ns):       500.000
Required Frequency (MHz):   2.000
External Setup (ns):        11.816
External Hold (ns):         -1.264
Min Clock-To-Out (ns):      N/A
Max Clock-To-Out (ns):      N/A

Clock Domain:               XCLK
Period (ns):                11.298
Frequency (MHz):            88.511
Required Period (ns):       5.000
Required Frequency (MHz):   200.000
External Setup (ns):        12.178
External Hold (ns):         -2.173
Min Clock-To-Out (ns):      N/A
Max Clock-To-Out (ns):      N/A

Clock Domain:               clock_master/counter[0]:Q
Period (ns):                13.315
Frequency (MHz):            75.103
Required Period (ns):       10.000
Required Frequency (MHz):   100.000
External Setup (ns):        10.914
External Hold (ns):         0.086
Min Clock-To-Out (ns):      5.248
Max Clock-To-Out (ns):      16.884

Clock Domain:               clock_master/counter[1]:Q
Period (ns):                10.867
Frequency (MHz):            92.022
Required Period (ns):       20.000
Required Frequency (MHz):   50.000
External Setup (ns):        1.259
External Hold (ns):         1.219
Min Clock-To-Out (ns):      5.987
Max Clock-To-Out (ns):      15.042

Clock Domain:               clock_master/counter[2]:Q
Period (ns):                9.113
Frequency (MHz):            109.733
Required Period (ns):       40.000
Required Frequency (MHz):   25.000
External Setup (ns):        6.179
External Hold (ns):         1.705
Min Clock-To-Out (ns):      3.646
Max Clock-To-Out (ns):      12.465

Clock Domain:               clock_master/counter[7]:Q
Period (ns):                33.029
Frequency (MHz):            30.276
Required Period (ns):       320.000
Required Frequency (MHz):   3.125
External Setup (ns):        19.056
External Hold (ns):         1.862
Min Clock-To-Out (ns):      4.925
Max Clock-To-Out (ns):      18.709

                            Input to Output
Min Delay (ns):             N/A
Max Delay (ns):             N/A

END SUMMARY
-----------------------------------------------------

Clock Domain SerialClock

SET Register to Register

Path 1
  From:                        discretedutycycle01/cellindex[2]:CLK
  To:                          discretedutycycle01/paralleldata[5]:D
  Delay (ns):                  8.097
  Slack (ns):                  491.074
  Arrival (ns):                10.540
  Required (ns):               501.614
  Setup (ns):                  0.808
  Minimum Period (ns):         8.926

Path 2
  From:                        discretedutycycle01/cellindex[3]:CLK
  To:                          discretedutycycle01/paralleldata[5]:D
  Delay (ns):                  8.067
  Slack (ns):                  491.155
  Arrival (ns):                10.510
  Required (ns):               501.665
  Setup (ns):                  0.757
  Minimum Period (ns):         8.845

Path 3
  From:                        discretedutycycle01/cellindex[3]:CLK
  To:                          discretedutycycle01/paralleldata[8]:D
  Delay (ns):                  7.176
  Slack (ns):                  492.039
  Arrival (ns):                9.619
  Required (ns):               501.658
  Setup (ns):                  0.757
  Minimum Period (ns):         7.961

Path 4
  From:                        bitcontrol01latch/cellindex[1]:CLK
  To:                          bitcontrol01latch/paralleldata[7]:D
  Delay (ns):                  7.153
  Slack (ns):                  492.064
  Arrival (ns):                9.589
  Required (ns):               501.653
  Setup (ns):                  0.808
  Minimum Period (ns):         7.936

Path 5
  From:                        discretedutycycle01/cellindex[2]:CLK
  To:                          discretedutycycle01/paralleldata[4]:D
  Delay (ns):                  7.118
  Slack (ns):                  492.097
  Arrival (ns):                9.561
  Required (ns):               501.658
  Setup (ns):                  0.757
  Minimum Period (ns):         7.903


Expanded Path 1
  From: discretedutycycle01/cellindex[2]:CLK
  To: discretedutycycle01/paralleldata[5]:D
  data required time                             501.614
  data arrival time                          -   10.540
  slack                                          491.074
  ________________________________________________________
  Data arrival time calculation
  0.000                        SerialClock
               +     0.000          Clock source
  0.000                        SerialClock (r)
               +     0.000          net: SerialClock
  0.000                        SerialClock_pad/U0/U0:PAD (r)
               +     1.158          cell: ADLIB:IOPAD_IN
  1.158                        SerialClock_pad/U0/U0:Y (r)
               +     0.000          net: SerialClock_pad/U0/NET1
  1.158                        SerialClock_pad/U0/U1:A (r)
               +     0.636          cell: ADLIB:CLKIO
  1.794                        SerialClock_pad/U0/U1:Y (r)
               +     0.649          net: SerialClock_c
  2.443                        discretedutycycle01/cellindex[2]:CLK (r)
               +     0.886          cell: ADLIB:DFN1E0
  3.329                        discretedutycycle01/cellindex[2]:Q (f)
               +     0.722          net: discretedutycycle01/cellindex[2]
  4.051                        discretedutycycle01/cellindex_RNILCOL_0[3]:A (f)
               +     0.940          cell: ADLIB:NOR2A
  4.991                        discretedutycycle01/cellindex_RNILCOL_0[3]:Y (f)
               +     1.648          net: discretedutycycle01/un1_paralleldata_2[7]
  6.639                        discretedutycycle01/paralleldata_RNO_1[5]:C (f)
               +     1.217          cell: ADLIB:NOR3C
  7.856                        discretedutycycle01/paralleldata_RNO_1[5]:Y (f)
               +     0.931          net: discretedutycycle01/N_132
  8.787                        discretedutycycle01/paralleldata_RNO_0[5]:S (f)
               +     0.670          cell: ADLIB:MX2
  9.457                        discretedutycycle01/paralleldata_RNO_0[5]:Y (r)
               +     0.260          net: discretedutycycle01/N_132_mux
  9.717                        discretedutycycle01/paralleldata_RNO[5]:A (r)
               +     0.595          cell: ADLIB:NOR2A
  10.312                       discretedutycycle01/paralleldata_RNO[5]:Y (r)
               +     0.228          net: discretedutycycle01/paralleldata_RNO_3[5]
  10.540                       discretedutycycle01/paralleldata[5]:D (r)
                                    
  10.540                       data arrival time
  ________________________________________________________
  Data required time calculation
  500.000                      SerialClock
               +     0.000          Clock source
  500.000                      SerialClock (r)
               +     0.000          net: SerialClock
  500.000                      SerialClock_pad/U0/U0:PAD (r)
               +     1.158          cell: ADLIB:IOPAD_IN
  501.158                      SerialClock_pad/U0/U0:Y (r)
               +     0.000          net: SerialClock_pad/U0/NET1
  501.158                      SerialClock_pad/U0/U1:A (r)
               +     0.636          cell: ADLIB:CLKIO
  501.794                      SerialClock_pad/U0/U1:Y (r)
               +     0.628          net: SerialClock_c
  502.422                      discretedutycycle01/paralleldata[5]:CLK (r)
               -     0.808          Library setup time: ADLIB:DFN1
  501.614                      discretedutycycle01/paralleldata[5]:D
                                    
  501.614                      data required time


END SET Register to Register

----------------------------------------------------

SET External Setup

Path 1
  From:                        SerialIn
  To:                          externenablelatch/paralleldata[4]:D
  Delay (ns):                  13.461
  Slack (ns):
  Arrival (ns):                13.461
  Required (ns):
  Setup (ns):                  0.757
  External Setup (ns):         11.816

Path 2
  From:                        SerialLoad
  To:                          pwmdisable01latch/paralleldata[0]:D
  Delay (ns):                  13.463
  Slack (ns):
  Arrival (ns):                13.463
  Required (ns):
  Setup (ns):                  0.757
  External Setup (ns):         11.768

Path 3
  From:                        SerialLoad
  To:                          discretedutycycle01/paralleldata[6]:D
  Delay (ns):                  13.241
  Slack (ns):
  Arrival (ns):                13.241
  Required (ns):
  Setup (ns):                  0.757
  External Setup (ns):         11.546

Path 4
  From:                        SerialLoad
  To:                          externenablelatch/paralleldata[2]:D
  Delay (ns):                  13.165
  Slack (ns):
  Arrival (ns):                13.165
  Required (ns):
  Setup (ns):                  0.757
  External Setup (ns):         11.501

Path 5
  From:                        SerialLoad
  To:                          pwmdisable01latch/paralleldata[1]:D
  Delay (ns):                  12.970
  Slack (ns):
  Arrival (ns):                12.970
  Required (ns):
  Setup (ns):                  0.757
  External Setup (ns):         11.319


Expanded Path 1
  From: SerialIn
  To: externenablelatch/paralleldata[4]:D
  data required time                             N/C
  data arrival time                          -   13.461
  slack                                          N/C
  ________________________________________________________
  Data arrival time calculation
  0.000                        SerialIn (f)
               +     0.000          net: SerialIn
  0.000                        SerialIn_pad/U0/U0:PAD (f)
               +     1.075          cell: ADLIB:IOPAD_IN
  1.075                        SerialIn_pad/U0/U0:Y (f)
               +     0.000          net: SerialIn_pad/U0/NET1
  1.075                        SerialIn_pad/U0/U1:YIN (f)
               +     0.184          cell: ADLIB:IOIN_IB
  1.259                        SerialIn_pad/U0/U1:Y (f)
               +     3.766          net: SerialIn_c
  5.025                        SerialIn_pad_RNIB4B4:A (f)
               +     0.724          cell: ADLIB:BUFF
  5.749                        SerialIn_pad_RNIB4B4:Y (f)
               +     5.914          net: SerialIn_c_0
  11.663                       externenablelatch/paralleldata_RNO_0[4]:B (f)
               +     0.710          cell: ADLIB:MX2
  12.373                       externenablelatch/paralleldata_RNO_0[4]:Y (f)
               +     0.215          net: externenablelatch/N_96_mux
  12.588                       externenablelatch/paralleldata_RNO[4]:A (f)
               +     0.616          cell: ADLIB:OR2
  13.204                       externenablelatch/paralleldata_RNO[4]:Y (f)
               +     0.257          net: externenablelatch/paralleldata_RNO_0[4]
  13.461                       externenablelatch/paralleldata[4]:D (f)
                                    
  13.461                       data arrival time
  ________________________________________________________
  Data required time calculation
  N/C                          SerialClock
               +     0.000          Clock source
  N/C                          SerialClock (r)
               +     0.000          net: SerialClock
  N/C                          SerialClock_pad/U0/U0:PAD (r)
               +     1.158          cell: ADLIB:IOPAD_IN
  N/C                          SerialClock_pad/U0/U0:Y (r)
               +     0.000          net: SerialClock_pad/U0/NET1
  N/C                          SerialClock_pad/U0/U1:A (r)
               +     0.636          cell: ADLIB:CLKIO
  N/C                          SerialClock_pad/U0/U1:Y (r)
               +     0.608          net: SerialClock_c
  N/C                          externenablelatch/paralleldata[4]:CLK (r)
               -     0.757          Library setup time: ADLIB:DFN1
  N/C                          externenablelatch/paralleldata[4]:D


END SET External Setup

----------------------------------------------------

SET Clock to Output

No Path

END SET Clock to Output

----------------------------------------------------

SET Register to Asynchronous

No Path

END SET Register to Asynchronous

----------------------------------------------------

SET External Recovery

No Path

END SET External Recovery

----------------------------------------------------

SET Asynchronous to Register

No Path

END SET Asynchronous to Register

----------------------------------------------------

Clock Domain XCLK

SET Register to Register

Path 1
  From:                        clock_master/counter[2]:CLK
  To:                          clock_master/counter[4]:D
  Delay (ns):                  10.741
  Slack (ns):                  -6.298
  Arrival (ns):                12.558
  Required (ns):               6.260
  Setup (ns):                  0.784
  Minimum Period (ns):         11.298

Path 2
  From:                        clock_master/counter[2]:CLK
  To:                          clock_master/counter[7]:D
  Delay (ns):                  10.994
  Slack (ns):                  -5.619
  Arrival (ns):                12.811
  Required (ns):               7.192
  Setup (ns):                  0.784
  Minimum Period (ns):         10.619

Path 3
  From:                        clock_master/counter[0]:CLK
  To:                          clock_master/counter[4]:D
  Delay (ns):                  9.628
  Slack (ns):                  -5.607
  Arrival (ns):                11.867
  Required (ns):               6.260
  Setup (ns):                  0.784
  Minimum Period (ns):         10.607

Path 4
  From:                        clock_master/counter[0]:CLK
  To:                          clock_master/counter[7]:D
  Delay (ns):                  10.549
  Slack (ns):                  -5.596
  Arrival (ns):                12.788
  Required (ns):               7.192
  Setup (ns):                  0.784
  Minimum Period (ns):         10.596

Path 5
  From:                        clock_master/counter[2]:CLK
  To:                          clock_master/counter[5]:D
  Delay (ns):                  9.759
  Slack (ns):                  -5.114
  Arrival (ns):                11.576
  Required (ns):               6.462
  Setup (ns):                  0.784
  Minimum Period (ns):         10.114


Expanded Path 1
  From: clock_master/counter[2]:CLK
  To: clock_master/counter[4]:D
  data required time                             6.260
  data arrival time                          -   12.558
  slack                                          -6.298
  ________________________________________________________
  Data arrival time calculation
  0.000                        XCLK
               +     0.000          Clock source
  0.000                        XCLK (r)
               +     0.000          net: XCLK
  0.000                        XCLK_pad/U0/U0:PAD (r)
               +     0.862          cell: ADLIB:IOPAD_IN
  0.862                        XCLK_pad/U0/U0:Y (r)
               +     0.000          net: XCLK_pad/U0/NET1
  0.862                        XCLK_pad/U0/U1:YIN (r)
               +     0.188          cell: ADLIB:IOIN_IB
  1.050                        XCLK_pad/U0/U1:Y (r)
               +     0.767          net: XCLK_c
  1.817                        clock_master/counter[2]:CLK (r)
               +     0.797          cell: ADLIB:DFN1
  2.614                        clock_master/counter[2]:Q (f)
               +     1.242          net: clock_master/counter_i[2]
  3.856                        clock_master/counter_RNIFBO8[2]:A (f)
               +     1.294          cell: ADLIB:CLKINT
  5.150                        clock_master/counter_RNIFBO8[2]:Y (f)
               +     0.529          net: Clock03
  5.679                        clock_master/counter_4_I_5:A (f)
               +     0.645          cell: ADLIB:AND2
  6.324                        clock_master/counter_4_I_5:Y (f)
               +     0.938          net: clock_master/DWACT_ADD_CI_0_g_array_0_2[0]
  7.262                        clock_master/counter_4_I_37:A (f)
               +     0.547          cell: ADLIB:NOR2B
  7.809                        clock_master/counter_4_I_37:Y (f)
               +     0.257          net: clock_master/DWACT_ADD_CI_0_g_array_1_1[0]
  8.066                        clock_master/counter_4_I_38:C (f)
               +     0.785          cell: ADLIB:AO1
  8.851                        clock_master/counter_4_I_38:Y (f)
               +     0.916          net: clock_master/DWACT_ADD_CI_0_g_array_2[0]
  9.767                        clock_master/counter_4_I_30:B (f)
               +     1.510          cell: ADLIB:XOR2
  11.277                       clock_master/counter_4_I_30:Y (r)
               +     1.281          net: clock_master/counter_4[4]
  12.558                       clock_master/counter[4]:D (r)
                                    
  12.558                       data arrival time
  ________________________________________________________
  Data required time calculation
  5.000                        XCLK
               +     0.000          Clock source
  5.000                        XCLK (r)
               +     0.000          net: XCLK
  5.000                        XCLK_pad/U0/U0:PAD (r)
               +     0.862          cell: ADLIB:IOPAD_IN
  5.862                        XCLK_pad/U0/U0:Y (r)
               +     0.000          net: XCLK_pad/U0/NET1
  5.862                        XCLK_pad/U0/U1:YIN (r)
               +     0.188          cell: ADLIB:IOIN_IB
  6.050                        XCLK_pad/U0/U1:Y (r)
               +     0.994          net: XCLK_c
  7.044                        clock_master/counter[4]:CLK (r)
               -     0.784          Library setup time: ADLIB:DFN1
  6.260                        clock_master/counter[4]:D
                                    
  6.260                        data required time


END SET Register to Register

----------------------------------------------------

SET External Setup

Path 1
  From:                        LogicReset
  To:                          clock_master/counter[7]:D
  Delay (ns):                  14.370
  Slack (ns):
  Arrival (ns):                14.370
  Required (ns):
  Setup (ns):                  0.784
  External Setup (ns):         12.178

Path 2
  From:                        LogicReset
  To:                          clock_master/counter[4]:D
  Delay (ns):                  12.935
  Slack (ns):
  Arrival (ns):                12.935
  Required (ns):
  Setup (ns):                  0.784
  External Setup (ns):         11.675

Path 3
  From:                        LogicReset
  To:                          clock_master/counter[5]:D
  Delay (ns):                  11.935
  Slack (ns):
  Arrival (ns):                11.935
  Required (ns):
  Setup (ns):                  0.836
  External Setup (ns):         10.525

Path 4
  From:                        LogicReset
  To:                          clock_master/counter[2]:D
  Delay (ns):                  11.190
  Slack (ns):
  Arrival (ns):                11.190
  Required (ns):
  Setup (ns):                  0.836
  External Setup (ns):         10.209

Path 5
  From:                        LogicReset
  To:                          clock_master/counter[6]:D
  Delay (ns):                  11.935
  Slack (ns):
  Arrival (ns):                11.935
  Required (ns):
  Setup (ns):                  0.836
  External Setup (ns):         10.102


Expanded Path 1
  From: LogicReset
  To: clock_master/counter[7]:D
  data required time                             N/C
  data arrival time                          -   14.370
  slack                                          N/C
  ________________________________________________________
  Data arrival time calculation
  0.000                        LogicReset (f)
               +     0.000          net: LogicReset
  0.000                        LogicReset_pad/U0/U0:PAD (f)
               +     0.578          cell: ADLIB:IOPAD_IN
  0.578                        LogicReset_pad/U0/U0:Y (f)
               +     0.000          net: LogicReset_pad/U0/NET1
  0.578                        LogicReset_pad/U0/U1:YIN (f)
               +     0.184          cell: ADLIB:IOIN_IB
  0.762                        LogicReset_pad/U0/U1:Y (f)
               +     2.783          net: LogicReset_pad
  3.545                        LogicReset_pad_RNI5AOB:A (f)
               +     1.294          cell: ADLIB:CLKINT
  4.839                        LogicReset_pad_RNI5AOB:Y (f)
               +     0.771          net: LogicReset_c
  5.610                        clock_master/counter_8_I_12:B (f)
               +     1.264          cell: ADLIB:XOR2
  6.874                        clock_master/counter_8_I_12:Y (r)
               +     0.909          net: clock_master/DWACT_ADD_CI_0_pog_array_0[0]
  7.783                        clock_master/counter_8_I_36:A (r)
               +     0.731          cell: ADLIB:AO1
  8.514                        clock_master/counter_8_I_36:Y (r)
               +     0.260          net: clock_master/DWACT_ADD_CI_0_g_array_1[0]
  8.774                        clock_master/counter_8_I_35:B (r)
               +     0.727          cell: ADLIB:AO1
  9.501                        clock_master/counter_8_I_35:Y (r)
               +     1.243          net: clock_master/DWACT_ADD_CI_0_g_array_2_0[0]
  10.744                       clock_master/counter_8_I_44:A (r)
               +     0.758          cell: ADLIB:NOR3C
  11.502                       clock_master/counter_8_I_44:Y (r)
               +     0.931          net: clock_master/DWACT_ADD_CI_0_g_array_12_2[0]
  12.433                       clock_master/counter_8_I_34:B (r)
               +     0.964          cell: ADLIB:XOR2
  13.397                       clock_master/counter_8_I_34:Y (r)
               +     0.973          net: clock_master/counter_4_3_0[7]
  14.370                       clock_master/counter[7]:D (r)
                                    
  14.370                       data arrival time
  ________________________________________________________
  Data required time calculation
  N/C                          XCLK
               +     0.000          Clock source
  N/C                          XCLK (r)
               +     0.000          net: XCLK
  N/C                          XCLK_pad/U0/U0:PAD (r)
               +     0.862          cell: ADLIB:IOPAD_IN
  N/C                          XCLK_pad/U0/U0:Y (r)
               +     0.000          net: XCLK_pad/U0/NET1
  N/C                          XCLK_pad/U0/U1:YIN (r)
               +     0.188          cell: ADLIB:IOIN_IB
  N/C                          XCLK_pad/U0/U1:Y (r)
               +     1.926          net: XCLK_c
  N/C                          clock_master/counter[7]:CLK (r)
               -     0.784          Library setup time: ADLIB:DFN1
  N/C                          clock_master/counter[7]:D


END SET External Setup

----------------------------------------------------

SET Clock to Output

No Path

END SET Clock to Output

----------------------------------------------------

SET Register to Asynchronous

No Path

END SET Register to Asynchronous

----------------------------------------------------

SET External Recovery

No Path

END SET External Recovery

----------------------------------------------------

SET Asynchronous to Register

No Path

END SET Asynchronous to Register

----------------------------------------------------

Clock Domain clock_master/counter[0]:Q

SET Register to Register

Path 1
  From:                        addresslatch/output[7]:CLK
  To:                          discretedutycycle01/output[9]:D
  Delay (ns):                  12.522
  Slack (ns):                  -3.315
  Arrival (ns):                18.538
  Required (ns):               15.223
  Setup (ns):                  0.757
  Minimum Period (ns):         13.315

Path 2
  From:                        addresslatch/output[2]:CLK
  To:                          discretedutycycle01/output[9]:D
  Delay (ns):                  12.272
  Slack (ns):                  -3.061
  Arrival (ns):                18.284
  Required (ns):               15.223
  Setup (ns):                  0.757
  Minimum Period (ns):         13.061

Path 3
  From:                        addresslatch/output[7]:CLK
  To:                          externenablelatch/output[1]:D
  Delay (ns):                  12.067
  Slack (ns):                  -2.824
  Arrival (ns):                18.083
  Required (ns):               15.259
  Setup (ns):                  0.757
  Minimum Period (ns):         12.824

Path 4
  From:                        addresslatch/output[7]:CLK
  To:                          externenablelatch/output[2]:D
  Delay (ns):                  12.002
  Slack (ns):                  -2.805
  Arrival (ns):                18.018
  Required (ns):               15.213
  Setup (ns):                  0.757
  Minimum Period (ns):         12.805

Path 5
  From:                        addresslatch/output[2]:CLK
  To:                          bitcontrol01latch/output[2]:D
  Delay (ns):                  12.039
  Slack (ns):                  -2.774
  Arrival (ns):                18.051
  Required (ns):               15.277
  Setup (ns):                  0.757
  Minimum Period (ns):         12.774


Expanded Path 1
  From: addresslatch/output[7]:CLK
  To: discretedutycycle01/output[9]:D
  data required time                             15.223
  data arrival time                          -   18.538
  slack                                          -3.315
  ________________________________________________________
  Data arrival time calculation
  0.000                        clock_master/counter[0]:Q
               +     0.000          Clock source
  0.000                        clock_master/counter[0]:Q (r)
               +     2.856          Clock generation
  2.856
               +     1.218          net: clock_master/counter_i[0]
  4.074                        clock_master/counter_RNID9O8[0]:A (r)
               +     1.197          cell: ADLIB:CLKINT
  5.271                        clock_master/counter_RNID9O8[0]:Y (r)
               +     0.745          net: Clock01
  6.016                        addresslatch/output[7]:CLK (r)
               +     0.886          cell: ADLIB:DFN1
  6.902                        addresslatch/output[7]:Q (f)
               +     2.641          net: internaddr[7]
  9.543                        discretedutycycle01/CellIndexUpdate.address_1:A (f)
               +     0.932          cell: ADLIB:NOR2A
  10.475                       discretedutycycle01/CellIndexUpdate.address_1:Y (f)
               +     0.244          net: discretedutycycle01/address_1
  10.719                       discretedutycycle01/CellIndexUpdate.address_3:A (f)
               +     0.437          cell: ADLIB:NOR3C
  11.156                       discretedutycycle01/CellIndexUpdate.address_3:Y (f)
               +     0.215          net: discretedutycycle01/address_3
  11.371                       discretedutycycle01/CellIndexUpdate.address:A (f)
               +     0.661          cell: ADLIB:NOR2B
  12.032                       discretedutycycle01/CellIndexUpdate.address:Y (f)
               +     0.260          net: discretedutycycle01/address
  12.292                       discretedutycycle01/output_0_sqmuxa_0:A (f)
               +     0.837          cell: ADLIB:NOR2A
  13.129                       discretedutycycle01/output_0_sqmuxa_0:Y (f)
               +     2.002          net: discretedutycycle01/output_0_sqmuxa_0
  15.131                       discretedutycycle01/output_RNO_0[9]:S (f)
               +     0.717          cell: ADLIB:MX2
  15.848                       discretedutycycle01/output_RNO_0[9]:Y (f)
               +     0.252          net: discretedutycycle01/N_69
  16.100                       discretedutycycle01/output_RNO[9]:A (f)
               +     0.793          cell: ADLIB:NOR2A
  16.893                       discretedutycycle01/output_RNO[9]:Y (f)
               +     1.645          net: discretedutycycle01/output_RNO[9]
  18.538                       discretedutycycle01/output[9]:D (f)
                                    
  18.538                       data arrival time
  ________________________________________________________
  Data required time calculation
  10.000                       clock_master/counter[0]:Q
               +     0.000          Clock source
  10.000                       clock_master/counter[0]:Q (r)
               +     2.856          Clock generation
  12.856
               +     1.218          net: clock_master/counter_i[0]
  14.074                       clock_master/counter_RNID9O8[0]:A (r)
               +     1.197          cell: ADLIB:CLKINT
  15.271                       clock_master/counter_RNID9O8[0]:Y (r)
               +     0.709          net: Clock01
  15.980                       discretedutycycle01/output[9]:CLK (r)
               -     0.757          Library setup time: ADLIB:DFN1
  15.223                       discretedutycycle01/output[9]:D
                                    
  15.223                       data required time


END SET Register to Register

----------------------------------------------------

SET External Setup

Path 1
  From:                        SerialLoad
  To:                          firmware/dataout:D
  Delay (ns):                  16.122
  Slack (ns):
  Arrival (ns):                16.122
  Required (ns):
  Setup (ns):                  0.808
  External Setup (ns):         10.914

Path 2
  From:                        LogicReset
  To:                          firmware/dataout:D
  Delay (ns):                  15.839
  Slack (ns):
  Arrival (ns):                15.839
  Required (ns):
  Setup (ns):                  0.808
  External Setup (ns):         10.631

Path 3
  From:                        SerialLoad
  To:                          ioBank67reader/dataout:D
  Delay (ns):                  15.482
  Slack (ns):
  Arrival (ns):                15.482
  Required (ns):
  Setup (ns):                  0.757
  External Setup (ns):         10.214

Path 4
  From:                        LogicReset
  To:                          ioBank67reader/dataout:D
  Delay (ns):                  15.190
  Slack (ns):
  Arrival (ns):                15.190
  Required (ns):
  Setup (ns):                  0.757
  External Setup (ns):         9.922

Path 5
  From:                        SerialLoad
  To:                          firmware/parallelholdreg[2]:D
  Delay (ns):                  15.075
  Slack (ns):
  Arrival (ns):                15.075
  Required (ns):
  Setup (ns):                  0.757
  External Setup (ns):         9.862


Expanded Path 1
  From: SerialLoad
  To: firmware/dataout:D
  data required time                             N/C
  data arrival time                          -   16.122
  slack                                          N/C
  ________________________________________________________
  Data arrival time calculation
  0.000                        SerialLoad (f)
               +     0.000          net: SerialLoad
  0.000                        SerialLoad_pad/U0/U0:PAD (f)
               +     1.075          cell: ADLIB:IOPAD_IN
  1.075                        SerialLoad_pad/U0/U0:Y (f)
               +     0.000          net: SerialLoad_pad/U0/NET1
  1.075                        SerialLoad_pad/U0/U1:YIN (f)
               +     0.184          cell: ADLIB:IOIN_IB
  1.259                        SerialLoad_pad/U0/U1:Y (f)
               +     2.787          net: SerialLoad_pad
  4.046                        SerialLoad_pad_RNIK82F:A (f)
               +     1.294          cell: ADLIB:CLKINT
  5.340                        SerialLoad_pad_RNIK82F:Y (f)
               +     0.708          net: SerialLoad_c
  6.048                        ioBank60reader/cellindex_1_sqmuxa_1_1:A (f)
               +     0.598          cell: ADLIB:NOR2
  6.646                        ioBank60reader/cellindex_1_sqmuxa_1_1:Y (r)
               +     3.751          net: ioBank60reader_cellindex_1_sqmuxa_1_1
  10.397                       firmware/dataout_RNO_6:C (r)
               +     0.965          cell: ADLIB:AO1B
  11.362                       firmware/dataout_RNO_6:Y (f)
               +     0.257          net: firmware/dataout_0_0_0
  11.619                       firmware/dataout_RNO_1:C (f)
               +     0.939          cell: ADLIB:OR3
  12.558                       firmware/dataout_RNO_1:Y (f)
               +     1.151          net: firmware/dataout_0_0_2
  13.709                       firmware/dataout_RNO:C (f)
               +     0.919          cell: ADLIB:AO1A
  14.628                       firmware/dataout_RNO:Y (f)
               +     1.494          net: firmware/dataout_RNO
  16.122                       firmware/dataout:D (f)
                                    
  16.122                       data arrival time
  ________________________________________________________
  Data required time calculation
  N/C                          clock_master/counter[0]:Q
               +     0.000          Clock source
  N/C                          clock_master/counter[0]:Q (r)
               +     2.856          Clock generation
  N/C
               +     1.218          net: clock_master/counter_i[0]
  N/C                          clock_master/counter_RNID9O8[0]:A (r)
               +     1.197          cell: ADLIB:CLKINT
  N/C                          clock_master/counter_RNID9O8[0]:Y (r)
               +     0.745          net: Clock01
  N/C                          firmware/dataout:CLK (r)
               -     0.808          Library setup time: ADLIB:DFN1
  N/C                          firmware/dataout:D


END SET External Setup

----------------------------------------------------

SET Clock to Output

Path 1
  From:                        ioBank69reader/dataout:CLK
  To:                          SerialOut
  Delay (ns):                  10.868
  Slack (ns):
  Arrival (ns):                16.884
  Required (ns):
  Clock to Out (ns):           16.884

Path 2
  From:                        firmware/dataout:CLK
  To:                          SerialOut
  Delay (ns):                  10.841
  Slack (ns):
  Arrival (ns):                16.857
  Required (ns):
  Clock to Out (ns):           16.857

Path 3
  From:                        ioBank68reader/dataout:CLK
  To:                          SerialOut
  Delay (ns):                  10.788
  Slack (ns):
  Arrival (ns):                16.813
  Required (ns):
  Clock to Out (ns):           16.813

Path 4
  From:                        ioBank6Areader/dataout:CLK
  To:                          SerialOut
  Delay (ns):                  10.465
  Slack (ns):
  Arrival (ns):                16.477
  Required (ns):
  Clock to Out (ns):           16.477

Path 5
  From:                        ioBank67reader/dataout:CLK
  To:                          SerialOut
  Delay (ns):                  10.444
  Slack (ns):
  Arrival (ns):                16.469
  Required (ns):
  Clock to Out (ns):           16.469


Expanded Path 1
  From: ioBank69reader/dataout:CLK
  To: SerialOut
  data required time                             N/C
  data arrival time                          -   16.884
  slack                                          N/C
  ________________________________________________________
  Data arrival time calculation
  0.000                        clock_master/counter[0]:Q
               +     0.000          Clock source
  0.000                        clock_master/counter[0]:Q (r)
               +     2.856          Clock generation
  2.856
               +     1.218          net: clock_master/counter_i[0]
  4.074                        clock_master/counter_RNID9O8[0]:A (r)
               +     1.197          cell: ADLIB:CLKINT
  5.271                        clock_master/counter_RNID9O8[0]:Y (r)
               +     0.745          net: Clock01
  6.016                        ioBank69reader/dataout:CLK (r)
               +     0.663          cell: ADLIB:DFN1
  6.679                        ioBank69reader/dataout:Q (r)
               +     0.233          net: do69
  6.912                        SerialOut_pad_RNO_7:C (r)
               +     1.004          cell: ADLIB:NOR3C
  7.916                        SerialOut_pad_RNO_7:Y (r)
               +     0.904          net: SerialOut_7
  8.820                        SerialOut_pad_RNO_2:C (r)
               +     1.053          cell: ADLIB:NOR3C
  9.873                        SerialOut_pad_RNO_2:Y (r)
               +     0.257          net: SerialOut_11
  10.130                       SerialOut_pad_RNO:C (r)
               +     0.946          cell: ADLIB:NOR3C
  11.076                       SerialOut_pad_RNO:Y (r)
               +     3.124          net: SerialOut_c
  14.200                       SerialOut_pad/U0/U1:D (r)
               +     0.885          cell: ADLIB:IOTRI_OB_EB
  15.085                       SerialOut_pad/U0/U1:DOUT (r)
               +     0.000          net: SerialOut_pad/U0/NET1
  15.085                       SerialOut_pad/U0/U0:D (r)
               +     1.799          cell: ADLIB:IOPAD_TRI
  16.884                       SerialOut_pad/U0/U0:PAD (r)
               +     0.000          net: SerialOut
  16.884                       SerialOut (r)
                                    
  16.884                       data arrival time
  ________________________________________________________
  Data required time calculation
  N/C                          clock_master/counter[0]:Q
               +     0.000          Clock source
  N/C                          clock_master/counter[0]:Q (r)
               +     2.856          Clock generation
  N/C
                                    
  N/C                          SerialOut (r)


END SET Clock to Output

----------------------------------------------------

SET Register to Asynchronous

No Path

END SET Register to Asynchronous

----------------------------------------------------

SET External Recovery

No Path

END SET External Recovery

----------------------------------------------------

SET Asynchronous to Register

No Path

END SET Asynchronous to Register

----------------------------------------------------

Clock Domain clock_master/counter[1]:Q

SET Register to Register

Path 1
  From:                        Watch_Dog_Reset/timercount[3]:CLK
  To:                          Watch_Dog_Reset/timercount[1]:E
  Delay (ns):                  10.638
  Slack (ns):                  9.133
  Arrival (ns):                17.016
  Required (ns):               26.149
  Setup (ns):                  0.649
  Minimum Period (ns):         10.867

Path 2
  From:                        Watch_Dog_Reset/timercount[5]:CLK
  To:                          Watch_Dog_Reset/timercount[1]:E
  Delay (ns):                  10.958
  Slack (ns):                  9.163
  Arrival (ns):                16.986
  Required (ns):               26.149
  Setup (ns):                  0.649
  Minimum Period (ns):         10.837

Path 3
  From:                        Watch_Dog_Reset/timercount[3]:CLK
  To:                          Watch_Dog_Reset/timercount[9]:E
  Delay (ns):                  10.390
  Slack (ns):                  9.381
  Arrival (ns):                16.768
  Required (ns):               26.149
  Setup (ns):                  0.649
  Minimum Period (ns):         10.619

Path 4
  From:                        Watch_Dog_Reset/timercount[5]:CLK
  To:                          Watch_Dog_Reset/timercount[9]:E
  Delay (ns):                  10.710
  Slack (ns):                  9.411
  Arrival (ns):                16.738
  Required (ns):               26.149
  Setup (ns):                  0.649
  Minimum Period (ns):         10.589

Path 5
  From:                        Watch_Dog_Reset/timercount[3]:CLK
  To:                          Watch_Dog_Reset/timercount[5]:E
  Delay (ns):                  9.537
  Slack (ns):                  9.464
  Arrival (ns):                15.915
  Required (ns):               25.379
  Setup (ns):                  0.649
  Minimum Period (ns):         10.536


Expanded Path 1
  From: Watch_Dog_Reset/timercount[3]:CLK
  To: Watch_Dog_Reset/timercount[1]:E
  data required time                             26.149
  data arrival time                          -   17.016
  slack                                          9.133
  ________________________________________________________
  Data arrival time calculation
  0.000                        clock_master/counter[1]:Q
               +     0.000          Clock source
  0.000                        clock_master/counter[1]:Q (r)
               +     2.660          Clock generation
  2.660
               +     3.718          net: counter[1]
  6.378                        Watch_Dog_Reset/timercount[3]:CLK (r)
               +     0.797          cell: ADLIB:DFN1E0
  7.175                        Watch_Dog_Reset/timercount[3]:Q (f)
               +     0.999          net: Watch_Dog_Reset/timercount[3]
  8.174                        Watch_Dog_Reset/timercount_RNICL2S[3]:B (f)
               +     1.062          cell: ADLIB:NOR2
  9.236                        Watch_Dog_Reset/timercount_RNICL2S[3]:Y (r)
               +     0.257          net: Watch_Dog_Reset/m40_e_3
  9.493                        Watch_Dog_Reset/timercount_RNITF5O1[6]:A (r)
               +     0.945          cell: ADLIB:NOR3A
  10.438                       Watch_Dog_Reset/timercount_RNITF5O1[6]:Y (r)
               +     1.048          net: Watch_Dog_Reset/m40_e_6
  11.486                       Watch_Dog_Reset/timercount_RNIIOJD4[1]:C (r)
               +     1.077          cell: ADLIB:NOR3C
  12.563                       Watch_Dog_Reset/timercount_RNIIOJD4[1]:Y (r)
               +     0.244          net: Watch_Dog_Reset/N_63
  12.807                       Watch_Dog_Reset/timercount_RNI7ESA5[10]:S (r)
               +     0.500          cell: ADLIB:MX2C
  13.307                       Watch_Dog_Reset/timercount_RNI7ESA5[10]:Y (f)
               +     0.244          net: Watch_Dog_Reset/N_51_mux
  13.551                       Watch_Dog_Reset/timercount_RNIL7AM5[10]:A (f)
               +     0.699          cell: ADLIB:NOR2
  14.250                       Watch_Dog_Reset/timercount_RNIL7AM5[10]:Y (r)
               +     2.766          net: Watch_Dog_Reset/timercount_0_sqmuxa
  17.016                       Watch_Dog_Reset/timercount[1]:E (r)
                                    
  17.016                       data arrival time
  ________________________________________________________
  Data required time calculation
  20.000                       clock_master/counter[1]:Q
               +     0.000          Clock source
  20.000                       clock_master/counter[1]:Q (r)
               +     2.660          Clock generation
  22.660
               +     4.138          net: counter[1]
  26.798                       Watch_Dog_Reset/timercount[1]:CLK (r)
               -     0.649          Library setup time: ADLIB:DFN1E0
  26.149                       Watch_Dog_Reset/timercount[1]:E
                                    
  26.149                       data required time


END SET Register to Register

----------------------------------------------------

SET External Setup

Path 1
  From:                        ResetIn
  To:                          Watch_Dog_Reset/timercount[8]:D
  Delay (ns):                  6.775
  Slack (ns):
  Arrival (ns):                6.775
  Required (ns):
  Setup (ns):                  0.784
  External Setup (ns):         1.259

Path 2
  From:                        ResetIn
  To:                          Watch_Dog_Reset/timercount[1]:E
  Delay (ns):                  7.362
  Slack (ns):
  Arrival (ns):                7.362
  Required (ns):
  Setup (ns):                  0.649
  External Setup (ns):         1.213

Path 3
  From:                        ResetIn
  To:                          Watch_Dog_Reset/timercount[5]:D
  Delay (ns):                  6.346
  Slack (ns):
  Arrival (ns):                6.346
  Required (ns):
  Setup (ns):                  0.784
  External Setup (ns):         1.102

Path 4
  From:                        ResetIn
  To:                          Watch_Dog_Reset/timercount[3]:D
  Delay (ns):                  6.641
  Slack (ns):
  Arrival (ns):                6.641
  Required (ns):
  Setup (ns):                  0.784
  External Setup (ns):         1.047

Path 5
  From:                        ResetIn
  To:                          Watch_Dog_Reset/timercount[9]:E
  Delay (ns):                  7.114
  Slack (ns):
  Arrival (ns):                7.114
  Required (ns):
  Setup (ns):                  0.649
  External Setup (ns):         0.965


Expanded Path 1
  From: ResetIn
  To: Watch_Dog_Reset/timercount[8]:D
  data required time                             N/C
  data arrival time                          -   6.775
  slack                                          N/C
  ________________________________________________________
  Data arrival time calculation
  0.000                        ResetIn (f)
               +     0.000          net: ResetIn
  0.000                        ResetIn_pad/U0/U0:PAD (f)
               +     0.578          cell: ADLIB:IOPAD_IN
  0.578                        ResetIn_pad/U0/U0:Y (f)
               +     0.000          net: ResetIn_pad/U0/NET1
  0.578                        ResetIn_pad/U0/U1:YIN (f)
               +     0.184          cell: ADLIB:IOIN_IB
  0.762                        ResetIn_pad/U0/U1:Y (f)
               +     4.753          net: ResetIn_c
  5.515                        Watch_Dog_Reset/timercount_RNO[8]:C (f)
               +     1.003          cell: ADLIB:XA1B
  6.518                        Watch_Dog_Reset/timercount_RNO[8]:Y (r)
               +     0.257          net: Watch_Dog_Reset/timercount_n8
  6.775                        Watch_Dog_Reset/timercount[8]:D (r)
                                    
  6.775                        data arrival time
  ________________________________________________________
  Data required time calculation
  N/C                          clock_master/counter[1]:Q
               +     0.000          Clock source
  N/C                          clock_master/counter[1]:Q (r)
               +     2.660          Clock generation
  N/C
               +     3.640          net: counter[1]
  N/C                          Watch_Dog_Reset/timercount[8]:CLK (r)
               -     0.784          Library setup time: ADLIB:DFN1E0
  N/C                          Watch_Dog_Reset/timercount[8]:D


END SET External Setup

----------------------------------------------------

SET Clock to Output

Path 1
  From:                        Watch_Dog_Reset/timerexpired:CLK
  To:                          uCReset
  Delay (ns):                  7.952
  Slack (ns):
  Arrival (ns):                15.042
  Required (ns):
  Clock to Out (ns):           15.042


Expanded Path 1
  From: Watch_Dog_Reset/timerexpired:CLK
  To: uCReset
  data required time                             N/C
  data arrival time                          -   15.042
  slack                                          N/C
  ________________________________________________________
  Data arrival time calculation
  0.000                        clock_master/counter[1]:Q
               +     0.000          Clock source
  0.000                        clock_master/counter[1]:Q (r)
               +     2.660          Clock generation
  2.660
               +     4.430          net: counter[1]
  7.090                        Watch_Dog_Reset/timerexpired:CLK (r)
               +     0.797          cell: ADLIB:DFN1
  7.887                        Watch_Dog_Reset/timerexpired:Q (f)
               +     2.721          net: uCReset_c
  10.608                       uCReset_pad/U0/U1:D (f)
               +     0.916          cell: ADLIB:IOTRI_OB_EB
  11.524                       uCReset_pad/U0/U1:DOUT (f)
               +     0.000          net: uCReset_pad/U0/NET1
  11.524                       uCReset_pad/U0/U0:D (f)
               +     3.518          cell: ADLIB:IOPAD_TRI
  15.042                       uCReset_pad/U0/U0:PAD (f)
               +     0.000          net: uCReset
  15.042                       uCReset (f)
                                    
  15.042                       data arrival time
  ________________________________________________________
  Data required time calculation
  N/C                          clock_master/counter[1]:Q
               +     0.000          Clock source
  N/C                          clock_master/counter[1]:Q (r)
               +     2.660          Clock generation
  N/C
                                    
  N/C                          uCReset (f)


END SET Clock to Output

----------------------------------------------------

SET Register to Asynchronous

No Path

END SET Register to Asynchronous

----------------------------------------------------

SET External Recovery

No Path

END SET External Recovery

----------------------------------------------------

SET Asynchronous to Register

No Path

END SET Asynchronous to Register

----------------------------------------------------

Clock Domain clock_master/counter[2]:Q

SET Register to Register

Path 1
  From:                        matrix_read04/stage[3]:CLK
  To:                          matrix_read04/data01[0]:E
  Delay (ns):                  8.648
  Slack (ns):                  30.887
  Arrival (ns):                14.110
  Required (ns):               44.997
  Setup (ns):                  0.534
  Minimum Period (ns):         9.113

Path 2
  From:                        matrix_read04/stage[1]:CLK
  To:                          matrix_read04/stage[4]:D
  Delay (ns):                  8.223
  Slack (ns):                  30.913
  Arrival (ns):                13.685
  Required (ns):               44.598
  Setup (ns):                  0.808
  Minimum Period (ns):         9.087

Path 3
  From:                        matrix_read04/stage[0]:CLK
  To:                          matrix_read04/stage[4]:D
  Delay (ns):                  8.157
  Slack (ns):                  30.979
  Arrival (ns):                13.619
  Required (ns):               44.598
  Setup (ns):                  0.808
  Minimum Period (ns):         9.021

Path 4
  From:                        iobank62debounce/DebounceTimer[1]:CLK
  To:                          iobank62debounce/DebounceTimer[8]:D
  Delay (ns):                  8.147
  Slack (ns):                  31.043
  Arrival (ns):                13.672
  Required (ns):               44.715
  Setup (ns):                  0.808
  Minimum Period (ns):         8.957

Path 5
  From:                        matrix_read04/stage[5]:CLK
  To:                          matrix_read04/data01[0]:E
  Delay (ns):                  8.462
  Slack (ns):                  31.129
  Arrival (ns):                13.868
  Required (ns):               44.997
  Setup (ns):                  0.534
  Minimum Period (ns):         8.871


Expanded Path 1
  From: matrix_read04/stage[3]:CLK
  To: matrix_read04/data01[0]:E
  data required time                             44.997
  data arrival time                          -   14.110
  slack                                          30.887
  ________________________________________________________
  Data arrival time calculation
  0.000                        clock_master/counter[2]:Q
               +     0.000          Clock source
  0.000                        clock_master/counter[2]:Q (r)
               +     2.434          Clock generation
  2.434
               +     1.154          net: clock_master/counter_i[2]
  3.588                        clock_master/counter_RNIFBO8[2]:A (r)
               +     1.197          cell: ADLIB:CLKINT
  4.785                        clock_master/counter_RNIFBO8[2]:Y (r)
               +     0.677          net: Clock03
  5.462                        matrix_read04/stage[3]:CLK (r)
               +     0.886          cell: ADLIB:DFN1
  6.348                        matrix_read04/stage[3]:Q (f)
               +     2.036          net: matrix_read04/stage[3]
  8.384                        matrix_read04/stage_RNI3V3_0[4]:B (f)
               +     0.857          cell: ADLIB:NOR2A
  9.241                        matrix_read04/stage_RNI3V3_0[4]:Y (r)
               +     0.365          net: matrix_read04/N_64
  9.606                        matrix_read04/stage_RNI3NB_0[0]:C (r)
               +     1.076          cell: ADLIB:NOR3C
  10.682                       matrix_read04/stage_RNI3NB_0[0]:Y (r)
               +     3.428          net: matrix_read04/ctrl12
  14.110                       matrix_read04/data01[0]:E (r)
                                    
  14.110                       data arrival time
  ________________________________________________________
  Data required time calculation
  40.000                       clock_master/counter[2]:Q
               +     0.000          Clock source
  40.000                       clock_master/counter[2]:Q (r)
               +     2.434          Clock generation
  42.434
               +     1.154          net: clock_master/counter_i[2]
  43.588                       clock_master/counter_RNIFBO8[2]:A (r)
               +     1.197          cell: ADLIB:CLKINT
  44.785                       clock_master/counter_RNIFBO8[2]:Y (r)
               +     0.746          net: Clock03
  45.531                       matrix_read04/data01[0]:CLK (r)
               -     0.534          Library setup time: ADLIB:DFN1E1
  44.997                       matrix_read04/data01[0]:E
                                    
  44.997                       data required time


END SET Register to Register

----------------------------------------------------

SET External Setup

Path 1
  From:                        LogicReset
  To:                          iobank6Adebounce/DebounceTimer[0]:E
  Delay (ns):                  11.210
  Slack (ns):
  Arrival (ns):                11.210
  Required (ns):
  Setup (ns):                  0.534
  External Setup (ns):         6.179

Path 2
  From:                        LogicReset
  To:                          iobank63debounce/DebounceTimer[7]:D
  Delay (ns):                  10.769
  Slack (ns):
  Arrival (ns):                10.769
  Required (ns):
  Setup (ns):                  0.808
  External Setup (ns):         6.048

Path 3
  From:                        LogicReset
  To:                          iobank63debounce/DebounceTimer[8]:D
  Delay (ns):                  10.689
  Slack (ns):
  Arrival (ns):                10.689
  Required (ns):
  Setup (ns):                  0.757
  External Setup (ns):         5.917

Path 4
  From:                        LogicReset
  To:                          iobank67debounce/DebounceTimer[7]:E
  Delay (ns):                  10.605
  Slack (ns):
  Arrival (ns):                10.605
  Required (ns):
  Setup (ns):                  0.534
  External Setup (ns):         5.610

Path 5
  From:                        LogicReset
  To:                          iobank6Adebounce/DebounceTimer[1]:E
  Delay (ns):                  10.606
  Slack (ns):
  Arrival (ns):                10.606
  Required (ns):
  Setup (ns):                  0.534
  External Setup (ns):         5.575


Expanded Path 1
  From: LogicReset
  To: iobank6Adebounce/DebounceTimer[0]:E
  data required time                             N/C
  data arrival time                          -   11.210
  slack                                          N/C
  ________________________________________________________
  Data arrival time calculation
  0.000                        LogicReset (r)
               +     0.000          net: LogicReset
  0.000                        LogicReset_pad/U0/U0:PAD (r)
               +     0.862          cell: ADLIB:IOPAD_IN
  0.862                        LogicReset_pad/U0/U0:Y (r)
               +     0.000          net: LogicReset_pad/U0/NET1
  0.862                        LogicReset_pad/U0/U1:YIN (r)
               +     0.188          cell: ADLIB:IOIN_IB
  1.050                        LogicReset_pad/U0/U1:Y (r)
               +     2.628          net: LogicReset_pad
  3.678                        LogicReset_pad_RNI5AOB:A (r)
               +     1.197          cell: ADLIB:CLKINT
  4.875                        LogicReset_pad_RNI5AOB:Y (r)
               +     0.795          net: LogicReset_c
  5.670                        iobank6Adebounce/Changing_RNI20FD:B (r)
               +     0.574          cell: ADLIB:NOR2
  6.244                        iobank6Adebounce/Changing_RNI20FD:Y (f)
               +     1.253          net: iobank6Adebounce/un1_previousposition7
  7.497                        iobank6Adebounce/DebounceTimer_RNIM7TM_0[8]:B (f)
               +     1.241          cell: ADLIB:OR2B
  8.738                        iobank6Adebounce/DebounceTimer_RNIM7TM_0[8]:Y (r)
               +     2.472          net: iobank6Adebounce/DebounceTimere
  11.210                       iobank6Adebounce/DebounceTimer[0]:E (r)
                                    
  11.210                       data arrival time
  ________________________________________________________
  Data required time calculation
  N/C                          clock_master/counter[2]:Q
               +     0.000          Clock source
  N/C                          clock_master/counter[2]:Q (r)
               +     2.434          Clock generation
  N/C
               +     1.154          net: clock_master/counter_i[2]
  N/C                          clock_master/counter_RNIFBO8[2]:A (r)
               +     1.197          cell: ADLIB:CLKINT
  N/C                          clock_master/counter_RNIFBO8[2]:Y (r)
               +     0.780          net: Clock03
  N/C                          iobank6Adebounce/DebounceTimer[0]:CLK (r)
               -     0.534          Library setup time: ADLIB:DFN1E1
  N/C                          iobank6Adebounce/DebounceTimer[0]:E


END SET External Setup

----------------------------------------------------

SET Clock to Output

Path 1
  From:                        matrix_read04/ctrl[4]:CLK
  To:                          inputs67_ctrl[4]
  Delay (ns):                  7.003
  Slack (ns):
  Arrival (ns):                12.465
  Required (ns):
  Clock to Out (ns):           12.465

Path 2
  From:                        matrix_read04/ctrl[1]:CLK
  To:                          inputs67_ctrl[1]
  Delay (ns):                  7.016
  Slack (ns):
  Arrival (ns):                12.461
  Required (ns):
  Clock to Out (ns):           12.461

Path 3
  From:                        matrix_read04/ctrl[2]:CLK
  To:                          inputs67_ctrl[2]
  Delay (ns):                  6.646
  Slack (ns):
  Arrival (ns):                12.108
  Required (ns):
  Clock to Out (ns):           12.108

Path 4
  From:                        matrix_read04/ctrl[0]:CLK
  To:                          inputs67_ctrl[0]
  Delay (ns):                  6.541
  Slack (ns):
  Arrival (ns):                12.003
  Required (ns):
  Clock to Out (ns):           12.003

Path 5
  From:                        matrix_read04/ctrl[3]:CLK
  To:                          inputs67_ctrl[3]
  Delay (ns):                  5.989
  Slack (ns):
  Arrival (ns):                11.451
  Required (ns):
  Clock to Out (ns):           11.451


Expanded Path 1
  From: matrix_read04/ctrl[4]:CLK
  To: inputs67_ctrl[4]
  data required time                             N/C
  data arrival time                          -   12.465
  slack                                          N/C
  ________________________________________________________
  Data arrival time calculation
  0.000                        clock_master/counter[2]:Q
               +     0.000          Clock source
  0.000                        clock_master/counter[2]:Q (r)
               +     2.434          Clock generation
  2.434
               +     1.154          net: clock_master/counter_i[2]
  3.588                        clock_master/counter_RNIFBO8[2]:A (r)
               +     1.197          cell: ADLIB:CLKINT
  4.785                        clock_master/counter_RNIFBO8[2]:Y (r)
               +     0.677          net: Clock03
  5.462                        matrix_read04/ctrl[4]:CLK (r)
               +     0.886          cell: ADLIB:DFN1
  6.348                        matrix_read04/ctrl[4]:Q (f)
               +     3.046          net: inputs67_ctrl_c[4]
  9.394                        inputs67_ctrl_pad[4]/U0/U1:D (f)
               +     0.916          cell: ADLIB:IOTRI_OB_EB
  10.310                       inputs67_ctrl_pad[4]/U0/U1:DOUT (f)
               +     0.000          net: inputs67_ctrl_pad[4]/U0/NET1
  10.310                       inputs67_ctrl_pad[4]/U0/U0:D (f)
               +     2.155          cell: ADLIB:IOPAD_TRI
  12.465                       inputs67_ctrl_pad[4]/U0/U0:PAD (f)
               +     0.000          net: inputs67_ctrl[4]
  12.465                       inputs67_ctrl[4] (f)
                                    
  12.465                       data arrival time
  ________________________________________________________
  Data required time calculation
  N/C                          clock_master/counter[2]:Q
               +     0.000          Clock source
  N/C                          clock_master/counter[2]:Q (r)
               +     2.434          Clock generation
  N/C
                                    
  N/C                          inputs67_ctrl[4] (f)


END SET Clock to Output

----------------------------------------------------

SET Register to Asynchronous

No Path

END SET Register to Asynchronous

----------------------------------------------------

SET External Recovery

No Path

END SET External Recovery

----------------------------------------------------

SET Asynchronous to Register

No Path

END SET Asynchronous to Register

----------------------------------------------------

Clock Domain clock_master/counter[7]:Q

SET Register to Register

Path 1
  From:                        A2DRead/DataRegU1Ch1a[5]:CLK
  To:                          A2DRead/DataRegU1Ch1[15]:D
  Delay (ns):                  31.929
  Slack (ns):                  286.971
  Arrival (ns):                38.827
  Required (ns):               325.798
  Setup (ns):                  0.808
  Minimum Period (ns):         33.029

Path 2
  From:                        A2DRead/DataRegU1Ch1p[5]:CLK
  To:                          A2DRead/DataRegU1Ch1[15]:D
  Delay (ns):                  31.315
  Slack (ns):                  287.585
  Arrival (ns):                38.213
  Required (ns):               325.798
  Setup (ns):                  0.808
  Minimum Period (ns):         32.415

Path 3
  From:                        A2DRead/DataRegU1Ch1b[5]:CLK
  To:                          A2DRead/DataRegU1Ch1[15]:D
  Delay (ns):                  30.967
  Slack (ns):                  287.933
  Arrival (ns):                37.865
  Required (ns):               325.798
  Setup (ns):                  0.808
  Minimum Period (ns):         32.067

Path 4
  From:                        A2DRead/DataRegU1Ch1a[5]:CLK
  To:                          A2DRead/DataRegU1Ch1[12]:D
  Delay (ns):                  30.655
  Slack (ns):                  288.194
  Arrival (ns):                37.553
  Required (ns):               325.747
  Setup (ns):                  0.808
  Minimum Period (ns):         31.806

Path 5
  From:                        A2DRead/DataRegU1Ch1e[5]:CLK
  To:                          A2DRead/DataRegU1Ch1[15]:D
  Delay (ns):                  30.331
  Slack (ns):                  288.569
  Arrival (ns):                37.229
  Required (ns):               325.798
  Setup (ns):                  0.808
  Minimum Period (ns):         31.431


Expanded Path 1
  From: A2DRead/DataRegU1Ch1a[5]:CLK
  To: A2DRead/DataRegU1Ch1[15]:D
  data required time                             325.798
  data arrival time                          -   38.827
  slack                                          286.971
  ________________________________________________________
  Data arrival time calculation
  0.000                        clock_master/counter[7]:Q
               +     0.000          Clock source
  0.000                        clock_master/counter[7]:Q (r)
               +     3.593          Clock generation
  3.593
               +     1.122          net: clock_master/counter_i[7]
  4.715                        clock_master/counter_RNIKGO8[7]:A (r)
               +     1.197          cell: ADLIB:CLKINT
  5.912                        clock_master/counter_RNIKGO8[7]:Y (r)
               +     0.986          net: Clock04
  6.898                        A2DRead/DataRegU1Ch1a[5]:CLK (r)
               +     0.663          cell: ADLIB:DFN1E1
  7.561                        A2DRead/DataRegU1Ch1a[5]:Q (r)
               +     1.341          net: A2DRead/DataRegU1Ch1a[5]
  8.902                        A2DRead/DataRegU1Ch1p_RNIBOI4_0[5]:B (r)
               +     1.641          cell: ADLIB:MAJ3
  10.543                       A2DRead/DataRegU1Ch1p_RNIBOI4_0[5]:Y (r)
               +     1.241          net: A2DRead/N_1450
  11.784                       A2DRead/DataRegU1Ch1f_RNIUOVN_0[6]:B (r)
               +     1.429          cell: ADLIB:MAJ3
  13.213                       A2DRead/DataRegU1Ch1f_RNIUOVN_0[6]:Y (r)
               +     0.448          net: A2DRead/N_1486
  13.661                       A2DRead/DataRegU1Ch1j_RNIJF0M2_0[7]:A (r)
               +     1.382          cell: ADLIB:OA1
  15.043                       A2DRead/DataRegU1Ch1j_RNIJF0M2_0[7]:Y (r)
               +     0.328          net: A2DRead/un60_dataregu1ch1_408_0
  15.371                       A2DRead/DataRegU1Ch1f_RNI7M284[6]:A (r)
               +     0.467          cell: ADLIB:OR2
  15.838                       A2DRead/DataRegU1Ch1f_RNI7M284[6]:Y (r)
               +     1.283          net: A2DRead/N_1520
  17.121                       A2DRead/DataRegU1Ch1o_RNIG68J8[7]:C (r)
               +     2.147          cell: ADLIB:XOR3
  19.268                       A2DRead/DataRegU1Ch1o_RNIG68J8[7]:Y (r)
               +     0.427          net: A2DRead/N_1551
  19.695                       A2DRead/DataRegU1Ch1f_RNIK7CCG[6]:C (r)
               +     0.952          cell: ADLIB:AO1
  20.647                       A2DRead/DataRegU1Ch1f_RNIK7CCG[6]:Y (r)
               +     0.257          net: A2DRead/un60_dataregu1ch1_498_0_tz_out
  20.904                       A2DRead/DataRegU1Ch1f_RNIVJP941[6]:B (r)
               +     1.220          cell: ADLIB:OA1
  22.124                       A2DRead/DataRegU1Ch1f_RNIVJP941[6]:Y (r)
               +     0.257          net: A2DRead/un60_dataregu1ch1_498_0
  22.381                       A2DRead/DataRegU1Ch1f_RNIT6APP1[6]:C (r)
               +     0.924          cell: ADLIB:AO1
  23.305                       A2DRead/DataRegU1Ch1f_RNIT6APP1[6]:Y (r)
               +     0.343          net: A2DRead/N_1556
  23.648                       A2DRead/DataRegU1Ch1f_RNIKKTT83[8]:B (r)
               +     1.356          cell: ADLIB:MAJ3
  25.004                       A2DRead/DataRegU1Ch1f_RNIKKTT83[8]:Y (r)
               +     1.596          net: A2DRead/N_1586
  26.600                       A2DRead/un60_dataregu1ch1_824_ADD_11x11_fast_I5_P0N:B (r)
               +     0.957          cell: ADLIB:OR2
  27.557                       A2DRead/un60_dataregu1ch1_824_ADD_11x11_fast_I5_P0N:Y (r)
               +     1.119          net: A2DRead/N169_0
  28.676                       A2DRead/un60_dataregu1ch1_824_ADD_11x11_fast_I22_Y:B (r)
               +     0.879          cell: ADLIB:NOR2B
  29.555                       A2DRead/un60_dataregu1ch1_824_ADD_11x11_fast_I22_Y:Y (r)
               +     0.455          net: A2DRead/N199
  30.010                       A2DRead/un60_dataregu1ch1_824_ADD_11x11_fast_I43_Y:B (r)
               +     0.965          cell: ADLIB:AO1
  30.975                       A2DRead/un60_dataregu1ch1_824_ADD_11x11_fast_I43_Y:Y (r)
               +     1.556          net: A2DRead/N223_0
  32.531                       A2DRead/un60_dataregu1ch1_824_ADD_11x11_fast_I55_un1_Y:B (r)
               +     0.949          cell: ADLIB:NOR2B
  33.480                       A2DRead/un60_dataregu1ch1_824_ADD_11x11_fast_I55_un1_Y:Y (r)
               +     0.248          net: A2DRead/I55_un1_Y
  33.728                       A2DRead/un60_dataregu1ch1_824_ADD_11x11_fast_I70_Y_2:C (r)
               +     0.806          cell: ADLIB:OR3
  34.534                       A2DRead/un60_dataregu1ch1_824_ADD_11x11_fast_I70_Y_2:Y (r)
               +     0.244          net: A2DRead/ADD_11x11_fast_I70_Y_2_0
  34.778                       A2DRead/un60_dataregu1ch1_824_ADD_11x11_fast_I70_Y:C (r)
               +     1.000          cell: ADLIB:AO1
  35.778                       A2DRead/un60_dataregu1ch1_824_ADD_11x11_fast_I70_Y:Y (r)
               +     0.276          net: A2DRead/N269
  36.054                       A2DRead/un60_dataregu1ch1_824_ADD_11x11_fast_I91_Y:C (r)
               +     1.319          cell: ADLIB:XOR3
  37.373                       A2DRead/un60_dataregu1ch1_824_ADD_11x11_fast_I91_Y:Y (f)
               +     1.454          net: A2DRead/un60_dataregu1ch1[14]
  38.827                       A2DRead/DataRegU1Ch1[15]:D (f)
                                    
  38.827                       data arrival time
  ________________________________________________________
  Data required time calculation
  320.000                      clock_master/counter[7]:Q
               +     0.000          Clock source
  320.000                      clock_master/counter[7]:Q (r)
               +     3.593          Clock generation
  323.593
               +     1.122          net: clock_master/counter_i[7]
  324.715                      clock_master/counter_RNIKGO8[7]:A (r)
               +     1.197          cell: ADLIB:CLKINT
  325.912                      clock_master/counter_RNIKGO8[7]:Y (r)
               +     0.694          net: Clock04
  326.606                      A2DRead/DataRegU1Ch1[15]:CLK (r)
               -     0.808          Library setup time: ADLIB:DFN1E1
  325.798                      A2DRead/DataRegU1Ch1[15]:D
                                    
  325.798                      data required time


END SET Register to Register

----------------------------------------------------

SET External Setup

Path 1
  From:                        LogicReset
  To:                          heart_beat/counter[18]:D
  Delay (ns):                  24.896
  Slack (ns):
  Arrival (ns):                24.896
  Required (ns):
  Setup (ns):                  0.757
  External Setup (ns):         19.056

Path 2
  From:                        LogicReset
  To:                          heart_beat/counter[17]:D
  Delay (ns):                  24.552
  Slack (ns):
  Arrival (ns):                24.552
  Required (ns):
  Setup (ns):                  0.757
  External Setup (ns):         18.721

Path 3
  From:                        LogicReset
  To:                          heart_beat/counter[16]:D
  Delay (ns):                  23.878
  Slack (ns):
  Arrival (ns):                23.878
  Required (ns):
  Setup (ns):                  0.808
  External Setup (ns):         18.089

Path 4
  From:                        LogicReset
  To:                          heart_beat/counter[15]:D
  Delay (ns):                  21.396
  Slack (ns):
  Arrival (ns):                21.396
  Required (ns):
  Setup (ns):                  0.757
  External Setup (ns):         15.478

Path 5
  From:                        LogicReset
  To:                          heart_beat/counter[14]:D
  Delay (ns):                  21.210
  Slack (ns):
  Arrival (ns):                21.210
  Required (ns):
  Setup (ns):                  0.757
  External Setup (ns):         15.292


Expanded Path 1
  From: LogicReset
  To: heart_beat/counter[18]:D
  data required time                             N/C
  data arrival time                          -   24.896
  slack                                          N/C
  ________________________________________________________
  Data arrival time calculation
  0.000                        LogicReset (f)
               +     0.000          net: LogicReset
  0.000                        LogicReset_pad/U0/U0:PAD (f)
               +     0.578          cell: ADLIB:IOPAD_IN
  0.578                        LogicReset_pad/U0/U0:Y (f)
               +     0.000          net: LogicReset_pad/U0/NET1
  0.578                        LogicReset_pad/U0/U1:YIN (f)
               +     0.184          cell: ADLIB:IOIN_IB
  0.762                        LogicReset_pad/U0/U1:Y (f)
               +     2.783          net: LogicReset_pad
  3.545                        LogicReset_pad_RNI5AOB:A (f)
               +     1.294          cell: ADLIB:CLKINT
  4.839                        LogicReset_pad_RNI5AOB:Y (f)
               +     0.736          net: LogicReset_c
  5.575                        A2DRead/m16:B (f)
               +     0.471          cell: ADLIB:NOR2A
  6.046                        A2DRead/m16:Y (r)
               +     1.775          net: A2DRead_AdClock_0_sqmuxa
  7.821                        heart_beat/un1_counter_1_m1:B (r)
               +     0.686          cell: ADLIB:NOR2B
  8.507                        heart_beat/un1_counter_1_m1:Y (r)
               +     0.353          net: heart_beat/N_2_i
  8.860                        heart_beat/un1_counter_1_m2:B (r)
               +     0.770          cell: ADLIB:NOR2B
  9.630                        heart_beat/un1_counter_1_m2:Y (r)
               +     0.341          net: heart_beat/N_3_i
  9.971                        heart_beat/un1_counter_1_m5:B (r)
               +     0.907          cell: ADLIB:MX2C
  10.878                       heart_beat/un1_counter_1_m5:Y (f)
               +     0.388          net: heart_beat/i3_mux
  11.266                       heart_beat/un1_counter_1_m8:B (f)
               +     1.354          cell: ADLIB:AO13
  12.620                       heart_beat/un1_counter_1_m8:Y (f)
               +     0.448          net: heart_beat/i5_mux
  13.068                       heart_beat/un1_counter_1_m10:C (f)
               +     0.731          cell: ADLIB:NOR3B
  13.799                       heart_beat/un1_counter_1_m10:Y (r)
               +     0.485          net: heart_beat/N_11_i
  14.284                       heart_beat/un1_counter_1_m12:B (r)
               +     0.885          cell: ADLIB:NOR3C
  15.169                       heart_beat/un1_counter_1_m12:Y (r)
               +     0.445          net: heart_beat/N_13_i
  15.614                       heart_beat/un1_counter_1_m14:B (r)
               +     0.876          cell: ADLIB:NOR3C
  16.490                       heart_beat/un1_counter_1_m14:Y (r)
               +     0.260          net: heart_beat/N_15_i
  16.750                       heart_beat/un1_counter_1_m16:B (r)
               +     0.831          cell: ADLIB:NOR3C
  17.581                       heart_beat/un1_counter_1_m16:Y (r)
               +     0.428          net: heart_beat/N_17_i
  18.009                       heart_beat/un1_counter_1_m18:B (r)
               +     0.872          cell: ADLIB:NOR3C
  18.881                       heart_beat/un1_counter_1_m18:Y (r)
               +     0.428          net: heart_beat/N_19_i
  19.309                       heart_beat/un1_counter_1_m20:B (r)
               +     0.872          cell: ADLIB:NOR3C
  20.181                       heart_beat/un1_counter_1_m20:Y (r)
               +     2.429          net: heart_beat/N_21_i
  22.610                       heart_beat/un1_counter_1_m21:A (r)
               +     0.674          cell: ADLIB:NOR2B
  23.284                       heart_beat/un1_counter_1_m21:Y (r)
               +     0.302          net: heart_beat/N_22_i
  23.586                       heart_beat/un1_counter_1_ADD_19x19_fast_I121_Y:B (r)
               +     1.045          cell: ADLIB:AX1C
  24.631                       heart_beat/un1_counter_1_ADD_19x19_fast_I121_Y:Y (r)
               +     0.265          net: heart_beat/ADD_19x19_fast_I121_Y
  24.896                       heart_beat/counter[18]:D (r)
                                    
  24.896                       data arrival time
  ________________________________________________________
  Data required time calculation
  N/C                          clock_master/counter[7]:Q
               +     0.000          Clock source
  N/C                          clock_master/counter[7]:Q (r)
               +     3.593          Clock generation
  N/C
               +     1.122          net: clock_master/counter_i[7]
  N/C                          clock_master/counter_RNIKGO8[7]:A (r)
               +     1.197          cell: ADLIB:CLKINT
  N/C                          clock_master/counter_RNIKGO8[7]:Y (r)
               +     0.685          net: Clock04
  N/C                          heart_beat/counter[18]:CLK (r)
               -     0.757          Library setup time: ADLIB:DFN1
  N/C                          heart_beat/counter[18]:D


END SET External Setup

----------------------------------------------------

SET Clock to Output

Path 1
  From:                        snkpout01/PWMOut:CLK
  To:                          AN2DimControl
  Delay (ns):                  12.034
  Slack (ns):
  Arrival (ns):                18.709
  Required (ns):
  Clock to Out (ns):           18.709

Path 2
  From:                        snkpout01/PWMOut:CLK
  To:                          EncLgtControl
  Delay (ns):                  11.775
  Slack (ns):
  Arrival (ns):                18.450
  Required (ns):
  Clock to Out (ns):           18.450

Path 3
  From:                        snkpout01/PWMOut:CLK
  To:                          AN5NRMControl
  Delay (ns):                  10.703
  Slack (ns):
  Arrival (ns):                17.378
  Required (ns):
  Clock to Out (ns):           17.378

Path 4
  From:                        snkpout01/PWMOut:CLK
  To:                          AN3DimControl
  Delay (ns):                  10.530
  Slack (ns):
  Arrival (ns):                17.205
  Required (ns):
  Clock to Out (ns):           17.205

Path 5
  From:                        snkpout01/PWMOut:CLK
  To:                          AN6PTTControl
  Delay (ns):                  10.454
  Slack (ns):
  Arrival (ns):                17.129
  Required (ns):
  Clock to Out (ns):           17.129


Expanded Path 1
  From: snkpout01/PWMOut:CLK
  To: AN2DimControl
  data required time                             N/C
  data arrival time                          -   18.709
  slack                                          N/C
  ________________________________________________________
  Data arrival time calculation
  0.000                        clock_master/counter[7]:Q
               +     0.000          Clock source
  0.000                        clock_master/counter[7]:Q (r)
               +     3.593          Clock generation
  3.593
               +     1.122          net: clock_master/counter_i[7]
  4.715                        clock_master/counter_RNIKGO8[7]:A (r)
               +     1.197          cell: ADLIB:CLKINT
  5.912                        clock_master/counter_RNIKGO8[7]:Y (r)
               +     0.763          net: Clock04
  6.675                        snkpout01/PWMOut:CLK (r)
               +     0.663          cell: ADLIB:DFN1
  7.338                        snkpout01/PWMOut:Q (r)
               +     3.090          net: PnlLgtControl_c
  10.428                       bitcontrol01latch/output_RNI9S2R[5]:A (r)
               +     1.736          cell: ADLIB:OA1
  12.164                       bitcontrol01latch/output_RNI9S2R[5]:Y (r)
               +     2.245          net: AN2DimControl_c
  14.409                       AN2DimControl_pad/U0/U1:D (r)
               +     0.885          cell: ADLIB:IOTRI_OB_EB
  15.294                       AN2DimControl_pad/U0/U1:DOUT (r)
               +     0.000          net: AN2DimControl_pad/U0/NET1
  15.294                       AN2DimControl_pad/U0/U0:D (r)
               +     3.415          cell: ADLIB:IOPAD_TRI
  18.709                       AN2DimControl_pad/U0/U0:PAD (r)
               +     0.000          net: AN2DimControl
  18.709                       AN2DimControl (r)
                                    
  18.709                       data arrival time
  ________________________________________________________
  Data required time calculation
  N/C                          clock_master/counter[7]:Q
               +     0.000          Clock source
  N/C                          clock_master/counter[7]:Q (r)
               +     3.593          Clock generation
  N/C
                                    
  N/C                          AN2DimControl (r)


END SET Clock to Output

----------------------------------------------------

SET Register to Asynchronous

No Path

END SET Register to Asynchronous

----------------------------------------------------

SET External Recovery

No Path

END SET External Recovery

----------------------------------------------------

SET Asynchronous to Register

No Path

END SET Asynchronous to Register

----------------------------------------------------

Path set Pin to Pin

SET Input to Output

No Path

END SET Input to Output

----------------------------------------------------

Path set User Sets

