Timing Report Max Delay Analysis

SmartTime Version v11.7 SP1.1
Microsemi Corporation - Microsemi Libero Software Release v11.7 SP1.1 (Version 11.7.1.14)
Date: Thu Jul 27 09:57:53 2017


Design: mainprogram
Family: IGLOO
Die: AGLN250V5
Package: 100 VQFP
Temperature Range: 0 - 70 C
Voltage Range: 1.425 - 1.575 V
Speed Grade: STD
Design State: Post-Layout
Data source: Silicon verified
Min Operating Conditions: BEST - 1.575 V - 0 C
Max Operating Conditions: WORST - 1.425 V - 70 C
Using Enhanced Min Delay Analysis
Scenario for Timing Analysis: Primary


-----------------------------------------------------
SUMMARY

Clock Domain:               SerialClock
Period (ns):                8.462
Frequency (MHz):            118.175
Required Period (ns):       500.000
Required Frequency (MHz):   2.000
External Setup (ns):        12.693
External Hold (ns):         -1.230
Min Clock-To-Out (ns):      N/A
Max Clock-To-Out (ns):      N/A

Clock Domain:               XCLK
Period (ns):                11.297
Frequency (MHz):            88.519
Required Period (ns):       5.000
Required Frequency (MHz):   200.000
External Setup (ns):        11.975
External Hold (ns):         -2.126
Min Clock-To-Out (ns):      N/A
Max Clock-To-Out (ns):      N/A

Clock Domain:               clock_master/counter[0]:Q
Period (ns):                14.050
Frequency (MHz):            71.174
Required Period (ns):       10.000
Required Frequency (MHz):   100.000
External Setup (ns):        10.317
External Hold (ns):         0.142
Min Clock-To-Out (ns):      5.261
Max Clock-To-Out (ns):      16.723

Clock Domain:               clock_master/counter[1]:Q
Period (ns):                10.661
Frequency (MHz):            93.800
Required Period (ns):       20.000
Required Frequency (MHz):   50.000
External Setup (ns):        3.946
External Hold (ns):         0.774
Min Clock-To-Out (ns):      5.882
Max Clock-To-Out (ns):      14.807

Clock Domain:               clock_master/counter[2]:Q
Period (ns):                10.632
Frequency (MHz):            94.056
Required Period (ns):       40.000
Required Frequency (MHz):   25.000
External Setup (ns):        6.712
External Hold (ns):         1.623
Min Clock-To-Out (ns):      3.923
Max Clock-To-Out (ns):      12.451

Clock Domain:               clock_master/counter[7]:Q
Period (ns):                31.906
Frequency (MHz):            31.342
Required Period (ns):       320.000
Required Frequency (MHz):   3.125
External Setup (ns):        19.186
External Hold (ns):         1.817
Min Clock-To-Out (ns):      5.191
Max Clock-To-Out (ns):      19.075

                            Input to Output
Min Delay (ns):             N/A
Max Delay (ns):             N/A

END SUMMARY
-----------------------------------------------------

Clock Domain SerialClock

SET Register to Register

Path 1
  From:                        discretedutycycle01/cellindex[2]:CLK
  To:                          discretedutycycle01/paralleldata[1]:D
  Delay (ns):                  7.727
  Slack (ns):                  491.538
  Arrival (ns):                10.135
  Required (ns):               501.673
  Setup (ns):                  0.757
  Minimum Period (ns):         8.462

Path 2
  From:                        discretedutycycle01/cellindex[2]:CLK
  To:                          discretedutycycle01/paralleldata[3]:D
  Delay (ns):                  7.648
  Slack (ns):                  491.617
  Arrival (ns):                10.056
  Required (ns):               501.673
  Setup (ns):                  0.757
  Minimum Period (ns):         8.383

Path 3
  From:                        discretedutycycle01/cellindex[2]:CLK
  To:                          discretedutycycle01/paralleldata[2]:D
  Delay (ns):                  7.586
  Slack (ns):                  491.692
  Arrival (ns):                9.994
  Required (ns):               501.686
  Setup (ns):                  0.757
  Minimum Period (ns):         8.308

Path 4
  From:                        discretedutycycle01/cellindex[3]:CLK
  To:                          discretedutycycle01/paralleldata[7]:D
  Delay (ns):                  7.467
  Slack (ns):                  491.775
  Arrival (ns):                9.875
  Required (ns):               501.650
  Setup (ns):                  0.757
  Minimum Period (ns):         8.225

Path 5
  From:                        discretedutycycle01/cellindex[3]:CLK
  To:                          discretedutycycle01/paralleldata[1]:D
  Delay (ns):                  7.408
  Slack (ns):                  491.857
  Arrival (ns):                9.816
  Required (ns):               501.673
  Setup (ns):                  0.757
  Minimum Period (ns):         8.143


Expanded Path 1
  From: discretedutycycle01/cellindex[2]:CLK
  To: discretedutycycle01/paralleldata[1]:D
  data required time                             501.673
  data arrival time                          -   10.135
  slack                                          491.538
  ________________________________________________________
  Data arrival time calculation
  0.000                        SerialClock
               +     0.000          Clock source
  0.000                        SerialClock (r)
               +     0.000          net: SerialClock
  0.000                        SerialClock_pad/U0/U0:PAD (r)
               +     1.158          cell: ADLIB:IOPAD_IN
  1.158                        SerialClock_pad/U0/U0:Y (r)
               +     0.000          net: SerialClock_pad/U0/NET1
  1.158                        SerialClock_pad/U0/U1:A (r)
               +     0.636          cell: ADLIB:CLKIO
  1.794                        SerialClock_pad/U0/U1:Y (r)
               +     0.614          net: SerialClock_c
  2.408                        discretedutycycle01/cellindex[2]:CLK (r)
               +     0.886          cell: ADLIB:DFN1E0
  3.294                        discretedutycycle01/cellindex[2]:Q (f)
               +     1.246          net: discretedutycycle01/cellindex[2]
  4.540                        discretedutycycle01/cellindex_RNILCOL_1[3]:B (f)
               +     1.126          cell: ADLIB:NOR2
  5.666                        discretedutycycle01/cellindex_RNILCOL_1[3]:Y (r)
               +     1.400          net: discretedutycycle01/un1_paralleldata_2[3]
  7.066                        discretedutycycle01/paralleldata_RNO_1[1]:C (r)
               +     1.026          cell: ADLIB:NOR3C
  8.092                        discretedutycycle01/paralleldata_RNO_1[1]:Y (r)
               +     0.244          net: discretedutycycle01/N_128
  8.336                        discretedutycycle01/paralleldata_RNO_0[1]:S (r)
               +     0.500          cell: ADLIB:MX2
  8.836                        discretedutycycle01/paralleldata_RNO_0[1]:Y (f)
               +     0.250          net: discretedutycycle01/N_128_mux
  9.086                        discretedutycycle01/paralleldata_RNO[1]:A (f)
               +     0.792          cell: ADLIB:NOR2A
  9.878                        discretedutycycle01/paralleldata_RNO[1]:Y (f)
               +     0.257          net: discretedutycycle01/paralleldata_RNO_3[1]
  10.135                       discretedutycycle01/paralleldata[1]:D (f)
                                    
  10.135                       data arrival time
  ________________________________________________________
  Data required time calculation
  500.000                      SerialClock
               +     0.000          Clock source
  500.000                      SerialClock (r)
               +     0.000          net: SerialClock
  500.000                      SerialClock_pad/U0/U0:PAD (r)
               +     1.158          cell: ADLIB:IOPAD_IN
  501.158                      SerialClock_pad/U0/U0:Y (r)
               +     0.000          net: SerialClock_pad/U0/NET1
  501.158                      SerialClock_pad/U0/U1:A (r)
               +     0.636          cell: ADLIB:CLKIO
  501.794                      SerialClock_pad/U0/U1:Y (r)
               +     0.636          net: SerialClock_c
  502.430                      discretedutycycle01/paralleldata[1]:CLK (r)
               -     0.757          Library setup time: ADLIB:DFN1
  501.673                      discretedutycycle01/paralleldata[1]:D
                                    
  501.673                      data required time


END SET Register to Register

----------------------------------------------------

SET External Setup

Path 1
  From:                        SerialLoad
  To:                          externenablelatch/paralleldata[2]:D
  Delay (ns):                  14.351
  Slack (ns):
  Arrival (ns):                14.351
  Required (ns):
  Setup (ns):                  0.757
  External Setup (ns):         12.693

Path 2
  From:                        SerialLoad
  To:                          externenablelatch/paralleldata[1]:D
  Delay (ns):                  14.237
  Slack (ns):
  Arrival (ns):                14.237
  Required (ns):
  Setup (ns):                  0.757
  External Setup (ns):         12.592

Path 3
  From:                        SerialLoad
  To:                          externenablelatch/paralleldata[3]:D
  Delay (ns):                  13.894
  Slack (ns):
  Arrival (ns):                13.894
  Required (ns):
  Setup (ns):                  0.757
  External Setup (ns):         12.237

Path 4
  From:                        SerialIn
  To:                          externenablelatch/paralleldata[4]:D
  Delay (ns):                  13.871
  Slack (ns):
  Arrival (ns):                13.871
  Required (ns):
  Setup (ns):                  0.757
  External Setup (ns):         12.235

Path 5
  From:                        SerialLoad
  To:                          externenablelatch/paralleldata[0]:D
  Delay (ns):                  13.498
  Slack (ns):
  Arrival (ns):                13.498
  Required (ns):
  Setup (ns):                  0.757
  External Setup (ns):         11.840


Expanded Path 1
  From: SerialLoad
  To: externenablelatch/paralleldata[2]:D
  data required time                             N/C
  data arrival time                          -   14.351
  slack                                          N/C
  ________________________________________________________
  Data arrival time calculation
  0.000                        SerialLoad (f)
               +     0.000          net: SerialLoad
  0.000                        SerialLoad_pad/U0/U0:PAD (f)
               +     1.075          cell: ADLIB:IOPAD_IN
  1.075                        SerialLoad_pad/U0/U0:Y (f)
               +     0.000          net: SerialLoad_pad/U0/NET1
  1.075                        SerialLoad_pad/U0/U1:YIN (f)
               +     0.184          cell: ADLIB:IOIN_IB
  1.259                        SerialLoad_pad/U0/U1:Y (f)
               +     2.787          net: SerialLoad_pad
  4.046                        SerialLoad_pad_RNIK82F:A (f)
               +     1.294          cell: ADLIB:CLKINT
  5.340                        SerialLoad_pad_RNIK82F:Y (f)
               +     0.738          net: SerialLoad_c
  6.078                        externenablelatch/output_0_sqmuxa:B (f)
               +     0.471          cell: ADLIB:NOR2A
  6.549                        externenablelatch/output_0_sqmuxa:Y (r)
               +     2.644          net: externenablelatch/output_0_sqmuxa
  9.193                        externenablelatch/cellindex_RNIH1BG1_0[2]:A (r)
               +     0.931          cell: ADLIB:NOR2A
  10.124                       externenablelatch/cellindex_RNIH1BG1_0[2]:Y (r)
               +     0.950          net: externenablelatch/paralleldata_0_e_0[3]
  11.074                       externenablelatch/paralleldata_RNO_1[2]:B (r)
               +     1.265          cell: ADLIB:NOR3B
  12.339                       externenablelatch/paralleldata_RNO_1[2]:Y (r)
               +     0.244          net: externenablelatch/N_94
  12.583                       externenablelatch/paralleldata_RNO_0[2]:S (r)
               +     0.500          cell: ADLIB:MX2
  13.083                       externenablelatch/paralleldata_RNO_0[2]:Y (f)
               +     0.228          net: externenablelatch/N_94_mux
  13.311                       externenablelatch/paralleldata_RNO[2]:A (f)
               +     0.783          cell: ADLIB:NOR2A
  14.094                       externenablelatch/paralleldata_RNO[2]:Y (f)
               +     0.257          net: externenablelatch/paralleldata_RNO_0[2]
  14.351                       externenablelatch/paralleldata[2]:D (f)
                                    
  14.351                       data arrival time
  ________________________________________________________
  Data required time calculation
  N/C                          SerialClock
               +     0.000          Clock source
  N/C                          SerialClock (r)
               +     0.000          net: SerialClock
  N/C                          SerialClock_pad/U0/U0:PAD (r)
               +     1.158          cell: ADLIB:IOPAD_IN
  N/C                          SerialClock_pad/U0/U0:Y (r)
               +     0.000          net: SerialClock_pad/U0/NET1
  N/C                          SerialClock_pad/U0/U1:A (r)
               +     0.636          cell: ADLIB:CLKIO
  N/C                          SerialClock_pad/U0/U1:Y (r)
               +     0.621          net: SerialClock_c
  N/C                          externenablelatch/paralleldata[2]:CLK (r)
               -     0.757          Library setup time: ADLIB:DFN1
  N/C                          externenablelatch/paralleldata[2]:D


END SET External Setup

----------------------------------------------------

SET Clock to Output

No Path

END SET Clock to Output

----------------------------------------------------

SET Register to Asynchronous

No Path

END SET Register to Asynchronous

----------------------------------------------------

SET External Recovery

No Path

END SET External Recovery

----------------------------------------------------

SET Asynchronous to Register

No Path

END SET Asynchronous to Register

----------------------------------------------------

Clock Domain XCLK

SET Register to Register

Path 1
  From:                        clock_master/counter[2]:CLK
  To:                          clock_master/counter[4]:D
  Delay (ns):                  10.740
  Slack (ns):                  -6.297
  Arrival (ns):                12.557
  Required (ns):               6.260
  Setup (ns):                  0.784
  Minimum Period (ns):         11.297

Path 2
  From:                        clock_master/counter[0]:CLK
  To:                          clock_master/counter[4]:D
  Delay (ns):                  9.620
  Slack (ns):                  -5.599
  Arrival (ns):                11.859
  Required (ns):               6.260
  Setup (ns):                  0.784
  Minimum Period (ns):         10.599

Path 3
  From:                        clock_master/counter[0]:CLK
  To:                          clock_master/counter[7]:D
  Delay (ns):                  10.487
  Slack (ns):                  -5.534
  Arrival (ns):                12.726
  Required (ns):               7.192
  Setup (ns):                  0.784
  Minimum Period (ns):         10.534

Path 4
  From:                        clock_master/counter[2]:CLK
  To:                          clock_master/counter[7]:D
  Delay (ns):                  10.902
  Slack (ns):                  -5.527
  Arrival (ns):                12.719
  Required (ns):               7.192
  Setup (ns):                  0.784
  Minimum Period (ns):         10.527

Path 5
  From:                        clock_master/counter[2]:CLK
  To:                          clock_master/counter[5]:D
  Delay (ns):                  9.766
  Slack (ns):                  -5.121
  Arrival (ns):                11.583
  Required (ns):               6.462
  Setup (ns):                  0.784
  Minimum Period (ns):         10.121


Expanded Path 1
  From: clock_master/counter[2]:CLK
  To: clock_master/counter[4]:D
  data required time                             6.260
  data arrival time                          -   12.557
  slack                                          -6.297
  ________________________________________________________
  Data arrival time calculation
  0.000                        XCLK
               +     0.000          Clock source
  0.000                        XCLK (r)
               +     0.000          net: XCLK
  0.000                        XCLK_pad/U0/U0:PAD (r)
               +     0.862          cell: ADLIB:IOPAD_IN
  0.862                        XCLK_pad/U0/U0:Y (r)
               +     0.000          net: XCLK_pad/U0/NET1
  0.862                        XCLK_pad/U0/U1:YIN (r)
               +     0.188          cell: ADLIB:IOIN_IB
  1.050                        XCLK_pad/U0/U1:Y (r)
               +     0.767          net: XCLK_c
  1.817                        clock_master/counter[2]:CLK (r)
               +     0.797          cell: ADLIB:DFN1
  2.614                        clock_master/counter[2]:Q (f)
               +     1.242          net: clock_master/counter_i[2]
  3.856                        clock_master/counter_RNIFBO8[2]:A (f)
               +     1.294          cell: ADLIB:CLKINT
  5.150                        clock_master/counter_RNIFBO8[2]:Y (f)
               +     0.534          net: Clock03
  5.684                        clock_master/counter_4_I_5:A (f)
               +     0.647          cell: ADLIB:AND2
  6.331                        clock_master/counter_4_I_5:Y (f)
               +     0.938          net: clock_master/DWACT_ADD_CI_0_g_array_0_2[0]
  7.269                        clock_master/counter_4_I_37:A (f)
               +     0.547          cell: ADLIB:NOR2B
  7.816                        clock_master/counter_4_I_37:Y (f)
               +     0.257          net: clock_master/DWACT_ADD_CI_0_g_array_1_1[0]
  8.073                        clock_master/counter_4_I_38:C (f)
               +     0.785          cell: ADLIB:AO1
  8.858                        clock_master/counter_4_I_38:Y (f)
               +     0.916          net: clock_master/DWACT_ADD_CI_0_g_array_2[0]
  9.774                        clock_master/counter_4_I_30:B (f)
               +     1.510          cell: ADLIB:XOR2
  11.284                       clock_master/counter_4_I_30:Y (r)
               +     1.273          net: clock_master/counter_4[4]
  12.557                       clock_master/counter[4]:D (r)
                                    
  12.557                       data arrival time
  ________________________________________________________
  Data required time calculation
  5.000                        XCLK
               +     0.000          Clock source
  5.000                        XCLK (r)
               +     0.000          net: XCLK
  5.000                        XCLK_pad/U0/U0:PAD (r)
               +     0.862          cell: ADLIB:IOPAD_IN
  5.862                        XCLK_pad/U0/U0:Y (r)
               +     0.000          net: XCLK_pad/U0/NET1
  5.862                        XCLK_pad/U0/U1:YIN (r)
               +     0.188          cell: ADLIB:IOIN_IB
  6.050                        XCLK_pad/U0/U1:Y (r)
               +     0.994          net: XCLK_c
  7.044                        clock_master/counter[4]:CLK (r)
               -     0.784          Library setup time: ADLIB:DFN1
  6.260                        clock_master/counter[4]:D
                                    
  6.260                        data required time


END SET Register to Register

----------------------------------------------------

SET External Setup

Path 1
  From:                        LogicReset
  To:                          clock_master/counter[7]:D
  Delay (ns):                  14.167
  Slack (ns):
  Arrival (ns):                14.167
  Required (ns):
  Setup (ns):                  0.784
  External Setup (ns):         11.975

Path 2
  From:                        LogicReset
  To:                          clock_master/counter[4]:D
  Delay (ns):                  12.821
  Slack (ns):
  Arrival (ns):                12.821
  Required (ns):
  Setup (ns):                  0.784
  External Setup (ns):         11.561

Path 3
  From:                        LogicReset
  To:                          clock_master/counter[5]:D
  Delay (ns):                  11.829
  Slack (ns):
  Arrival (ns):                11.829
  Required (ns):
  Setup (ns):                  0.836
  External Setup (ns):         10.419

Path 4
  From:                        LogicReset
  To:                          clock_master/counter[2]:D
  Delay (ns):                  11.080
  Slack (ns):
  Arrival (ns):                11.080
  Required (ns):
  Setup (ns):                  0.836
  External Setup (ns):         10.099

Path 5
  From:                        LogicReset
  To:                          clock_master/counter[6]:D
  Delay (ns):                  11.829
  Slack (ns):
  Arrival (ns):                11.829
  Required (ns):
  Setup (ns):                  0.836
  External Setup (ns):         9.996


Expanded Path 1
  From: LogicReset
  To: clock_master/counter[7]:D
  data required time                             N/C
  data arrival time                          -   14.167
  slack                                          N/C
  ________________________________________________________
  Data arrival time calculation
  0.000                        LogicReset (f)
               +     0.000          net: LogicReset
  0.000                        LogicReset_pad/U0/U0:PAD (f)
               +     0.578          cell: ADLIB:IOPAD_IN
  0.578                        LogicReset_pad/U0/U0:Y (f)
               +     0.000          net: LogicReset_pad/U0/NET1
  0.578                        LogicReset_pad/U0/U1:YIN (f)
               +     0.184          cell: ADLIB:IOIN_IB
  0.762                        LogicReset_pad/U0/U1:Y (f)
               +     2.677          net: LogicReset_pad
  3.439                        LogicReset_pad_RNI5AOB:A (f)
               +     1.294          cell: ADLIB:CLKINT
  4.733                        LogicReset_pad_RNI5AOB:Y (f)
               +     0.763          net: LogicReset_c
  5.496                        clock_master/counter_8_I_12:B (f)
               +     1.263          cell: ADLIB:XOR2
  6.759                        clock_master/counter_8_I_12:Y (r)
               +     0.909          net: clock_master/DWACT_ADD_CI_0_pog_array_0[0]
  7.668                        clock_master/counter_8_I_36:A (r)
               +     0.731          cell: ADLIB:AO1
  8.399                        clock_master/counter_8_I_36:Y (r)
               +     0.260          net: clock_master/DWACT_ADD_CI_0_g_array_1[0]
  8.659                        clock_master/counter_8_I_35:B (r)
               +     0.727          cell: ADLIB:AO1
  9.386                        clock_master/counter_8_I_35:Y (r)
               +     1.034          net: clock_master/DWACT_ADD_CI_0_g_array_2_0[0]
  10.420                       clock_master/counter_8_I_44:A (r)
               +     0.879          cell: ADLIB:NOR3C
  11.299                       clock_master/counter_8_I_44:Y (r)
               +     0.931          net: clock_master/DWACT_ADD_CI_0_g_array_12_2[0]
  12.230                       clock_master/counter_8_I_34:B (r)
               +     0.964          cell: ADLIB:XOR2
  13.194                       clock_master/counter_8_I_34:Y (r)
               +     0.973          net: clock_master/counter_4_3_0[7]
  14.167                       clock_master/counter[7]:D (r)
                                    
  14.167                       data arrival time
  ________________________________________________________
  Data required time calculation
  N/C                          XCLK
               +     0.000          Clock source
  N/C                          XCLK (r)
               +     0.000          net: XCLK
  N/C                          XCLK_pad/U0/U0:PAD (r)
               +     0.862          cell: ADLIB:IOPAD_IN
  N/C                          XCLK_pad/U0/U0:Y (r)
               +     0.000          net: XCLK_pad/U0/NET1
  N/C                          XCLK_pad/U0/U1:YIN (r)
               +     0.188          cell: ADLIB:IOIN_IB
  N/C                          XCLK_pad/U0/U1:Y (r)
               +     1.926          net: XCLK_c
  N/C                          clock_master/counter[7]:CLK (r)
               -     0.784          Library setup time: ADLIB:DFN1
  N/C                          clock_master/counter[7]:D


END SET External Setup

----------------------------------------------------

SET Clock to Output

No Path

END SET Clock to Output

----------------------------------------------------

SET Register to Asynchronous

No Path

END SET Register to Asynchronous

----------------------------------------------------

SET External Recovery

No Path

END SET External Recovery

----------------------------------------------------

SET Asynchronous to Register

No Path

END SET Asynchronous to Register

----------------------------------------------------

Clock Domain clock_master/counter[0]:Q

SET Register to Register

Path 1
  From:                        addresslatch/output[7]:CLK
  To:                          externenablelatch/output[4]:D
  Delay (ns):                  13.223
  Slack (ns):                  -4.050
  Arrival (ns):                19.257
  Required (ns):               15.207
  Setup (ns):                  0.757
  Minimum Period (ns):         14.050

Path 2
  From:                        addresslatch/output[7]:CLK
  To:                          externenablelatch/output[2]:D
  Delay (ns):                  12.911
  Slack (ns):                  -3.704
  Arrival (ns):                18.945
  Required (ns):               15.241
  Setup (ns):                  0.757
  Minimum Period (ns):         13.704

Path 3
  From:                        addresslatch/output[7]:CLK
  To:                          externenablelatch/output[3]:D
  Delay (ns):                  12.869
  Slack (ns):                  -3.662
  Arrival (ns):                18.903
  Required (ns):               15.241
  Setup (ns):                  0.757
  Minimum Period (ns):         13.662

Path 4
  From:                        addresslatch/output[7]:CLK
  To:                          externenablelatch/output[1]:D
  Delay (ns):                  12.656
  Slack (ns):                  -3.483
  Arrival (ns):                18.690
  Required (ns):               15.207
  Setup (ns):                  0.757
  Minimum Period (ns):         13.483

Path 5
  From:                        addresslatch/output[2]:CLK
  To:                          bitcontrol01latch/output[3]:D
  Delay (ns):                  12.225
  Slack (ns):                  -2.991
  Arrival (ns):                18.268
  Required (ns):               15.277
  Setup (ns):                  0.757
  Minimum Period (ns):         12.991


Expanded Path 1
  From: addresslatch/output[7]:CLK
  To: externenablelatch/output[4]:D
  data required time                             15.207
  data arrival time                          -   19.257
  slack                                          -4.050
  ________________________________________________________
  Data arrival time calculation
  0.000                        clock_master/counter[0]:Q
               +     0.000          Clock source
  0.000                        clock_master/counter[0]:Q (r)
               +     2.856          Clock generation
  2.856
               +     1.218          net: clock_master/counter_i[0]
  4.074                        clock_master/counter_RNID9O8[0]:A (r)
               +     1.197          cell: ADLIB:CLKINT
  5.271                        clock_master/counter_RNID9O8[0]:Y (r)
               +     0.763          net: Clock01
  6.034                        addresslatch/output[7]:CLK (r)
               +     0.886          cell: ADLIB:DFN1
  6.920                        addresslatch/output[7]:Q (f)
               +     3.103          net: internaddr[7]
  10.023                       externenablelatch/CellIndexUpdate.un39_address_1:A (f)
               +     1.115          cell: ADLIB:NOR2A
  11.138                       externenablelatch/CellIndexUpdate.un39_address_1:Y (f)
               +     0.257          net: externenablelatch/un39_address_1
  11.395                       externenablelatch/CellIndexUpdate.un39_address_3_0:C (f)
               +     0.775          cell: ADLIB:NOR3C
  12.170                       externenablelatch/CellIndexUpdate.un39_address_3_0:Y (f)
               +     0.215          net: externenablelatch/un39_address_3
  12.385                       externenablelatch/CellIndexUpdate.un39_address:A (f)
               +     0.661          cell: ADLIB:NOR2B
  13.046                       externenablelatch/CellIndexUpdate.un39_address:Y (f)
               +     0.260          net: externenablelatch/un39_address
  13.306                       externenablelatch/output_0_sqmuxa:A (f)
               +     0.837          cell: ADLIB:NOR2A
  14.143                       externenablelatch/output_0_sqmuxa:Y (f)
               +     2.639          net: externenablelatch/output_0_sqmuxa
  16.782                       externenablelatch/output_RNO_0[4]:S (f)
               +     0.720          cell: ADLIB:MX2
  17.502                       externenablelatch/output_RNO_0[4]:Y (f)
               +     0.215          net: externenablelatch/N_50
  17.717                       externenablelatch/output_RNO[4]:A (f)
               +     0.616          cell: ADLIB:OR2
  18.333                       externenablelatch/output_RNO[4]:Y (f)
               +     0.924          net: externenablelatch/output_RNO_0[4]
  19.257                       externenablelatch/output[4]:D (f)
                                    
  19.257                       data arrival time
  ________________________________________________________
  Data required time calculation
  10.000                       clock_master/counter[0]:Q
               +     0.000          Clock source
  10.000                       clock_master/counter[0]:Q (r)
               +     2.856          Clock generation
  12.856
               +     1.218          net: clock_master/counter_i[0]
  14.074                       clock_master/counter_RNID9O8[0]:A (r)
               +     1.197          cell: ADLIB:CLKINT
  15.271                       clock_master/counter_RNID9O8[0]:Y (r)
               +     0.693          net: Clock01
  15.964                       externenablelatch/output[4]:CLK (r)
               -     0.757          Library setup time: ADLIB:DFN1
  15.207                       externenablelatch/output[4]:D
                                    
  15.207                       data required time


END SET Register to Register

----------------------------------------------------

SET External Setup

Path 1
  From:                        SerialLoad
  To:                          firmware/parallelholdreg[2]:D
  Delay (ns):                  15.603
  Slack (ns):
  Arrival (ns):                15.603
  Required (ns):
  Setup (ns):                  0.757
  External Setup (ns):         10.317

Path 2
  From:                        LogicReset
  To:                          firmware/parallelholdreg[2]:D
  Delay (ns):                  15.190
  Slack (ns):
  Arrival (ns):                15.190
  Required (ns):
  Setup (ns):                  0.757
  External Setup (ns):         9.904

Path 3
  From:                        SerialLoad
  To:                          firmware/parallelholdreg[4]:D
  Delay (ns):                  14.826
  Slack (ns):
  Arrival (ns):                14.826
  Required (ns):
  Setup (ns):                  0.757
  External Setup (ns):         9.540

Path 4
  From:                        SerialLoad
  To:                          firmware/parallelholdreg[3]:D
  Delay (ns):                  14.664
  Slack (ns):
  Arrival (ns):                14.664
  Required (ns):
  Setup (ns):                  0.757
  External Setup (ns):         9.378

Path 5
  From:                        LogicReset
  To:                          firmware/parallelholdreg[4]:D
  Delay (ns):                  14.413
  Slack (ns):
  Arrival (ns):                14.413
  Required (ns):
  Setup (ns):                  0.757
  External Setup (ns):         9.127


Expanded Path 1
  From: SerialLoad
  To: firmware/parallelholdreg[2]:D
  data required time                             N/C
  data arrival time                          -   15.603
  slack                                          N/C
  ________________________________________________________
  Data arrival time calculation
  0.000                        SerialLoad (f)
               +     0.000          net: SerialLoad
  0.000                        SerialLoad_pad/U0/U0:PAD (f)
               +     1.075          cell: ADLIB:IOPAD_IN
  1.075                        SerialLoad_pad/U0/U0:Y (f)
               +     0.000          net: SerialLoad_pad/U0/NET1
  1.075                        SerialLoad_pad/U0/U1:YIN (f)
               +     0.184          cell: ADLIB:IOIN_IB
  1.259                        SerialLoad_pad/U0/U1:Y (f)
               +     2.787          net: SerialLoad_pad
  4.046                        SerialLoad_pad_RNIK82F:A (f)
               +     1.294          cell: ADLIB:CLKINT
  5.340                        SerialLoad_pad_RNIK82F:Y (f)
               +     0.704          net: SerialLoad_c
  6.044                        ioBank60reader/cellindex_1_sqmuxa_1_1:A (f)
               +     0.598          cell: ADLIB:NOR2
  6.642                        ioBank60reader/cellindex_1_sqmuxa_1_1:Y (r)
               +     1.279          net: ioBank60reader_cellindex_1_sqmuxa_1_1
  7.921                        firmware/un1_reset_0_o2_0:A (r)
               +     0.773          cell: ADLIB:OR2A
  8.694                        firmware/un1_reset_0_o2_0:Y (f)
               +     0.271          net: firmware/un1_reset_0_o2_0
  8.965                        firmware/un1_reset_0_o2_3:A (f)
               +     0.677          cell: ADLIB:OR3
  9.642                        firmware/un1_reset_0_o2_3:Y (f)
               +     1.086          net: firmware/un1_reset_0_o2_3
  10.728                       firmware/parallelholdreg_13_i_a2_i_o2[3]:B (f)
               +     0.995          cell: ADLIB:OR3A
  11.723                       firmware/parallelholdreg_13_i_a2_i_o2[3]:Y (f)
               +     1.995          net: firmware/N_44
  13.718                       firmware/parallelholdreg_RNO[2]:A (f)
               +     0.750          cell: ADLIB:OR2
  14.468                       firmware/parallelholdreg_RNO[2]:Y (f)
               +     1.135          net: firmware/parallelholdreg_13[2]
  15.603                       firmware/parallelholdreg[2]:D (f)
                                    
  15.603                       data arrival time
  ________________________________________________________
  Data required time calculation
  N/C                          clock_master/counter[0]:Q
               +     0.000          Clock source
  N/C                          clock_master/counter[0]:Q (r)
               +     2.856          Clock generation
  N/C
               +     1.218          net: clock_master/counter_i[0]
  N/C                          clock_master/counter_RNID9O8[0]:A (r)
               +     1.197          cell: ADLIB:CLKINT
  N/C                          clock_master/counter_RNID9O8[0]:Y (r)
               +     0.772          net: Clock01
  N/C                          firmware/parallelholdreg[2]:CLK (r)
               -     0.757          Library setup time: ADLIB:DFN1E1
  N/C                          firmware/parallelholdreg[2]:D


END SET External Setup

----------------------------------------------------

SET Clock to Output

Path 1
  From:                        bitcontrol01latch/output[7]:CLK
  To:                          EncLgtControl
  Delay (ns):                  10.697
  Slack (ns):
  Arrival (ns):                16.723
  Required (ns):
  Clock to Out (ns):           16.723

Path 2
  From:                        pwmdisable01latch/output[5]:CLK
  To:                          AN2DimControl
  Delay (ns):                  10.713
  Slack (ns):
  Arrival (ns):                16.719
  Required (ns):
  Clock to Out (ns):           16.719

Path 3
  From:                        bitcontrol01latch/output[5]:CLK
  To:                          AN2DimControl
  Delay (ns):                  10.209
  Slack (ns):
  Arrival (ns):                16.252
  Required (ns):
  Clock to Out (ns):           16.252

Path 4
  From:                        pwmdisable01latch/output[7]:CLK
  To:                          EncLgtControl
  Delay (ns):                  9.806
  Slack (ns):
  Arrival (ns):                15.755
  Required (ns):
  Clock to Out (ns):           15.755

Path 5
  From:                        bitcontrol01latch/output[4]:CLK
  To:                          AN3DimControl
  Delay (ns):                  9.158
  Slack (ns):
  Arrival (ns):                15.164
  Required (ns):
  Clock to Out (ns):           15.164


Expanded Path 1
  From: bitcontrol01latch/output[7]:CLK
  To: EncLgtControl
  data required time                             N/C
  data arrival time                          -   16.723
  slack                                          N/C
  ________________________________________________________
  Data arrival time calculation
  0.000                        clock_master/counter[0]:Q
               +     0.000          Clock source
  0.000                        clock_master/counter[0]:Q (r)
               +     2.856          Clock generation
  2.856
               +     1.218          net: clock_master/counter_i[0]
  4.074                        clock_master/counter_RNID9O8[0]:A (r)
               +     1.197          cell: ADLIB:CLKINT
  5.271                        clock_master/counter_RNID9O8[0]:Y (r)
               +     0.755          net: Clock01
  6.026                        bitcontrol01latch/output[7]:CLK (r)
               +     0.886          cell: ADLIB:DFN1
  6.912                        bitcontrol01latch/output[7]:Q (f)
               +     2.214          net: bitcontrol01[7]
  9.126                        pwmdisable01latch/output_RNID03R[7]:C (f)
               +     0.804          cell: ADLIB:OA1
  9.930                        pwmdisable01latch/output_RNID03R[7]:Y (f)
               +     2.390          net: EncLgtControl_c
  12.320                       EncLgtControl_pad/U0/U1:D (f)
               +     0.885          cell: ADLIB:IOTRI_OB_EB
  13.205                       EncLgtControl_pad/U0/U1:DOUT (f)
               +     0.000          net: EncLgtControl_pad/U0/NET1
  13.205                       EncLgtControl_pad/U0/U0:D (f)
               +     3.518          cell: ADLIB:IOPAD_TRI
  16.723                       EncLgtControl_pad/U0/U0:PAD (f)
               +     0.000          net: EncLgtControl
  16.723                       EncLgtControl (f)
                                    
  16.723                       data arrival time
  ________________________________________________________
  Data required time calculation
  N/C                          clock_master/counter[0]:Q
               +     0.000          Clock source
  N/C                          clock_master/counter[0]:Q (r)
               +     2.856          Clock generation
  N/C
                                    
  N/C                          EncLgtControl (f)


END SET Clock to Output

----------------------------------------------------

SET Register to Asynchronous

No Path

END SET Register to Asynchronous

----------------------------------------------------

SET External Recovery

No Path

END SET External Recovery

----------------------------------------------------

SET Asynchronous to Register

No Path

END SET Asynchronous to Register

----------------------------------------------------

Clock Domain clock_master/counter[1]:Q

SET Register to Register

Path 1
  From:                        Watch_Dog_Reset/timercount[5]:CLK
  To:                          Watch_Dog_Reset/timerexpired:D
  Delay (ns):                  10.018
  Slack (ns):                  9.339
  Arrival (ns):                15.994
  Required (ns):               25.333
  Setup (ns):                  0.784
  Minimum Period (ns):         10.661

Path 2
  From:                        Watch_Dog_Reset/timercount[3]:CLK
  To:                          Watch_Dog_Reset/timerexpired:D
  Delay (ns):                  9.833
  Slack (ns):                  9.390
  Arrival (ns):                15.943
  Required (ns):               25.333
  Setup (ns):                  0.784
  Minimum Period (ns):         10.610

Path 3
  From:                        Watch_Dog_Reset/timercount[5]:CLK
  To:                          Watch_Dog_Reset/timercount[0]:E
  Delay (ns):                  9.212
  Slack (ns):                  10.139
  Arrival (ns):                15.188
  Required (ns):               25.327
  Setup (ns):                  0.649
  Minimum Period (ns):         9.861

Path 4
  From:                        Watch_Dog_Reset/timercount[3]:CLK
  To:                          Watch_Dog_Reset/timercount[0]:E
  Delay (ns):                  9.027
  Slack (ns):                  10.190
  Arrival (ns):                15.137
  Required (ns):               25.327
  Setup (ns):                  0.649
  Minimum Period (ns):         9.810

Path 5
  From:                        Watch_Dog_Reset/timercount[6]:CLK
  To:                          Watch_Dog_Reset/timerexpired:D
  Delay (ns):                  8.249
  Slack (ns):                  10.366
  Arrival (ns):                14.967
  Required (ns):               25.333
  Setup (ns):                  0.784
  Minimum Period (ns):         9.634


Expanded Path 1
  From: Watch_Dog_Reset/timercount[5]:CLK
  To: Watch_Dog_Reset/timerexpired:D
  data required time                             25.333
  data arrival time                          -   15.994
  slack                                          9.339
  ________________________________________________________
  Data arrival time calculation
  0.000                        clock_master/counter[1]:Q
               +     0.000          Clock source
  0.000                        clock_master/counter[1]:Q (r)
               +     2.660          Clock generation
  2.660
               +     3.316          net: counter[1]
  5.976                        Watch_Dog_Reset/timercount[5]:CLK (r)
               +     0.797          cell: ADLIB:DFN1E0
  6.773                        Watch_Dog_Reset/timercount[5]:Q (f)
               +     0.888          net: Watch_Dog_Reset/timercount[5]
  7.661                        Watch_Dog_Reset/timercount_RNICL2S[3]:A (f)
               +     0.761          cell: ADLIB:NOR2
  8.422                        Watch_Dog_Reset/timercount_RNICL2S[3]:Y (r)
               +     0.982          net: Watch_Dog_Reset/m40_e_3
  9.404                        Watch_Dog_Reset/timercount_RNITF5O1[6]:A (r)
               +     0.953          cell: ADLIB:NOR3A
  10.357                       Watch_Dog_Reset/timercount_RNITF5O1[6]:Y (r)
               +     0.257          net: Watch_Dog_Reset/m40_e_6
  10.614                       Watch_Dog_Reset/timercount_RNIIOJD4[1]:C (r)
               +     0.946          cell: ADLIB:NOR3C
  11.560                       Watch_Dog_Reset/timercount_RNIIOJD4[1]:Y (r)
               +     0.244          net: Watch_Dog_Reset/N_63
  11.804                       Watch_Dog_Reset/timercount_RNI7ESA5[10]:S (r)
               +     0.500          cell: ADLIB:MX2C
  12.304                       Watch_Dog_Reset/timercount_RNI7ESA5[10]:Y (f)
               +     0.244          net: Watch_Dog_Reset/N_51_mux
  12.548                       Watch_Dog_Reset/timercount_RNIL7AM5[10]:A (f)
               +     0.699          cell: ADLIB:NOR2
  13.247                       Watch_Dog_Reset/timercount_RNIL7AM5[10]:Y (r)
               +     2.747          net: Watch_Dog_Reset/timercount_0_sqmuxa
  15.994                       Watch_Dog_Reset/timerexpired:D (r)
                                    
  15.994                       data arrival time
  ________________________________________________________
  Data required time calculation
  20.000                       clock_master/counter[1]:Q
               +     0.000          Clock source
  20.000                       clock_master/counter[1]:Q (r)
               +     2.660          Clock generation
  22.660
               +     3.457          net: counter[1]
  26.117                       Watch_Dog_Reset/timerexpired:CLK (r)
               -     0.784          Library setup time: ADLIB:DFN1
  25.333                       Watch_Dog_Reset/timerexpired:D
                                    
  25.333                       data required time


END SET Register to Register

----------------------------------------------------

SET External Setup

Path 1
  From:                        ResetIn
  To:                          Watch_Dog_Reset/timercount[5]:D
  Delay (ns):                  9.138
  Slack (ns):
  Arrival (ns):                9.138
  Required (ns):
  Setup (ns):                  0.784
  External Setup (ns):         3.946

Path 2
  From:                        ResetIn
  To:                          Watch_Dog_Reset/timercount[3]:D
  Delay (ns):                  9.246
  Slack (ns):
  Arrival (ns):                9.246
  Required (ns):
  Setup (ns):                  0.784
  External Setup (ns):         3.920

Path 3
  From:                        ResetIn
  To:                          Watch_Dog_Reset/timercount[4]:D
  Delay (ns):                  8.816
  Slack (ns):
  Arrival (ns):                8.816
  Required (ns):
  Setup (ns):                  0.784
  External Setup (ns):         3.624

Path 4
  From:                        ResetIn
  To:                          Watch_Dog_Reset/timercount[10]:D
  Delay (ns):                  8.862
  Slack (ns):
  Arrival (ns):                8.862
  Required (ns):
  Setup (ns):                  0.784
  External Setup (ns):         3.536

Path 5
  From:                        ResetIn
  To:                          Watch_Dog_Reset/timerexpired:D
  Delay (ns):                  7.784
  Slack (ns):
  Arrival (ns):                7.784
  Required (ns):
  Setup (ns):                  0.784
  External Setup (ns):         2.451


Expanded Path 1
  From: ResetIn
  To: Watch_Dog_Reset/timercount[5]:D
  data required time                             N/C
  data arrival time                          -   9.138
  slack                                          N/C
  ________________________________________________________
  Data arrival time calculation
  0.000                        ResetIn (f)
               +     0.000          net: ResetIn
  0.000                        ResetIn_pad/U0/U0:PAD (f)
               +     0.578          cell: ADLIB:IOPAD_IN
  0.578                        ResetIn_pad/U0/U0:Y (f)
               +     0.000          net: ResetIn_pad/U0/NET1
  0.578                        ResetIn_pad/U0/U1:YIN (f)
               +     0.184          cell: ADLIB:IOIN_IB
  0.762                        ResetIn_pad/U0/U1:Y (f)
               +     6.816          net: ResetIn_c
  7.578                        Watch_Dog_Reset/timercount_RNO[5]:C (f)
               +     1.303          cell: ADLIB:XA1B
  8.881                        Watch_Dog_Reset/timercount_RNO[5]:Y (r)
               +     0.257          net: Watch_Dog_Reset/timercount_n5
  9.138                        Watch_Dog_Reset/timercount[5]:D (r)
                                    
  9.138                        data arrival time
  ________________________________________________________
  Data required time calculation
  N/C                          clock_master/counter[1]:Q
               +     0.000          Clock source
  N/C                          clock_master/counter[1]:Q (r)
               +     2.660          Clock generation
  N/C
               +     3.316          net: counter[1]
  N/C                          Watch_Dog_Reset/timercount[5]:CLK (r)
               -     0.784          Library setup time: ADLIB:DFN1E0
  N/C                          Watch_Dog_Reset/timercount[5]:D


END SET External Setup

----------------------------------------------------

SET Clock to Output

Path 1
  From:                        Watch_Dog_Reset/timerexpired:CLK
  To:                          uCReset
  Delay (ns):                  8.690
  Slack (ns):
  Arrival (ns):                14.807
  Required (ns):
  Clock to Out (ns):           14.807


Expanded Path 1
  From: Watch_Dog_Reset/timerexpired:CLK
  To: uCReset
  data required time                             N/C
  data arrival time                          -   14.807
  slack                                          N/C
  ________________________________________________________
  Data arrival time calculation
  0.000                        clock_master/counter[1]:Q
               +     0.000          Clock source
  0.000                        clock_master/counter[1]:Q (r)
               +     2.660          Clock generation
  2.660
               +     3.457          net: counter[1]
  6.117                        Watch_Dog_Reset/timerexpired:CLK (r)
               +     0.797          cell: ADLIB:DFN1
  6.914                        Watch_Dog_Reset/timerexpired:Q (f)
               +     3.459          net: uCReset_c
  10.373                       uCReset_pad/U0/U1:D (f)
               +     0.916          cell: ADLIB:IOTRI_OB_EB
  11.289                       uCReset_pad/U0/U1:DOUT (f)
               +     0.000          net: uCReset_pad/U0/NET1
  11.289                       uCReset_pad/U0/U0:D (f)
               +     3.518          cell: ADLIB:IOPAD_TRI
  14.807                       uCReset_pad/U0/U0:PAD (f)
               +     0.000          net: uCReset
  14.807                       uCReset (f)
                                    
  14.807                       data arrival time
  ________________________________________________________
  Data required time calculation
  N/C                          clock_master/counter[1]:Q
               +     0.000          Clock source
  N/C                          clock_master/counter[1]:Q (r)
               +     2.660          Clock generation
  N/C
                                    
  N/C                          uCReset (f)


END SET Clock to Output

----------------------------------------------------

SET Register to Asynchronous

No Path

END SET Register to Asynchronous

----------------------------------------------------

SET External Recovery

No Path

END SET External Recovery

----------------------------------------------------

SET Asynchronous to Register

No Path

END SET Asynchronous to Register

----------------------------------------------------

Clock Domain clock_master/counter[2]:Q

SET Register to Register

Path 1
  From:                        iobank63debounce/DebounceTimer[1]:CLK
  To:                          iobank63debounce/DebounceTimer[8]:D
  Delay (ns):                  9.849
  Slack (ns):                  29.368
  Arrival (ns):                15.422
  Required (ns):               44.790
  Setup (ns):                  0.757
  Minimum Period (ns):         10.632

Path 2
  From:                        iobank63debounce/DebounceTimer[0]:CLK
  To:                          iobank63debounce/DebounceTimer[8]:D
  Delay (ns):                  9.547
  Slack (ns):                  29.619
  Arrival (ns):                15.120
  Required (ns):               44.739
  Setup (ns):                  0.808
  Minimum Period (ns):         10.381

Path 3
  From:                        matrix_read04/stage[0]:CLK
  To:                          matrix_read04/data00[2]:E
  Delay (ns):                  9.448
  Slack (ns):                  29.850
  Arrival (ns):                14.876
  Required (ns):               44.726
  Setup (ns):                  0.725
  Minimum Period (ns):         10.150

Path 4
  From:                        matrix_read04/stage[1]:CLK
  To:                          matrix_read04/data00[2]:E
  Delay (ns):                  8.825
  Slack (ns):                  30.439
  Arrival (ns):                14.287
  Required (ns):               44.726
  Setup (ns):                  0.725
  Minimum Period (ns):         9.561

Path 5
  From:                        matrix_read04/stage[0]:CLK
  To:                          matrix_read04/data00[0]:E
  Delay (ns):                  8.907
  Slack (ns):                  30.487
  Arrival (ns):                14.335
  Required (ns):               44.822
  Setup (ns):                  0.725
  Minimum Period (ns):         9.513


Expanded Path 1
  From: iobank63debounce/DebounceTimer[1]:CLK
  To: iobank63debounce/DebounceTimer[8]:D
  data required time                             44.790
  data arrival time                          -   15.422
  slack                                          29.368
  ________________________________________________________
  Data arrival time calculation
  0.000                        clock_master/counter[2]:Q
               +     0.000          Clock source
  0.000                        clock_master/counter[2]:Q (r)
               +     2.434          Clock generation
  2.434
               +     1.154          net: clock_master/counter_i[2]
  3.588                        clock_master/counter_RNIFBO8[2]:A (r)
               +     1.197          cell: ADLIB:CLKINT
  4.785                        clock_master/counter_RNIFBO8[2]:Y (r)
               +     0.788          net: Clock03
  5.573                        iobank63debounce/DebounceTimer[1]:CLK (r)
               +     0.886          cell: ADLIB:DFN1E1
  6.459                        iobank63debounce/DebounceTimer[1]:Q (f)
               +     0.352          net: iobank63debounce/DebounceTimer[1]
  6.811                        iobank63debounce/DebounceTimer_RNIT2MR[1]:B (f)
               +     0.857          cell: ADLIB:NOR2B
  7.668                        iobank63debounce/DebounceTimer_RNIT2MR[1]:Y (f)
               +     0.430          net: iobank63debounce/DebounceTimer_c1
  8.098                        iobank63debounce/DebounceTimer_RNIU9CN1[3]:C (f)
               +     0.830          cell: ADLIB:NOR3C
  8.928                        iobank63debounce/DebounceTimer_RNIU9CN1[3]:Y (f)
               +     1.530          net: iobank63debounce/DebounceTimer_c3
  10.458                       iobank63debounce/DebounceTimer_RNI7ST03[6]:A (f)
               +     0.914          cell: ADLIB:NOR2B
  11.372                       iobank63debounce/DebounceTimer_RNI7ST03[6]:Y (f)
               +     1.911          net: iobank63debounce/DebounceTimer_c6
  13.283                       iobank63debounce/DebounceTimer_RNO_0[8]:C (f)
               +     0.887          cell: ADLIB:NOR3C
  14.170                       iobank63debounce/DebounceTimer_RNO_0[8]:Y (f)
               +     0.225          net: iobank63debounce/N_48
  14.395                       iobank63debounce/DebounceTimer_RNO[8]:B (f)
               +     0.770          cell: ADLIB:MX2A
  15.165                       iobank63debounce/DebounceTimer_RNO[8]:Y (f)
               +     0.257          net: iobank63debounce/DebounceTimer_RNO_2[8]
  15.422                       iobank63debounce/DebounceTimer[8]:D (f)
                                    
  15.422                       data arrival time
  ________________________________________________________
  Data required time calculation
  40.000                       clock_master/counter[2]:Q
               +     0.000          Clock source
  40.000                       clock_master/counter[2]:Q (r)
               +     2.434          Clock generation
  42.434
               +     1.154          net: clock_master/counter_i[2]
  43.588                       clock_master/counter_RNIFBO8[2]:A (r)
               +     1.197          cell: ADLIB:CLKINT
  44.785                       clock_master/counter_RNIFBO8[2]:Y (r)
               +     0.762          net: Clock03
  45.547                       iobank63debounce/DebounceTimer[8]:CLK (r)
               -     0.757          Library setup time: ADLIB:DFN1
  44.790                       iobank63debounce/DebounceTimer[8]:D
                                    
  44.790                       data required time


END SET Register to Register

----------------------------------------------------

SET External Setup

Path 1
  From:                        LogicReset
  To:                          iobank63debounce/DebounceTimer[2]:D
  Delay (ns):                  11.389
  Slack (ns):
  Arrival (ns):                11.389
  Required (ns):
  Setup (ns):                  0.808
  External Setup (ns):         6.712

Path 2
  From:                        LogicReset
  To:                          iobank63debounce/DebounceTimer[4]:D
  Delay (ns):                  11.056
  Slack (ns):
  Arrival (ns):                11.056
  Required (ns):
  Setup (ns):                  0.808
  External Setup (ns):         6.402

Path 3
  From:                        LogicReset
  To:                          iobank63debounce/DebounceTimer[1]:D
  Delay (ns):                  11.072
  Slack (ns):
  Arrival (ns):                11.072
  Required (ns):
  Setup (ns):                  0.808
  External Setup (ns):         6.307

Path 4
  From:                        LogicReset
  To:                          iobank67debounce/DebounceTimer[5]:D
  Delay (ns):                  10.434
  Slack (ns):
  Arrival (ns):                10.434
  Required (ns):
  Setup (ns):                  0.808
  External Setup (ns):         5.829

Path 5
  From:                        LogicReset
  To:                          iobank6Bdebounce/DebounceTimer[4]:E
  Delay (ns):                  10.359
  Slack (ns):
  Arrival (ns):                10.359
  Required (ns):
  Setup (ns):                  0.725
  External Setup (ns):         5.631


Expanded Path 1
  From: LogicReset
  To: iobank63debounce/DebounceTimer[2]:D
  data required time                             N/C
  data arrival time                          -   11.389
  slack                                          N/C
  ________________________________________________________
  Data arrival time calculation
  0.000                        LogicReset (f)
               +     0.000          net: LogicReset
  0.000                        LogicReset_pad/U0/U0:PAD (f)
               +     0.578          cell: ADLIB:IOPAD_IN
  0.578                        LogicReset_pad/U0/U0:Y (f)
               +     0.000          net: LogicReset_pad/U0/NET1
  0.578                        LogicReset_pad/U0/U1:YIN (f)
               +     0.184          cell: ADLIB:IOIN_IB
  0.762                        LogicReset_pad/U0/U1:Y (f)
               +     2.677          net: LogicReset_pad
  3.439                        LogicReset_pad_RNI5AOB:A (f)
               +     1.294          cell: ADLIB:CLKINT
  4.733                        LogicReset_pad_RNI5AOB:Y (f)
               +     0.727          net: LogicReset_c
  5.460                        iobank63debounce/Changing_RNIKHNH:B (f)
               +     0.789          cell: ADLIB:NOR2
  6.249                        iobank63debounce/Changing_RNIKHNH:Y (r)
               +     4.067          net: iobank63debounce/un1_previousposition7
  10.316                       iobank63debounce/DebounceTimer_RNO[2]:C (r)
               +     0.845          cell: ADLIB:XA1
  11.161                       iobank63debounce/DebounceTimer_RNO[2]:Y (r)
               +     0.228          net: iobank63debounce/DebounceTimer_n2
  11.389                       iobank63debounce/DebounceTimer[2]:D (r)
                                    
  11.389                       data arrival time
  ________________________________________________________
  Data required time calculation
  N/C                          clock_master/counter[2]:Q
               +     0.000          Clock source
  N/C                          clock_master/counter[2]:Q (r)
               +     2.434          Clock generation
  N/C
               +     1.154          net: clock_master/counter_i[2]
  N/C                          clock_master/counter_RNIFBO8[2]:A (r)
               +     1.197          cell: ADLIB:CLKINT
  N/C                          clock_master/counter_RNIFBO8[2]:Y (r)
               +     0.700          net: Clock03
  N/C                          iobank63debounce/DebounceTimer[2]:CLK (r)
               -     0.808          Library setup time: ADLIB:DFN1E1
  N/C                          iobank63debounce/DebounceTimer[2]:D


END SET External Setup

----------------------------------------------------

SET Clock to Output

Path 1
  From:                        matrix_read04/ctrl[4]:CLK
  To:                          inputs67_ctrl[4]
  Delay (ns):                  6.989
  Slack (ns):
  Arrival (ns):                12.451
  Required (ns):
  Clock to Out (ns):           12.451

Path 2
  From:                        matrix_read04/ctrl[1]:CLK
  To:                          inputs67_ctrl[1]
  Delay (ns):                  6.779
  Slack (ns):
  Arrival (ns):                12.223
  Required (ns):
  Clock to Out (ns):           12.223

Path 3
  From:                        matrix_read04/ctrl[0]:CLK
  To:                          inputs67_ctrl[0]
  Delay (ns):                  6.666
  Slack (ns):
  Arrival (ns):                12.128
  Required (ns):
  Clock to Out (ns):           12.128

Path 4
  From:                        matrix_read04/ctrl[2]:CLK
  To:                          inputs67_ctrl[2]
  Delay (ns):                  6.553
  Slack (ns):
  Arrival (ns):                12.015
  Required (ns):
  Clock to Out (ns):           12.015

Path 5
  From:                        matrix_read04/ctrl[3]:CLK
  To:                          inputs67_ctrl[3]
  Delay (ns):                  5.635
  Slack (ns):
  Arrival (ns):                11.097
  Required (ns):
  Clock to Out (ns):           11.097


Expanded Path 1
  From: matrix_read04/ctrl[4]:CLK
  To: inputs67_ctrl[4]
  data required time                             N/C
  data arrival time                          -   12.451
  slack                                          N/C
  ________________________________________________________
  Data arrival time calculation
  0.000                        clock_master/counter[2]:Q
               +     0.000          Clock source
  0.000                        clock_master/counter[2]:Q (r)
               +     2.434          Clock generation
  2.434
               +     1.154          net: clock_master/counter_i[2]
  3.588                        clock_master/counter_RNIFBO8[2]:A (r)
               +     1.197          cell: ADLIB:CLKINT
  4.785                        clock_master/counter_RNIFBO8[2]:Y (r)
               +     0.677          net: Clock03
  5.462                        matrix_read04/ctrl[4]:CLK (r)
               +     0.886          cell: ADLIB:DFN1
  6.348                        matrix_read04/ctrl[4]:Q (f)
               +     3.032          net: inputs67_ctrl_c[4]
  9.380                        inputs67_ctrl_pad[4]/U0/U1:D (f)
               +     0.916          cell: ADLIB:IOTRI_OB_EB
  10.296                       inputs67_ctrl_pad[4]/U0/U1:DOUT (f)
               +     0.000          net: inputs67_ctrl_pad[4]/U0/NET1
  10.296                       inputs67_ctrl_pad[4]/U0/U0:D (f)
               +     2.155          cell: ADLIB:IOPAD_TRI
  12.451                       inputs67_ctrl_pad[4]/U0/U0:PAD (f)
               +     0.000          net: inputs67_ctrl[4]
  12.451                       inputs67_ctrl[4] (f)
                                    
  12.451                       data arrival time
  ________________________________________________________
  Data required time calculation
  N/C                          clock_master/counter[2]:Q
               +     0.000          Clock source
  N/C                          clock_master/counter[2]:Q (r)
               +     2.434          Clock generation
  N/C
                                    
  N/C                          inputs67_ctrl[4] (f)


END SET Clock to Output

----------------------------------------------------

SET Register to Asynchronous

No Path

END SET Register to Asynchronous

----------------------------------------------------

SET External Recovery

No Path

END SET External Recovery

----------------------------------------------------

SET Asynchronous to Register

No Path

END SET Asynchronous to Register

----------------------------------------------------

Clock Domain clock_master/counter[7]:Q

SET Register to Register

Path 1
  From:                        A2DRead/DataRegU1Ch1d[5]:CLK
  To:                          A2DRead/DataRegU1Ch1[15]:D
  Delay (ns):                  30.738
  Slack (ns):                  288.094
  Arrival (ns):                37.617
  Required (ns):               325.711
  Setup (ns):                  0.808
  Minimum Period (ns):         31.906

Path 2
  From:                        A2DRead/DataRegU1Ch1a[5]:CLK
  To:                          A2DRead/DataRegU1Ch1[15]:D
  Delay (ns):                  30.987
  Slack (ns):                  288.110
  Arrival (ns):                37.601
  Required (ns):               325.711
  Setup (ns):                  0.808
  Minimum Period (ns):         31.890

Path 3
  From:                        A2DRead/DataRegU1Ch1p[5]:CLK
  To:                          A2DRead/DataRegU1Ch1[15]:D
  Delay (ns):                  30.569
  Slack (ns):                  288.528
  Arrival (ns):                37.183
  Required (ns):               325.711
  Setup (ns):                  0.808
  Minimum Period (ns):         31.472

Path 4
  From:                        A2DRead/DataRegU1Ch1c[5]:CLK
  To:                          A2DRead/DataRegU1Ch1[15]:D
  Delay (ns):                  30.289
  Slack (ns):                  288.578
  Arrival (ns):                37.133
  Required (ns):               325.711
  Setup (ns):                  0.808
  Minimum Period (ns):         31.422

Path 5
  From:                        A2DRead/DataRegU1Ch1b[5]:CLK
  To:                          A2DRead/DataRegU1Ch1[15]:D
  Delay (ns):                  30.398
  Slack (ns):                  288.699
  Arrival (ns):                37.012
  Required (ns):               325.711
  Setup (ns):                  0.808
  Minimum Period (ns):         31.301


Expanded Path 1
  From: A2DRead/DataRegU1Ch1d[5]:CLK
  To: A2DRead/DataRegU1Ch1[15]:D
  data required time                             325.711
  data arrival time                          -   37.617
  slack                                          288.094
  ________________________________________________________
  Data arrival time calculation
  0.000                        clock_master/counter[7]:Q
               +     0.000          Clock source
  0.000                        clock_master/counter[7]:Q (r)
               +     3.593          Clock generation
  3.593
               +     1.122          net: clock_master/counter_i[7]
  4.715                        clock_master/counter_RNIKGO8[7]:A (r)
               +     1.197          cell: ADLIB:CLKINT
  5.912                        clock_master/counter_RNIKGO8[7]:Y (r)
               +     0.967          net: Clock04
  6.879                        A2DRead/DataRegU1Ch1d[5]:CLK (r)
               +     0.663          cell: ADLIB:DFN1E1
  7.542                        A2DRead/DataRegU1Ch1d[5]:Q (r)
               +     1.598          net: A2DRead/DataRegU1Ch1d[5]
  9.140                        A2DRead/DataRegU1Ch1c_RNI43TC_0[5]:B (r)
               +     1.411          cell: ADLIB:MAJ3
  10.551                       A2DRead/DataRegU1Ch1c_RNI43TC_0[5]:Y (r)
               +     0.348          net: A2DRead/N_1448
  10.899                       A2DRead/DataRegU1Ch1f_RNIUOVN_0[6]:C (r)
               +     1.009          cell: ADLIB:MAJ3
  11.908                       A2DRead/DataRegU1Ch1f_RNIUOVN_0[6]:Y (r)
               +     1.938          net: A2DRead/N_1486
  13.846                       A2DRead/DataRegU1Ch1j_RNIJF0M2_0[7]:A (r)
               +     1.612          cell: ADLIB:OA1
  15.458                       A2DRead/DataRegU1Ch1j_RNIJF0M2_0[7]:Y (r)
               +     0.328          net: A2DRead/un60_dataregu1ch1_408_0
  15.786                       A2DRead/DataRegU1Ch1f_RNI7M284[6]:A (r)
               +     0.467          cell: ADLIB:OR2
  16.253                       A2DRead/DataRegU1Ch1f_RNI7M284[6]:Y (r)
               +     0.297          net: A2DRead/N_1520
  16.550                       A2DRead/DataRegU1Ch1o_RNIG68J8[7]:C (r)
               +     1.617          cell: ADLIB:XOR3
  18.167                       A2DRead/DataRegU1Ch1o_RNIG68J8[7]:Y (r)
               +     1.082          net: A2DRead/N_1551
  19.249                       A2DRead/DataRegU1Ch1f_RNIK7CCG[6]:C (r)
               +     0.949          cell: ADLIB:AO1
  20.198                       A2DRead/DataRegU1Ch1f_RNIK7CCG[6]:Y (r)
               +     0.257          net: A2DRead/un60_dataregu1ch1_498_0_tz_out
  20.455                       A2DRead/DataRegU1Ch1f_RNIVJP941[6]:B (r)
               +     1.220          cell: ADLIB:OA1
  21.675                       A2DRead/DataRegU1Ch1f_RNIVJP941[6]:Y (r)
               +     0.257          net: A2DRead/un60_dataregu1ch1_498_0
  21.932                       A2DRead/DataRegU1Ch1f_RNIT6APP1[6]:C (r)
               +     0.924          cell: ADLIB:AO1
  22.856                       A2DRead/DataRegU1Ch1f_RNIT6APP1[6]:Y (r)
               +     0.257          net: A2DRead/N_1556
  23.113                       A2DRead/DataRegU1Ch1f_RNIKKTT83_0[8]:C (r)
               +     0.787          cell: ADLIB:XOR3
  23.900                       A2DRead/DataRegU1Ch1f_RNIKKTT83_0[8]:Y (r)
               +     0.626          net: A2DRead/N_1585
  24.526                       A2DRead/un60_dataregu1ch1_824_ADD_11x11_fast_I4_P0N_s:C (r)
               +     0.986          cell: ADLIB:AO1
  25.512                       A2DRead/un60_dataregu1ch1_824_ADD_11x11_fast_I4_P0N_s:Y (r)
               +     0.257          net: A2DRead/ADD_11x11_fast_I4_P0N_out
  25.769                       A2DRead/un60_dataregu1ch1_824_ADD_11x11_fast_I4_P0N:C (r)
               +     0.924          cell: ADLIB:AO1
  26.693                       A2DRead/un60_dataregu1ch1_824_ADD_11x11_fast_I4_P0N:Y (r)
               +     1.512          net: A2DRead/N166_0
  28.205                       A2DRead/un60_dataregu1ch1_824_ADD_11x11_fast_I22_Y:A (r)
               +     0.666          cell: ADLIB:NOR2B
  28.871                       A2DRead/un60_dataregu1ch1_824_ADD_11x11_fast_I22_Y:Y (r)
               +     0.380          net: A2DRead/N199
  29.251                       A2DRead/un60_dataregu1ch1_824_ADD_11x11_fast_I43_Y:B (r)
               +     0.934          cell: ADLIB:AO1
  30.185                       A2DRead/un60_dataregu1ch1_824_ADD_11x11_fast_I43_Y:Y (r)
               +     1.572          net: A2DRead/N223_0
  31.757                       A2DRead/un60_dataregu1ch1_824_ADD_11x11_fast_I55_un1_Y:B (r)
               +     0.782          cell: ADLIB:NOR2B
  32.539                       A2DRead/un60_dataregu1ch1_824_ADD_11x11_fast_I55_un1_Y:Y (r)
               +     0.233          net: A2DRead/I55_un1_Y
  32.772                       A2DRead/un60_dataregu1ch1_824_ADD_11x11_fast_I70_Y_2:C (r)
               +     0.803          cell: ADLIB:OR3
  33.575                       A2DRead/un60_dataregu1ch1_824_ADD_11x11_fast_I70_Y_2:Y (r)
               +     0.225          net: A2DRead/ADD_11x11_fast_I70_Y_2_0
  33.800                       A2DRead/un60_dataregu1ch1_824_ADD_11x11_fast_I70_Y:C (r)
               +     0.990          cell: ADLIB:AO1
  34.790                       A2DRead/un60_dataregu1ch1_824_ADD_11x11_fast_I70_Y:Y (r)
               +     0.257          net: A2DRead/N269
  35.047                       A2DRead/un60_dataregu1ch1_824_ADD_11x11_fast_I91_Y:C (r)
               +     1.311          cell: ADLIB:XOR3
  36.358                       A2DRead/un60_dataregu1ch1_824_ADD_11x11_fast_I91_Y:Y (f)
               +     1.259          net: A2DRead/un60_dataregu1ch1[14]
  37.617                       A2DRead/DataRegU1Ch1[15]:D (f)
                                    
  37.617                       data arrival time
  ________________________________________________________
  Data required time calculation
  320.000                      clock_master/counter[7]:Q
               +     0.000          Clock source
  320.000                      clock_master/counter[7]:Q (r)
               +     3.593          Clock generation
  323.593
               +     1.122          net: clock_master/counter_i[7]
  324.715                      clock_master/counter_RNIKGO8[7]:A (r)
               +     1.197          cell: ADLIB:CLKINT
  325.912                      clock_master/counter_RNIKGO8[7]:Y (r)
               +     0.607          net: Clock04
  326.519                      A2DRead/DataRegU1Ch1[15]:CLK (r)
               -     0.808          Library setup time: ADLIB:DFN1E1
  325.711                      A2DRead/DataRegU1Ch1[15]:D
                                    
  325.711                      data required time


END SET Register to Register

----------------------------------------------------

SET External Setup

Path 1
  From:                        LogicReset
  To:                          heart_beat/counter[18]:D
  Delay (ns):                  24.991
  Slack (ns):
  Arrival (ns):                24.991
  Required (ns):
  Setup (ns):                  0.757
  External Setup (ns):         19.186

Path 2
  From:                        LogicReset
  To:                          heart_beat/counter[17]:D
  Delay (ns):                  24.638
  Slack (ns):
  Arrival (ns):                24.638
  Required (ns):
  Setup (ns):                  0.757
  External Setup (ns):         18.833

Path 3
  From:                        LogicReset
  To:                          heart_beat/counter[16]:D
  Delay (ns):                  24.584
  Slack (ns):
  Arrival (ns):                24.584
  Required (ns):
  Setup (ns):                  0.808
  External Setup (ns):         18.744

Path 4
  From:                        LogicReset
  To:                          heart_beat/counter[15]:D
  Delay (ns):                  22.251
  Slack (ns):
  Arrival (ns):                22.251
  Required (ns):
  Setup (ns):                  0.808
  External Setup (ns):         16.504

Path 5
  From:                        LogicReset
  To:                          heart_beat/counter[14]:D
  Delay (ns):                  21.809
  Slack (ns):
  Arrival (ns):                21.809
  Required (ns):
  Setup (ns):                  0.808
  External Setup (ns):         16.055


Expanded Path 1
  From: LogicReset
  To: heart_beat/counter[18]:D
  data required time                             N/C
  data arrival time                          -   24.991
  slack                                          N/C
  ________________________________________________________
  Data arrival time calculation
  0.000                        LogicReset (f)
               +     0.000          net: LogicReset
  0.000                        LogicReset_pad/U0/U0:PAD (f)
               +     0.578          cell: ADLIB:IOPAD_IN
  0.578                        LogicReset_pad/U0/U0:Y (f)
               +     0.000          net: LogicReset_pad/U0/NET1
  0.578                        LogicReset_pad/U0/U1:YIN (f)
               +     0.184          cell: ADLIB:IOIN_IB
  0.762                        LogicReset_pad/U0/U1:Y (f)
               +     2.677          net: LogicReset_pad
  3.439                        LogicReset_pad_RNI5AOB:A (f)
               +     1.294          cell: ADLIB:CLKINT
  4.733                        LogicReset_pad_RNI5AOB:Y (f)
               +     0.708          net: LogicReset_c
  5.441                        A2DRead/m16:B (f)
               +     0.463          cell: ADLIB:NOR2A
  5.904                        A2DRead/m16:Y (r)
               +     2.329          net: A2DRead_AdClock_0_sqmuxa
  8.233                        heart_beat/un1_counter_1_m1:B (r)
               +     0.918          cell: ADLIB:NOR2B
  9.151                        heart_beat/un1_counter_1_m1:Y (r)
               +     0.300          net: heart_beat/N_2_i
  9.451                        heart_beat/un1_counter_1_m2:B (r)
               +     0.749          cell: ADLIB:NOR2B
  10.200                       heart_beat/un1_counter_1_m2:Y (r)
               +     0.300          net: heart_beat/N_3_i
  10.500                       heart_beat/un1_counter_1_m5:B (r)
               +     0.887          cell: ADLIB:MX2C
  11.387                       heart_beat/un1_counter_1_m5:Y (f)
               +     0.386          net: heart_beat/i3_mux
  11.773                       heart_beat/un1_counter_1_m8:B (f)
               +     1.354          cell: ADLIB:AO13
  13.127                       heart_beat/un1_counter_1_m8:Y (f)
               +     0.464          net: heart_beat/i5_mux
  13.591                       heart_beat/un1_counter_1_m10:C (f)
               +     0.735          cell: ADLIB:NOR3B
  14.326                       heart_beat/un1_counter_1_m10:Y (r)
               +     1.417          net: heart_beat/N_11_i
  15.743                       heart_beat/un1_counter_1_m12:B (r)
               +     1.111          cell: ADLIB:NOR3C
  16.854                       heart_beat/un1_counter_1_m12:Y (r)
               +     0.428          net: heart_beat/N_13_i
  17.282                       heart_beat/un1_counter_1_m14:B (r)
               +     0.872          cell: ADLIB:NOR3C
  18.154                       heart_beat/un1_counter_1_m14:Y (r)
               +     0.285          net: heart_beat/N_15_i
  18.439                       heart_beat/un1_counter_1_m16:B (r)
               +     0.837          cell: ADLIB:NOR3C
  19.276                       heart_beat/un1_counter_1_m16:Y (r)
               +     0.388          net: heart_beat/N_17_i
  19.664                       heart_beat/un1_counter_1_m18:B (r)
               +     0.862          cell: ADLIB:NOR3C
  20.526                       heart_beat/un1_counter_1_m18:Y (r)
               +     0.502          net: heart_beat/N_19_i
  21.028                       heart_beat/un1_counter_1_m20:B (r)
               +     0.890          cell: ADLIB:NOR3C
  21.918                       heart_beat/un1_counter_1_m20:Y (r)
               +     0.842          net: heart_beat/N_21_i
  22.760                       heart_beat/un1_counter_1_m21:A (r)
               +     0.578          cell: ADLIB:NOR2B
  23.338                       heart_beat/un1_counter_1_m21:Y (r)
               +     0.334          net: heart_beat/N_22_i
  23.672                       heart_beat/un1_counter_1_ADD_19x19_fast_I121_Y:B (r)
               +     1.062          cell: ADLIB:AX1C
  24.734                       heart_beat/un1_counter_1_ADD_19x19_fast_I121_Y:Y (r)
               +     0.257          net: heart_beat/ADD_19x19_fast_I121_Y
  24.991                       heart_beat/counter[18]:D (r)
                                    
  24.991                       data arrival time
  ________________________________________________________
  Data required time calculation
  N/C                          clock_master/counter[7]:Q
               +     0.000          Clock source
  N/C                          clock_master/counter[7]:Q (r)
               +     3.593          Clock generation
  N/C
               +     1.122          net: clock_master/counter_i[7]
  N/C                          clock_master/counter_RNIKGO8[7]:A (r)
               +     1.197          cell: ADLIB:CLKINT
  N/C                          clock_master/counter_RNIKGO8[7]:Y (r)
               +     0.650          net: Clock04
  N/C                          heart_beat/counter[18]:CLK (r)
               -     0.757          Library setup time: ADLIB:DFN1
  N/C                          heart_beat/counter[18]:D


END SET External Setup

----------------------------------------------------

SET Clock to Output

Path 1
  From:                        snkpout01/PWMOut:CLK
  To:                          AN4PTTControl
  Delay (ns):                  12.427
  Slack (ns):
  Arrival (ns):                19.075
  Required (ns):
  Clock to Out (ns):           19.075

Path 2
  From:                        snkpout01/PWMOut:CLK
  To:                          AN6PTTControl
  Delay (ns):                  12.094
  Slack (ns):
  Arrival (ns):                18.742
  Required (ns):
  Clock to Out (ns):           18.742

Path 3
  From:                        snkpout01/PWMOut:CLK
  To:                          AN5PTTControl
  Delay (ns):                  12.094
  Slack (ns):
  Arrival (ns):                18.742
  Required (ns):
  Clock to Out (ns):           18.742

Path 4
  From:                        snkpout01/PWMOut:CLK
  To:                          EncLgtControl
  Delay (ns):                  11.183
  Slack (ns):
  Arrival (ns):                17.831
  Required (ns):
  Clock to Out (ns):           17.831

Path 5
  From:                        snkpout01/PWMOut:CLK
  To:                          AN1DimControl
  Delay (ns):                  10.934
  Slack (ns):
  Arrival (ns):                17.582
  Required (ns):
  Clock to Out (ns):           17.582


Expanded Path 1
  From: snkpout01/PWMOut:CLK
  To: AN4PTTControl
  data required time                             N/C
  data arrival time                          -   19.075
  slack                                          N/C
  ________________________________________________________
  Data arrival time calculation
  0.000                        clock_master/counter[7]:Q
               +     0.000          Clock source
  0.000                        clock_master/counter[7]:Q (r)
               +     3.593          Clock generation
  3.593
               +     1.122          net: clock_master/counter_i[7]
  4.715                        clock_master/counter_RNIKGO8[7]:A (r)
               +     1.197          cell: ADLIB:CLKINT
  5.912                        clock_master/counter_RNIKGO8[7]:Y (r)
               +     0.736          net: Clock04
  6.648                        snkpout01/PWMOut:CLK (r)
               +     0.886          cell: ADLIB:DFN1
  7.534                        snkpout01/PWMOut:Q (f)
               +     5.371          net: PnlLgtControl_c
  12.905                       bitcontrol01latch/output_RNI5O2R[3]:A (f)
               +     0.830          cell: ADLIB:OA1
  13.735                       bitcontrol01latch/output_RNI5O2R[3]:Y (f)
               +     2.300          net: outputs01_c_c_c[3]
  16.035                       AN4PTTControl_pad/U0/U1:D (f)
               +     0.885          cell: ADLIB:IOTRI_OB_EB
  16.920                       AN4PTTControl_pad/U0/U1:DOUT (f)
               +     0.000          net: AN4PTTControl_pad/U0/NET1
  16.920                       AN4PTTControl_pad/U0/U0:D (f)
               +     2.155          cell: ADLIB:IOPAD_TRI
  19.075                       AN4PTTControl_pad/U0/U0:PAD (f)
               +     0.000          net: AN4PTTControl
  19.075                       AN4PTTControl (f)
                                    
  19.075                       data arrival time
  ________________________________________________________
  Data required time calculation
  N/C                          clock_master/counter[7]:Q
               +     0.000          Clock source
  N/C                          clock_master/counter[7]:Q (r)
               +     3.593          Clock generation
  N/C
                                    
  N/C                          AN4PTTControl (f)


END SET Clock to Output

----------------------------------------------------

SET Register to Asynchronous

No Path

END SET Register to Asynchronous

----------------------------------------------------

SET External Recovery

No Path

END SET External Recovery

----------------------------------------------------

SET Asynchronous to Register

No Path

END SET Asynchronous to Register

----------------------------------------------------

Path set Pin to Pin

SET Input to Output

No Path

END SET Input to Output

----------------------------------------------------

Path set User Sets

