Timing Report Max Delay Analysis

SmartTime Version v11.7 SP1.1
Microsemi Corporation - Microsemi Libero Software Release v11.7 SP1.1 (Version 11.7.1.14)
Date: Thu Jul 27 09:54:20 2017


Design: mainprogram
Family: IGLOO
Die: AGLN250V5
Package: 100 VQFP
Temperature Range: 0 - 70 C
Voltage Range: 1.425 - 1.575 V
Speed Grade: STD
Design State: Post-Layout
Data source: Silicon verified
Min Operating Conditions: BEST - 1.575 V - 0 C
Max Operating Conditions: WORST - 1.425 V - 70 C
Using Enhanced Min Delay Analysis
Scenario for Timing Analysis: Primary


-----------------------------------------------------
SUMMARY

Clock Domain:               SerialClock
Period (ns):                8.601
Frequency (MHz):            116.266
Required Period (ns):       500.000
Required Frequency (MHz):   2.000
External Setup (ns):        12.475
External Hold (ns):         -1.275
Min Clock-To-Out (ns):      N/A
Max Clock-To-Out (ns):      N/A

Clock Domain:               XCLK
Period (ns):                11.275
Frequency (MHz):            88.692
Required Period (ns):       5.000
Required Frequency (MHz):   200.000
External Setup (ns):        11.968
External Hold (ns):         -2.124
Min Clock-To-Out (ns):      N/A
Max Clock-To-Out (ns):      N/A

Clock Domain:               clock_master/counter[0]:Q
Period (ns):                12.970
Frequency (MHz):            77.101
Required Period (ns):       10.000
Required Frequency (MHz):   100.000
External Setup (ns):        12.857
External Hold (ns):         0.428
Min Clock-To-Out (ns):      5.249
Max Clock-To-Out (ns):      17.600

Clock Domain:               clock_master/counter[1]:Q
Period (ns):                10.736
Frequency (MHz):            93.145
Required Period (ns):       20.000
Required Frequency (MHz):   50.000
External Setup (ns):        3.784
External Hold (ns):         1.145
Min Clock-To-Out (ns):      6.074
Max Clock-To-Out (ns):      15.284

Clock Domain:               clock_master/counter[2]:Q
Period (ns):                9.969
Frequency (MHz):            100.311
Required Period (ns):       40.000
Required Frequency (MHz):   25.000
External Setup (ns):        5.948
External Hold (ns):         1.609
Min Clock-To-Out (ns):      3.607
Max Clock-To-Out (ns):      12.467

Clock Domain:               clock_master/counter[7]:Q
Period (ns):                30.981
Frequency (MHz):            32.278
Required Period (ns):       320.000
Required Frequency (MHz):   3.125
External Setup (ns):        20.162
External Hold (ns):         1.825
Min Clock-To-Out (ns):      5.302
Max Clock-To-Out (ns):      18.908

                            Input to Output
Min Delay (ns):             N/A
Max Delay (ns):             N/A

END SUMMARY
-----------------------------------------------------

Clock Domain SerialClock

SET Register to Register

Path 1
  From:                        externenablelatch/cellindex[1]:CLK
  To:                          externenablelatch/paralleldata[3]:D
  Delay (ns):                  7.803
  Slack (ns):                  491.399
  Arrival (ns):                10.246
  Required (ns):               501.645
  Setup (ns):                  0.757
  Minimum Period (ns):         8.601

Path 2
  From:                        discretedutycycle01/cellindex[0]:CLK
  To:                          discretedutycycle01/cellindex[0]:D
  Delay (ns):                  7.370
  Slack (ns):                  491.822
  Arrival (ns):                9.823
  Required (ns):               501.645
  Setup (ns):                  0.808
  Minimum Period (ns):         8.178

Path 3
  From:                        bitcontrol01latch/cellindex[0]:CLK
  To:                          bitcontrol01latch/paralleldata[2]:D
  Delay (ns):                  7.361
  Slack (ns):                  491.886
  Arrival (ns):                9.787
  Required (ns):               501.673
  Setup (ns):                  0.757
  Minimum Period (ns):         8.114

Path 4
  From:                        discretedutycycle01/cellindex[2]:CLK
  To:                          discretedutycycle01/paralleldata[10]:D
  Delay (ns):                  7.285
  Slack (ns):                  491.927
  Arrival (ns):                9.738
  Required (ns):               501.665
  Setup (ns):                  0.757
  Minimum Period (ns):         8.073

Path 5
  From:                        discretedutycycle01/cellindex[2]:CLK
  To:                          discretedutycycle01/paralleldata[8]:D
  Delay (ns):                  7.284
  Slack (ns):                  491.949
  Arrival (ns):                9.737
  Required (ns):               501.686
  Setup (ns):                  0.757
  Minimum Period (ns):         8.051


Expanded Path 1
  From: externenablelatch/cellindex[1]:CLK
  To: externenablelatch/paralleldata[3]:D
  data required time                             501.645
  data arrival time                          -   10.246
  slack                                          491.399
  ________________________________________________________
  Data arrival time calculation
  0.000                        SerialClock
               +     0.000          Clock source
  0.000                        SerialClock (r)
               +     0.000          net: SerialClock
  0.000                        SerialClock_pad/U0/U0:PAD (r)
               +     1.158          cell: ADLIB:IOPAD_IN
  1.158                        SerialClock_pad/U0/U0:Y (r)
               +     0.000          net: SerialClock_pad/U0/NET1
  1.158                        SerialClock_pad/U0/U1:A (r)
               +     0.636          cell: ADLIB:CLKIO
  1.794                        SerialClock_pad/U0/U1:Y (r)
               +     0.649          net: SerialClock_c
  2.443                        externenablelatch/cellindex[1]:CLK (r)
               +     0.886          cell: ADLIB:DFN1E0
  3.329                        externenablelatch/cellindex[1]:Q (f)
               +     1.296          net: externenablelatch/cellindex[1]
  4.625                        externenablelatch/cellindex_RNIFOI2[1]:B (f)
               +     1.068          cell: ADLIB:NOR2B
  5.693                        externenablelatch/cellindex_RNIFOI2[1]:Y (f)
               +     0.430          net: externenablelatch/cellindex_c1
  6.123                        externenablelatch/paralleldata_RNO_1[3]:B (f)
               +     0.874          cell: ADLIB:NOR2B
  6.997                        externenablelatch/paralleldata_RNO_1[3]:Y (f)
               +     1.431          net: externenablelatch/N_95
  8.428                        externenablelatch/paralleldata_RNO_0[3]:S (f)
               +     0.730          cell: ADLIB:MX2
  9.158                        externenablelatch/paralleldata_RNO_0[3]:Y (f)
               +     0.215          net: externenablelatch/N_95_mux
  9.373                        externenablelatch/paralleldata_RNO[3]:A (f)
               +     0.616          cell: ADLIB:OR2
  9.989                        externenablelatch/paralleldata_RNO[3]:Y (f)
               +     0.257          net: externenablelatch/paralleldata_RNO_0[3]
  10.246                       externenablelatch/paralleldata[3]:D (f)
                                    
  10.246                       data arrival time
  ________________________________________________________
  Data required time calculation
  500.000                      SerialClock
               +     0.000          Clock source
  500.000                      SerialClock (r)
               +     0.000          net: SerialClock
  500.000                      SerialClock_pad/U0/U0:PAD (r)
               +     1.158          cell: ADLIB:IOPAD_IN
  501.158                      SerialClock_pad/U0/U0:Y (r)
               +     0.000          net: SerialClock_pad/U0/NET1
  501.158                      SerialClock_pad/U0/U1:A (r)
               +     0.636          cell: ADLIB:CLKIO
  501.794                      SerialClock_pad/U0/U1:Y (r)
               +     0.608          net: SerialClock_c
  502.402                      externenablelatch/paralleldata[3]:CLK (r)
               -     0.757          Library setup time: ADLIB:DFN1
  501.645                      externenablelatch/paralleldata[3]:D
                                    
  501.645                      data required time


END SET Register to Register

----------------------------------------------------

SET External Setup

Path 1
  From:                        SerialLoad
  To:                          externenablelatch/paralleldata[1]:D
  Delay (ns):                  14.125
  Slack (ns):
  Arrival (ns):                14.125
  Required (ns):
  Setup (ns):                  0.757
  External Setup (ns):         12.475

Path 2
  From:                        SerialLoad
  To:                          externenablelatch/paralleldata[2]:D
  Delay (ns):                  13.928
  Slack (ns):
  Arrival (ns):                13.928
  Required (ns):
  Setup (ns):                  0.757
  External Setup (ns):         12.285

Path 3
  From:                        SerialLoad
  To:                          externenablelatch/paralleldata[0]:D
  Delay (ns):                  13.937
  Slack (ns):
  Arrival (ns):                13.937
  Required (ns):
  Setup (ns):                  0.757
  External Setup (ns):         12.251

Path 4
  From:                        SerialLoad
  To:                          externenablelatch/paralleldata[3]:D
  Delay (ns):                  13.704
  Slack (ns):
  Arrival (ns):                13.704
  Required (ns):
  Setup (ns):                  0.757
  External Setup (ns):         12.059

Path 5
  From:                        SerialLoad
  To:                          ioBank61reader/cellindex[1]:D
  Delay (ns):                  13.403
  Slack (ns):
  Arrival (ns):                13.403
  Required (ns):
  Setup (ns):                  0.808
  External Setup (ns):         11.811


Expanded Path 1
  From: SerialLoad
  To: externenablelatch/paralleldata[1]:D
  data required time                             N/C
  data arrival time                          -   14.125
  slack                                          N/C
  ________________________________________________________
  Data arrival time calculation
  0.000                        SerialLoad (f)
               +     0.000          net: SerialLoad
  0.000                        SerialLoad_pad/U0/U0:PAD (f)
               +     1.075          cell: ADLIB:IOPAD_IN
  1.075                        SerialLoad_pad/U0/U0:Y (f)
               +     0.000          net: SerialLoad_pad/U0/NET1
  1.075                        SerialLoad_pad/U0/U1:YIN (f)
               +     0.184          cell: ADLIB:IOIN_IB
  1.259                        SerialLoad_pad/U0/U1:Y (f)
               +     2.787          net: SerialLoad_pad
  4.046                        SerialLoad_pad_RNIK82F:A (f)
               +     1.294          cell: ADLIB:CLKINT
  5.340                        SerialLoad_pad_RNIK82F:Y (f)
               +     0.765          net: SerialLoad_c
  6.105                        externenablelatch/output_0_sqmuxa:B (f)
               +     0.477          cell: ADLIB:NOR2A
  6.582                        externenablelatch/output_0_sqmuxa:Y (r)
               +     1.984          net: externenablelatch/output_0_sqmuxa
  8.566                        externenablelatch/cellindex_RNIH1BG1_0[2]:A (r)
               +     0.924          cell: ADLIB:NOR2A
  9.490                        externenablelatch/cellindex_RNIH1BG1_0[2]:Y (r)
               +     0.297          net: externenablelatch/paralleldata_0_e_0[3]
  9.787                        externenablelatch/paralleldata_RNO_1[1]:B (r)
               +     1.000          cell: ADLIB:NOR3B
  10.787                       externenablelatch/paralleldata_RNO_1[1]:Y (r)
               +     1.479          net: externenablelatch/N_93
  12.266                       externenablelatch/paralleldata_RNO_0[1]:S (r)
               +     0.591          cell: ADLIB:MX2
  12.857                       externenablelatch/paralleldata_RNO_0[1]:Y (f)
               +     0.228          net: externenablelatch/N_93_mux
  13.085                       externenablelatch/paralleldata_RNO[1]:A (f)
               +     0.783          cell: ADLIB:NOR2A
  13.868                       externenablelatch/paralleldata_RNO[1]:Y (f)
               +     0.257          net: externenablelatch/paralleldata_RNO_0[1]
  14.125                       externenablelatch/paralleldata[1]:D (f)
                                    
  14.125                       data arrival time
  ________________________________________________________
  Data required time calculation
  N/C                          SerialClock
               +     0.000          Clock source
  N/C                          SerialClock (r)
               +     0.000          net: SerialClock
  N/C                          SerialClock_pad/U0/U0:PAD (r)
               +     1.158          cell: ADLIB:IOPAD_IN
  N/C                          SerialClock_pad/U0/U0:Y (r)
               +     0.000          net: SerialClock_pad/U0/NET1
  N/C                          SerialClock_pad/U0/U1:A (r)
               +     0.636          cell: ADLIB:CLKIO
  N/C                          SerialClock_pad/U0/U1:Y (r)
               +     0.613          net: SerialClock_c
  N/C                          externenablelatch/paralleldata[1]:CLK (r)
               -     0.757          Library setup time: ADLIB:DFN1
  N/C                          externenablelatch/paralleldata[1]:D


END SET External Setup

----------------------------------------------------

SET Clock to Output

No Path

END SET Clock to Output

----------------------------------------------------

SET Register to Asynchronous

No Path

END SET Register to Asynchronous

----------------------------------------------------

SET External Recovery

No Path

END SET External Recovery

----------------------------------------------------

SET Asynchronous to Register

No Path

END SET Asynchronous to Register

----------------------------------------------------

Clock Domain XCLK

SET Register to Register

Path 1
  From:                        clock_master/counter[2]:CLK
  To:                          clock_master/counter[4]:D
  Delay (ns):                  10.718
  Slack (ns):                  -6.275
  Arrival (ns):                12.535
  Required (ns):               6.260
  Setup (ns):                  0.784
  Minimum Period (ns):         11.275

Path 2
  From:                        clock_master/counter[0]:CLK
  To:                          clock_master/counter[4]:D
  Delay (ns):                  9.620
  Slack (ns):                  -5.599
  Arrival (ns):                11.859
  Required (ns):               6.260
  Setup (ns):                  0.784
  Minimum Period (ns):         10.599

Path 3
  From:                        clock_master/counter[2]:CLK
  To:                          clock_master/counter[7]:D
  Delay (ns):                  10.932
  Slack (ns):                  -5.557
  Arrival (ns):                12.749
  Required (ns):               7.192
  Setup (ns):                  0.784
  Minimum Period (ns):         10.557

Path 4
  From:                        clock_master/counter[0]:CLK
  To:                          clock_master/counter[7]:D
  Delay (ns):                  10.487
  Slack (ns):                  -5.534
  Arrival (ns):                12.726
  Required (ns):               7.192
  Setup (ns):                  0.784
  Minimum Period (ns):         10.534

Path 5
  From:                        clock_master/counter[2]:CLK
  To:                          clock_master/counter[5]:D
  Delay (ns):                  9.744
  Slack (ns):                  -5.099
  Arrival (ns):                11.561
  Required (ns):               6.462
  Setup (ns):                  0.784
  Minimum Period (ns):         10.099


Expanded Path 1
  From: clock_master/counter[2]:CLK
  To: clock_master/counter[4]:D
  data required time                             6.260
  data arrival time                          -   12.535
  slack                                          -6.275
  ________________________________________________________
  Data arrival time calculation
  0.000                        XCLK
               +     0.000          Clock source
  0.000                        XCLK (r)
               +     0.000          net: XCLK
  0.000                        XCLK_pad/U0/U0:PAD (r)
               +     0.862          cell: ADLIB:IOPAD_IN
  0.862                        XCLK_pad/U0/U0:Y (r)
               +     0.000          net: XCLK_pad/U0/NET1
  0.862                        XCLK_pad/U0/U1:YIN (r)
               +     0.188          cell: ADLIB:IOIN_IB
  1.050                        XCLK_pad/U0/U1:Y (r)
               +     0.767          net: XCLK_c
  1.817                        clock_master/counter[2]:CLK (r)
               +     0.797          cell: ADLIB:DFN1
  2.614                        clock_master/counter[2]:Q (f)
               +     1.242          net: clock_master/counter_i[2]
  3.856                        clock_master/counter_RNIFBO8[2]:A (f)
               +     1.294          cell: ADLIB:CLKINT
  5.150                        clock_master/counter_RNIFBO8[2]:Y (f)
               +     0.518          net: Clock03
  5.668                        clock_master/counter_4_I_5:A (f)
               +     0.641          cell: ADLIB:AND2
  6.309                        clock_master/counter_4_I_5:Y (f)
               +     0.938          net: clock_master/DWACT_ADD_CI_0_g_array_0_2[0]
  7.247                        clock_master/counter_4_I_37:A (f)
               +     0.547          cell: ADLIB:NOR2B
  7.794                        clock_master/counter_4_I_37:Y (f)
               +     0.257          net: clock_master/DWACT_ADD_CI_0_g_array_1_1[0]
  8.051                        clock_master/counter_4_I_38:C (f)
               +     0.785          cell: ADLIB:AO1
  8.836                        clock_master/counter_4_I_38:Y (f)
               +     0.916          net: clock_master/DWACT_ADD_CI_0_g_array_2[0]
  9.752                        clock_master/counter_4_I_30:B (f)
               +     1.510          cell: ADLIB:XOR2
  11.262                       clock_master/counter_4_I_30:Y (r)
               +     1.273          net: clock_master/counter_4[4]
  12.535                       clock_master/counter[4]:D (r)
                                    
  12.535                       data arrival time
  ________________________________________________________
  Data required time calculation
  5.000                        XCLK
               +     0.000          Clock source
  5.000                        XCLK (r)
               +     0.000          net: XCLK
  5.000                        XCLK_pad/U0/U0:PAD (r)
               +     0.862          cell: ADLIB:IOPAD_IN
  5.862                        XCLK_pad/U0/U0:Y (r)
               +     0.000          net: XCLK_pad/U0/NET1
  5.862                        XCLK_pad/U0/U1:YIN (r)
               +     0.188          cell: ADLIB:IOIN_IB
  6.050                        XCLK_pad/U0/U1:Y (r)
               +     0.994          net: XCLK_c
  7.044                        clock_master/counter[4]:CLK (r)
               -     0.784          Library setup time: ADLIB:DFN1
  6.260                        clock_master/counter[4]:D
                                    
  6.260                        data required time


END SET Register to Register

----------------------------------------------------

SET External Setup

Path 1
  From:                        LogicReset
  To:                          clock_master/counter[7]:D
  Delay (ns):                  14.160
  Slack (ns):
  Arrival (ns):                14.160
  Required (ns):
  Setup (ns):                  0.784
  External Setup (ns):         11.968

Path 2
  From:                        LogicReset
  To:                          clock_master/counter[4]:D
  Delay (ns):                  12.814
  Slack (ns):
  Arrival (ns):                12.814
  Required (ns):
  Setup (ns):                  0.784
  External Setup (ns):         11.554

Path 3
  From:                        LogicReset
  To:                          clock_master/counter[5]:D
  Delay (ns):                  11.822
  Slack (ns):
  Arrival (ns):                11.822
  Required (ns):
  Setup (ns):                  0.836
  External Setup (ns):         10.412

Path 4
  From:                        LogicReset
  To:                          clock_master/counter[2]:D
  Delay (ns):                  11.074
  Slack (ns):
  Arrival (ns):                11.074
  Required (ns):
  Setup (ns):                  0.836
  External Setup (ns):         10.093

Path 5
  From:                        LogicReset
  To:                          clock_master/counter[6]:D
  Delay (ns):                  11.822
  Slack (ns):
  Arrival (ns):                11.822
  Required (ns):
  Setup (ns):                  0.836
  External Setup (ns):         9.989


Expanded Path 1
  From: LogicReset
  To: clock_master/counter[7]:D
  data required time                             N/C
  data arrival time                          -   14.160
  slack                                          N/C
  ________________________________________________________
  Data arrival time calculation
  0.000                        LogicReset (f)
               +     0.000          net: LogicReset
  0.000                        LogicReset_pad/U0/U0:PAD (f)
               +     0.578          cell: ADLIB:IOPAD_IN
  0.578                        LogicReset_pad/U0/U0:Y (f)
               +     0.000          net: LogicReset_pad/U0/NET1
  0.578                        LogicReset_pad/U0/U1:YIN (f)
               +     0.184          cell: ADLIB:IOIN_IB
  0.762                        LogicReset_pad/U0/U1:Y (f)
               +     2.670          net: LogicReset_pad
  3.432                        LogicReset_pad_RNI5AOB:A (f)
               +     1.294          cell: ADLIB:CLKINT
  4.726                        LogicReset_pad_RNI5AOB:Y (f)
               +     0.763          net: LogicReset_c
  5.489                        clock_master/counter_8_I_12:B (f)
               +     1.263          cell: ADLIB:XOR2
  6.752                        clock_master/counter_8_I_12:Y (r)
               +     0.909          net: clock_master/DWACT_ADD_CI_0_pog_array_0[0]
  7.661                        clock_master/counter_8_I_36:A (r)
               +     0.731          cell: ADLIB:AO1
  8.392                        clock_master/counter_8_I_36:Y (r)
               +     0.260          net: clock_master/DWACT_ADD_CI_0_g_array_1[0]
  8.652                        clock_master/counter_8_I_35:B (r)
               +     0.727          cell: ADLIB:AO1
  9.379                        clock_master/counter_8_I_35:Y (r)
               +     1.034          net: clock_master/DWACT_ADD_CI_0_g_array_2_0[0]
  10.413                       clock_master/counter_8_I_44:A (r)
               +     0.879          cell: ADLIB:NOR3C
  11.292                       clock_master/counter_8_I_44:Y (r)
               +     0.931          net: clock_master/DWACT_ADD_CI_0_g_array_12_2[0]
  12.223                       clock_master/counter_8_I_34:B (r)
               +     0.964          cell: ADLIB:XOR2
  13.187                       clock_master/counter_8_I_34:Y (r)
               +     0.973          net: clock_master/counter_4_3_0[7]
  14.160                       clock_master/counter[7]:D (r)
                                    
  14.160                       data arrival time
  ________________________________________________________
  Data required time calculation
  N/C                          XCLK
               +     0.000          Clock source
  N/C                          XCLK (r)
               +     0.000          net: XCLK
  N/C                          XCLK_pad/U0/U0:PAD (r)
               +     0.862          cell: ADLIB:IOPAD_IN
  N/C                          XCLK_pad/U0/U0:Y (r)
               +     0.000          net: XCLK_pad/U0/NET1
  N/C                          XCLK_pad/U0/U1:YIN (r)
               +     0.188          cell: ADLIB:IOIN_IB
  N/C                          XCLK_pad/U0/U1:Y (r)
               +     1.926          net: XCLK_c
  N/C                          clock_master/counter[7]:CLK (r)
               -     0.784          Library setup time: ADLIB:DFN1
  N/C                          clock_master/counter[7]:D


END SET External Setup

----------------------------------------------------

SET Clock to Output

No Path

END SET Clock to Output

----------------------------------------------------

SET Register to Asynchronous

No Path

END SET Register to Asynchronous

----------------------------------------------------

SET External Recovery

No Path

END SET External Recovery

----------------------------------------------------

SET Asynchronous to Register

No Path

END SET Asynchronous to Register

----------------------------------------------------

Clock Domain clock_master/counter[0]:Q

SET Register to Register

Path 1
  From:                        addresslatch/output[5]:CLK
  To:                          externenablelatch/output[2]:D
  Delay (ns):                  12.158
  Slack (ns):                  -2.970
  Arrival (ns):                18.192
  Required (ns):               15.222
  Setup (ns):                  0.757
  Minimum Period (ns):         12.970

Path 2
  From:                        addresslatch/output[5]:CLK
  To:                          externenablelatch/output[3]:D
  Delay (ns):                  11.987
  Slack (ns):                  -2.840
  Arrival (ns):                18.021
  Required (ns):               15.181
  Setup (ns):                  0.757
  Minimum Period (ns):         12.840

Path 3
  From:                        addresslatch/output[7]:CLK
  To:                          externenablelatch/output[2]:D
  Delay (ns):                  11.656
  Slack (ns):                  -2.484
  Arrival (ns):                17.706
  Required (ns):               15.222
  Setup (ns):                  0.757
  Minimum Period (ns):         12.484

Path 4
  From:                        addresslatch/output[7]:CLK
  To:                          externenablelatch/output[3]:D
  Delay (ns):                  11.514
  Slack (ns):                  -2.383
  Arrival (ns):                17.564
  Required (ns):               15.181
  Setup (ns):                  0.757
  Minimum Period (ns):         12.383

Path 5
  From:                        addresslatch/output[5]:CLK
  To:                          bitcontrol01latch/output[3]:D
  Delay (ns):                  11.597
  Slack (ns):                  -2.338
  Arrival (ns):                17.631
  Required (ns):               15.293
  Setup (ns):                  0.757
  Minimum Period (ns):         12.338


Expanded Path 1
  From: addresslatch/output[5]:CLK
  To: externenablelatch/output[2]:D
  data required time                             15.222
  data arrival time                          -   18.192
  slack                                          -2.970
  ________________________________________________________
  Data arrival time calculation
  0.000                        clock_master/counter[0]:Q
               +     0.000          Clock source
  0.000                        clock_master/counter[0]:Q (r)
               +     2.856          Clock generation
  2.856
               +     1.218          net: clock_master/counter_i[0]
  4.074                        clock_master/counter_RNID9O8[0]:A (r)
               +     1.197          cell: ADLIB:CLKINT
  5.271                        clock_master/counter_RNID9O8[0]:Y (r)
               +     0.763          net: Clock01
  6.034                        addresslatch/output[5]:CLK (r)
               +     0.886          cell: ADLIB:DFN1
  6.920                        addresslatch/output[5]:Q (f)
               +     1.503          net: internaddr[5]
  8.423                        bitcontrol01latch/CellIndexUpdate.un26_address_4:B (f)
               +     1.192          cell: ADLIB:NOR2
  9.615                        bitcontrol01latch/CellIndexUpdate.un26_address_4:Y (r)
               +     0.344          net: externenablelatch_CellIndexUpdate_un39_address_4
  9.959                        externenablelatch/CellIndexUpdate.un39_address_3_0:B (r)
               +     0.851          cell: ADLIB:NOR3C
  10.810                       externenablelatch/CellIndexUpdate.un39_address_3_0:Y (r)
               +     0.244          net: externenablelatch/un39_address_3
  11.054                       externenablelatch/CellIndexUpdate.un39_address:A (r)
               +     0.596          cell: ADLIB:NOR2B
  11.650                       externenablelatch/CellIndexUpdate.un39_address:Y (r)
               +     0.903          net: externenablelatch/un39_address
  12.553                       externenablelatch/output_0_sqmuxa:A (r)
               +     0.857          cell: ADLIB:NOR2A
  13.410                       externenablelatch/output_0_sqmuxa:Y (r)
               +     1.698          net: externenablelatch/output_0_sqmuxa
  15.108                       externenablelatch/output_RNO_0[2]:S (r)
               +     0.591          cell: ADLIB:MX2
  15.699                       externenablelatch/output_RNO_0[2]:Y (f)
               +     0.228          net: externenablelatch/N_48
  15.927                       externenablelatch/output_RNO[2]:A (f)
               +     0.783          cell: ADLIB:NOR2A
  16.710                       externenablelatch/output_RNO[2]:Y (f)
               +     1.482          net: externenablelatch/output_RNO_0[2]
  18.192                       externenablelatch/output[2]:D (f)
                                    
  18.192                       data arrival time
  ________________________________________________________
  Data required time calculation
  10.000                       clock_master/counter[0]:Q
               +     0.000          Clock source
  10.000                       clock_master/counter[0]:Q (r)
               +     2.856          Clock generation
  12.856
               +     1.218          net: clock_master/counter_i[0]
  14.074                       clock_master/counter_RNID9O8[0]:A (r)
               +     1.197          cell: ADLIB:CLKINT
  15.271                       clock_master/counter_RNID9O8[0]:Y (r)
               +     0.708          net: Clock01
  15.979                       externenablelatch/output[2]:CLK (r)
               -     0.757          Library setup time: ADLIB:DFN1
  15.222                       externenablelatch/output[2]:D
                                    
  15.222                       data required time


END SET Register to Register

----------------------------------------------------

SET External Setup

Path 1
  From:                        SerialLoad
  To:                          firmware/parallelholdreg[2]:D
  Delay (ns):                  18.088
  Slack (ns):
  Arrival (ns):                18.088
  Required (ns):
  Setup (ns):                  0.757
  External Setup (ns):         12.857

Path 2
  From:                        LogicReset
  To:                          firmware/parallelholdreg[2]:D
  Delay (ns):                  17.671
  Slack (ns):
  Arrival (ns):                17.671
  Required (ns):
  Setup (ns):                  0.757
  External Setup (ns):         12.440

Path 3
  From:                        SerialLoad
  To:                          firmware/parallelholdreg[3]:D
  Delay (ns):                  17.250
  Slack (ns):
  Arrival (ns):                17.250
  Required (ns):
  Setup (ns):                  0.757
  External Setup (ns):         12.019

Path 4
  From:                        LogicReset
  To:                          firmware/parallelholdreg[3]:D
  Delay (ns):                  16.833
  Slack (ns):
  Arrival (ns):                16.833
  Required (ns):
  Setup (ns):                  0.757
  External Setup (ns):         11.602

Path 5
  From:                        SerialLoad
  To:                          firmware/parallelholdreg[4]:D
  Delay (ns):                  16.549
  Slack (ns):
  Arrival (ns):                16.549
  Required (ns):
  Setup (ns):                  0.757
  External Setup (ns):         11.318


Expanded Path 1
  From: SerialLoad
  To: firmware/parallelholdreg[2]:D
  data required time                             N/C
  data arrival time                          -   18.088
  slack                                          N/C
  ________________________________________________________
  Data arrival time calculation
  0.000                        SerialLoad (f)
               +     0.000          net: SerialLoad
  0.000                        SerialLoad_pad/U0/U0:PAD (f)
               +     1.075          cell: ADLIB:IOPAD_IN
  1.075                        SerialLoad_pad/U0/U0:Y (f)
               +     0.000          net: SerialLoad_pad/U0/NET1
  1.075                        SerialLoad_pad/U0/U1:YIN (f)
               +     0.184          cell: ADLIB:IOIN_IB
  1.259                        SerialLoad_pad/U0/U1:Y (f)
               +     2.787          net: SerialLoad_pad
  4.046                        SerialLoad_pad_RNIK82F:A (f)
               +     1.294          cell: ADLIB:CLKINT
  5.340                        SerialLoad_pad_RNIK82F:Y (f)
               +     0.715          net: SerialLoad_c
  6.055                        ioBank60reader/cellindex_1_sqmuxa_1_1:A (f)
               +     0.600          cell: ADLIB:NOR2
  6.655                        ioBank60reader/cellindex_1_sqmuxa_1_1:Y (r)
               +     4.761          net: ioBank60reader_cellindex_1_sqmuxa_1_1
  11.416                       firmware/un1_reset_0_o2_0:A (r)
               +     0.851          cell: ADLIB:OR2A
  12.267                       firmware/un1_reset_0_o2_0:Y (f)
               +     0.244          net: firmware/un1_reset_0_o2_0
  12.511                       firmware/un1_reset_0_o2_3:A (f)
               +     0.671          cell: ADLIB:OR3
  13.182                       firmware/un1_reset_0_o2_3:Y (f)
               +     1.521          net: firmware/un1_reset_0_o2_3
  14.703                       firmware/parallelholdreg_13_i_a2_i_o2[3]:B (f)
               +     0.887          cell: ADLIB:OR3A
  15.590                       firmware/parallelholdreg_13_i_a2_i_o2[3]:Y (f)
               +     0.244          net: firmware/N_44
  15.834                       firmware/parallelholdreg_RNO[2]:A (f)
               +     0.691          cell: ADLIB:OR2
  16.525                       firmware/parallelholdreg_RNO[2]:Y (f)
               +     1.563          net: firmware/parallelholdreg_13[2]
  18.088                       firmware/parallelholdreg[2]:D (f)
                                    
  18.088                       data arrival time
  ________________________________________________________
  Data required time calculation
  N/C                          clock_master/counter[0]:Q
               +     0.000          Clock source
  N/C                          clock_master/counter[0]:Q (r)
               +     2.856          Clock generation
  N/C
               +     1.218          net: clock_master/counter_i[0]
  N/C                          clock_master/counter_RNID9O8[0]:A (r)
               +     1.197          cell: ADLIB:CLKINT
  N/C                          clock_master/counter_RNID9O8[0]:Y (r)
               +     0.717          net: Clock01
  N/C                          firmware/parallelholdreg[2]:CLK (r)
               -     0.757          Library setup time: ADLIB:DFN1E1
  N/C                          firmware/parallelholdreg[2]:D


END SET External Setup

----------------------------------------------------

SET Clock to Output

Path 1
  From:                        ioBank69reader/dataout:CLK
  To:                          SerialOut
  Delay (ns):                  11.621
  Slack (ns):
  Arrival (ns):                17.600
  Required (ns):
  Clock to Out (ns):           17.600

Path 2
  From:                        firmware/dataout:CLK
  To:                          SerialOut
  Delay (ns):                  11.593
  Slack (ns):
  Arrival (ns):                17.591
  Required (ns):
  Clock to Out (ns):           17.591

Path 3
  From:                        ioBank6Areader/dataout:CLK
  To:                          SerialOut
  Delay (ns):                  11.216
  Slack (ns):
  Arrival (ns):                17.214
  Required (ns):
  Clock to Out (ns):           17.214

Path 4
  From:                        pwmdisable01latch/output[7]:CLK
  To:                          EncLgtControl
  Delay (ns):                  10.929
  Slack (ns):
  Arrival (ns):                16.963
  Required (ns):
  Clock to Out (ns):           16.963

Path 5
  From:                        bitcontrol01latch/output[7]:CLK
  To:                          EncLgtControl
  Delay (ns):                  10.191
  Slack (ns):
  Arrival (ns):                16.225
  Required (ns):
  Clock to Out (ns):           16.225


Expanded Path 1
  From: ioBank69reader/dataout:CLK
  To: SerialOut
  data required time                             N/C
  data arrival time                          -   17.600
  slack                                          N/C
  ________________________________________________________
  Data arrival time calculation
  0.000                        clock_master/counter[0]:Q
               +     0.000          Clock source
  0.000                        clock_master/counter[0]:Q (r)
               +     2.856          Clock generation
  2.856
               +     1.218          net: clock_master/counter_i[0]
  4.074                        clock_master/counter_RNID9O8[0]:A (r)
               +     1.197          cell: ADLIB:CLKINT
  5.271                        clock_master/counter_RNID9O8[0]:Y (r)
               +     0.708          net: Clock01
  5.979                        ioBank69reader/dataout:CLK (r)
               +     0.663          cell: ADLIB:DFN1
  6.642                        ioBank69reader/dataout:Q (r)
               +     0.228          net: do69
  6.870                        SerialOut_pad_RNO_7:C (r)
               +     1.000          cell: ADLIB:NOR3C
  7.870                        SerialOut_pad_RNO_7:Y (r)
               +     1.837          net: SerialOut_7
  9.707                        SerialOut_pad_RNO_2:C (r)
               +     1.208          cell: ADLIB:NOR3C
  10.915                       SerialOut_pad_RNO_2:Y (r)
               +     1.138          net: SerialOut_11
  12.053                       SerialOut_pad_RNO:C (r)
               +     1.005          cell: ADLIB:NOR3C
  13.058                       SerialOut_pad_RNO:Y (r)
               +     1.858          net: SerialOut_c
  14.916                       SerialOut_pad/U0/U1:D (r)
               +     0.885          cell: ADLIB:IOTRI_OB_EB
  15.801                       SerialOut_pad/U0/U1:DOUT (r)
               +     0.000          net: SerialOut_pad/U0/NET1
  15.801                       SerialOut_pad/U0/U0:D (r)
               +     1.799          cell: ADLIB:IOPAD_TRI
  17.600                       SerialOut_pad/U0/U0:PAD (r)
               +     0.000          net: SerialOut
  17.600                       SerialOut (r)
                                    
  17.600                       data arrival time
  ________________________________________________________
  Data required time calculation
  N/C                          clock_master/counter[0]:Q
               +     0.000          Clock source
  N/C                          clock_master/counter[0]:Q (r)
               +     2.856          Clock generation
  N/C
                                    
  N/C                          SerialOut (r)


END SET Clock to Output

----------------------------------------------------

SET Register to Asynchronous

No Path

END SET Register to Asynchronous

----------------------------------------------------

SET External Recovery

No Path

END SET External Recovery

----------------------------------------------------

SET Asynchronous to Register

No Path

END SET Asynchronous to Register

----------------------------------------------------

Clock Domain clock_master/counter[1]:Q

SET Register to Register

Path 1
  From:                        Watch_Dog_Reset/timercount[8]:CLK
  To:                          Watch_Dog_Reset/timercount[5]:E
  Delay (ns):                  9.438
  Slack (ns):                  9.264
  Arrival (ns):                16.341
  Required (ns):               25.605
  Setup (ns):                  0.649
  Minimum Period (ns):         10.736

Path 2
  From:                        Watch_Dog_Reset/timercount[8]:CLK
  To:                          Watch_Dog_Reset/timercount[7]:E
  Delay (ns):                  9.796
  Slack (ns):                  9.525
  Arrival (ns):                16.699
  Required (ns):               26.224
  Setup (ns):                  0.649
  Minimum Period (ns):         10.475

Path 3
  From:                        Watch_Dog_Reset/timercount[8]:CLK
  To:                          Watch_Dog_Reset/timercount[4]:E
  Delay (ns):                  9.433
  Slack (ns):                  9.540
  Arrival (ns):                16.336
  Required (ns):               25.876
  Setup (ns):                  0.649
  Minimum Period (ns):         10.460

Path 4
  From:                        Watch_Dog_Reset/timercount[8]:CLK
  To:                          Watch_Dog_Reset/timercount[8]:E
  Delay (ns):                  9.753
  Slack (ns):                  9.598
  Arrival (ns):                16.656
  Required (ns):               26.254
  Setup (ns):                  0.649
  Minimum Period (ns):         10.402

Path 5
  From:                        Watch_Dog_Reset/timercount[8]:CLK
  To:                          Watch_Dog_Reset/timerexpired:D
  Delay (ns):                  9.318
  Slack (ns):                  9.647
  Arrival (ns):                16.221
  Required (ns):               25.868
  Setup (ns):                  0.784
  Minimum Period (ns):         10.353


Expanded Path 1
  From: Watch_Dog_Reset/timercount[8]:CLK
  To: Watch_Dog_Reset/timercount[5]:E
  data required time                             25.605
  data arrival time                          -   16.341
  slack                                          9.264
  ________________________________________________________
  Data arrival time calculation
  0.000                        clock_master/counter[1]:Q
               +     0.000          Clock source
  0.000                        clock_master/counter[1]:Q (r)
               +     2.660          Clock generation
  2.660
               +     4.243          net: counter[1]
  6.903                        Watch_Dog_Reset/timercount[8]:CLK (r)
               +     0.797          cell: ADLIB:DFN1E0
  7.700                        Watch_Dog_Reset/timercount[8]:Q (f)
               +     1.505          net: Watch_Dog_Reset/timercount[8]
  9.205                        Watch_Dog_Reset/timercount_RNILU2S[8]:B (f)
               +     1.192          cell: ADLIB:NOR2
  10.397                       Watch_Dog_Reset/timercount_RNILU2S[8]:Y (r)
               +     0.260          net: Watch_Dog_Reset/m40_e_1
  10.657                       Watch_Dog_Reset/timercount_RNIBLBP1[1]:B (r)
               +     0.831          cell: ADLIB:NOR3B
  11.488                       Watch_Dog_Reset/timercount_RNIBLBP1[1]:Y (r)
               +     0.244          net: Watch_Dog_Reset/m40_e_5
  11.732                       Watch_Dog_Reset/timercount_RNIIOJD4[1]:A (r)
               +     0.680          cell: ADLIB:NOR3C
  12.412                       Watch_Dog_Reset/timercount_RNIIOJD4[1]:Y (r)
               +     0.917          net: Watch_Dog_Reset/N_63
  13.329                       Watch_Dog_Reset/timercount_RNI7ESA5[10]:S (r)
               +     0.588          cell: ADLIB:MX2C
  13.917                       Watch_Dog_Reset/timercount_RNI7ESA5[10]:Y (f)
               +     0.252          net: Watch_Dog_Reset/N_51_mux
  14.169                       Watch_Dog_Reset/timercount_RNIL7AM5[10]:A (f)
               +     0.701          cell: ADLIB:NOR2
  14.870                       Watch_Dog_Reset/timercount_RNIL7AM5[10]:Y (r)
               +     1.471          net: Watch_Dog_Reset/timercount_0_sqmuxa
  16.341                       Watch_Dog_Reset/timercount[5]:E (r)
                                    
  16.341                       data arrival time
  ________________________________________________________
  Data required time calculation
  20.000                       clock_master/counter[1]:Q
               +     0.000          Clock source
  20.000                       clock_master/counter[1]:Q (r)
               +     2.660          Clock generation
  22.660
               +     3.594          net: counter[1]
  26.254                       Watch_Dog_Reset/timercount[5]:CLK (r)
               -     0.649          Library setup time: ADLIB:DFN1E0
  25.605                       Watch_Dog_Reset/timercount[5]:E
                                    
  25.605                       data required time


END SET Register to Register

----------------------------------------------------

SET External Setup

Path 1
  From:                        ResetIn
  To:                          Watch_Dog_Reset/timercount[2]:D
  Delay (ns):                  9.618
  Slack (ns):
  Arrival (ns):                9.618
  Required (ns):
  Setup (ns):                  0.784
  External Setup (ns):         3.784

Path 2
  From:                        ResetIn
  To:                          Watch_Dog_Reset/timercount[6]:D
  Delay (ns):                  8.849
  Slack (ns):
  Arrival (ns):                8.849
  Required (ns):
  Setup (ns):                  0.784
  External Setup (ns):         2.760

Path 3
  From:                        ResetIn
  To:                          Watch_Dog_Reset/timercount[10]:D
  Delay (ns):                  8.669
  Slack (ns):
  Arrival (ns):                8.669
  Required (ns):
  Setup (ns):                  0.784
  External Setup (ns):         2.710

Path 4
  From:                        ResetIn
  To:                          Watch_Dog_Reset/timercount[9]:D
  Delay (ns):                  8.378
  Slack (ns):
  Arrival (ns):                8.378
  Required (ns):
  Setup (ns):                  0.784
  External Setup (ns):         2.419

Path 5
  From:                        ResetIn
  To:                          Watch_Dog_Reset/timercount[8]:D
  Delay (ns):                  8.444
  Slack (ns):
  Arrival (ns):                8.444
  Required (ns):
  Setup (ns):                  0.784
  External Setup (ns):         2.325


Expanded Path 1
  From: ResetIn
  To: Watch_Dog_Reset/timercount[2]:D
  data required time                             N/C
  data arrival time                          -   9.618
  slack                                          N/C
  ________________________________________________________
  Data arrival time calculation
  0.000                        ResetIn (f)
               +     0.000          net: ResetIn
  0.000                        ResetIn_pad/U0/U0:PAD (f)
               +     0.578          cell: ADLIB:IOPAD_IN
  0.578                        ResetIn_pad/U0/U0:Y (f)
               +     0.000          net: ResetIn_pad/U0/NET1
  0.578                        ResetIn_pad/U0/U1:YIN (f)
               +     0.184          cell: ADLIB:IOIN_IB
  0.762                        ResetIn_pad/U0/U1:Y (f)
               +     7.608          net: ResetIn_c
  8.370                        Watch_Dog_Reset/timercount_RNO[2]:C (f)
               +     0.991          cell: ADLIB:XA1B
  9.361                        Watch_Dog_Reset/timercount_RNO[2]:Y (r)
               +     0.257          net: Watch_Dog_Reset/timercount_n2
  9.618                        Watch_Dog_Reset/timercount[2]:D (r)
                                    
  9.618                        data arrival time
  ________________________________________________________
  Data required time calculation
  N/C                          clock_master/counter[1]:Q
               +     0.000          Clock source
  N/C                          clock_master/counter[1]:Q (r)
               +     2.660          Clock generation
  N/C
               +     3.958          net: counter[1]
  N/C                          Watch_Dog_Reset/timercount[2]:CLK (r)
               -     0.784          Library setup time: ADLIB:DFN1E0
  N/C                          Watch_Dog_Reset/timercount[2]:D


END SET External Setup

----------------------------------------------------

SET Clock to Output

Path 1
  From:                        Watch_Dog_Reset/timerexpired:CLK
  To:                          uCReset
  Delay (ns):                  8.632
  Slack (ns):
  Arrival (ns):                15.284
  Required (ns):
  Clock to Out (ns):           15.284


Expanded Path 1
  From: Watch_Dog_Reset/timerexpired:CLK
  To: uCReset
  data required time                             N/C
  data arrival time                          -   15.284
  slack                                          N/C
  ________________________________________________________
  Data arrival time calculation
  0.000                        clock_master/counter[1]:Q
               +     0.000          Clock source
  0.000                        clock_master/counter[1]:Q (r)
               +     2.660          Clock generation
  2.660
               +     3.992          net: counter[1]
  6.652                        Watch_Dog_Reset/timerexpired:CLK (r)
               +     0.797          cell: ADLIB:DFN1
  7.449                        Watch_Dog_Reset/timerexpired:Q (f)
               +     3.401          net: uCReset_c
  10.850                       uCReset_pad/U0/U1:D (f)
               +     0.916          cell: ADLIB:IOTRI_OB_EB
  11.766                       uCReset_pad/U0/U1:DOUT (f)
               +     0.000          net: uCReset_pad/U0/NET1
  11.766                       uCReset_pad/U0/U0:D (f)
               +     3.518          cell: ADLIB:IOPAD_TRI
  15.284                       uCReset_pad/U0/U0:PAD (f)
               +     0.000          net: uCReset
  15.284                       uCReset (f)
                                    
  15.284                       data arrival time
  ________________________________________________________
  Data required time calculation
  N/C                          clock_master/counter[1]:Q
               +     0.000          Clock source
  N/C                          clock_master/counter[1]:Q (r)
               +     2.660          Clock generation
  N/C
                                    
  N/C                          uCReset (f)


END SET Clock to Output

----------------------------------------------------

SET Register to Asynchronous

No Path

END SET Register to Asynchronous

----------------------------------------------------

SET External Recovery

No Path

END SET External Recovery

----------------------------------------------------

SET Asynchronous to Register

No Path

END SET Asynchronous to Register

----------------------------------------------------

Clock Domain clock_master/counter[2]:Q

SET Register to Register

Path 1
  From:                        matrix_read04/stage[1]:CLK
  To:                          matrix_read04/stage[4]:D
  Delay (ns):                  9.161
  Slack (ns):                  30.031
  Arrival (ns):                14.629
  Required (ns):               44.660
  Setup (ns):                  0.808
  Minimum Period (ns):         9.969

Path 2
  From:                        iobank63debounce/DebounceTimer[1]:CLK
  To:                          iobank63debounce/DebounceTimer[8]:D
  Delay (ns):                  8.948
  Slack (ns):                  30.253
  Arrival (ns):                14.468
  Required (ns):               44.721
  Setup (ns):                  0.757
  Minimum Period (ns):         9.747

Path 3
  From:                        matrix_read04/stage[1]:CLK
  To:                          matrix_read04/data00[0]:E
  Delay (ns):                  8.799
  Slack (ns):                  30.443
  Arrival (ns):                14.267
  Required (ns):               44.710
  Setup (ns):                  0.725
  Minimum Period (ns):         9.557

Path 4
  From:                        iobank69debounce/DebounceTimer[1]:CLK
  To:                          iobank69debounce/DebounceTimer[8]:D
  Delay (ns):                  8.722
  Slack (ns):                  30.474
  Arrival (ns):                14.281
  Required (ns):               44.755
  Setup (ns):                  0.808
  Minimum Period (ns):         9.526

Path 5
  From:                        iobank63debounce/DebounceTimer[0]:CLK
  To:                          iobank63debounce/DebounceTimer[8]:D
  Delay (ns):                  8.658
  Slack (ns):                  30.543
  Arrival (ns):                14.178
  Required (ns):               44.721
  Setup (ns):                  0.757
  Minimum Period (ns):         9.457


Expanded Path 1
  From: matrix_read04/stage[1]:CLK
  To: matrix_read04/stage[4]:D
  data required time                             44.660
  data arrival time                          -   14.629
  slack                                          30.031
  ________________________________________________________
  Data arrival time calculation
  0.000                        clock_master/counter[2]:Q
               +     0.000          Clock source
  0.000                        clock_master/counter[2]:Q (r)
               +     2.434          Clock generation
  2.434
               +     1.154          net: clock_master/counter_i[2]
  3.588                        clock_master/counter_RNIFBO8[2]:A (r)
               +     1.197          cell: ADLIB:CLKINT
  4.785                        clock_master/counter_RNIFBO8[2]:Y (r)
               +     0.683          net: Clock03
  5.468                        matrix_read04/stage[1]:CLK (r)
               +     0.886          cell: ADLIB:DFN1
  6.354                        matrix_read04/stage[1]:Q (f)
               +     1.634          net: matrix_read04/stage[1]
  7.988                        matrix_read04/stage_RNITO3[0]:B (f)
               +     1.028          cell: ADLIB:OR2B
  9.016                        matrix_read04/stage_RNITO3[0]:Y (r)
               +     0.810          net: matrix_read04/N_26
  9.826                        matrix_read04/stage_RNITM5[2]:B (r)
               +     0.743          cell: ADLIB:OR2A
  10.569                       matrix_read04/stage_RNITM5[2]:Y (r)
               +     0.305          net: matrix_read04/N_36
  10.874                       matrix_read04/stage_RNO_0[4]:B (r)
               +     1.290          cell: ADLIB:OA1C
  12.164                       matrix_read04/stage_RNO_0[4]:Y (r)
               +     0.265          net: matrix_read04/N_55
  12.429                       matrix_read04/stage_RNO[4]:C (r)
               +     0.777          cell: ADLIB:NOR3
  13.206                       matrix_read04/stage_RNO[4]:Y (f)
               +     1.423          net: matrix_read04/N_15
  14.629                       matrix_read04/stage[4]:D (f)
                                    
  14.629                       data arrival time
  ________________________________________________________
  Data required time calculation
  40.000                       clock_master/counter[2]:Q
               +     0.000          Clock source
  40.000                       clock_master/counter[2]:Q (r)
               +     2.434          Clock generation
  42.434
               +     1.154          net: clock_master/counter_i[2]
  43.588                       clock_master/counter_RNIFBO8[2]:A (r)
               +     1.197          cell: ADLIB:CLKINT
  44.785                       clock_master/counter_RNIFBO8[2]:Y (r)
               +     0.683          net: Clock03
  45.468                       matrix_read04/stage[4]:CLK (r)
               -     0.808          Library setup time: ADLIB:DFN1
  44.660                       matrix_read04/stage[4]:D
                                    
  44.660                       data required time


END SET Register to Register

----------------------------------------------------

SET External Setup

Path 1
  From:                        LogicReset
  To:                          iobank69debounce/DebounceTimer[8]:D
  Delay (ns):                  10.703
  Slack (ns):
  Arrival (ns):                10.703
  Required (ns):
  Setup (ns):                  0.808
  External Setup (ns):         5.948

Path 2
  From:                        LogicReset
  To:                          iobank67debounce/DebounceTimer[8]:D
  Delay (ns):                  10.564
  Slack (ns):
  Arrival (ns):                10.564
  Required (ns):
  Setup (ns):                  0.808
  External Setup (ns):         5.910

Path 3
  From:                        LogicReset
  To:                          iobank63debounce/DebounceTimer[2]:D
  Delay (ns):                  10.285
  Slack (ns):
  Arrival (ns):                10.285
  Required (ns):
  Setup (ns):                  0.808
  External Setup (ns):         5.631

Path 4
  From:                        LogicReset
  To:                          iobank62debounce/DebounceTimer[8]:D
  Delay (ns):                  10.293
  Slack (ns):
  Arrival (ns):                10.293
  Required (ns):
  Setup (ns):                  0.808
  External Setup (ns):         5.572

Path 5
  From:                        LogicReset
  To:                          iobank63debounce/DebounceTimer[3]:D
  Delay (ns):                  10.004
  Slack (ns):
  Arrival (ns):                10.004
  Required (ns):
  Setup (ns):                  0.808
  External Setup (ns):         5.350


Expanded Path 1
  From: LogicReset
  To: iobank69debounce/DebounceTimer[8]:D
  data required time                             N/C
  data arrival time                          -   10.703
  slack                                          N/C
  ________________________________________________________
  Data arrival time calculation
  0.000                        LogicReset (f)
               +     0.000          net: LogicReset
  0.000                        LogicReset_pad/U0/U0:PAD (f)
               +     0.578          cell: ADLIB:IOPAD_IN
  0.578                        LogicReset_pad/U0/U0:Y (f)
               +     0.000          net: LogicReset_pad/U0/NET1
  0.578                        LogicReset_pad/U0/U1:YIN (f)
               +     0.184          cell: ADLIB:IOIN_IB
  0.762                        LogicReset_pad/U0/U1:Y (f)
               +     2.670          net: LogicReset_pad
  3.432                        LogicReset_pad_RNI5AOB:A (f)
               +     1.294          cell: ADLIB:CLKINT
  4.726                        LogicReset_pad_RNI5AOB:Y (f)
               +     0.790          net: LogicReset_c
  5.516                        iobank69debounce/Changing_RNIQNAR:B (f)
               +     0.818          cell: ADLIB:NOR2
  6.334                        iobank69debounce/Changing_RNIQNAR:Y (r)
               +     1.293          net: iobank69debounce/un1_previousposition7
  7.627                        iobank69debounce/DebounceTimer_RNO_0[8]:A (r)
               +     0.747          cell: ADLIB:NOR3C
  8.374                        iobank69debounce/DebounceTimer_RNO_0[8]:Y (r)
               +     1.307          net: iobank69debounce/N_48
  9.681                        iobank69debounce/DebounceTimer_RNO[8]:B (r)
               +     0.789          cell: ADLIB:MX2A
  10.470                       iobank69debounce/DebounceTimer_RNO[8]:Y (r)
               +     0.233          net: iobank69debounce/DebounceTimer_RNO_6[8]
  10.703                       iobank69debounce/DebounceTimer[8]:D (r)
                                    
  10.703                       data arrival time
  ________________________________________________________
  Data required time calculation
  N/C                          clock_master/counter[2]:Q
               +     0.000          Clock source
  N/C                          clock_master/counter[2]:Q (r)
               +     2.434          Clock generation
  N/C
               +     1.154          net: clock_master/counter_i[2]
  N/C                          clock_master/counter_RNIFBO8[2]:A (r)
               +     1.197          cell: ADLIB:CLKINT
  N/C                          clock_master/counter_RNIFBO8[2]:Y (r)
               +     0.778          net: Clock03
  N/C                          iobank69debounce/DebounceTimer[8]:CLK (r)
               -     0.808          Library setup time: ADLIB:DFN1
  N/C                          iobank69debounce/DebounceTimer[8]:D


END SET External Setup

----------------------------------------------------

SET Clock to Output

Path 1
  From:                        matrix_read04/ctrl[2]:CLK
  To:                          inputs67_ctrl[2]
  Delay (ns):                  6.999
  Slack (ns):
  Arrival (ns):                12.467
  Required (ns):
  Clock to Out (ns):           12.467

Path 2
  From:                        matrix_read04/ctrl[0]:CLK
  To:                          inputs67_ctrl[0]
  Delay (ns):                  6.666
  Slack (ns):
  Arrival (ns):                12.134
  Required (ns):
  Clock to Out (ns):           12.134

Path 3
  From:                        matrix_read04/ctrl[1]:CLK
  To:                          inputs67_ctrl[1]
  Delay (ns):                  6.635
  Slack (ns):
  Arrival (ns):                12.069
  Required (ns):
  Clock to Out (ns):           12.069

Path 4
  From:                        matrix_read04/ctrl[4]:CLK
  To:                          inputs67_ctrl[4]
  Delay (ns):                  6.582
  Slack (ns):
  Arrival (ns):                12.019
  Required (ns):
  Clock to Out (ns):           12.019

Path 5
  From:                        matrix_read04/ctrl[3]:CLK
  To:                          inputs67_ctrl[3]
  Delay (ns):                  6.194
  Slack (ns):
  Arrival (ns):                11.662
  Required (ns):
  Clock to Out (ns):           11.662


Expanded Path 1
  From: matrix_read04/ctrl[2]:CLK
  To: inputs67_ctrl[2]
  data required time                             N/C
  data arrival time                          -   12.467
  slack                                          N/C
  ________________________________________________________
  Data arrival time calculation
  0.000                        clock_master/counter[2]:Q
               +     0.000          Clock source
  0.000                        clock_master/counter[2]:Q (r)
               +     2.434          Clock generation
  2.434
               +     1.154          net: clock_master/counter_i[2]
  3.588                        clock_master/counter_RNIFBO8[2]:A (r)
               +     1.197          cell: ADLIB:CLKINT
  4.785                        clock_master/counter_RNIFBO8[2]:Y (r)
               +     0.683          net: Clock03
  5.468                        matrix_read04/ctrl[2]:CLK (r)
               +     0.886          cell: ADLIB:DFN1
  6.354                        matrix_read04/ctrl[2]:Q (f)
               +     3.042          net: inputs67_ctrl_c[2]
  9.396                        inputs67_ctrl_pad[2]/U0/U1:D (f)
               +     0.916          cell: ADLIB:IOTRI_OB_EB
  10.312                       inputs67_ctrl_pad[2]/U0/U1:DOUT (f)
               +     0.000          net: inputs67_ctrl_pad[2]/U0/NET1
  10.312                       inputs67_ctrl_pad[2]/U0/U0:D (f)
               +     2.155          cell: ADLIB:IOPAD_TRI
  12.467                       inputs67_ctrl_pad[2]/U0/U0:PAD (f)
               +     0.000          net: inputs67_ctrl[2]
  12.467                       inputs67_ctrl[2] (f)
                                    
  12.467                       data arrival time
  ________________________________________________________
  Data required time calculation
  N/C                          clock_master/counter[2]:Q
               +     0.000          Clock source
  N/C                          clock_master/counter[2]:Q (r)
               +     2.434          Clock generation
  N/C
                                    
  N/C                          inputs67_ctrl[2] (f)


END SET Clock to Output

----------------------------------------------------

SET Register to Asynchronous

No Path

END SET Register to Asynchronous

----------------------------------------------------

SET External Recovery

No Path

END SET External Recovery

----------------------------------------------------

SET Asynchronous to Register

No Path

END SET Asynchronous to Register

----------------------------------------------------

Clock Domain clock_master/counter[7]:Q

SET Register to Register

Path 1
  From:                        A2DRead/DataRegU1Ch1h[3]:CLK
  To:                          A2DRead/DataRegU1Ch1[15]:D
  Delay (ns):                  29.969
  Slack (ns):                  289.019
  Arrival (ns):                36.875
  Required (ns):               325.894
  Setup (ns):                  0.808
  Minimum Period (ns):         30.981

Path 2
  From:                        A2DRead/DataRegU1Ch1i[3]:CLK
  To:                          A2DRead/DataRegU1Ch1[15]:D
  Delay (ns):                  29.851
  Slack (ns):                  289.137
  Arrival (ns):                36.757
  Required (ns):               325.894
  Setup (ns):                  0.808
  Minimum Period (ns):         30.863

Path 3
  From:                        A2DRead/DataRegU1Ch1g[3]:CLK
  To:                          A2DRead/DataRegU1Ch1[15]:D
  Delay (ns):                  29.717
  Slack (ns):                  289.271
  Arrival (ns):                36.623
  Required (ns):               325.894
  Setup (ns):                  0.808
  Minimum Period (ns):         30.729

Path 4
  From:                        A2DRead/DataRegU1Ch1k[3]:CLK
  To:                          A2DRead/DataRegU1Ch1[15]:D
  Delay (ns):                  29.621
  Slack (ns):                  289.367
  Arrival (ns):                36.527
  Required (ns):               325.894
  Setup (ns):                  0.808
  Minimum Period (ns):         30.633

Path 5
  From:                        A2DRead/DataRegU1Ch0a[7]:CLK
  To:                          A2DRead/DataRegU1Ch0[13]:D
  Delay (ns):                  29.405
  Slack (ns):                  289.634
  Arrival (ns):                36.181
  Required (ns):               325.815
  Setup (ns):                  0.757
  Minimum Period (ns):         30.366


Expanded Path 1
  From: A2DRead/DataRegU1Ch1h[3]:CLK
  To: A2DRead/DataRegU1Ch1[15]:D
  data required time                             325.894
  data arrival time                          -   36.875
  slack                                          289.019
  ________________________________________________________
  Data arrival time calculation
  0.000                        clock_master/counter[7]:Q
               +     0.000          Clock source
  0.000                        clock_master/counter[7]:Q (r)
               +     3.593          Clock generation
  3.593
               +     1.122          net: clock_master/counter_i[7]
  4.715                        clock_master/counter_RNIKGO8[7]:A (r)
               +     1.197          cell: ADLIB:CLKINT
  5.912                        clock_master/counter_RNIKGO8[7]:Y (r)
               +     0.994          net: Clock04
  6.906                        A2DRead/DataRegU1Ch1h[3]:CLK (r)
               +     0.663          cell: ADLIB:DFN1E1
  7.569                        A2DRead/DataRegU1Ch1h[3]:Q (r)
               +     1.022          net: A2DRead/DataRegU1Ch1h[3]
  8.591                        A2DRead/DataRegU1Ch1g_RNIA12Q_0[3]:B (r)
               +     1.348          cell: ADLIB:MAJ3
  9.939                        A2DRead/DataRegU1Ch1g_RNIA12Q_0[3]:Y (r)
               +     0.340          net: A2DRead/N_1402
  10.279                       A2DRead/DataRegU1Ch1o_RNIPLPR2_0[3]:B (r)
               +     1.355          cell: ADLIB:MAJ3
  11.634                       A2DRead/DataRegU1Ch1o_RNIPLPR2_0[3]:Y (r)
               +     1.352          net: A2DRead/N_1432
  12.986                       A2DRead/DataRegU1Ch1f_RNION235_0[5]:B (r)
               +     1.610          cell: ADLIB:MAJ3
  14.596                       A2DRead/DataRegU1Ch1f_RNION235_0[5]:Y (r)
               +     2.335          net: A2DRead/N_1466
  16.931                       A2DRead/DataRegU1Ch1f_RNIUP2P7[5]:B (r)
               +     0.901          cell: ADLIB:NOR2B
  17.832                       A2DRead/DataRegU1Ch1f_RNIUP2P7[5]:Y (r)
               +     0.300          net: A2DRead/un60_dataregu1ch1_209
  18.132                       A2DRead/DataRegU1Ch1f_RNID59LK[5]:B (r)
               +     0.748          cell: ADLIB:OR2
  18.880                       A2DRead/DataRegU1Ch1f_RNID59LK[5]:Y (r)
               +     0.298          net: A2DRead/N_1498
  19.178                       A2DRead/DataRegU1Ch1f_RNIA5EMR_0[5]:B (r)
               +     0.749          cell: ADLIB:NOR2B
  19.927                       A2DRead/DataRegU1Ch1f_RNIA5EMR_0[5]:Y (r)
               +     0.228          net: A2DRead/un60_dataregu1ch1_256
  20.155                       A2DRead/DataRegU1Ch1o_RNIIA0EU1[5]:C (r)
               +     0.990          cell: ADLIB:AO1
  21.145                       A2DRead/DataRegU1Ch1o_RNIIA0EU1[5]:Y (r)
               +     1.975          net: A2DRead/N_1528
  23.120                       A2DRead/DataRegU1Ch1f_RNIQA0R73_0[7]:B (r)
               +     1.768          cell: ADLIB:MAJ3
  24.888                       A2DRead/DataRegU1Ch1f_RNIQA0R73_0[7]:Y (r)
               +     0.344          net: A2DRead/N_1558
  25.232                       A2DRead/un60_dataregu1ch1_824_ADD_11x11_fast_I4_G0N:B (r)
               +     0.618          cell: ADLIB:NOR2B
  25.850                       A2DRead/un60_dataregu1ch1_824_ADD_11x11_fast_I4_G0N:Y (r)
               +     1.069          net: A2DRead/N165_0
  26.919                       A2DRead/un60_dataregu1ch1_824_ADD_11x11_fast_I21_Y:A (r)
               +     0.702          cell: ADLIB:AO1
  27.621                       A2DRead/un60_dataregu1ch1_824_ADD_11x11_fast_I21_Y:Y (r)
               +     0.974          net: A2DRead/N198_0
  28.595                       A2DRead/un60_dataregu1ch1_824_ADD_11x11_fast_I43_Y:C (r)
               +     1.045          cell: ADLIB:AO1
  29.640                       A2DRead/un60_dataregu1ch1_824_ADD_11x11_fast_I43_Y:Y (r)
               +     1.318          net: A2DRead/N223_0
  30.958                       A2DRead/un60_dataregu1ch1_824_ADD_11x11_fast_I55_un1_Y:B (r)
               +     0.665          cell: ADLIB:NOR2B
  31.623                       A2DRead/un60_dataregu1ch1_824_ADD_11x11_fast_I55_un1_Y:Y (r)
               +     0.228          net: A2DRead/I55_un1_Y
  31.851                       A2DRead/un60_dataregu1ch1_824_ADD_11x11_fast_I70_Y_2:C (r)
               +     0.801          cell: ADLIB:OR3
  32.652                       A2DRead/un60_dataregu1ch1_824_ADD_11x11_fast_I70_Y_2:Y (r)
               +     0.225          net: A2DRead/ADD_11x11_fast_I70_Y_2_0
  32.877                       A2DRead/un60_dataregu1ch1_824_ADD_11x11_fast_I70_Y:C (r)
               +     0.990          cell: ADLIB:AO1
  33.867                       A2DRead/un60_dataregu1ch1_824_ADD_11x11_fast_I70_Y:Y (r)
               +     0.257          net: A2DRead/N269
  34.124                       A2DRead/un60_dataregu1ch1_824_ADD_11x11_fast_I91_Y:C (r)
               +     1.311          cell: ADLIB:XOR3
  35.435                       A2DRead/un60_dataregu1ch1_824_ADD_11x11_fast_I91_Y:Y (f)
               +     1.440          net: A2DRead/un60_dataregu1ch1[14]
  36.875                       A2DRead/DataRegU1Ch1[15]:D (f)
                                    
  36.875                       data arrival time
  ________________________________________________________
  Data required time calculation
  320.000                      clock_master/counter[7]:Q
               +     0.000          Clock source
  320.000                      clock_master/counter[7]:Q (r)
               +     3.593          Clock generation
  323.593
               +     1.122          net: clock_master/counter_i[7]
  324.715                      clock_master/counter_RNIKGO8[7]:A (r)
               +     1.197          cell: ADLIB:CLKINT
  325.912                      clock_master/counter_RNIKGO8[7]:Y (r)
               +     0.790          net: Clock04
  326.702                      A2DRead/DataRegU1Ch1[15]:CLK (r)
               -     0.808          Library setup time: ADLIB:DFN1E1
  325.894                      A2DRead/DataRegU1Ch1[15]:D
                                    
  325.894                      data required time


END SET Register to Register

----------------------------------------------------

SET External Setup

Path 1
  From:                        LogicReset
  To:                          heart_beat/counter[17]:D
  Delay (ns):                  26.089
  Slack (ns):
  Arrival (ns):                26.089
  Required (ns):
  Setup (ns):                  0.757
  External Setup (ns):         20.162

Path 2
  From:                        LogicReset
  To:                          heart_beat/counter[18]:D
  Delay (ns):                  25.784
  Slack (ns):
  Arrival (ns):                25.784
  Required (ns):
  Setup (ns):                  0.757
  External Setup (ns):         19.986

Path 3
  From:                        LogicReset
  To:                          heart_beat/counter[16]:D
  Delay (ns):                  24.261
  Slack (ns):
  Arrival (ns):                24.261
  Required (ns):
  Setup (ns):                  0.808
  External Setup (ns):         18.514

Path 4
  From:                        LogicReset
  To:                          heart_beat/counter[15]:D
  Delay (ns):                  23.436
  Slack (ns):
  Arrival (ns):                23.436
  Required (ns):
  Setup (ns):                  0.808
  External Setup (ns):         17.718

Path 5
  From:                        LogicReset
  To:                          heart_beat/counter[14]:D
  Delay (ns):                  22.977
  Slack (ns):
  Arrival (ns):                22.977
  Required (ns):
  Setup (ns):                  0.808
  External Setup (ns):         17.259


Expanded Path 1
  From: LogicReset
  To: heart_beat/counter[17]:D
  data required time                             N/C
  data arrival time                          -   26.089
  slack                                          N/C
  ________________________________________________________
  Data arrival time calculation
  0.000                        LogicReset (f)
               +     0.000          net: LogicReset
  0.000                        LogicReset_pad/U0/U0:PAD (f)
               +     0.578          cell: ADLIB:IOPAD_IN
  0.578                        LogicReset_pad/U0/U0:Y (f)
               +     0.000          net: LogicReset_pad/U0/NET1
  0.578                        LogicReset_pad/U0/U1:YIN (f)
               +     0.184          cell: ADLIB:IOIN_IB
  0.762                        LogicReset_pad/U0/U1:Y (f)
               +     2.670          net: LogicReset_pad
  3.432                        LogicReset_pad_RNI5AOB:A (f)
               +     1.294          cell: ADLIB:CLKINT
  4.726                        LogicReset_pad_RNI5AOB:Y (f)
               +     0.715          net: LogicReset_c
  5.441                        A2DRead/m16:B (f)
               +     0.465          cell: ADLIB:NOR2A
  5.906                        A2DRead/m16:Y (r)
               +     1.784          net: A2DRead_AdClock_0_sqmuxa
  7.690                        heart_beat/un1_counter_1_m1:B (r)
               +     0.902          cell: ADLIB:NOR2B
  8.592                        heart_beat/un1_counter_1_m1:Y (r)
               +     0.300          net: heart_beat/N_2_i
  8.892                        heart_beat/un1_counter_1_m2:B (r)
               +     0.749          cell: ADLIB:NOR2B
  9.641                        heart_beat/un1_counter_1_m2:Y (r)
               +     0.300          net: heart_beat/N_3_i
  9.941                        heart_beat/un1_counter_1_m5:B (r)
               +     0.887          cell: ADLIB:MX2C
  10.828                       heart_beat/un1_counter_1_m5:Y (f)
               +     0.958          net: heart_beat/i3_mux
  11.786                       heart_beat/un1_counter_1_m8:B (f)
               +     1.478          cell: ADLIB:AO13
  13.264                       heart_beat/un1_counter_1_m8:Y (f)
               +     0.464          net: heart_beat/i5_mux
  13.728                       heart_beat/un1_counter_1_m10:C (f)
               +     0.735          cell: ADLIB:NOR3B
  14.463                       heart_beat/un1_counter_1_m10:Y (r)
               +     1.382          net: heart_beat/N_11_i
  15.845                       heart_beat/un1_counter_1_m12:B (r)
               +     1.103          cell: ADLIB:NOR3C
  16.948                       heart_beat/un1_counter_1_m12:Y (r)
               +     0.428          net: heart_beat/N_13_i
  17.376                       heart_beat/un1_counter_1_m14:B (r)
               +     0.872          cell: ADLIB:NOR3C
  18.248                       heart_beat/un1_counter_1_m14:Y (r)
               +     0.343          net: heart_beat/N_15_i
  18.591                       heart_beat/un1_counter_1_m16:B (r)
               +     0.851          cell: ADLIB:NOR3C
  19.442                       heart_beat/un1_counter_1_m16:Y (r)
               +     1.346          net: heart_beat/N_17_i
  20.788                       heart_beat/un1_counter_1_m18:B (r)
               +     0.943          cell: ADLIB:NOR3C
  21.731                       heart_beat/un1_counter_1_m18:Y (r)
               +     0.485          net: heart_beat/N_19_i
  22.216                       heart_beat/un1_counter_1_m20:B (r)
               +     0.885          cell: ADLIB:NOR3C
  23.101                       heart_beat/un1_counter_1_m20:Y (r)
               +     0.374          net: heart_beat/N_21_i
  23.475                       heart_beat/un1_counter_1_m21:A (r)
               +     0.626          cell: ADLIB:NOR2B
  24.101                       heart_beat/un1_counter_1_m21:Y (r)
               +     0.343          net: heart_beat/N_22_i
  24.444                       heart_beat/un1_counter_1_m22:A (r)
               +     0.741          cell: ADLIB:XOR2
  25.185                       heart_beat/un1_counter_1_m22:Y (r)
               +     0.904          net: heart_beat/m22
  26.089                       heart_beat/counter[17]:D (r)
                                    
  26.089                       data arrival time
  ________________________________________________________
  Data required time calculation
  N/C                          clock_master/counter[7]:Q
               +     0.000          Clock source
  N/C                          clock_master/counter[7]:Q (r)
               +     3.593          Clock generation
  N/C
               +     1.122          net: clock_master/counter_i[7]
  N/C                          clock_master/counter_RNIKGO8[7]:A (r)
               +     1.197          cell: ADLIB:CLKINT
  N/C                          clock_master/counter_RNIKGO8[7]:Y (r)
               +     0.772          net: Clock04
  N/C                          heart_beat/counter[17]:CLK (r)
               -     0.757          Library setup time: ADLIB:DFN1
  N/C                          heart_beat/counter[17]:D


END SET External Setup

----------------------------------------------------

SET Clock to Output

Path 1
  From:                        snkpout01/PWMOut:CLK
  To:                          EncLgtControl
  Delay (ns):                  12.288
  Slack (ns):
  Arrival (ns):                18.908
  Required (ns):
  Clock to Out (ns):           18.908

Path 2
  From:                        snkpout01/PWMOut:CLK
  To:                          AN4PTTControl
  Delay (ns):                  11.387
  Slack (ns):
  Arrival (ns):                18.007
  Required (ns):
  Clock to Out (ns):           18.007

Path 3
  From:                        snkpout01/PWMOut:CLK
  To:                          AN6NRMControl
  Delay (ns):                  11.323
  Slack (ns):
  Arrival (ns):                17.943
  Required (ns):
  Clock to Out (ns):           17.943

Path 4
  From:                        snkpout01/PWMOut:CLK
  To:                          AN6PTTControl
  Delay (ns):                  11.284
  Slack (ns):
  Arrival (ns):                17.904
  Required (ns):
  Clock to Out (ns):           17.904

Path 5
  From:                        snkpout01/PWMOut:CLK
  To:                          AN1DimControl
  Delay (ns):                  11.041
  Slack (ns):
  Arrival (ns):                17.661
  Required (ns):
  Clock to Out (ns):           17.661


Expanded Path 1
  From: snkpout01/PWMOut:CLK
  To: EncLgtControl
  data required time                             N/C
  data arrival time                          -   18.908
  slack                                          N/C
  ________________________________________________________
  Data arrival time calculation
  0.000                        clock_master/counter[7]:Q
               +     0.000          Clock source
  0.000                        clock_master/counter[7]:Q (r)
               +     3.593          Clock generation
  3.593
               +     1.122          net: clock_master/counter_i[7]
  4.715                        clock_master/counter_RNIKGO8[7]:A (r)
               +     1.197          cell: ADLIB:CLKINT
  5.912                        clock_master/counter_RNIKGO8[7]:Y (r)
               +     0.708          net: Clock04
  6.620                        snkpout01/PWMOut:CLK (r)
               +     0.663          cell: ADLIB:DFN1
  7.283                        snkpout01/PWMOut:Q (r)
               +     2.650          net: PnlLgtControl_c
  9.933                        pwmdisable01latch/output_RNID03R[7]:A (r)
               +     1.799          cell: ADLIB:OA1
  11.732                       pwmdisable01latch/output_RNID03R[7]:Y (r)
               +     2.876          net: EncLgtControl_c
  14.608                       EncLgtControl_pad/U0/U1:D (r)
               +     0.885          cell: ADLIB:IOTRI_OB_EB
  15.493                       EncLgtControl_pad/U0/U1:DOUT (r)
               +     0.000          net: EncLgtControl_pad/U0/NET1
  15.493                       EncLgtControl_pad/U0/U0:D (r)
               +     3.415          cell: ADLIB:IOPAD_TRI
  18.908                       EncLgtControl_pad/U0/U0:PAD (r)
               +     0.000          net: EncLgtControl
  18.908                       EncLgtControl (r)
                                    
  18.908                       data arrival time
  ________________________________________________________
  Data required time calculation
  N/C                          clock_master/counter[7]:Q
               +     0.000          Clock source
  N/C                          clock_master/counter[7]:Q (r)
               +     3.593          Clock generation
  N/C
                                    
  N/C                          EncLgtControl (r)


END SET Clock to Output

----------------------------------------------------

SET Register to Asynchronous

No Path

END SET Register to Asynchronous

----------------------------------------------------

SET External Recovery

No Path

END SET External Recovery

----------------------------------------------------

SET Asynchronous to Register

No Path

END SET Asynchronous to Register

----------------------------------------------------

Path set Pin to Pin

SET Input to Output

No Path

END SET Input to Output

----------------------------------------------------

Path set User Sets

