Timing Violation Report Min Delay Analysis

SmartTime Version v11.7 SP1.1
Microsemi Corporation - Microsemi Libero Software Release v11.7 SP1.1 (Version 11.7.1.14)
Date: Thu Jul 27 09:18:07 2017


Design: mainprogram
Family: IGLOO
Die: AGLN250V5
Package: 100 VQFP
Temperature Range: 0 - 70 C
Voltage Range: 1.425 - 1.575 V
Speed Grade: STD
Design State: Post-Layout
Data source: Silicon verified
Min Operating Conditions: BEST - 1.575 V - 0 C
Max Operating Conditions: WORST - 1.425 V - 70 C
Using Enhanced Min Delay Analysis
Scenario for Timing Analysis: Primary


Path 1
  From:                        A2DRead/DataRegU1Ch1f[8]:CLK
  To:                          A2DRead/DataRegU1Ch1g[8]:D
  Delay (ns):                  0.362
  Slack (ns):                  0.119
  Arrival (ns):                3.015
  Required (ns):               2.896

Path 2
  From:                        A2DRead/DataRegU1Ch1m[1]:CLK
  To:                          A2DRead/DataRegU1Ch1n[1]:D
  Delay (ns):                  0.362
  Slack (ns):                  0.135
  Arrival (ns):                3.003
  Required (ns):               2.868

Path 3
  From:                        A2DRead/DataRegU1Ch0e[7]:CLK
  To:                          A2DRead/DataRegU1Ch0f[7]:D
  Delay (ns):                  0.395
  Slack (ns):                  0.152
  Arrival (ns):                3.048
  Required (ns):               2.896

Path 4
  From:                        A2DRead/DataRegU1Ch0m[3]:CLK
  To:                          A2DRead/DataRegU1Ch0n[3]:D
  Delay (ns):                  0.362
  Slack (ns):                  0.167
  Arrival (ns):                3.047
  Required (ns):               2.880

Path 5
  From:                        A2DRead/DataRegU1Ch0j[1]:CLK
  To:                          A2DRead/DataRegU1Ch0k[1]:D
  Delay (ns):                  0.362
  Slack (ns):                  0.167
  Arrival (ns):                3.047
  Required (ns):               2.880

Path 6
  From:                        A2DRead/DataRegU1Ch0o[6]:CLK
  To:                          A2DRead/DataRegU1Ch0p[6]:D
  Delay (ns):                  0.360
  Slack (ns):                  0.182
  Arrival (ns):                3.036
  Required (ns):               2.854

Path 7
  From:                        A2DRead/DataRegU1Ch1i[5]:CLK
  To:                          A2DRead/DataRegU1Ch1j[5]:D
  Delay (ns):                  0.430
  Slack (ns):                  0.187
  Arrival (ns):                3.083
  Required (ns):               2.896

Path 8
  From:                        A2DRead/DataRegU1Ch1m[6]:CLK
  To:                          A2DRead/DataRegU1Ch1n[6]:D
  Delay (ns):                  0.362
  Slack (ns):                  0.194
  Arrival (ns):                3.002
  Required (ns):               2.808

Path 9
  From:                        A2DRead/DataRegU1Ch0o[5]:CLK
  To:                          A2DRead/DataRegU1Ch0p[5]:D
  Delay (ns):                  0.395
  Slack (ns):                  0.200
  Arrival (ns):                3.080
  Required (ns):               2.880

Path 10
  From:                        A2DRead/DataRegU1Ch0e[10]:CLK
  To:                          A2DRead/DataRegU1Ch0f[10]:D
  Delay (ns):                  0.370
  Slack (ns):                  0.213
  Arrival (ns):                3.081
  Required (ns):               2.868

Path 11
  From:                        A2DRead/DataRegU1Ch1g[9]:CLK
  To:                          A2DRead/DataRegU1Ch1h[9]:D
  Delay (ns):                  0.360
  Slack (ns):                  0.217
  Arrival (ns):                3.093
  Required (ns):               2.876

Path 12
  From:                        A2DRead/DataRegU1Ch1e[9]:CLK
  To:                          A2DRead/DataRegU1Ch1f[9]:D
  Delay (ns):                  0.360
  Slack (ns):                  0.217
  Arrival (ns):                3.093
  Required (ns):               2.876

Path 13
  From:                        A2DRead/DataRegU1Ch1a[6]:CLK
  To:                          A2DRead/DataRegU1Ch1b[6]:D
  Delay (ns):                  0.360
  Slack (ns):                  0.217
  Arrival (ns):                3.093
  Required (ns):               2.876

Path 14
  From:                        A2DRead/DataRegU1Ch1d[7]:CLK
  To:                          A2DRead/DataRegU1Ch1e[7]:D
  Delay (ns):                  0.360
  Slack (ns):                  0.217
  Arrival (ns):                3.093
  Required (ns):               2.876

Path 15
  From:                        A2DRead/DataRegU1Ch0j[12]:CLK
  To:                          A2DRead/DataRegU1Ch0k[12]:D
  Delay (ns):                  0.369
  Slack (ns):                  0.222
  Arrival (ns):                3.118
  Required (ns):               2.896

Path 16
  From:                        A2DRead/DataInReg[12]:CLK
  To:                          A2DRead/DataRegU1Ch0a[12]:D
  Delay (ns):                  0.370
  Slack (ns):                  0.224
  Arrival (ns):                3.023
  Required (ns):               2.799

Path 17
  From:                        A2DRead/DataRegU1Ch1[11]:CLK
  To:                          A2DRead/DatHldRegU1Ch1[7]:D
  Delay (ns):                  0.370
  Slack (ns):                  0.238
  Arrival (ns):                3.096
  Required (ns):               2.858

Path 18
  From:                        A2DRead/DataRegU1Ch1c[3]:CLK
  To:                          A2DRead/DataRegU1Ch1d[3]:D
  Delay (ns):                  0.360
  Slack (ns):                  0.239
  Arrival (ns):                3.135
  Required (ns):               2.896

Path 19
  From:                        A2DRead/DataRegU1Ch0d[8]:CLK
  To:                          A2DRead/DataRegU1Ch0e[8]:D
  Delay (ns):                  0.360
  Slack (ns):                  0.239
  Arrival (ns):                3.135
  Required (ns):               2.896

Path 20
  From:                        A2DRead/DataRegU1Ch1a[1]:CLK
  To:                          A2DRead/DataRegU1Ch1b[1]:D
  Delay (ns):                  0.360
  Slack (ns):                  0.239
  Arrival (ns):                3.135
  Required (ns):               2.896

Path 21
  From:                        A2DRead/DataRegU1Ch0l[11]:CLK
  To:                          A2DRead/DataRegU1Ch0m[11]:D
  Delay (ns):                  0.360
  Slack (ns):                  0.244
  Arrival (ns):                3.071
  Required (ns):               2.827

Path 22
  From:                        A2DRead/DataRegU1Ch0o[4]:CLK
  To:                          A2DRead/DataRegU1Ch0p[4]:D
  Delay (ns):                  0.424
  Slack (ns):                  0.246
  Arrival (ns):                3.100
  Required (ns):               2.854

Path 23
  From:                        A2DRead/DataRegU1Ch1i[3]:CLK
  To:                          A2DRead/DataRegU1Ch1j[3]:D
  Delay (ns):                  0.360
  Slack (ns):                  0.247
  Arrival (ns):                3.143
  Required (ns):               2.896

Path 24
  From:                        A2DRead/DataRegU1Ch1k[3]:CLK
  To:                          A2DRead/DataRegU1Ch1l[3]:D
  Delay (ns):                  0.360
  Slack (ns):                  0.247
  Arrival (ns):                3.143
  Required (ns):               2.896

Path 25
  From:                        A2DRead/DataRegU1Ch0d[9]:CLK
  To:                          A2DRead/DataRegU1Ch0e[9]:D
  Delay (ns):                  0.360
  Slack (ns):                  0.247
  Arrival (ns):                3.143
  Required (ns):               2.896

Path 26
  From:                        A2DRead/DataRegU1Ch1k[4]:CLK
  To:                          A2DRead/DataRegU1Ch1l[4]:D
  Delay (ns):                  0.360
  Slack (ns):                  0.247
  Arrival (ns):                3.143
  Required (ns):               2.896

Path 27
  From:                        A2DRead/DataRegU1Ch1g[2]:CLK
  To:                          A2DRead/DataRegU1Ch1h[2]:D
  Delay (ns):                  0.360
  Slack (ns):                  0.247
  Arrival (ns):                3.143
  Required (ns):               2.896

Path 28
  From:                        A2DRead/DataRegU1Ch1c[4]:CLK
  To:                          A2DRead/DataRegU1Ch1d[4]:D
  Delay (ns):                  0.360
  Slack (ns):                  0.247
  Arrival (ns):                3.143
  Required (ns):               2.896

Path 29
  From:                        A2DRead/DataRegU1Ch0n[10]:CLK
  To:                          A2DRead/DataRegU1Ch0o[10]:D
  Delay (ns):                  0.368
  Slack (ns):                  0.252
  Arrival (ns):                3.079
  Required (ns):               2.827

Path 30
  From:                        A2DRead/DataInReg[11]:CLK
  To:                          A2DRead/DataRegU1Ch1a[11]:D
  Delay (ns):                  0.399
  Slack (ns):                  0.252
  Arrival (ns):                3.148
  Required (ns):               2.896

Path 31
  From:                        A2DRead/DataRegU1Ch0c[1]:CLK
  To:                          A2DRead/DataRegU1Ch0d[1]:D
  Delay (ns):                  0.362
  Slack (ns):                  0.254
  Arrival (ns):                3.134
  Required (ns):               2.880

Path 32
  From:                        A2DRead/DataRegU1Ch1g[6]:CLK
  To:                          A2DRead/DataRegU1Ch1h[6]:D
  Delay (ns):                  0.360
  Slack (ns):                  0.254
  Arrival (ns):                3.150
  Required (ns):               2.896

Path 33
  From:                        A2DRead/DataRegU1Ch0i[7]:CLK
  To:                          A2DRead/DataRegU1Ch0j[7]:D
  Delay (ns):                  0.362
  Slack (ns):                  0.254
  Arrival (ns):                3.134
  Required (ns):               2.880

Path 34
  From:                        A2DRead/DataRegU1Ch0g[3]:CLK
  To:                          A2DRead/DataRegU1Ch0h[3]:D
  Delay (ns):                  0.362
  Slack (ns):                  0.254
  Arrival (ns):                3.134
  Required (ns):               2.880

Path 35
  From:                        A2DRead/DataRegU1Ch1a[4]:CLK
  To:                          A2DRead/DataRegU1Ch1b[4]:D
  Delay (ns):                  0.360
  Slack (ns):                  0.254
  Arrival (ns):                3.150
  Required (ns):               2.896

Path 36
  From:                        A2DRead/DataRegU1Ch1c[12]:CLK
  To:                          A2DRead/DataRegU1Ch1d[12]:D
  Delay (ns):                  0.362
  Slack (ns):                  0.254
  Arrival (ns):                3.134
  Required (ns):               2.880

Path 37
  From:                        A2DRead/DataRegU1Ch1j[11]:CLK
  To:                          A2DRead/DataRegU1Ch1k[11]:D
  Delay (ns):                  0.362
  Slack (ns):                  0.254
  Arrival (ns):                3.134
  Required (ns):               2.880

Path 38
  From:                        A2DRead/DataRegU1Ch0d[5]:CLK
  To:                          A2DRead/DataRegU1Ch0e[5]:D
  Delay (ns):                  0.433
  Slack (ns):                  0.255
  Arrival (ns):                3.109
  Required (ns):               2.854

Path 39
  From:                        A2DRead/DataRegU1Ch0l[10]:CLK
  To:                          A2DRead/DataRegU1Ch0m[10]:D
  Delay (ns):                  0.368
  Slack (ns):                  0.255
  Arrival (ns):                3.151
  Required (ns):               2.896

Path 40
  From:                        A2DRead/DataRegU1Ch1i[7]:CLK
  To:                          A2DRead/DataRegU1Ch1j[7]:D
  Delay (ns):                  0.362
  Slack (ns):                  0.256
  Arrival (ns):                3.152
  Required (ns):               2.896

Path 41
  From:                        A2DRead/DataRegU1Ch1h[10]:CLK
  To:                          A2DRead/DataRegU1Ch1i[10]:D
  Delay (ns):                  0.362
  Slack (ns):                  0.256
  Arrival (ns):                3.152
  Required (ns):               2.896

Path 42
  From:                        A2DRead/DataRegU1Ch1d[11]:CLK
  To:                          A2DRead/DataRegU1Ch1e[11]:D
  Delay (ns):                  0.362
  Slack (ns):                  0.256
  Arrival (ns):                3.152
  Required (ns):               2.896

Path 43
  From:                        matrix_read03/data01[2]:CLK
  To:                          matrix_read03/dataOut01[2]:D
  Delay (ns):                  0.360
  Slack (ns):                  0.257
  Arrival (ns):                2.714
  Required (ns):               2.457

Path 44
  From:                        A2DRead/DataRegU1Ch0h[12]:CLK
  To:                          A2DRead/DataRegU1Ch0i[12]:D
  Delay (ns):                  0.360
  Slack (ns):                  0.259
  Arrival (ns):                3.086
  Required (ns):               2.827

Path 45
  From:                        A2DRead/DataRegU1Ch0n[12]:CLK
  To:                          A2DRead/DataRegU1Ch0o[12]:D
  Delay (ns):                  0.360
  Slack (ns):                  0.259
  Arrival (ns):                3.086
  Required (ns):               2.827

Path 46
  From:                        A2DRead/DataRegU1Ch0f[11]:CLK
  To:                          A2DRead/DataRegU1Ch0g[11]:D
  Delay (ns):                  0.360
  Slack (ns):                  0.259
  Arrival (ns):                3.086
  Required (ns):               2.827

Path 47
  From:                        A2DRead/DataRegU1Ch0[9]:CLK
  To:                          A2DRead/DatHldRegU1Ch0[5]:D
  Delay (ns):                  0.360
  Slack (ns):                  0.259
  Arrival (ns):                3.086
  Required (ns):               2.827

Path 48
  From:                        A2DRead/DataRegU1Ch0g[7]:CLK
  To:                          A2DRead/DataRegU1Ch0h[7]:D
  Delay (ns):                  0.370
  Slack (ns):                  0.262
  Arrival (ns):                3.142
  Required (ns):               2.880

Path 49
  From:                        A2DRead/DataRegU1Ch0e[6]:CLK
  To:                          A2DRead/DataRegU1Ch0f[6]:D
  Delay (ns):                  0.368
  Slack (ns):                  0.264
  Arrival (ns):                3.140
  Required (ns):               2.876

Path 50
  From:                        A2DRead/DataRegU1Ch1g[12]:CLK
  To:                          A2DRead/DataRegU1Ch1h[12]:D
  Delay (ns):                  0.368
  Slack (ns):                  0.265
  Arrival (ns):                3.161
  Required (ns):               2.896

Path 51
  From:                        matrix_read04/data00[1]:CLK
  To:                          matrix_read04/dataOut00[1]:D
  Delay (ns):                  0.360
  Slack (ns):                  0.266
  Arrival (ns):                2.679
  Required (ns):               2.413

Path 52
  From:                        matrix_read04/data00[0]:CLK
  To:                          matrix_read04/dataOut00[0]:D
  Delay (ns):                  0.360
  Slack (ns):                  0.266
  Arrival (ns):                2.679
  Required (ns):               2.413

Path 53
  From:                        A2DRead/DataRegU1Ch0l[7]:CLK
  To:                          A2DRead/DataRegU1Ch0m[7]:D
  Delay (ns):                  0.370
  Slack (ns):                  0.267
  Arrival (ns):                3.163
  Required (ns):               2.896

Path 54
  From:                        A2DRead/DataRegU1Ch1n[4]:CLK
  To:                          A2DRead/DataRegU1Ch1o[4]:D
  Delay (ns):                  0.360
  Slack (ns):                  0.270
  Arrival (ns):                3.166
  Required (ns):               2.896

Path 55
  From:                        A2DRead/DataRegU1Ch1h[8]:CLK
  To:                          A2DRead/DataRegU1Ch1i[8]:D
  Delay (ns):                  0.360
  Slack (ns):                  0.270
  Arrival (ns):                3.166
  Required (ns):               2.896

Path 56
  From:                        A2DRead/DataRegU1Ch1f[11]:CLK
  To:                          A2DRead/DataRegU1Ch1g[11]:D
  Delay (ns):                  0.360
  Slack (ns):                  0.270
  Arrival (ns):                3.166
  Required (ns):               2.896

Path 57
  From:                        A2DRead/DataRegU1Ch1i[10]:CLK
  To:                          A2DRead/DataRegU1Ch1j[10]:D
  Delay (ns):                  0.360
  Slack (ns):                  0.270
  Arrival (ns):                3.166
  Required (ns):               2.896

Path 58
  From:                        A2DRead/DataRegU1Ch1j[5]:CLK
  To:                          A2DRead/DataRegU1Ch1k[5]:D
  Delay (ns):                  0.360
  Slack (ns):                  0.270
  Arrival (ns):                3.166
  Required (ns):               2.896

Path 59
  From:                        A2DRead/DataRegU1Ch0e[8]:CLK
  To:                          A2DRead/DataRegU1Ch0f[8]:D
  Delay (ns):                  0.360
  Slack (ns):                  0.270
  Arrival (ns):                3.166
  Required (ns):               2.896

Path 60
  From:                        A2DRead/DataRegU1Ch0k[8]:CLK
  To:                          A2DRead/DataRegU1Ch0l[8]:D
  Delay (ns):                  0.360
  Slack (ns):                  0.270
  Arrival (ns):                3.166
  Required (ns):               2.896

Path 61
  From:                        A2DRead/DataRegU1Ch1l[5]:CLK
  To:                          A2DRead/DataRegU1Ch1m[5]:D
  Delay (ns):                  0.360
  Slack (ns):                  0.270
  Arrival (ns):                3.166
  Required (ns):               2.896

Path 62
  From:                        A2DRead/DataRegU1Ch1b[2]:CLK
  To:                          A2DRead/DataRegU1Ch1c[2]:D
  Delay (ns):                  0.360
  Slack (ns):                  0.270
  Arrival (ns):                3.166
  Required (ns):               2.896

Path 63
  From:                        A2DRead/DataRegU1Ch1g[3]:CLK
  To:                          A2DRead/DataRegU1Ch1h[3]:D
  Delay (ns):                  0.360
  Slack (ns):                  0.270
  Arrival (ns):                3.166
  Required (ns):               2.896

Path 64
  From:                        A2DRead/DataRegU1Ch1[9]:CLK
  To:                          A2DRead/DatHldRegU1Ch1[5]:D
  Delay (ns):                  0.360
  Slack (ns):                  0.270
  Arrival (ns):                3.166
  Required (ns):               2.896

Path 65
  From:                        A2DRead/DataRegU1Ch1e[11]:CLK
  To:                          A2DRead/DataRegU1Ch1f[11]:D
  Delay (ns):                  0.360
  Slack (ns):                  0.270
  Arrival (ns):                3.166
  Required (ns):               2.896

Path 66
  From:                        A2DRead/DataRegU1Ch1k[8]:CLK
  To:                          A2DRead/DataRegU1Ch1l[8]:D
  Delay (ns):                  0.360
  Slack (ns):                  0.270
  Arrival (ns):                3.166
  Required (ns):               2.896

Path 67
  From:                        A2DRead/DataRegU1Ch1m[4]:CLK
  To:                          A2DRead/DataRegU1Ch1n[4]:D
  Delay (ns):                  0.360
  Slack (ns):                  0.270
  Arrival (ns):                3.166
  Required (ns):               2.896

Path 68
  From:                        A2DRead/DataRegU1Ch1h[2]:CLK
  To:                          A2DRead/DataRegU1Ch1i[2]:D
  Delay (ns):                  0.360
  Slack (ns):                  0.270
  Arrival (ns):                3.166
  Required (ns):               2.896

Path 69
  From:                        A2DRead/DataRegU1Ch1i[8]:CLK
  To:                          A2DRead/DataRegU1Ch1j[8]:D
  Delay (ns):                  0.360
  Slack (ns):                  0.270
  Arrival (ns):                3.166
  Required (ns):               2.896

Path 70
  From:                        A2DRead/DataRegU1Ch1e[1]:CLK
  To:                          A2DRead/DataRegU1Ch1f[1]:D
  Delay (ns):                  0.360
  Slack (ns):                  0.270
  Arrival (ns):                3.166
  Required (ns):               2.896

Path 71
  From:                        A2DRead/DataRegU1Ch1d[3]:CLK
  To:                          A2DRead/DataRegU1Ch1e[3]:D
  Delay (ns):                  0.360
  Slack (ns):                  0.270
  Arrival (ns):                3.166
  Required (ns):               2.896

Path 72
  From:                        A2DRead/DataRegU1Ch0g[8]:CLK
  To:                          A2DRead/DataRegU1Ch0h[8]:D
  Delay (ns):                  0.360
  Slack (ns):                  0.270
  Arrival (ns):                3.166
  Required (ns):               2.896

Path 73
  From:                        A2DRead/DataRegU1Ch0g[9]:CLK
  To:                          A2DRead/DataRegU1Ch0h[9]:D
  Delay (ns):                  0.360
  Slack (ns):                  0.270
  Arrival (ns):                3.166
  Required (ns):               2.896

Path 74
  From:                        A2DRead/DataRegU1Ch1j[8]:CLK
  To:                          A2DRead/DataRegU1Ch1k[8]:D
  Delay (ns):                  0.360
  Slack (ns):                  0.270
  Arrival (ns):                3.166
  Required (ns):               2.896

Path 75
  From:                        A2DRead/DataRegU1Ch0h[8]:CLK
  To:                          A2DRead/DataRegU1Ch0i[8]:D
  Delay (ns):                  0.360
  Slack (ns):                  0.270
  Arrival (ns):                3.166
  Required (ns):               2.896

Path 76
  From:                        A2DRead/DataRegU1Ch0f[9]:CLK
  To:                          A2DRead/DataRegU1Ch0g[9]:D
  Delay (ns):                  0.360
  Slack (ns):                  0.270
  Arrival (ns):                3.166
  Required (ns):               2.896

Path 77
  From:                        A2DRead/DataRegU1Ch0a[7]:CLK
  To:                          A2DRead/DataRegU1Ch0b[7]:D
  Delay (ns):                  0.360
  Slack (ns):                  0.270
  Arrival (ns):                3.166
  Required (ns):               2.896

Path 78
  From:                        A2DRead/DataRegU1Ch1b[1]:CLK
  To:                          A2DRead/DataRegU1Ch1c[1]:D
  Delay (ns):                  0.360
  Slack (ns):                  0.270
  Arrival (ns):                3.166
  Required (ns):               2.896

Path 79
  From:                        A2DRead/DataRegU1Ch1o[5]:CLK
  To:                          A2DRead/DataRegU1Ch1p[5]:D
  Delay (ns):                  0.360
  Slack (ns):                  0.270
  Arrival (ns):                3.166
  Required (ns):               2.896

Path 80
  From:                        A2DRead/DataInReg[9]:CLK
  To:                          A2DRead/DataRegU1Ch0a[9]:D
  Delay (ns):                  0.392
  Slack (ns):                  0.271
  Arrival (ns):                3.167
  Required (ns):               2.896

Path 81
  From:                        A2DRead/DataRegU1Ch1i[9]:CLK
  To:                          A2DRead/DataRegU1Ch1j[9]:D
  Delay (ns):                  0.362
  Slack (ns):                  0.272
  Arrival (ns):                3.168
  Required (ns):               2.896

Path 82
  From:                        A2DRead/DataRegU1Ch1g[8]:CLK
  To:                          A2DRead/DataRegU1Ch1h[8]:D
  Delay (ns):                  0.362
  Slack (ns):                  0.272
  Arrival (ns):                3.168
  Required (ns):               2.896

Path 83
  From:                        A2DRead/DataRegU1Ch1m[8]:CLK
  To:                          A2DRead/DataRegU1Ch1n[8]:D
  Delay (ns):                  0.362
  Slack (ns):                  0.272
  Arrival (ns):                3.168
  Required (ns):               2.896

Path 84
  From:                        A2DRead/DataRegU1Ch1l[4]:CLK
  To:                          A2DRead/DataRegU1Ch1m[4]:D
  Delay (ns):                  0.362
  Slack (ns):                  0.272
  Arrival (ns):                3.168
  Required (ns):               2.896

Path 85
  From:                        A2DRead/DataRegU1Ch1b[8]:CLK
  To:                          A2DRead/DataRegU1Ch1c[8]:D
  Delay (ns):                  0.362
  Slack (ns):                  0.272
  Arrival (ns):                3.168
  Required (ns):               2.896

Path 86
  From:                        A2DRead/DataRegU1Ch1m[5]:CLK
  To:                          A2DRead/DataRegU1Ch1n[5]:D
  Delay (ns):                  0.362
  Slack (ns):                  0.272
  Arrival (ns):                3.168
  Required (ns):               2.896

Path 87
  From:                        A2DRead/DataRegU1Ch0e[9]:CLK
  To:                          A2DRead/DataRegU1Ch0f[9]:D
  Delay (ns):                  0.362
  Slack (ns):                  0.272
  Arrival (ns):                3.168
  Required (ns):               2.896

Path 88
  From:                        A2DRead/DataRegU1Ch1c[1]:CLK
  To:                          A2DRead/DataRegU1Ch1d[1]:D
  Delay (ns):                  0.362
  Slack (ns):                  0.272
  Arrival (ns):                3.168
  Required (ns):               2.896

Path 89
  From:                        A2DRead/DataRegU1Ch0i[8]:CLK
  To:                          A2DRead/DataRegU1Ch0j[8]:D
  Delay (ns):                  0.362
  Slack (ns):                  0.272
  Arrival (ns):                3.168
  Required (ns):               2.896

Path 90
  From:                        A2DRead/DataRegU1Ch1d[1]:CLK
  To:                          A2DRead/DataRegU1Ch1e[1]:D
  Delay (ns):                  0.362
  Slack (ns):                  0.272
  Arrival (ns):                3.168
  Required (ns):               2.896

Path 91
  From:                        A2DRead/DataRegU1Ch1e[3]:CLK
  To:                          A2DRead/DataRegU1Ch1f[3]:D
  Delay (ns):                  0.362
  Slack (ns):                  0.272
  Arrival (ns):                3.168
  Required (ns):               2.896

Path 92
  From:                        A2DRead/DataRegU1Ch0n[7]:CLK
  To:                          A2DRead/DataRegU1Ch0o[7]:D
  Delay (ns):                  0.362
  Slack (ns):                  0.272
  Arrival (ns):                3.168
  Required (ns):               2.896

Path 93
  From:                        A2DRead/DataRegU1Ch1f[3]:CLK
  To:                          A2DRead/DataRegU1Ch1g[3]:D
  Delay (ns):                  0.362
  Slack (ns):                  0.272
  Arrival (ns):                3.168
  Required (ns):               2.896

Path 94
  From:                        A2DRead/DataRegU1Ch0f[8]:CLK
  To:                          A2DRead/DataRegU1Ch0g[8]:D
  Delay (ns):                  0.362
  Slack (ns):                  0.272
  Arrival (ns):                3.168
  Required (ns):               2.896

Path 95
  From:                        A2DRead/DataRegU1Ch0j[8]:CLK
  To:                          A2DRead/DataRegU1Ch0k[8]:D
  Delay (ns):                  0.362
  Slack (ns):                  0.272
  Arrival (ns):                3.168
  Required (ns):               2.896

Path 96
  From:                        A2DRead/DataRegU1Ch1b[11]:CLK
  To:                          A2DRead/DataRegU1Ch1c[11]:D
  Delay (ns):                  0.362
  Slack (ns):                  0.272
  Arrival (ns):                3.168
  Required (ns):               2.896

Path 97
  From:                        A2DRead/DataRegU1Ch1a[2]:CLK
  To:                          A2DRead/DataRegU1Ch1b[2]:D
  Delay (ns):                  0.362
  Slack (ns):                  0.272
  Arrival (ns):                3.168
  Required (ns):               2.896

Path 98
  From:                        A2DRead/DataRegU1Ch1k[5]:CLK
  To:                          A2DRead/DataRegU1Ch1l[5]:D
  Delay (ns):                  0.362
  Slack (ns):                  0.272
  Arrival (ns):                3.168
  Required (ns):               2.896

Path 99
  From:                        A2DRead/DataRegU1Ch1[10]:CLK
  To:                          A2DRead/DatHldRegU1Ch1[6]:D
  Delay (ns):                  0.362
  Slack (ns):                  0.272
  Arrival (ns):                3.168
  Required (ns):               2.896

Path 100
  From:                        A2DRead/DataRegU1Ch1n[8]:CLK
  To:                          A2DRead/DataRegU1Ch1o[8]:D
  Delay (ns):                  0.362
  Slack (ns):                  0.272
  Arrival (ns):                3.168
  Required (ns):               2.896

