Timing Violation Report Min Delay Analysis

SmartTime Version v11.7 SP1.1
Microsemi Corporation - Microsemi Libero Software Release v11.7 SP1.1 (Version 11.7.1.14)
Date: Thu Jul 27 09:52:33 2017


Design: mainprogram
Family: IGLOO
Die: AGLN250V5
Package: 100 VQFP
Temperature Range: 0 - 70 C
Voltage Range: 1.425 - 1.575 V
Speed Grade: STD
Design State: Post-Layout
Data source: Silicon verified
Min Operating Conditions: BEST - 1.575 V - 0 C
Max Operating Conditions: WORST - 1.425 V - 70 C
Using Enhanced Min Delay Analysis
Scenario for Timing Analysis: Primary


Path 1
  From:                        A2DRead/DataRegU1Ch1b[10]:CLK
  To:                          A2DRead/DataRegU1Ch1c[10]:D
  Delay (ns):                  0.362
  Slack (ns):                  0.151
  Arrival (ns):                3.075
  Required (ns):               2.924

Path 2
  From:                        A2DRead/DataRegU1Ch0f[2]:CLK
  To:                          A2DRead/DataRegU1Ch0g[2]:D
  Delay (ns):                  0.362
  Slack (ns):                  0.157
  Arrival (ns):                3.088
  Required (ns):               2.931

Path 3
  From:                        A2DRead/DataInReg[10]:CLK
  To:                          A2DRead/DataRegU1Ch1a[10]:D
  Delay (ns):                  0.392
  Slack (ns):                  0.181
  Arrival (ns):                3.105
  Required (ns):               2.924

Path 4
  From:                        A2DRead/DataInReg[10]:CLK
  To:                          A2DRead/DataRegU1Ch0a[10]:D
  Delay (ns):                  0.392
  Slack (ns):                  0.181
  Arrival (ns):                3.105
  Required (ns):               2.924

Path 5
  From:                        A2DRead/DataRegU1Ch0o[4]:CLK
  To:                          A2DRead/DataRegU1Ch0p[4]:D
  Delay (ns):                  0.395
  Slack (ns):                  0.190
  Arrival (ns):                3.121
  Required (ns):               2.931

Path 6
  From:                        A2DRead/DataRegU1Ch1h[5]:CLK
  To:                          A2DRead/DataRegU1Ch1i[5]:D
  Delay (ns):                  0.362
  Slack (ns):                  0.195
  Arrival (ns):                3.119
  Required (ns):               2.924

Path 7
  From:                        A2DRead/DataRegU1Ch0i[10]:CLK
  To:                          A2DRead/DataRegU1Ch0j[10]:D
  Delay (ns):                  0.362
  Slack (ns):                  0.195
  Arrival (ns):                3.119
  Required (ns):               2.924

Path 8
  From:                        A2DRead/DataRegU1Ch0g[10]:CLK
  To:                          A2DRead/DataRegU1Ch0h[10]:D
  Delay (ns):                  0.362
  Slack (ns):                  0.195
  Arrival (ns):                3.119
  Required (ns):               2.924

Path 9
  From:                        A2DRead/DataRegU1Ch1i[6]:CLK
  To:                          A2DRead/DataRegU1Ch1j[6]:D
  Delay (ns):                  0.362
  Slack (ns):                  0.195
  Arrival (ns):                3.119
  Required (ns):               2.924

Path 10
  From:                        A2DRead/DataRegU1Ch0j[11]:CLK
  To:                          A2DRead/DataRegU1Ch0k[11]:D
  Delay (ns):                  0.360
  Slack (ns):                  0.208
  Arrival (ns):                3.073
  Required (ns):               2.865

Path 11
  From:                        A2DRead/DataRegU1Ch1c[12]:CLK
  To:                          A2DRead/DataRegU1Ch1d[12]:D
  Delay (ns):                  0.360
  Slack (ns):                  0.208
  Arrival (ns):                3.073
  Required (ns):               2.865

Path 12
  From:                        A2DRead/DataRegU1Ch1a[12]:CLK
  To:                          A2DRead/DataRegU1Ch1b[12]:D
  Delay (ns):                  0.360
  Slack (ns):                  0.208
  Arrival (ns):                3.073
  Required (ns):               2.865

Path 13
  From:                        A2DRead/DataRegU1Ch0b[11]:CLK
  To:                          A2DRead/DataRegU1Ch0c[11]:D
  Delay (ns):                  0.362
  Slack (ns):                  0.212
  Arrival (ns):                3.149
  Required (ns):               2.937

Path 14
  From:                        A2DRead/DataRegU1Ch0c[8]:CLK
  To:                          A2DRead/DataRegU1Ch0d[8]:D
  Delay (ns):                  0.362
  Slack (ns):                  0.212
  Arrival (ns):                3.079
  Required (ns):               2.867

Path 15
  From:                        A2DRead/DataRegU1Ch0h[5]:CLK
  To:                          A2DRead/DataRegU1Ch0i[5]:D
  Delay (ns):                  0.362
  Slack (ns):                  0.212
  Arrival (ns):                3.079
  Required (ns):               2.867

Path 16
  From:                        A2DRead/DataRegU1Ch0e[4]:CLK
  To:                          A2DRead/DataRegU1Ch0f[4]:D
  Delay (ns):                  0.427
  Slack (ns):                  0.222
  Arrival (ns):                3.153
  Required (ns):               2.931

Path 17
  From:                        A2DRead/DataRegU1Ch1g[3]:CLK
  To:                          A2DRead/DataRegU1Ch1h[3]:D
  Delay (ns):                  0.427
  Slack (ns):                  0.227
  Arrival (ns):                3.151
  Required (ns):               2.924

Path 18
  From:                        A2DRead/DataRegU1Ch1l[10]:CLK
  To:                          A2DRead/DataRegU1Ch1m[10]:D
  Delay (ns):                  0.430
  Slack (ns):                  0.230
  Arrival (ns):                3.154
  Required (ns):               2.924

Path 19
  From:                        A2DRead/DataRegU1Ch1i[7]:CLK
  To:                          A2DRead/DataRegU1Ch1j[7]:D
  Delay (ns):                  0.430
  Slack (ns):                  0.230
  Arrival (ns):                3.154
  Required (ns):               2.924

Path 20
  From:                        A2DRead/DataRegU1Ch1e[9]:CLK
  To:                          A2DRead/DataRegU1Ch1f[9]:D
  Delay (ns):                  0.430
  Slack (ns):                  0.230
  Arrival (ns):                3.154
  Required (ns):               2.924

Path 21
  From:                        A2DRead/DataRegU1Ch0n[8]:CLK
  To:                          A2DRead/DataRegU1Ch0o[8]:D
  Delay (ns):                  0.435
  Slack (ns):                  0.230
  Arrival (ns):                3.161
  Required (ns):               2.931

Path 22
  From:                        A2DRead/DataRegU1Ch1o[2]:CLK
  To:                          A2DRead/DataRegU1Ch1p[2]:D
  Delay (ns):                  0.430
  Slack (ns):                  0.230
  Arrival (ns):                3.154
  Required (ns):               2.924

Path 23
  From:                        A2DRead/DataRegU1Ch1o[6]:CLK
  To:                          A2DRead/DataRegU1Ch1p[6]:D
  Delay (ns):                  0.430
  Slack (ns):                  0.230
  Arrival (ns):                3.154
  Required (ns):               2.924

Path 24
  From:                        A2DRead/DataRegU1Ch1o[5]:CLK
  To:                          A2DRead/DataRegU1Ch1p[5]:D
  Delay (ns):                  0.430
  Slack (ns):                  0.230
  Arrival (ns):                3.154
  Required (ns):               2.924

Path 25
  From:                        A2DRead/DataRegU1Ch1m[2]:CLK
  To:                          A2DRead/DataRegU1Ch1n[2]:D
  Delay (ns):                  0.431
  Slack (ns):                  0.231
  Arrival (ns):                3.155
  Required (ns):               2.924

Path 26
  From:                        A2DRead/DataRegU1Ch1h[9]:CLK
  To:                          A2DRead/DataRegU1Ch1i[9]:D
  Delay (ns):                  0.435
  Slack (ns):                  0.235
  Arrival (ns):                3.159
  Required (ns):               2.924

Path 27
  From:                        A2DRead/DataRegU1Ch0j[7]:CLK
  To:                          A2DRead/DataRegU1Ch0k[7]:D
  Delay (ns):                  0.362
  Slack (ns):                  0.244
  Arrival (ns):                3.175
  Required (ns):               2.931

Path 28
  From:                        A2DRead/DataRegU1Ch1h[1]:CLK
  To:                          A2DRead/DataRegU1Ch1i[1]:D
  Delay (ns):                  0.362
  Slack (ns):                  0.244
  Arrival (ns):                3.175
  Required (ns):               2.931

Path 29
  From:                        A2DRead/DataRegU1Ch0o[6]:CLK
  To:                          A2DRead/DataRegU1Ch0p[6]:D
  Delay (ns):                  0.362
  Slack (ns):                  0.244
  Arrival (ns):                3.175
  Required (ns):               2.931

Path 30
  From:                        A2DRead/DataRegU1Ch0n[1]:CLK
  To:                          A2DRead/DataRegU1Ch0o[1]:D
  Delay (ns):                  0.362
  Slack (ns):                  0.244
  Arrival (ns):                3.175
  Required (ns):               2.931

Path 31
  From:                        A2DRead/DataRegU1Ch0k[12]:CLK
  To:                          A2DRead/DataRegU1Ch0l[12]:D
  Delay (ns):                  0.362
  Slack (ns):                  0.249
  Arrival (ns):                3.149
  Required (ns):               2.900

Path 32
  From:                        A2DRead/DataRegU1Ch1e[11]:CLK
  To:                          A2DRead/DataRegU1Ch1f[11]:D
  Delay (ns):                  0.362
  Slack (ns):                  0.249
  Arrival (ns):                3.149
  Required (ns):               2.900

Path 33
  From:                        A2DRead/DataRegU1Ch1a[11]:CLK
  To:                          A2DRead/DataRegU1Ch1b[11]:D
  Delay (ns):                  0.362
  Slack (ns):                  0.249
  Arrival (ns):                3.149
  Required (ns):               2.900

Path 34
  From:                        matrix_read04/data02[2]:CLK
  To:                          matrix_read04/dataOut02[2]:D
  Delay (ns):                  0.368
  Slack (ns):                  0.249
  Arrival (ns):                2.580
  Required (ns):               2.331

Path 35
  From:                        A2DRead/DataRegU1Ch1j[12]:CLK
  To:                          A2DRead/DataRegU1Ch1k[12]:D
  Delay (ns):                  0.362
  Slack (ns):                  0.249
  Arrival (ns):                3.149
  Required (ns):               2.900

Path 36
  From:                        A2DRead/DataRegU1Ch0c[6]:CLK
  To:                          A2DRead/DataRegU1Ch0d[6]:D
  Delay (ns):                  0.360
  Slack (ns):                  0.253
  Arrival (ns):                3.149
  Required (ns):               2.896

Path 37
  From:                        A2DRead/DataRegU1Ch0o[5]:CLK
  To:                          A2DRead/DataRegU1Ch0p[5]:D
  Delay (ns):                  0.360
  Slack (ns):                  0.253
  Arrival (ns):                3.149
  Required (ns):               2.896

Path 38
  From:                        A2DRead/DataRegU1Ch1c[3]:CLK
  To:                          A2DRead/DataRegU1Ch1d[3]:D
  Delay (ns):                  0.360
  Slack (ns):                  0.259
  Arrival (ns):                3.196
  Required (ns):               2.937

Path 39
  From:                        A2DRead/DataRegU1Ch1m[8]:CLK
  To:                          A2DRead/DataRegU1Ch1n[8]:D
  Delay (ns):                  0.360
  Slack (ns):                  0.259
  Arrival (ns):                3.196
  Required (ns):               2.937

Path 40
  From:                        A2DRead/DataRegU1Ch1m[9]:CLK
  To:                          A2DRead/DataRegU1Ch1n[9]:D
  Delay (ns):                  0.360
  Slack (ns):                  0.259
  Arrival (ns):                3.196
  Required (ns):               2.937

Path 41
  From:                        A2DRead/DataRegU1Ch1a[4]:CLK
  To:                          A2DRead/DataRegU1Ch1b[4]:D
  Delay (ns):                  0.360
  Slack (ns):                  0.259
  Arrival (ns):                3.196
  Required (ns):               2.937

Path 42
  From:                        A2DRead/DataRegU1Ch0k[9]:CLK
  To:                          A2DRead/DataRegU1Ch0l[9]:D
  Delay (ns):                  0.360
  Slack (ns):                  0.259
  Arrival (ns):                3.196
  Required (ns):               2.937

Path 43
  From:                        A2DRead/DataRegU1Ch1d[8]:CLK
  To:                          A2DRead/DataRegU1Ch1e[8]:D
  Delay (ns):                  0.360
  Slack (ns):                  0.259
  Arrival (ns):                3.196
  Required (ns):               2.937

Path 44
  From:                        A2DRead/DataRegU1Ch1b[6]:CLK
  To:                          A2DRead/DataRegU1Ch1c[6]:D
  Delay (ns):                  0.360
  Slack (ns):                  0.259
  Arrival (ns):                3.196
  Required (ns):               2.937

Path 45
  From:                        A2DRead/DataRegU1Ch1j[4]:CLK
  To:                          A2DRead/DataRegU1Ch1k[4]:D
  Delay (ns):                  0.360
  Slack (ns):                  0.259
  Arrival (ns):                3.196
  Required (ns):               2.937

Path 46
  From:                        A2DRead/DataRegU1Ch0c[9]:CLK
  To:                          A2DRead/DataRegU1Ch0d[9]:D
  Delay (ns):                  0.360
  Slack (ns):                  0.259
  Arrival (ns):                3.196
  Required (ns):               2.937

Path 47
  From:                        A2DRead/DataRegU1Ch0m[9]:CLK
  To:                          A2DRead/DataRegU1Ch0n[9]:D
  Delay (ns):                  0.360
  Slack (ns):                  0.259
  Arrival (ns):                3.196
  Required (ns):               2.937

Path 48
  From:                        A2DRead/DataRegU1Ch1n[4]:CLK
  To:                          A2DRead/DataRegU1Ch1o[4]:D
  Delay (ns):                  0.360
  Slack (ns):                  0.270
  Arrival (ns):                3.207
  Required (ns):               2.937

Path 49
  From:                        A2DRead/DataRegU1Ch1h[8]:CLK
  To:                          A2DRead/DataRegU1Ch1i[8]:D
  Delay (ns):                  0.360
  Slack (ns):                  0.270
  Arrival (ns):                3.207
  Required (ns):               2.937

Path 50
  From:                        A2DRead/DataRegU1Ch1b[7]:CLK
  To:                          A2DRead/DataRegU1Ch1c[7]:D
  Delay (ns):                  0.360
  Slack (ns):                  0.270
  Arrival (ns):                3.207
  Required (ns):               2.937

Path 51
  From:                        A2DRead/DataRegU1Ch1a[7]:CLK
  To:                          A2DRead/DataRegU1Ch1b[7]:D
  Delay (ns):                  0.360
  Slack (ns):                  0.270
  Arrival (ns):                3.207
  Required (ns):               2.937

Path 52
  From:                        A2DRead/DataRegU1Ch0n[10]:CLK
  To:                          A2DRead/DataRegU1Ch0o[10]:D
  Delay (ns):                  0.360
  Slack (ns):                  0.270
  Arrival (ns):                3.207
  Required (ns):               2.937

Path 53
  From:                        A2DRead/DataRegU1Ch1o[8]:CLK
  To:                          A2DRead/DataRegU1Ch1p[8]:D
  Delay (ns):                  0.360
  Slack (ns):                  0.270
  Arrival (ns):                3.207
  Required (ns):               2.937

Path 54
  From:                        A2DRead/DataRegU1Ch0o[9]:CLK
  To:                          A2DRead/DataRegU1Ch0p[9]:D
  Delay (ns):                  0.360
  Slack (ns):                  0.270
  Arrival (ns):                3.207
  Required (ns):               2.937

Path 55
  From:                        A2DRead/DataRegU1Ch0c[11]:CLK
  To:                          A2DRead/DataRegU1Ch0d[11]:D
  Delay (ns):                  0.360
  Slack (ns):                  0.270
  Arrival (ns):                3.207
  Required (ns):               2.937

Path 56
  From:                        A2DRead/DataRegU1Ch1k[8]:CLK
  To:                          A2DRead/DataRegU1Ch1l[8]:D
  Delay (ns):                  0.360
  Slack (ns):                  0.270
  Arrival (ns):                3.207
  Required (ns):               2.937

Path 57
  From:                        A2DRead/DataRegU1Ch1i[8]:CLK
  To:                          A2DRead/DataRegU1Ch1j[8]:D
  Delay (ns):                  0.360
  Slack (ns):                  0.270
  Arrival (ns):                3.207
  Required (ns):               2.937

Path 58
  From:                        A2DRead/DataRegU1Ch1o[4]:CLK
  To:                          A2DRead/DataRegU1Ch1p[4]:D
  Delay (ns):                  0.360
  Slack (ns):                  0.270
  Arrival (ns):                3.207
  Required (ns):               2.937

Path 59
  From:                        A2DRead/DataRegU1Ch1f[8]:CLK
  To:                          A2DRead/DataRegU1Ch1g[8]:D
  Delay (ns):                  0.360
  Slack (ns):                  0.270
  Arrival (ns):                3.207
  Required (ns):               2.937

Path 60
  From:                        A2DRead/DataRegU1Ch1d[4]:CLK
  To:                          A2DRead/DataRegU1Ch1e[4]:D
  Delay (ns):                  0.360
  Slack (ns):                  0.270
  Arrival (ns):                3.207
  Required (ns):               2.937

Path 61
  From:                        A2DRead/DataRegU1Ch0i[4]:CLK
  To:                          A2DRead/DataRegU1Ch0j[4]:D
  Delay (ns):                  0.360
  Slack (ns):                  0.271
  Arrival (ns):                3.202
  Required (ns):               2.931

Path 62
  From:                        A2DRead/DataRegU1Ch0c[1]:CLK
  To:                          A2DRead/DataRegU1Ch0d[1]:D
  Delay (ns):                  0.360
  Slack (ns):                  0.271
  Arrival (ns):                3.202
  Required (ns):               2.931

Path 63
  From:                        A2DRead/DataRegU1Ch1i[1]:CLK
  To:                          A2DRead/DataRegU1Ch1j[1]:D
  Delay (ns):                  0.360
  Slack (ns):                  0.271
  Arrival (ns):                3.202
  Required (ns):               2.931

Path 64
  From:                        A2DRead/DataRegU1Ch0j[4]:CLK
  To:                          A2DRead/DataRegU1Ch0k[4]:D
  Delay (ns):                  0.360
  Slack (ns):                  0.271
  Arrival (ns):                3.202
  Required (ns):               2.931

Path 65
  From:                        A2DRead/DataRegU1Ch0c[5]:CLK
  To:                          A2DRead/DataRegU1Ch0d[5]:D
  Delay (ns):                  0.360
  Slack (ns):                  0.271
  Arrival (ns):                3.202
  Required (ns):               2.931

Path 66
  From:                        A2DRead/DataRegU1Ch0f[4]:CLK
  To:                          A2DRead/DataRegU1Ch0g[4]:D
  Delay (ns):                  0.360
  Slack (ns):                  0.271
  Arrival (ns):                3.202
  Required (ns):               2.931

Path 67
  From:                        A2DRead/DataRegU1Ch0m[7]:CLK
  To:                          A2DRead/DataRegU1Ch0n[7]:D
  Delay (ns):                  0.360
  Slack (ns):                  0.271
  Arrival (ns):                3.202
  Required (ns):               2.931

Path 68
  From:                        A2DRead/DataRegU1Ch0h[2]:CLK
  To:                          A2DRead/DataRegU1Ch0i[2]:D
  Delay (ns):                  0.360
  Slack (ns):                  0.271
  Arrival (ns):                3.202
  Required (ns):               2.931

Path 69
  From:                        A2DRead/DataRegU1Ch0n[7]:CLK
  To:                          A2DRead/DataRegU1Ch0o[7]:D
  Delay (ns):                  0.360
  Slack (ns):                  0.271
  Arrival (ns):                3.202
  Required (ns):               2.931

Path 70
  From:                        A2DRead/DataRegU1Ch0g[1]:CLK
  To:                          A2DRead/DataRegU1Ch0h[1]:D
  Delay (ns):                  0.360
  Slack (ns):                  0.271
  Arrival (ns):                3.202
  Required (ns):               2.931

Path 71
  From:                        A2DRead/DataRegU1Ch1l[1]:CLK
  To:                          A2DRead/DataRegU1Ch1m[1]:D
  Delay (ns):                  0.360
  Slack (ns):                  0.271
  Arrival (ns):                3.202
  Required (ns):               2.931

Path 72
  From:                        A2DRead/DataRegU1Ch0b[1]:CLK
  To:                          A2DRead/DataRegU1Ch0c[1]:D
  Delay (ns):                  0.360
  Slack (ns):                  0.271
  Arrival (ns):                3.202
  Required (ns):               2.931

Path 73
  From:                        A2DRead/DataRegU1Ch1m[1]:CLK
  To:                          A2DRead/DataRegU1Ch1n[1]:D
  Delay (ns):                  0.360
  Slack (ns):                  0.271
  Arrival (ns):                3.202
  Required (ns):               2.931

Path 74
  From:                        A2DRead/DataRegU1Ch0j[2]:CLK
  To:                          A2DRead/DataRegU1Ch0k[2]:D
  Delay (ns):                  0.360
  Slack (ns):                  0.271
  Arrival (ns):                3.202
  Required (ns):               2.931

Path 75
  From:                        A2DRead/DataRegU1Ch0b[5]:CLK
  To:                          A2DRead/DataRegU1Ch0c[5]:D
  Delay (ns):                  0.360
  Slack (ns):                  0.271
  Arrival (ns):                3.202
  Required (ns):               2.931

Path 76
  From:                        A2DRead/DataRegU1Ch1i[9]:CLK
  To:                          A2DRead/DataRegU1Ch1j[9]:D
  Delay (ns):                  0.360
  Slack (ns):                  0.272
  Arrival (ns):                3.196
  Required (ns):               2.924

Path 77
  From:                        A2DRead/DataRegU1Ch1g[8]:CLK
  To:                          A2DRead/DataRegU1Ch1h[8]:D
  Delay (ns):                  0.362
  Slack (ns):                  0.272
  Arrival (ns):                3.209
  Required (ns):               2.937

Path 78
  From:                        A2DRead/DataRegU1Ch1l[4]:CLK
  To:                          A2DRead/DataRegU1Ch1m[4]:D
  Delay (ns):                  0.362
  Slack (ns):                  0.272
  Arrival (ns):                3.209
  Required (ns):               2.937

Path 79
  From:                        A2DRead/DataRegU1Ch1j[9]:CLK
  To:                          A2DRead/DataRegU1Ch1k[9]:D
  Delay (ns):                  0.360
  Slack (ns):                  0.272
  Arrival (ns):                3.196
  Required (ns):               2.924

Path 80
  From:                        A2DRead/DataRegU1Ch1b[4]:CLK
  To:                          A2DRead/DataRegU1Ch1c[4]:D
  Delay (ns):                  0.362
  Slack (ns):                  0.272
  Arrival (ns):                3.209
  Required (ns):               2.937

Path 81
  From:                        A2DRead/DataRegU1Ch0e[9]:CLK
  To:                          A2DRead/DataRegU1Ch0f[9]:D
  Delay (ns):                  0.360
  Slack (ns):                  0.272
  Arrival (ns):                3.196
  Required (ns):               2.924

Path 82
  From:                        A2DRead/DataRegU1Ch1j[7]:CLK
  To:                          A2DRead/DataRegU1Ch1k[7]:D
  Delay (ns):                  0.360
  Slack (ns):                  0.272
  Arrival (ns):                3.196
  Required (ns):               2.924

Path 83
  From:                        A2DRead/DataRegU1Ch1l[5]:CLK
  To:                          A2DRead/DataRegU1Ch1m[5]:D
  Delay (ns):                  0.360
  Slack (ns):                  0.272
  Arrival (ns):                3.196
  Required (ns):               2.924

Path 84
  From:                        A2DRead/DataRegU1Ch0n[9]:CLK
  To:                          A2DRead/DataRegU1Ch0o[9]:D
  Delay (ns):                  0.362
  Slack (ns):                  0.272
  Arrival (ns):                3.209
  Required (ns):               2.937

Path 85
  From:                        A2DRead/DataRegU1Ch1k[6]:CLK
  To:                          A2DRead/DataRegU1Ch1l[6]:D
  Delay (ns):                  0.360
  Slack (ns):                  0.272
  Arrival (ns):                3.196
  Required (ns):               2.924

Path 86
  From:                        A2DRead/DataRegU1Ch1k[9]:CLK
  To:                          A2DRead/DataRegU1Ch1l[9]:D
  Delay (ns):                  0.360
  Slack (ns):                  0.272
  Arrival (ns):                3.196
  Required (ns):               2.924

Path 87
  From:                        A2DRead/DataRegU1Ch1e[8]:CLK
  To:                          A2DRead/DataRegU1Ch1f[8]:D
  Delay (ns):                  0.362
  Slack (ns):                  0.272
  Arrival (ns):                3.209
  Required (ns):               2.937

Path 88
  From:                        A2DRead/DataRegU1Ch1m[4]:CLK
  To:                          A2DRead/DataRegU1Ch1n[4]:D
  Delay (ns):                  0.362
  Slack (ns):                  0.272
  Arrival (ns):                3.209
  Required (ns):               2.937

Path 89
  From:                        A2DRead/DataRegU1Ch1c[4]:CLK
  To:                          A2DRead/DataRegU1Ch1d[4]:D
  Delay (ns):                  0.362
  Slack (ns):                  0.272
  Arrival (ns):                3.209
  Required (ns):               2.937

Path 90
  From:                        A2DRead/DataRegU1Ch1f[4]:CLK
  To:                          A2DRead/DataRegU1Ch1g[4]:D
  Delay (ns):                  0.360
  Slack (ns):                  0.272
  Arrival (ns):                3.196
  Required (ns):               2.924

Path 91
  From:                        A2DRead/DataRegU1Ch1e[6]:CLK
  To:                          A2DRead/DataRegU1Ch1f[6]:D
  Delay (ns):                  0.360
  Slack (ns):                  0.272
  Arrival (ns):                3.196
  Required (ns):               2.924

Path 92
  From:                        A2DRead/DataRegU1Ch1j[6]:CLK
  To:                          A2DRead/DataRegU1Ch1k[6]:D
  Delay (ns):                  0.360
  Slack (ns):                  0.272
  Arrival (ns):                3.196
  Required (ns):               2.924

Path 93
  From:                        A2DRead/DataRegU1Ch1d[7]:CLK
  To:                          A2DRead/DataRegU1Ch1e[7]:D
  Delay (ns):                  0.360
  Slack (ns):                  0.272
  Arrival (ns):                3.196
  Required (ns):               2.924

Path 94
  From:                        A2DRead/DataRegU1Ch1d[3]:CLK
  To:                          A2DRead/DataRegU1Ch1e[3]:D
  Delay (ns):                  0.362
  Slack (ns):                  0.272
  Arrival (ns):                3.209
  Required (ns):               2.937

Path 95
  From:                        A2DRead/DataRegU1Ch1g[4]:CLK
  To:                          A2DRead/DataRegU1Ch1h[4]:D
  Delay (ns):                  0.360
  Slack (ns):                  0.272
  Arrival (ns):                3.196
  Required (ns):               2.924

Path 96
  From:                        A2DRead/DataRegU1Ch1n[8]:CLK
  To:                          A2DRead/DataRegU1Ch1o[8]:D
  Delay (ns):                  0.362
  Slack (ns):                  0.272
  Arrival (ns):                3.209
  Required (ns):               2.937

Path 97
  From:                        A2DRead/DataRegU1Ch0m[10]:CLK
  To:                          A2DRead/DataRegU1Ch0n[10]:D
  Delay (ns):                  0.362
  Slack (ns):                  0.272
  Arrival (ns):                3.209
  Required (ns):               2.937

Path 98
  From:                        A2DRead/DataRegU1Ch0g[9]:CLK
  To:                          A2DRead/DataRegU1Ch0h[9]:D
  Delay (ns):                  0.360
  Slack (ns):                  0.272
  Arrival (ns):                3.196
  Required (ns):               2.924

Path 99
  From:                        A2DRead/DataRegU1Ch1n[7]:CLK
  To:                          A2DRead/DataRegU1Ch1o[7]:D
  Delay (ns):                  0.360
  Slack (ns):                  0.272
  Arrival (ns):                3.196
  Required (ns):               2.924

Path 100
  From:                        A2DRead/DataRegU1Ch1j[8]:CLK
  To:                          A2DRead/DataRegU1Ch1k[8]:D
  Delay (ns):                  0.362
  Slack (ns):                  0.272
  Arrival (ns):                3.209
  Required (ns):               2.937

