Timing Report Max Delay Analysis

SmartTime Version v11.7 SP1.1
Microsemi Corporation - Microsemi Libero Software Release v11.7 SP1.1 (Version 11.7.1.14)
Date: Thu Jul 27 09:59:39 2017


Design: mainprogram
Family: IGLOO
Die: AGLN250V5
Package: 100 VQFP
Temperature Range: 0 - 70 C
Voltage Range: 1.425 - 1.575 V
Speed Grade: STD
Design State: Post-Layout
Data source: Silicon verified
Min Operating Conditions: BEST - 1.575 V - 0 C
Max Operating Conditions: WORST - 1.425 V - 70 C
Using Enhanced Min Delay Analysis
Scenario for Timing Analysis: Primary


-----------------------------------------------------
SUMMARY

Clock Domain:               SerialClock
Period (ns):                8.996
Frequency (MHz):            111.161
Required Period (ns):       500.000
Required Frequency (MHz):   2.000
External Setup (ns):        12.242
External Hold (ns):         -1.354
Min Clock-To-Out (ns):      N/A
Max Clock-To-Out (ns):      N/A

Clock Domain:               XCLK
Period (ns):                11.055
Frequency (MHz):            90.457
Required Period (ns):       5.000
Required Frequency (MHz):   200.000
External Setup (ns):        11.994
External Hold (ns):         -1.954
Min Clock-To-Out (ns):      N/A
Max Clock-To-Out (ns):      N/A

Clock Domain:               clock_master/counter[0]:Q
Period (ns):                14.226
Frequency (MHz):            70.294
Required Period (ns):       10.000
Required Frequency (MHz):   100.000
External Setup (ns):        12.642
External Hold (ns):         0.190
Min Clock-To-Out (ns):      5.401
Max Clock-To-Out (ns):      17.386

Clock Domain:               clock_master/counter[1]:Q
Period (ns):                9.859
Frequency (MHz):            101.430
Required Period (ns):       20.000
Required Frequency (MHz):   50.000
External Setup (ns):        3.140
External Hold (ns):         0.782
Min Clock-To-Out (ns):      5.483
Max Clock-To-Out (ns):      13.882

Clock Domain:               clock_master/counter[2]:Q
Period (ns):                10.449
Frequency (MHz):            95.703
Required Period (ns):       40.000
Required Frequency (MHz):   25.000
External Setup (ns):        5.987
External Hold (ns):         1.900
Min Clock-To-Out (ns):      3.730
Max Clock-To-Out (ns):      13.056

Clock Domain:               clock_master/counter[7]:Q
Period (ns):                31.303
Frequency (MHz):            31.946
Required Period (ns):       320.000
Required Frequency (MHz):   3.125
External Setup (ns):        20.953
External Hold (ns):         1.740
Min Clock-To-Out (ns):      4.696
Max Clock-To-Out (ns):      17.524

                            Input to Output
Min Delay (ns):             N/A
Max Delay (ns):             N/A

END SUMMARY
-----------------------------------------------------

Clock Domain SerialClock

SET Register to Register

Path 1
  From:                        externenablelatch/cellindex[1]:CLK
  To:                          externenablelatch/paralleldata[3]:D
  Delay (ns):                  8.240
  Slack (ns):                  491.004
  Arrival (ns):                10.661
  Required (ns):               501.665
  Setup (ns):                  0.757
  Minimum Period (ns):         8.996

Path 2
  From:                        pwmdisable01latch/cellindex[1]:CLK
  To:                          pwmdisable01latch/paralleldata[2]:D
  Delay (ns):                  7.849
  Slack (ns):                  491.336
  Arrival (ns):                10.278
  Required (ns):               501.614
  Setup (ns):                  0.808
  Minimum Period (ns):         8.664

Path 3
  From:                        discretedutycycle01/cellindex[2]:CLK
  To:                          discretedutycycle01/paralleldata[6]:D
  Delay (ns):                  7.782
  Slack (ns):                  491.479
  Arrival (ns):                10.210
  Required (ns):               501.689
  Setup (ns):                  0.757
  Minimum Period (ns):         8.521

Path 4
  From:                        discretedutycycle01/cellindex[3]:CLK
  To:                          discretedutycycle01/paralleldata[3]:D
  Delay (ns):                  7.654
  Slack (ns):                  491.584
  Arrival (ns):                10.082
  Required (ns):               501.666
  Setup (ns):                  0.757
  Minimum Period (ns):         8.416

Path 5
  From:                        discretedutycycle01/cellindex[3]:CLK
  To:                          discretedutycycle01/paralleldata[1]:D
  Delay (ns):                  7.649
  Slack (ns):                  491.589
  Arrival (ns):                10.077
  Required (ns):               501.666
  Setup (ns):                  0.757
  Minimum Period (ns):         8.411


Expanded Path 1
  From: externenablelatch/cellindex[1]:CLK
  To: externenablelatch/paralleldata[3]:D
  data required time                             501.665
  data arrival time                          -   10.661
  slack                                          491.004
  ________________________________________________________
  Data arrival time calculation
  0.000                        SerialClock
               +     0.000          Clock source
  0.000                        SerialClock (r)
               +     0.000          net: SerialClock
  0.000                        SerialClock_pad/U0/U0:PAD (r)
               +     1.158          cell: ADLIB:IOPAD_IN
  1.158                        SerialClock_pad/U0/U0:Y (r)
               +     0.000          net: SerialClock_pad/U0/NET1
  1.158                        SerialClock_pad/U0/U1:A (r)
               +     0.636          cell: ADLIB:CLKIO
  1.794                        SerialClock_pad/U0/U1:Y (r)
               +     0.627          net: SerialClock_c
  2.421                        externenablelatch/cellindex[1]:CLK (r)
               +     0.886          cell: ADLIB:DFN1E0
  3.307                        externenablelatch/cellindex[1]:Q (f)
               +     1.147          net: externenablelatch/cellindex[1]
  4.454                        externenablelatch/cellindex_RNIFOI2[1]:B (f)
               +     0.934          cell: ADLIB:NOR2B
  5.388                        externenablelatch/cellindex_RNIFOI2[1]:Y (f)
               +     1.089          net: externenablelatch/cellindex_c1
  6.477                        externenablelatch/paralleldata_RNO_1[3]:B (f)
               +     0.903          cell: ADLIB:NOR2B
  7.380                        externenablelatch/paralleldata_RNO_1[3]:Y (f)
               +     1.475          net: externenablelatch/N_95
  8.855                        externenablelatch/paralleldata_RNO_0[3]:S (f)
               +     0.718          cell: ADLIB:MX2
  9.573                        externenablelatch/paralleldata_RNO_0[3]:Y (f)
               +     0.215          net: externenablelatch/N_95_mux
  9.788                        externenablelatch/paralleldata_RNO[3]:A (f)
               +     0.616          cell: ADLIB:OR2
  10.404                       externenablelatch/paralleldata_RNO[3]:Y (f)
               +     0.257          net: externenablelatch/paralleldata_RNO_0[3]
  10.661                       externenablelatch/paralleldata[3]:D (f)
                                    
  10.661                       data arrival time
  ________________________________________________________
  Data required time calculation
  500.000                      SerialClock
               +     0.000          Clock source
  500.000                      SerialClock (r)
               +     0.000          net: SerialClock
  500.000                      SerialClock_pad/U0/U0:PAD (r)
               +     1.158          cell: ADLIB:IOPAD_IN
  501.158                      SerialClock_pad/U0/U0:Y (r)
               +     0.000          net: SerialClock_pad/U0/NET1
  501.158                      SerialClock_pad/U0/U1:A (r)
               +     0.636          cell: ADLIB:CLKIO
  501.794                      SerialClock_pad/U0/U1:Y (r)
               +     0.628          net: SerialClock_c
  502.422                      externenablelatch/paralleldata[3]:CLK (r)
               -     0.757          Library setup time: ADLIB:DFN1
  501.665                      externenablelatch/paralleldata[3]:D
                                    
  501.665                      data required time


END SET Register to Register

----------------------------------------------------

SET External Setup

Path 1
  From:                        SerialLoad
  To:                          externenablelatch/paralleldata[6]:D
  Delay (ns):                  13.913
  Slack (ns):
  Arrival (ns):                13.913
  Required (ns):
  Setup (ns):                  0.757
  External Setup (ns):         12.242

Path 2
  From:                        SerialLoad
  To:                          externenablelatch/paralleldata[0]:D
  Delay (ns):                  13.754
  Slack (ns):
  Arrival (ns):                13.754
  Required (ns):
  Setup (ns):                  0.757
  External Setup (ns):         12.075

Path 3
  From:                        SerialLoad
  To:                          externenablelatch/paralleldata[3]:D
  Delay (ns):                  13.690
  Slack (ns):
  Arrival (ns):                13.690
  Required (ns):
  Setup (ns):                  0.757
  External Setup (ns):         12.025

Path 4
  From:                        SerialLoad
  To:                          A2D01reader/cellindex[3]:D
  Delay (ns):                  13.419
  Slack (ns):
  Arrival (ns):                13.419
  Required (ns):
  Setup (ns):                  0.808
  External Setup (ns):         11.805

Path 5
  From:                        SerialLoad
  To:                          A2D01reader/cellindex[1]:D
  Delay (ns):                  13.375
  Slack (ns):
  Arrival (ns):                13.375
  Required (ns):
  Setup (ns):                  0.808
  External Setup (ns):         11.761


Expanded Path 1
  From: SerialLoad
  To: externenablelatch/paralleldata[6]:D
  data required time                             N/C
  data arrival time                          -   13.913
  slack                                          N/C
  ________________________________________________________
  Data arrival time calculation
  0.000                        SerialLoad (f)
               +     0.000          net: SerialLoad
  0.000                        SerialLoad_pad/U0/U0:PAD (f)
               +     1.075          cell: ADLIB:IOPAD_IN
  1.075                        SerialLoad_pad/U0/U0:Y (f)
               +     0.000          net: SerialLoad_pad/U0/NET1
  1.075                        SerialLoad_pad/U0/U1:YIN (f)
               +     0.184          cell: ADLIB:IOIN_IB
  1.259                        SerialLoad_pad/U0/U1:Y (f)
               +     2.787          net: SerialLoad_pad
  4.046                        SerialLoad_pad_RNIK82F:A (f)
               +     1.294          cell: ADLIB:CLKINT
  5.340                        SerialLoad_pad_RNIK82F:Y (f)
               +     0.757          net: SerialLoad_c
  6.097                        externenablelatch/output_0_sqmuxa:B (f)
               +     0.476          cell: ADLIB:NOR2A
  6.573                        externenablelatch/output_0_sqmuxa:Y (r)
               +     1.979          net: externenablelatch/output_0_sqmuxa
  8.552                        externenablelatch/cellindex_RNIH1BG1[2]:A (r)
               +     0.624          cell: ADLIB:NOR2B
  9.176                        externenablelatch/cellindex_RNIH1BG1[2]:Y (r)
               +     1.313          net: externenablelatch/paralleldata_0_e_0[5]
  10.489                       externenablelatch/paralleldata_RNO_1[6]:B (r)
               +     1.412          cell: ADLIB:NOR3B
  11.901                       externenablelatch/paralleldata_RNO_1[6]:Y (r)
               +     0.244          net: externenablelatch/N_98
  12.145                       externenablelatch/paralleldata_RNO_0[6]:S (r)
               +     0.500          cell: ADLIB:MX2
  12.645                       externenablelatch/paralleldata_RNO_0[6]:Y (f)
               +     0.228          net: externenablelatch/N_98_mux
  12.873                       externenablelatch/paralleldata_RNO[6]:A (f)
               +     0.783          cell: ADLIB:NOR2A
  13.656                       externenablelatch/paralleldata_RNO[6]:Y (f)
               +     0.257          net: externenablelatch/paralleldata_RNO_0[6]
  13.913                       externenablelatch/paralleldata[6]:D (f)
                                    
  13.913                       data arrival time
  ________________________________________________________
  Data required time calculation
  N/C                          SerialClock
               +     0.000          Clock source
  N/C                          SerialClock (r)
               +     0.000          net: SerialClock
  N/C                          SerialClock_pad/U0/U0:PAD (r)
               +     1.158          cell: ADLIB:IOPAD_IN
  N/C                          SerialClock_pad/U0/U0:Y (r)
               +     0.000          net: SerialClock_pad/U0/NET1
  N/C                          SerialClock_pad/U0/U1:A (r)
               +     0.636          cell: ADLIB:CLKIO
  N/C                          SerialClock_pad/U0/U1:Y (r)
               +     0.634          net: SerialClock_c
  N/C                          externenablelatch/paralleldata[6]:CLK (r)
               -     0.757          Library setup time: ADLIB:DFN1
  N/C                          externenablelatch/paralleldata[6]:D


END SET External Setup

----------------------------------------------------

SET Clock to Output

No Path

END SET Clock to Output

----------------------------------------------------

SET Register to Asynchronous

No Path

END SET Register to Asynchronous

----------------------------------------------------

SET External Recovery

No Path

END SET External Recovery

----------------------------------------------------

SET Asynchronous to Register

No Path

END SET Asynchronous to Register

----------------------------------------------------

Clock Domain XCLK

SET Register to Register

Path 1
  From:                        clock_master/counter[2]:CLK
  To:                          clock_master/counter[4]:D
  Delay (ns):                  10.304
  Slack (ns):                  -6.055
  Arrival (ns):                12.446
  Required (ns):               6.391
  Setup (ns):                  0.784
  Minimum Period (ns):         11.055

Path 2
  From:                        clock_master/counter[2]:CLK
  To:                          clock_master/counter[7]:D
  Delay (ns):                  10.729
  Slack (ns):                  -5.763
  Arrival (ns):                12.871
  Required (ns):               7.108
  Setup (ns):                  0.784
  Minimum Period (ns):         10.763

Path 3
  From:                        clock_master/counter[2]:CLK
  To:                          clock_master/counter[5]:D
  Delay (ns):                  10.141
  Slack (ns):                  -5.661
  Arrival (ns):                12.283
  Required (ns):               6.622
  Setup (ns):                  0.784
  Minimum Period (ns):         10.661

Path 4
  From:                        clock_master/counter[0]:CLK
  To:                          clock_master/counter[7]:D
  Delay (ns):                  10.547
  Slack (ns):                  -5.581
  Arrival (ns):                12.689
  Required (ns):               7.108
  Setup (ns):                  0.784
  Minimum Period (ns):         10.581

Path 5
  From:                        clock_master/counter[1]:CLK
  To:                          clock_master/counter[7]:D
  Delay (ns):                  10.285
  Slack (ns):                  -5.364
  Arrival (ns):                12.472
  Required (ns):               7.108
  Setup (ns):                  0.784
  Minimum Period (ns):         10.364


Expanded Path 1
  From: clock_master/counter[2]:CLK
  To: clock_master/counter[4]:D
  data required time                             6.391
  data arrival time                          -   12.446
  slack                                          -6.055
  ________________________________________________________
  Data arrival time calculation
  0.000                        XCLK
               +     0.000          Clock source
  0.000                        XCLK (r)
               +     0.000          net: XCLK
  0.000                        XCLK_pad/U0/U0:PAD (r)
               +     0.862          cell: ADLIB:IOPAD_IN
  0.862                        XCLK_pad/U0/U0:Y (r)
               +     0.000          net: XCLK_pad/U0/NET1
  0.862                        XCLK_pad/U0/U1:YIN (r)
               +     0.188          cell: ADLIB:IOIN_IB
  1.050                        XCLK_pad/U0/U1:Y (r)
               +     1.092          net: XCLK_c
  2.142                        clock_master/counter[2]:CLK (r)
               +     0.797          cell: ADLIB:DFN1
  2.939                        clock_master/counter[2]:Q (f)
               +     1.194          net: clock_master/counter_i[2]
  4.133                        clock_master/counter_RNIFBO8[2]:A (f)
               +     1.294          cell: ADLIB:CLKINT
  5.427                        clock_master/counter_RNIFBO8[2]:Y (f)
               +     0.533          net: Clock03
  5.960                        clock_master/counter_4_I_5:A (f)
               +     0.647          cell: ADLIB:AND2
  6.607                        clock_master/counter_4_I_5:Y (f)
               +     0.953          net: clock_master/DWACT_ADD_CI_0_g_array_0_2[0]
  7.560                        clock_master/counter_4_I_37:A (f)
               +     0.605          cell: ADLIB:NOR2B
  8.165                        clock_master/counter_4_I_37:Y (f)
               +     0.257          net: clock_master/DWACT_ADD_CI_0_g_array_1_1[0]
  8.422                        clock_master/counter_4_I_38:C (f)
               +     0.785          cell: ADLIB:AO1
  9.207                        clock_master/counter_4_I_38:Y (f)
               +     0.832          net: clock_master/DWACT_ADD_CI_0_g_array_2[0]
  10.039                       clock_master/counter_4_I_30:B (f)
               +     1.481          cell: ADLIB:XOR2
  11.520                       clock_master/counter_4_I_30:Y (r)
               +     0.926          net: clock_master/counter_4[4]
  12.446                       clock_master/counter[4]:D (r)
                                    
  12.446                       data arrival time
  ________________________________________________________
  Data required time calculation
  5.000                        XCLK
               +     0.000          Clock source
  5.000                        XCLK (r)
               +     0.000          net: XCLK
  5.000                        XCLK_pad/U0/U0:PAD (r)
               +     0.862          cell: ADLIB:IOPAD_IN
  5.862                        XCLK_pad/U0/U0:Y (r)
               +     0.000          net: XCLK_pad/U0/NET1
  5.862                        XCLK_pad/U0/U1:YIN (r)
               +     0.188          cell: ADLIB:IOIN_IB
  6.050                        XCLK_pad/U0/U1:Y (r)
               +     1.125          net: XCLK_c
  7.175                        clock_master/counter[4]:CLK (r)
               -     0.784          Library setup time: ADLIB:DFN1
  6.391                        clock_master/counter[4]:D
                                    
  6.391                        data required time


END SET Register to Register

----------------------------------------------------

SET External Setup

Path 1
  From:                        LogicReset
  To:                          clock_master/counter[7]:D
  Delay (ns):                  14.102
  Slack (ns):
  Arrival (ns):                14.102
  Required (ns):
  Setup (ns):                  0.784
  External Setup (ns):         11.994

Path 2
  From:                        LogicReset
  To:                          clock_master/counter[4]:D
  Delay (ns):                  12.412
  Slack (ns):
  Arrival (ns):                12.412
  Required (ns):
  Setup (ns):                  0.784
  External Setup (ns):         11.021

Path 3
  From:                        LogicReset
  To:                          clock_master/counter[5]:D
  Delay (ns):                  12.253
  Slack (ns):
  Arrival (ns):                12.253
  Required (ns):
  Setup (ns):                  0.836
  External Setup (ns):         10.683

Path 4
  From:                        LogicReset
  To:                          clock_master/counter[6]:D
  Delay (ns):                  11.997
  Slack (ns):
  Arrival (ns):                11.997
  Required (ns):
  Setup (ns):                  0.836
  External Setup (ns):         10.143

Path 5
  From:                        LogicReset
  To:                          clock_master/counter[2]:D
  Delay (ns):                  11.445
  Slack (ns):
  Arrival (ns):                11.445
  Required (ns):
  Setup (ns):                  0.836
  External Setup (ns):         10.139


Expanded Path 1
  From: LogicReset
  To: clock_master/counter[7]:D
  data required time                             N/C
  data arrival time                          -   14.102
  slack                                          N/C
  ________________________________________________________
  Data arrival time calculation
  0.000                        LogicReset (f)
               +     0.000          net: LogicReset
  0.000                        LogicReset_pad/U0/U0:PAD (f)
               +     0.578          cell: ADLIB:IOPAD_IN
  0.578                        LogicReset_pad/U0/U0:Y (f)
               +     0.000          net: LogicReset_pad/U0/NET1
  0.578                        LogicReset_pad/U0/U1:YIN (f)
               +     0.184          cell: ADLIB:IOIN_IB
  0.762                        LogicReset_pad/U0/U1:Y (f)
               +     2.677          net: LogicReset_pad
  3.439                        LogicReset_pad_RNI5AOB:A (f)
               +     1.294          cell: ADLIB:CLKINT
  4.733                        LogicReset_pad_RNI5AOB:Y (f)
               +     0.763          net: LogicReset_c
  5.496                        clock_master/counter_8_I_6:B (f)
               +     0.776          cell: ADLIB:AND2
  6.272                        clock_master/counter_8_I_6:Y (f)
               +     0.986          net: clock_master/DWACT_ADD_CI_0_g_array_0_1[0]
  7.258                        clock_master/counter_8_I_36:C (f)
               +     1.063          cell: ADLIB:AO1
  8.321                        clock_master/counter_8_I_36:Y (f)
               +     0.228          net: clock_master/DWACT_ADD_CI_0_g_array_1[0]
  8.549                        clock_master/counter_8_I_35:B (f)
               +     0.676          cell: ADLIB:AO1
  9.225                        clock_master/counter_8_I_35:Y (f)
               +     0.909          net: clock_master/DWACT_ADD_CI_0_g_array_2_0[0]
  10.134                       clock_master/counter_8_I_44:A (f)
               +     0.821          cell: ADLIB:NOR3C
  10.955                       clock_master/counter_8_I_44:Y (f)
               +     0.815          net: clock_master/DWACT_ADD_CI_0_g_array_12_2[0]
  11.770                       clock_master/counter_8_I_34:B (f)
               +     1.475          cell: ADLIB:XOR2
  13.245                       clock_master/counter_8_I_34:Y (r)
               +     0.857          net: clock_master/counter_4_3_0[7]
  14.102                       clock_master/counter[7]:D (r)
                                    
  14.102                       data arrival time
  ________________________________________________________
  Data required time calculation
  N/C                          XCLK
               +     0.000          Clock source
  N/C                          XCLK (r)
               +     0.000          net: XCLK
  N/C                          XCLK_pad/U0/U0:PAD (r)
               +     0.862          cell: ADLIB:IOPAD_IN
  N/C                          XCLK_pad/U0/U0:Y (r)
               +     0.000          net: XCLK_pad/U0/NET1
  N/C                          XCLK_pad/U0/U1:YIN (r)
               +     0.188          cell: ADLIB:IOIN_IB
  N/C                          XCLK_pad/U0/U1:Y (r)
               +     1.842          net: XCLK_c
  N/C                          clock_master/counter[7]:CLK (r)
               -     0.784          Library setup time: ADLIB:DFN1
  N/C                          clock_master/counter[7]:D


END SET External Setup

----------------------------------------------------

SET Clock to Output

No Path

END SET Clock to Output

----------------------------------------------------

SET Register to Asynchronous

No Path

END SET Register to Asynchronous

----------------------------------------------------

SET External Recovery

No Path

END SET External Recovery

----------------------------------------------------

SET Asynchronous to Register

No Path

END SET Asynchronous to Register

----------------------------------------------------

Clock Domain clock_master/counter[0]:Q

SET Register to Register

Path 1
  From:                        addresslatch/output[6]:CLK
  To:                          ioBank69reader/parallelholdreg[0]:D
  Delay (ns):                  13.486
  Slack (ns):                  -4.226
  Arrival (ns):                19.565
  Required (ns):               15.339
  Setup (ns):                  0.757
  Minimum Period (ns):         14.226

Path 2
  From:                        addresslatch/output[1]:CLK
  To:                          ioBank69reader/parallelholdreg[0]:D
  Delay (ns):                  13.215
  Slack (ns):                  -3.954
  Arrival (ns):                19.293
  Required (ns):               15.339
  Setup (ns):                  0.757
  Minimum Period (ns):         13.954

Path 3
  From:                        addresslatch/output[6]:CLK
  To:                          ioBank69reader/parallelholdreg[1]:D
  Delay (ns):                  13.039
  Slack (ns):                  -3.779
  Arrival (ns):                19.118
  Required (ns):               15.339
  Setup (ns):                  0.757
  Minimum Period (ns):         13.779

Path 4
  From:                        addresslatch/output[0]:CLK
  To:                          ioBank63reader/parallelholdreg[2]:D
  Delay (ns):                  13.004
  Slack (ns):                  -3.752
  Arrival (ns):                19.091
  Required (ns):               15.339
  Setup (ns):                  0.757
  Minimum Period (ns):         13.752

Path 5
  From:                        addresslatch/output[1]:CLK
  To:                          ioBank69reader/parallelholdreg[1]:D
  Delay (ns):                  12.768
  Slack (ns):                  -3.507
  Arrival (ns):                18.846
  Required (ns):               15.339
  Setup (ns):                  0.757
  Minimum Period (ns):         13.507


Expanded Path 1
  From: addresslatch/output[6]:CLK
  To: ioBank69reader/parallelholdreg[0]:D
  data required time                             15.339
  data arrival time                          -   19.565
  slack                                          -4.226
  ________________________________________________________
  Data arrival time calculation
  0.000                        clock_master/counter[0]:Q
               +     0.000          Clock source
  0.000                        clock_master/counter[0]:Q (r)
               +     2.759          Clock generation
  2.759
               +     1.368          net: clock_master/counter_i[0]
  4.127                        clock_master/counter_RNID9O8[0]:A (r)
               +     1.197          cell: ADLIB:CLKINT
  5.324                        clock_master/counter_RNID9O8[0]:Y (r)
               +     0.755          net: Clock01
  6.079                        addresslatch/output[6]:CLK (r)
               +     0.886          cell: ADLIB:DFN1
  6.965                        addresslatch/output[6]:Q (f)
               +     1.302          net: internaddr[6]
  8.267                        A2D01reader/parallelholdreg_0_sqmuxa_4:A (f)
               +     0.903          cell: ADLIB:NOR2A
  9.170                        A2D01reader/parallelholdreg_0_sqmuxa_4:Y (f)
               +     2.505          net: A2D01reader_parallelholdreg_0_sqmuxa_4
  11.675                       ioBank69reader/parallelholdreg_0_sqmuxa_3:B (f)
               +     0.897          cell: ADLIB:NOR2B
  12.572                       ioBank69reader/parallelholdreg_0_sqmuxa_3:Y (f)
               +     0.257          net: ioBank69reader/parallelholdreg_0_sqmuxa_3
  12.829                       ioBank69reader/cellindex_RNI1BK72[1]:A (f)
               +     1.220          cell: ADLIB:AOI1
  14.049                       ioBank69reader/cellindex_RNI1BK72[1]:Y (r)
               +     3.858          net: ioBank69reader/parallelholdreg_1_sqmuxa
  17.907                       ioBank69reader/parallelholdreg_RNO_0[0]:S (r)
               +     0.543          cell: ADLIB:MX2
  18.450                       ioBank69reader/parallelholdreg_RNO_0[0]:Y (f)
               +     0.235          net: ioBank69reader/N_23
  18.685                       ioBank69reader/parallelholdreg_RNO[0]:A (f)
               +     0.623          cell: ADLIB:OR2
  19.308                       ioBank69reader/parallelholdreg_RNO[0]:Y (f)
               +     0.257          net: ioBank69reader/parallelholdreg_RNO_10[0]
  19.565                       ioBank69reader/parallelholdreg[0]:D (f)
                                    
  19.565                       data arrival time
  ________________________________________________________
  Data required time calculation
  10.000                       clock_master/counter[0]:Q
               +     0.000          Clock source
  10.000                       clock_master/counter[0]:Q (r)
               +     2.759          Clock generation
  12.759
               +     1.368          net: clock_master/counter_i[0]
  14.127                       clock_master/counter_RNID9O8[0]:A (r)
               +     1.197          cell: ADLIB:CLKINT
  15.324                       clock_master/counter_RNID9O8[0]:Y (r)
               +     0.772          net: Clock01
  16.096                       ioBank69reader/parallelholdreg[0]:CLK (r)
               -     0.757          Library setup time: ADLIB:DFN1
  15.339                       ioBank69reader/parallelholdreg[0]:D
                                    
  15.339                       data required time


END SET Register to Register

----------------------------------------------------

SET External Setup

Path 1
  From:                        SerialLoad
  To:                          firmware/parallelholdreg[0]:D
  Delay (ns):                  17.963
  Slack (ns):
  Arrival (ns):                17.963
  Required (ns):
  Setup (ns):                  0.757
  External Setup (ns):         12.642

Path 2
  From:                        SerialLoad
  To:                          firmware/parallelholdreg[1]:D
  Delay (ns):                  17.678
  Slack (ns):
  Arrival (ns):                17.678
  Required (ns):
  Setup (ns):                  0.757
  External Setup (ns):         12.375

Path 3
  From:                        LogicReset
  To:                          firmware/parallelholdreg[0]:D
  Delay (ns):                  17.566
  Slack (ns):
  Arrival (ns):                17.566
  Required (ns):
  Setup (ns):                  0.757
  External Setup (ns):         12.245

Path 4
  From:                        LogicReset
  To:                          firmware/parallelholdreg[1]:D
  Delay (ns):                  17.281
  Slack (ns):
  Arrival (ns):                17.281
  Required (ns):
  Setup (ns):                  0.757
  External Setup (ns):         11.978

Path 5
  From:                        SerialLoad
  To:                          firmware/parallelholdreg[7]:D
  Delay (ns):                  17.227
  Slack (ns):
  Arrival (ns):                17.227
  Required (ns):
  Setup (ns):                  0.757
  External Setup (ns):         11.924


Expanded Path 1
  From: SerialLoad
  To: firmware/parallelholdreg[0]:D
  data required time                             N/C
  data arrival time                          -   17.963
  slack                                          N/C
  ________________________________________________________
  Data arrival time calculation
  0.000                        SerialLoad (f)
               +     0.000          net: SerialLoad
  0.000                        SerialLoad_pad/U0/U0:PAD (f)
               +     1.075          cell: ADLIB:IOPAD_IN
  1.075                        SerialLoad_pad/U0/U0:Y (f)
               +     0.000          net: SerialLoad_pad/U0/NET1
  1.075                        SerialLoad_pad/U0/U1:YIN (f)
               +     0.184          cell: ADLIB:IOIN_IB
  1.259                        SerialLoad_pad/U0/U1:Y (f)
               +     2.787          net: SerialLoad_pad
  4.046                        SerialLoad_pad_RNIK82F:A (f)
               +     1.294          cell: ADLIB:CLKINT
  5.340                        SerialLoad_pad_RNIK82F:Y (f)
               +     0.708          net: SerialLoad_c
  6.048                        ioBank60reader/cellindex_1_sqmuxa_1_1:A (f)
               +     0.598          cell: ADLIB:NOR2
  6.646                        ioBank60reader/cellindex_1_sqmuxa_1_1:Y (r)
               +     4.347          net: ioBank60reader_cellindex_1_sqmuxa_1_1
  10.993                       firmware/un1_reset_0_o2_0:A (r)
               +     0.892          cell: ADLIB:OR2A
  11.885                       firmware/un1_reset_0_o2_0:Y (f)
               +     0.268          net: firmware/un1_reset_0_o2_0
  12.153                       firmware/un1_reset_0_o2_3:A (f)
               +     0.676          cell: ADLIB:OR3
  12.829                       firmware/un1_reset_0_o2_3:Y (f)
               +     2.807          net: firmware/un1_reset_0_o2_3
  15.636                       firmware/parallelholdreg_RNO[0]:C (f)
               +     1.050          cell: ADLIB:OR3B
  16.686                       firmware/parallelholdreg_RNO[0]:Y (f)
               +     1.277          net: firmware/N_58
  17.963                       firmware/parallelholdreg[0]:D (f)
                                    
  17.963                       data arrival time
  ________________________________________________________
  Data required time calculation
  N/C                          clock_master/counter[0]:Q
               +     0.000          Clock source
  N/C                          clock_master/counter[0]:Q (r)
               +     2.759          Clock generation
  N/C
               +     1.368          net: clock_master/counter_i[0]
  N/C                          clock_master/counter_RNID9O8[0]:A (r)
               +     1.197          cell: ADLIB:CLKINT
  N/C                          clock_master/counter_RNID9O8[0]:Y (r)
               +     0.754          net: Clock01
  N/C                          firmware/parallelholdreg[0]:CLK (r)
               -     0.757          Library setup time: ADLIB:DFN1E1
  N/C                          firmware/parallelholdreg[0]:D


END SET External Setup

----------------------------------------------------

SET Clock to Output

Path 1
  From:                        pwmdisable01latch/output[7]:CLK
  To:                          EncLgtControl
  Delay (ns):                  11.327
  Slack (ns):
  Arrival (ns):                17.386
  Required (ns):
  Clock to Out (ns):           17.386

Path 2
  From:                        ioBank64reader/dataout:CLK
  To:                          SerialOut
  Delay (ns):                  10.652
  Slack (ns):
  Arrival (ns):                16.670
  Required (ns):
  Clock to Out (ns):           16.670

Path 3
  From:                        ioBank61reader/dataout:CLK
  To:                          SerialOut
  Delay (ns):                  10.428
  Slack (ns):
  Arrival (ns):                16.487
  Required (ns):
  Clock to Out (ns):           16.487

Path 4
  From:                        ioBank69reader/dataout:CLK
  To:                          SerialOut
  Delay (ns):                  10.398
  Slack (ns):
  Arrival (ns):                16.477
  Required (ns):
  Clock to Out (ns):           16.477

Path 5
  From:                        firmware/dataout:CLK
  To:                          SerialOut
  Delay (ns):                  10.370
  Slack (ns):
  Arrival (ns):                16.448
  Required (ns):
  Clock to Out (ns):           16.448


Expanded Path 1
  From: pwmdisable01latch/output[7]:CLK
  To: EncLgtControl
  data required time                             N/C
  data arrival time                          -   17.386
  slack                                          N/C
  ________________________________________________________
  Data arrival time calculation
  0.000                        clock_master/counter[0]:Q
               +     0.000          Clock source
  0.000                        clock_master/counter[0]:Q (r)
               +     2.759          Clock generation
  2.759
               +     1.368          net: clock_master/counter_i[0]
  4.127                        clock_master/counter_RNID9O8[0]:A (r)
               +     1.197          cell: ADLIB:CLKINT
  5.324                        clock_master/counter_RNID9O8[0]:Y (r)
               +     0.735          net: Clock01
  6.059                        pwmdisable01latch/output[7]:CLK (r)
               +     0.663          cell: ADLIB:DFN1
  6.722                        pwmdisable01latch/output[7]:Q (r)
               +     2.075          net: pwmdisable01latch/pwmdisable01[7]
  8.797                        pwmdisable01latch/output_RNID03R[7]:B (r)
               +     1.553          cell: ADLIB:OA1
  10.350                       pwmdisable01latch/output_RNID03R[7]:Y (r)
               +     2.736          net: EncLgtControl_c
  13.086                       EncLgtControl_pad/U0/U1:D (r)
               +     0.885          cell: ADLIB:IOTRI_OB_EB
  13.971                       EncLgtControl_pad/U0/U1:DOUT (r)
               +     0.000          net: EncLgtControl_pad/U0/NET1
  13.971                       EncLgtControl_pad/U0/U0:D (r)
               +     3.415          cell: ADLIB:IOPAD_TRI
  17.386                       EncLgtControl_pad/U0/U0:PAD (r)
               +     0.000          net: EncLgtControl
  17.386                       EncLgtControl (r)
                                    
  17.386                       data arrival time
  ________________________________________________________
  Data required time calculation
  N/C                          clock_master/counter[0]:Q
               +     0.000          Clock source
  N/C                          clock_master/counter[0]:Q (r)
               +     2.759          Clock generation
  N/C
                                    
  N/C                          EncLgtControl (r)


END SET Clock to Output

----------------------------------------------------

SET Register to Asynchronous

No Path

END SET Register to Asynchronous

----------------------------------------------------

SET External Recovery

No Path

END SET External Recovery

----------------------------------------------------

SET Asynchronous to Register

No Path

END SET Asynchronous to Register

----------------------------------------------------

Clock Domain clock_master/counter[1]:Q

SET Register to Register

Path 1
  From:                        Watch_Dog_Reset/timercount[3]:CLK
  To:                          Watch_Dog_Reset/timercount[8]:E
  Delay (ns):                  8.457
  Slack (ns):                  10.141
  Arrival (ns):                15.024
  Required (ns):               25.165
  Setup (ns):                  0.649
  Minimum Period (ns):         9.859

Path 2
  From:                        Watch_Dog_Reset/timercount[5]:CLK
  To:                          Watch_Dog_Reset/timercount[8]:E
  Delay (ns):                  8.268
  Slack (ns):                  10.185
  Arrival (ns):                14.980
  Required (ns):               25.165
  Setup (ns):                  0.649
  Minimum Period (ns):         9.815

Path 3
  From:                        Watch_Dog_Reset/timercount[6]:CLK
  To:                          Watch_Dog_Reset/timercount[8]:E
  Delay (ns):                  8.001
  Slack (ns):                  10.277
  Arrival (ns):                14.888
  Required (ns):               25.165
  Setup (ns):                  0.649
  Minimum Period (ns):         9.723

Path 4
  From:                        Watch_Dog_Reset/timercount[3]:CLK
  To:                          Watch_Dog_Reset/timerexpired:D
  Delay (ns):                  8.007
  Slack (ns):                  10.330
  Arrival (ns):                14.574
  Required (ns):               24.904
  Setup (ns):                  0.784
  Minimum Period (ns):         9.670

Path 5
  From:                        Watch_Dog_Reset/timercount[5]:CLK
  To:                          Watch_Dog_Reset/timerexpired:D
  Delay (ns):                  7.818
  Slack (ns):                  10.374
  Arrival (ns):                14.530
  Required (ns):               24.904
  Setup (ns):                  0.784
  Minimum Period (ns):         9.626


Expanded Path 1
  From: Watch_Dog_Reset/timercount[3]:CLK
  To: Watch_Dog_Reset/timercount[8]:E
  data required time                             25.165
  data arrival time                          -   15.024
  slack                                          10.141
  ________________________________________________________
  Data arrival time calculation
  0.000                        clock_master/counter[1]:Q
               +     0.000          Clock source
  0.000                        clock_master/counter[1]:Q (r)
               +     2.804          Clock generation
  2.804
               +     3.763          net: counter[1]
  6.567                        Watch_Dog_Reset/timercount[3]:CLK (r)
               +     0.797          cell: ADLIB:DFN1E0
  7.364                        Watch_Dog_Reset/timercount[3]:Q (f)
               +     0.343          net: Watch_Dog_Reset/timercount[3]
  7.707                        Watch_Dog_Reset/timercount_RNICL2S[3]:B (f)
               +     0.894          cell: ADLIB:NOR2
  8.601                        Watch_Dog_Reset/timercount_RNICL2S[3]:Y (r)
               +     0.265          net: Watch_Dog_Reset/m40_e_3
  8.866                        Watch_Dog_Reset/timercount_RNITF5O1[6]:A (r)
               +     0.946          cell: ADLIB:NOR3A
  9.812                        Watch_Dog_Reset/timercount_RNITF5O1[6]:Y (r)
               +     0.265          net: Watch_Dog_Reset/m40_e_6
  10.077                       Watch_Dog_Reset/timercount_RNIIOJD4[1]:C (r)
               +     0.948          cell: ADLIB:NOR3C
  11.025                       Watch_Dog_Reset/timercount_RNIIOJD4[1]:Y (r)
               +     0.252          net: Watch_Dog_Reset/N_63
  11.277                       Watch_Dog_Reset/timercount_RNI7ESA5[10]:S (r)
               +     0.502          cell: ADLIB:MX2C
  11.779                       Watch_Dog_Reset/timercount_RNI7ESA5[10]:Y (f)
               +     0.252          net: Watch_Dog_Reset/N_51_mux
  12.031                       Watch_Dog_Reset/timercount_RNIL7AM5[10]:A (f)
               +     0.701          cell: ADLIB:NOR2
  12.732                       Watch_Dog_Reset/timercount_RNIL7AM5[10]:Y (r)
               +     2.292          net: Watch_Dog_Reset/timercount_0_sqmuxa
  15.024                       Watch_Dog_Reset/timercount[8]:E (r)
                                    
  15.024                       data arrival time
  ________________________________________________________
  Data required time calculation
  20.000                       clock_master/counter[1]:Q
               +     0.000          Clock source
  20.000                       clock_master/counter[1]:Q (r)
               +     2.804          Clock generation
  22.804
               +     3.010          net: counter[1]
  25.814                       Watch_Dog_Reset/timercount[8]:CLK (r)
               -     0.649          Library setup time: ADLIB:DFN1E0
  25.165                       Watch_Dog_Reset/timercount[8]:E
                                    
  25.165                       data required time


END SET Register to Register

----------------------------------------------------

SET External Setup

Path 1
  From:                        ResetIn
  To:                          Watch_Dog_Reset/timercount[8]:E
  Delay (ns):                  8.305
  Slack (ns):
  Arrival (ns):                8.305
  Required (ns):
  Setup (ns):                  0.649
  External Setup (ns):         3.140

Path 2
  From:                        ResetIn
  To:                          Watch_Dog_Reset/timerexpired:D
  Delay (ns):                  7.855
  Slack (ns):
  Arrival (ns):                7.855
  Required (ns):
  Setup (ns):                  0.784
  External Setup (ns):         2.951

Path 3
  From:                        ResetIn
  To:                          Watch_Dog_Reset/timercount[3]:D
  Delay (ns):                  8.262
  Slack (ns):
  Arrival (ns):                8.262
  Required (ns):
  Setup (ns):                  0.784
  External Setup (ns):         2.479

Path 4
  From:                        ResetIn
  To:                          Watch_Dog_Reset/timercount[7]:E
  Delay (ns):                  8.352
  Slack (ns):
  Arrival (ns):                8.352
  Required (ns):
  Setup (ns):                  0.649
  External Setup (ns):         2.434

Path 5
  From:                        ResetIn
  To:                          Watch_Dog_Reset/timercount[5]:D
  Delay (ns):                  8.262
  Slack (ns):
  Arrival (ns):                8.262
  Required (ns):
  Setup (ns):                  0.784
  External Setup (ns):         2.334


Expanded Path 1
  From: ResetIn
  To: Watch_Dog_Reset/timercount[8]:E
  data required time                             N/C
  data arrival time                          -   8.305
  slack                                          N/C
  ________________________________________________________
  Data arrival time calculation
  0.000                        ResetIn (f)
               +     0.000          net: ResetIn
  0.000                        ResetIn_pad/U0/U0:PAD (f)
               +     0.578          cell: ADLIB:IOPAD_IN
  0.578                        ResetIn_pad/U0/U0:Y (f)
               +     0.000          net: ResetIn_pad/U0/NET1
  0.578                        ResetIn_pad/U0/U1:YIN (f)
               +     0.184          cell: ADLIB:IOIN_IB
  0.762                        ResetIn_pad/U0/U1:Y (f)
               +     4.049          net: ResetIn_c
  4.811                        Watch_Dog_Reset/timercount_RNIL7AM5[10]:B (f)
               +     1.202          cell: ADLIB:NOR2
  6.013                        Watch_Dog_Reset/timercount_RNIL7AM5[10]:Y (r)
               +     2.292          net: Watch_Dog_Reset/timercount_0_sqmuxa
  8.305                        Watch_Dog_Reset/timercount[8]:E (r)
                                    
  8.305                        data arrival time
  ________________________________________________________
  Data required time calculation
  N/C                          clock_master/counter[1]:Q
               +     0.000          Clock source
  N/C                          clock_master/counter[1]:Q (r)
               +     2.804          Clock generation
  N/C
               +     3.010          net: counter[1]
  N/C                          Watch_Dog_Reset/timercount[8]:CLK (r)
               -     0.649          Library setup time: ADLIB:DFN1E0
  N/C                          Watch_Dog_Reset/timercount[8]:E


END SET External Setup

----------------------------------------------------

SET Clock to Output

Path 1
  From:                        Watch_Dog_Reset/timerexpired:CLK
  To:                          uCReset
  Delay (ns):                  8.194
  Slack (ns):
  Arrival (ns):                13.882
  Required (ns):
  Clock to Out (ns):           13.882


Expanded Path 1
  From: Watch_Dog_Reset/timerexpired:CLK
  To: uCReset
  data required time                             N/C
  data arrival time                          -   13.882
  slack                                          N/C
  ________________________________________________________
  Data arrival time calculation
  0.000                        clock_master/counter[1]:Q
               +     0.000          Clock source
  0.000                        clock_master/counter[1]:Q (r)
               +     2.804          Clock generation
  2.804
               +     2.884          net: counter[1]
  5.688                        Watch_Dog_Reset/timerexpired:CLK (r)
               +     0.797          cell: ADLIB:DFN1
  6.485                        Watch_Dog_Reset/timerexpired:Q (f)
               +     2.963          net: uCReset_c
  9.448                        uCReset_pad/U0/U1:D (f)
               +     0.916          cell: ADLIB:IOTRI_OB_EB
  10.364                       uCReset_pad/U0/U1:DOUT (f)
               +     0.000          net: uCReset_pad/U0/NET1
  10.364                       uCReset_pad/U0/U0:D (f)
               +     3.518          cell: ADLIB:IOPAD_TRI
  13.882                       uCReset_pad/U0/U0:PAD (f)
               +     0.000          net: uCReset
  13.882                       uCReset (f)
                                    
  13.882                       data arrival time
  ________________________________________________________
  Data required time calculation
  N/C                          clock_master/counter[1]:Q
               +     0.000          Clock source
  N/C                          clock_master/counter[1]:Q (r)
               +     2.804          Clock generation
  N/C
                                    
  N/C                          uCReset (f)


END SET Clock to Output

----------------------------------------------------

SET Register to Asynchronous

No Path

END SET Register to Asynchronous

----------------------------------------------------

SET External Recovery

No Path

END SET External Recovery

----------------------------------------------------

SET Asynchronous to Register

No Path

END SET Asynchronous to Register

----------------------------------------------------

Clock Domain clock_master/counter[2]:Q

SET Register to Register

Path 1
  From:                        matrix_read04/stage[1]:CLK
  To:                          matrix_read04/stage[4]:D
  Delay (ns):                  9.641
  Slack (ns):                  29.551
  Arrival (ns):                15.367
  Required (ns):               44.918
  Setup (ns):                  0.808
  Minimum Period (ns):         10.449

Path 2
  From:                        iobank68debounce/DebounceTimer[1]:CLK
  To:                          iobank68debounce/DebounceTimer[8]:D
  Delay (ns):                  9.436
  Slack (ns):                  29.811
  Arrival (ns):                15.158
  Required (ns):               44.969
  Setup (ns):                  0.757
  Minimum Period (ns):         10.189

Path 3
  From:                        iobank63debounce/DebounceTimer[1]:CLK
  To:                          iobank63debounce/DebounceTimer[8]:D
  Delay (ns):                  9.373
  Slack (ns):                  29.870
  Arrival (ns):                15.149
  Required (ns):               45.019
  Setup (ns):                  0.757
  Minimum Period (ns):         10.130

Path 4
  From:                        matrix_read04/stage[0]:CLK
  To:                          matrix_read04/stage[4]:D
  Delay (ns):                  9.252
  Slack (ns):                  29.965
  Arrival (ns):                14.953
  Required (ns):               44.918
  Setup (ns):                  0.808
  Minimum Period (ns):         10.035

Path 5
  From:                        iobank68debounce/DebounceTimer[0]:CLK
  To:                          iobank68debounce/DebounceTimer[8]:D
  Delay (ns):                  9.270
  Slack (ns):                  30.045
  Arrival (ns):                14.924
  Required (ns):               44.969
  Setup (ns):                  0.757
  Minimum Period (ns):         9.955


Expanded Path 1
  From: matrix_read04/stage[1]:CLK
  To: matrix_read04/stage[4]:D
  data required time                             44.918
  data arrival time                          -   15.367
  slack                                          29.551
  ________________________________________________________
  Data arrival time calculation
  0.000                        clock_master/counter[2]:Q
               +     0.000          Clock source
  0.000                        clock_master/counter[2]:Q (r)
               +     2.759          Clock generation
  2.759
               +     1.093          net: clock_master/counter_i[2]
  3.852                        clock_master/counter_RNIFBO8[2]:A (r)
               +     1.197          cell: ADLIB:CLKINT
  5.049                        clock_master/counter_RNIFBO8[2]:Y (r)
               +     0.677          net: Clock03
  5.726                        matrix_read04/stage[1]:CLK (r)
               +     0.886          cell: ADLIB:DFN1
  6.612                        matrix_read04/stage[1]:Q (f)
               +     1.232          net: matrix_read04/stage[1]
  7.844                        matrix_read04/stage_RNITO3[0]:B (f)
               +     0.923          cell: ADLIB:OR2B
  8.767                        matrix_read04/stage_RNITO3[0]:Y (r)
               +     1.796          net: matrix_read04/N_26
  10.563                       matrix_read04/stage_RNITM5[2]:B (r)
               +     1.011          cell: ADLIB:OR2A
  11.574                       matrix_read04/stage_RNITM5[2]:Y (r)
               +     0.300          net: matrix_read04/N_36
  11.874                       matrix_read04/stage_RNO_0[4]:B (r)
               +     1.288          cell: ADLIB:OA1C
  13.162                       matrix_read04/stage_RNO_0[4]:Y (r)
               +     0.257          net: matrix_read04/N_55
  13.419                       matrix_read04/stage_RNO[4]:C (r)
               +     0.776          cell: ADLIB:NOR3
  14.195                       matrix_read04/stage_RNO[4]:Y (f)
               +     1.172          net: matrix_read04/N_15
  15.367                       matrix_read04/stage[4]:D (f)
                                    
  15.367                       data arrival time
  ________________________________________________________
  Data required time calculation
  40.000                       clock_master/counter[2]:Q
               +     0.000          Clock source
  40.000                       clock_master/counter[2]:Q (r)
               +     2.759          Clock generation
  42.759
               +     1.093          net: clock_master/counter_i[2]
  43.852                       clock_master/counter_RNIFBO8[2]:A (r)
               +     1.197          cell: ADLIB:CLKINT
  45.049                       clock_master/counter_RNIFBO8[2]:Y (r)
               +     0.677          net: Clock03
  45.726                       matrix_read04/stage[4]:CLK (r)
               -     0.808          Library setup time: ADLIB:DFN1
  44.918                       matrix_read04/stage[4]:D
                                    
  44.918                       data required time


END SET Register to Register

----------------------------------------------------

SET External Setup

Path 1
  From:                        LogicReset
  To:                          iobank66debounce/DebounceTimer[4]:D
  Delay (ns):                  10.940
  Slack (ns):
  Arrival (ns):                10.940
  Required (ns):
  Setup (ns):                  0.808
  External Setup (ns):         5.987

Path 2
  From:                        LogicReset
  To:                          iobank61debounce/DebounceTimer[8]:D
  Delay (ns):                  10.983
  Slack (ns):
  Arrival (ns):                10.983
  Required (ns):
  Setup (ns):                  0.757
  External Setup (ns):         5.983

Path 3
  From:                        LogicReset
  To:                          iobank68debounce/DebounceTimer[5]:E
  Delay (ns):                  10.840
  Slack (ns):
  Arrival (ns):                10.840
  Required (ns):
  Setup (ns):                  0.725
  External Setup (ns):         5.895

Path 4
  From:                        LogicReset
  To:                          iobank68debounce/DebounceTimer[1]:E
  Delay (ns):                  10.674
  Slack (ns):
  Arrival (ns):                10.674
  Required (ns):
  Setup (ns):                  0.725
  External Setup (ns):         5.677

Path 5
  From:                        LogicReset
  To:                          iobank69debounce/DebounceTimer[0]:D
  Delay (ns):                  10.598
  Slack (ns):
  Arrival (ns):                10.598
  Required (ns):
  Setup (ns):                  0.808
  External Setup (ns):         5.649


Expanded Path 1
  From: LogicReset
  To: iobank66debounce/DebounceTimer[4]:D
  data required time                             N/C
  data arrival time                          -   10.940
  slack                                          N/C
  ________________________________________________________
  Data arrival time calculation
  0.000                        LogicReset (f)
               +     0.000          net: LogicReset
  0.000                        LogicReset_pad/U0/U0:PAD (f)
               +     0.578          cell: ADLIB:IOPAD_IN
  0.578                        LogicReset_pad/U0/U0:Y (f)
               +     0.000          net: LogicReset_pad/U0/NET1
  0.578                        LogicReset_pad/U0/U1:YIN (f)
               +     0.184          cell: ADLIB:IOIN_IB
  0.762                        LogicReset_pad/U0/U1:Y (f)
               +     2.677          net: LogicReset_pad
  3.439                        LogicReset_pad_RNI5AOB:A (f)
               +     1.294          cell: ADLIB:CLKINT
  4.733                        LogicReset_pad_RNI5AOB:Y (f)
               +     0.757          net: LogicReset_c
  5.490                        iobank66debounce/Changing_RNIN4HM:B (f)
               +     0.803          cell: ADLIB:NOR2
  6.293                        iobank66debounce/Changing_RNIN4HM:Y (r)
               +     3.304          net: iobank66debounce/un1_previousposition7
  9.597                        iobank66debounce/DebounceTimer_RNO[4]:C (r)
               +     1.120          cell: ADLIB:XA1
  10.717                       iobank66debounce/DebounceTimer_RNO[4]:Y (r)
               +     0.223          net: iobank66debounce/DebounceTimer_n4
  10.940                       iobank66debounce/DebounceTimer[4]:D (r)
                                    
  10.940                       data arrival time
  ________________________________________________________
  Data required time calculation
  N/C                          clock_master/counter[2]:Q
               +     0.000          Clock source
  N/C                          clock_master/counter[2]:Q (r)
               +     2.759          Clock generation
  N/C
               +     1.093          net: clock_master/counter_i[2]
  N/C                          clock_master/counter_RNIFBO8[2]:A (r)
               +     1.197          cell: ADLIB:CLKINT
  N/C                          clock_master/counter_RNIFBO8[2]:Y (r)
               +     0.712          net: Clock03
  N/C                          iobank66debounce/DebounceTimer[4]:CLK (r)
               -     0.808          Library setup time: ADLIB:DFN1E1
  N/C                          iobank66debounce/DebounceTimer[4]:D


END SET External Setup

----------------------------------------------------

SET Clock to Output

Path 1
  From:                        matrix_read04/ctrl[4]:CLK
  To:                          inputs67_ctrl[4]
  Delay (ns):                  7.371
  Slack (ns):
  Arrival (ns):                13.056
  Required (ns):
  Clock to Out (ns):           13.056

Path 2
  From:                        matrix_read04/ctrl[1]:CLK
  To:                          inputs67_ctrl[1]
  Delay (ns):                  6.500
  Slack (ns):
  Arrival (ns):                12.257
  Required (ns):
  Clock to Out (ns):           12.257

Path 3
  From:                        matrix_read04/ctrl[2]:CLK
  To:                          inputs67_ctrl[2]
  Delay (ns):                  6.413
  Slack (ns):
  Arrival (ns):                12.098
  Required (ns):
  Clock to Out (ns):           12.098

Path 4
  From:                        matrix_read04/ctrl[0]:CLK
  To:                          inputs67_ctrl[0]
  Delay (ns):                  6.355
  Slack (ns):
  Arrival (ns):                12.040
  Required (ns):
  Clock to Out (ns):           12.040

Path 5
  From:                        matrix_read04/ctrl[3]:CLK
  To:                          inputs67_ctrl[3]
  Delay (ns):                  5.989
  Slack (ns):
  Arrival (ns):                11.715
  Required (ns):
  Clock to Out (ns):           11.715


Expanded Path 1
  From: matrix_read04/ctrl[4]:CLK
  To: inputs67_ctrl[4]
  data required time                             N/C
  data arrival time                          -   13.056
  slack                                          N/C
  ________________________________________________________
  Data arrival time calculation
  0.000                        clock_master/counter[2]:Q
               +     0.000          Clock source
  0.000                        clock_master/counter[2]:Q (r)
               +     2.759          Clock generation
  2.759
               +     1.093          net: clock_master/counter_i[2]
  3.852                        clock_master/counter_RNIFBO8[2]:A (r)
               +     1.197          cell: ADLIB:CLKINT
  5.049                        clock_master/counter_RNIFBO8[2]:Y (r)
               +     0.636          net: Clock03
  5.685                        matrix_read04/ctrl[4]:CLK (r)
               +     0.886          cell: ADLIB:DFN1
  6.571                        matrix_read04/ctrl[4]:Q (f)
               +     3.414          net: inputs67_ctrl_c[4]
  9.985                        inputs67_ctrl_pad[4]/U0/U1:D (f)
               +     0.916          cell: ADLIB:IOTRI_OB_EB
  10.901                       inputs67_ctrl_pad[4]/U0/U1:DOUT (f)
               +     0.000          net: inputs67_ctrl_pad[4]/U0/NET1
  10.901                       inputs67_ctrl_pad[4]/U0/U0:D (f)
               +     2.155          cell: ADLIB:IOPAD_TRI
  13.056                       inputs67_ctrl_pad[4]/U0/U0:PAD (f)
               +     0.000          net: inputs67_ctrl[4]
  13.056                       inputs67_ctrl[4] (f)
                                    
  13.056                       data arrival time
  ________________________________________________________
  Data required time calculation
  N/C                          clock_master/counter[2]:Q
               +     0.000          Clock source
  N/C                          clock_master/counter[2]:Q (r)
               +     2.759          Clock generation
  N/C
                                    
  N/C                          inputs67_ctrl[4] (f)


END SET Clock to Output

----------------------------------------------------

SET Register to Asynchronous

No Path

END SET Register to Asynchronous

----------------------------------------------------

SET External Recovery

No Path

END SET External Recovery

----------------------------------------------------

SET Asynchronous to Register

No Path

END SET Asynchronous to Register

----------------------------------------------------

Clock Domain clock_master/counter[7]:Q

SET Register to Register

Path 1
  From:                        A2DRead/DataRegU1Ch1d[3]:CLK
  To:                          A2DRead/DataRegU1Ch1[15]:D
  Delay (ns):                  30.421
  Slack (ns):                  288.697
  Arrival (ns):                37.007
  Required (ns):               325.704
  Setup (ns):                  0.808
  Minimum Period (ns):         31.303

Path 2
  From:                        A2DRead/DataRegU1Ch0a[3]:CLK
  To:                          A2DRead/DataRegU1Ch0[14]:D
  Delay (ns):                  30.242
  Slack (ns):                  288.934
  Arrival (ns):                36.840
  Required (ns):               325.774
  Setup (ns):                  0.757
  Minimum Period (ns):         31.066

Path 3
  From:                        A2DRead/DataRegU1Ch0h[2]:CLK
  To:                          A2DRead/DataRegU1Ch0[14]:D
  Delay (ns):                  30.228
  Slack (ns):                  288.948
  Arrival (ns):                36.826
  Required (ns):               325.774
  Setup (ns):                  0.757
  Minimum Period (ns):         31.052

Path 4
  From:                        A2DRead/DataRegU1Ch1c[3]:CLK
  To:                          A2DRead/DataRegU1Ch1[15]:D
  Delay (ns):                  30.121
  Slack (ns):                  288.997
  Arrival (ns):                36.707
  Required (ns):               325.704
  Setup (ns):                  0.808
  Minimum Period (ns):         31.003

Path 5
  From:                        A2DRead/DataRegU1Ch1p[5]:CLK
  To:                          A2DRead/DataRegU1Ch1[15]:D
  Delay (ns):                  29.917
  Slack (ns):                  289.009
  Arrival (ns):                36.695
  Required (ns):               325.704
  Setup (ns):                  0.808
  Minimum Period (ns):         30.991


Expanded Path 1
  From: A2DRead/DataRegU1Ch1d[3]:CLK
  To: A2DRead/DataRegU1Ch1[15]:D
  data required time                             325.704
  data arrival time                          -   37.007
  slack                                          288.697
  ________________________________________________________
  Data arrival time calculation
  0.000                        clock_master/counter[7]:Q
               +     0.000          Clock source
  0.000                        clock_master/counter[7]:Q (r)
               +     3.509          Clock generation
  3.509
               +     1.122          net: clock_master/counter_i[7]
  4.631                        clock_master/counter_RNIKGO8[7]:A (r)
               +     1.197          cell: ADLIB:CLKINT
  5.828                        clock_master/counter_RNIKGO8[7]:Y (r)
               +     0.758          net: Clock04
  6.586                        A2DRead/DataRegU1Ch1d[3]:CLK (r)
               +     0.663          cell: ADLIB:DFN1E1
  7.249                        A2DRead/DataRegU1Ch1d[3]:Q (r)
               +     0.381          net: A2DRead/DataRegU1Ch1d[3]
  7.630                        A2DRead/DataRegU1Ch1c_RNIUSSC_0[3]:B (r)
               +     1.320          cell: ADLIB:MAJ3
  8.950                        A2DRead/DataRegU1Ch1c_RNIUSSC_0[3]:Y (r)
               +     2.284          net: A2DRead/N_1394
  11.234                       A2DRead/DataRegU1Ch1f_RNIGAVN_0[4]:C (r)
               +     1.092          cell: ADLIB:MAJ3
  12.326                       A2DRead/DataRegU1Ch1f_RNIGAVN_0[4]:Y (r)
               +     0.343          net: A2DRead/N_1430
  12.669                       A2DRead/DataRegU1Ch1f_RNIPKVL2_0[4]:B (r)
               +     1.356          cell: ADLIB:MAJ3
  14.025                       A2DRead/DataRegU1Ch1f_RNIPKVL2_0[4]:Y (r)
               +     1.181          net: A2DRead/N_1464
  15.206                       A2DRead/DataRegU1Ch1o_RNIUV317[5]:C (r)
               +     1.122          cell: ADLIB:XOR3
  16.328                       A2DRead/DataRegU1Ch1o_RNIUV317[5]:Y (r)
               +     1.179          net: A2DRead/N_1495
  17.507                       A2DRead/DataRegU1Ch1f_RNIMI5QE[4]:C (r)
               +     0.972          cell: ADLIB:AO1
  18.479                       A2DRead/DataRegU1Ch1f_RNIMI5QE[4]:Y (r)
               +     0.257          net: A2DRead/un60_dataregu1ch1_358_0_tz_out
  18.736                       A2DRead/DataRegU1Ch1f_RNI5TCN21[4]:B (r)
               +     1.220          cell: ADLIB:OA1
  19.956                       A2DRead/DataRegU1Ch1f_RNI5TCN21[4]:Y (r)
               +     0.257          net: A2DRead/un60_dataregu1ch1_358_0
  20.213                       A2DRead/DataRegU1Ch1f_RNIJ7LKM1[4]:C (r)
               +     0.924          cell: ADLIB:AO1
  21.137                       A2DRead/DataRegU1Ch1f_RNIJ7LKM1[4]:Y (r)
               +     1.715          net: A2DRead/N_1500
  22.852                       A2DRead/DataRegU1Ch1f_RNI9PF863[7]:B (r)
               +     1.460          cell: ADLIB:MAJ3
  24.312                       A2DRead/DataRegU1Ch1f_RNI9PF863[7]:Y (r)
               +     1.678          net: A2DRead/N_1530
  25.990                       A2DRead/un60_dataregu1ch1_824_ADD_11x11_fast_I3_P0N:A (r)
               +     0.467          cell: ADLIB:OR2
  26.457                       A2DRead/un60_dataregu1ch1_824_ADD_11x11_fast_I3_P0N:Y (r)
               +     1.272          net: A2DRead/N163
  27.729                       A2DRead/un60_dataregu1ch1_824_ADD_11x11_fast_I25_Y:B (r)
               +     1.298          cell: ADLIB:AO1
  29.027                       A2DRead/un60_dataregu1ch1_824_ADD_11x11_fast_I25_Y:Y (r)
               +     0.328          net: A2DRead/N202
  29.355                       A2DRead/un60_dataregu1ch1_824_ADD_11x11_fast_I43_Y:A (r)
               +     0.684          cell: ADLIB:AO1
  30.039                       A2DRead/un60_dataregu1ch1_824_ADD_11x11_fast_I43_Y:Y (r)
               +     1.058          net: A2DRead/N223_0
  31.097                       A2DRead/un60_dataregu1ch1_824_ADD_11x11_fast_I55_un1_Y:B (r)
               +     0.692          cell: ADLIB:NOR2B
  31.789                       A2DRead/un60_dataregu1ch1_824_ADD_11x11_fast_I55_un1_Y:Y (r)
               +     0.233          net: A2DRead/I55_un1_Y
  32.022                       A2DRead/un60_dataregu1ch1_824_ADD_11x11_fast_I70_Y_2:C (r)
               +     0.803          cell: ADLIB:OR3
  32.825                       A2DRead/un60_dataregu1ch1_824_ADD_11x11_fast_I70_Y_2:Y (r)
               +     0.233          net: A2DRead/ADD_11x11_fast_I70_Y_2_0
  33.058                       A2DRead/un60_dataregu1ch1_824_ADD_11x11_fast_I70_Y:C (r)
               +     0.994          cell: ADLIB:AO1
  34.052                       A2DRead/un60_dataregu1ch1_824_ADD_11x11_fast_I70_Y:Y (r)
               +     0.257          net: A2DRead/N269
  34.309                       A2DRead/un60_dataregu1ch1_824_ADD_11x11_fast_I91_Y:C (r)
               +     1.311          cell: ADLIB:XOR3
  35.620                       A2DRead/un60_dataregu1ch1_824_ADD_11x11_fast_I91_Y:Y (f)
               +     1.387          net: A2DRead/un60_dataregu1ch1[14]
  37.007                       A2DRead/DataRegU1Ch1[15]:D (f)
                                    
  37.007                       data arrival time
  ________________________________________________________
  Data required time calculation
  320.000                      clock_master/counter[7]:Q
               +     0.000          Clock source
  320.000                      clock_master/counter[7]:Q (r)
               +     3.509          Clock generation
  323.509
               +     1.122          net: clock_master/counter_i[7]
  324.631                      clock_master/counter_RNIKGO8[7]:A (r)
               +     1.197          cell: ADLIB:CLKINT
  325.828                      clock_master/counter_RNIKGO8[7]:Y (r)
               +     0.684          net: Clock04
  326.512                      A2DRead/DataRegU1Ch1[15]:CLK (r)
               -     0.808          Library setup time: ADLIB:DFN1E1
  325.704                      A2DRead/DataRegU1Ch1[15]:D
                                    
  325.704                      data required time


END SET Register to Register

----------------------------------------------------

SET External Setup

Path 1
  From:                        LogicReset
  To:                          heart_beat/counter[18]:D
  Delay (ns):                  26.630
  Slack (ns):
  Arrival (ns):                26.630
  Required (ns):
  Setup (ns):                  0.757
  External Setup (ns):         20.953

Path 2
  From:                        LogicReset
  To:                          heart_beat/counter[17]:D
  Delay (ns):                  26.299
  Slack (ns):
  Arrival (ns):                26.299
  Required (ns):
  Setup (ns):                  0.757
  External Setup (ns):         20.627

Path 3
  From:                        LogicReset
  To:                          heart_beat/counter[16]:D
  Delay (ns):                  25.553
  Slack (ns):
  Arrival (ns):                25.553
  Required (ns):
  Setup (ns):                  0.808
  External Setup (ns):         19.927

Path 4
  From:                        LogicReset
  To:                          heart_beat/counter[14]:D
  Delay (ns):                  23.596
  Slack (ns):
  Arrival (ns):                23.596
  Required (ns):
  Setup (ns):                  0.808
  External Setup (ns):         17.873

Path 5
  From:                        LogicReset
  To:                          heart_beat/counter[15]:D
  Delay (ns):                  23.450
  Slack (ns):
  Arrival (ns):                23.450
  Required (ns):
  Setup (ns):                  0.808
  External Setup (ns):         17.719


Expanded Path 1
  From: LogicReset
  To: heart_beat/counter[18]:D
  data required time                             N/C
  data arrival time                          -   26.630
  slack                                          N/C
  ________________________________________________________
  Data arrival time calculation
  0.000                        LogicReset (f)
               +     0.000          net: LogicReset
  0.000                        LogicReset_pad/U0/U0:PAD (f)
               +     0.578          cell: ADLIB:IOPAD_IN
  0.578                        LogicReset_pad/U0/U0:Y (f)
               +     0.000          net: LogicReset_pad/U0/NET1
  0.578                        LogicReset_pad/U0/U1:YIN (f)
               +     0.184          cell: ADLIB:IOIN_IB
  0.762                        LogicReset_pad/U0/U1:Y (f)
               +     2.677          net: LogicReset_pad
  3.439                        LogicReset_pad_RNI5AOB:A (f)
               +     1.294          cell: ADLIB:CLKINT
  4.733                        LogicReset_pad_RNI5AOB:Y (f)
               +     0.760          net: LogicReset_c
  5.493                        A2DRead/m16:B (f)
               +     0.477          cell: ADLIB:NOR2A
  5.970                        A2DRead/m16:Y (r)
               +     1.646          net: A2DRead_AdClock_0_sqmuxa
  7.616                        heart_beat/un1_counter_1_m1:B (r)
               +     1.024          cell: ADLIB:NOR2B
  8.640                        heart_beat/un1_counter_1_m1:Y (r)
               +     0.300          net: heart_beat/N_2_i
  8.940                        heart_beat/un1_counter_1_m2:B (r)
               +     0.749          cell: ADLIB:NOR2B
  9.689                        heart_beat/un1_counter_1_m2:Y (r)
               +     0.313          net: heart_beat/N_3_i
  10.002                       heart_beat/un1_counter_1_m5:B (r)
               +     0.894          cell: ADLIB:MX2C
  10.896                       heart_beat/un1_counter_1_m5:Y (f)
               +     0.360          net: heart_beat/i3_mux
  11.256                       heart_beat/un1_counter_1_m8:B (f)
               +     1.348          cell: ADLIB:AO13
  12.604                       heart_beat/un1_counter_1_m8:Y (f)
               +     1.165          net: heart_beat/i5_mux
  13.769                       heart_beat/un1_counter_1_m10:C (f)
               +     0.752          cell: ADLIB:NOR3B
  14.521                       heart_beat/un1_counter_1_m10:Y (r)
               +     0.911          net: heart_beat/N_11_i
  15.432                       heart_beat/un1_counter_1_m12:B (r)
               +     0.850          cell: ADLIB:NOR3C
  16.282                       heart_beat/un1_counter_1_m12:Y (r)
               +     0.481          net: heart_beat/N_13_i
  16.763                       heart_beat/un1_counter_1_m14:B (r)
               +     0.885          cell: ADLIB:NOR3C
  17.648                       heart_beat/un1_counter_1_m14:Y (r)
               +     1.854          net: heart_beat/N_15_i
  19.502                       heart_beat/un1_counter_1_m16:B (r)
               +     1.067          cell: ADLIB:NOR3C
  20.569                       heart_beat/un1_counter_1_m16:Y (r)
               +     0.462          net: heart_beat/N_17_i
  21.031                       heart_beat/un1_counter_1_m18:B (r)
               +     0.880          cell: ADLIB:NOR3C
  21.911                       heart_beat/un1_counter_1_m18:Y (r)
               +     0.347          net: heart_beat/N_19_i
  22.258                       heart_beat/un1_counter_1_m20:B (r)
               +     0.852          cell: ADLIB:NOR3C
  23.110                       heart_beat/un1_counter_1_m20:Y (r)
               +     1.309          net: heart_beat/N_21_i
  24.419                       heart_beat/un1_counter_1_m21:A (r)
               +     0.615          cell: ADLIB:NOR2B
  25.034                       heart_beat/un1_counter_1_m21:Y (r)
               +     0.297          net: heart_beat/N_22_i
  25.331                       heart_beat/un1_counter_1_ADD_19x19_fast_I121_Y:B (r)
               +     1.042          cell: ADLIB:AX1C
  26.373                       heart_beat/un1_counter_1_ADD_19x19_fast_I121_Y:Y (r)
               +     0.257          net: heart_beat/ADD_19x19_fast_I121_Y
  26.630                       heart_beat/counter[18]:D (r)
                                    
  26.630                       data arrival time
  ________________________________________________________
  Data required time calculation
  N/C                          clock_master/counter[7]:Q
               +     0.000          Clock source
  N/C                          clock_master/counter[7]:Q (r)
               +     3.509          Clock generation
  N/C
               +     1.122          net: clock_master/counter_i[7]
  N/C                          clock_master/counter_RNIKGO8[7]:A (r)
               +     1.197          cell: ADLIB:CLKINT
  N/C                          clock_master/counter_RNIKGO8[7]:Y (r)
               +     0.606          net: Clock04
  N/C                          heart_beat/counter[18]:CLK (r)
               -     0.757          Library setup time: ADLIB:DFN1
  N/C                          heart_beat/counter[18]:D


END SET External Setup

----------------------------------------------------

SET Clock to Output

Path 1
  From:                        snkpout01/PWMOut:CLK
  To:                          EncLgtControl
  Delay (ns):                  11.012
  Slack (ns):
  Arrival (ns):                17.524
  Required (ns):
  Clock to Out (ns):           17.524

Path 2
  From:                        snkpout01/PWMOut:CLK
  To:                          AN2DimControl
  Delay (ns):                  10.699
  Slack (ns):
  Arrival (ns):                17.211
  Required (ns):
  Clock to Out (ns):           17.211

Path 3
  From:                        snkpout01/PWMOut:CLK
  To:                          AN4PTTControl
  Delay (ns):                  10.372
  Slack (ns):
  Arrival (ns):                16.884
  Required (ns):
  Clock to Out (ns):           16.884

Path 4
  From:                        snkpout01/PWMOut:CLK
  To:                          AN6PTTControl
  Delay (ns):                  9.987
  Slack (ns):
  Arrival (ns):                16.499
  Required (ns):
  Clock to Out (ns):           16.499

Path 5
  From:                        snkpout01/PWMOut:CLK
  To:                          AN5PTTControl
  Delay (ns):                  9.712
  Slack (ns):
  Arrival (ns):                16.224
  Required (ns):
  Clock to Out (ns):           16.224


Expanded Path 1
  From: snkpout01/PWMOut:CLK
  To: EncLgtControl
  data required time                             N/C
  data arrival time                          -   17.524
  slack                                          N/C
  ________________________________________________________
  Data arrival time calculation
  0.000                        clock_master/counter[7]:Q
               +     0.000          Clock source
  0.000                        clock_master/counter[7]:Q (r)
               +     3.509          Clock generation
  3.509
               +     1.122          net: clock_master/counter_i[7]
  4.631                        clock_master/counter_RNIKGO8[7]:A (r)
               +     1.197          cell: ADLIB:CLKINT
  5.828                        clock_master/counter_RNIKGO8[7]:Y (r)
               +     0.684          net: Clock04
  6.512                        snkpout01/PWMOut:CLK (r)
               +     0.663          cell: ADLIB:DFN1
  7.175                        snkpout01/PWMOut:Q (r)
               +     1.798          net: PnlLgtControl_c
  8.973                        pwmdisable01latch/output_RNID03R[7]:A (r)
               +     1.515          cell: ADLIB:OA1
  10.488                       pwmdisable01latch/output_RNID03R[7]:Y (r)
               +     2.736          net: EncLgtControl_c
  13.224                       EncLgtControl_pad/U0/U1:D (r)
               +     0.885          cell: ADLIB:IOTRI_OB_EB
  14.109                       EncLgtControl_pad/U0/U1:DOUT (r)
               +     0.000          net: EncLgtControl_pad/U0/NET1
  14.109                       EncLgtControl_pad/U0/U0:D (r)
               +     3.415          cell: ADLIB:IOPAD_TRI
  17.524                       EncLgtControl_pad/U0/U0:PAD (r)
               +     0.000          net: EncLgtControl
  17.524                       EncLgtControl (r)
                                    
  17.524                       data arrival time
  ________________________________________________________
  Data required time calculation
  N/C                          clock_master/counter[7]:Q
               +     0.000          Clock source
  N/C                          clock_master/counter[7]:Q (r)
               +     3.509          Clock generation
  N/C
                                    
  N/C                          EncLgtControl (r)


END SET Clock to Output

----------------------------------------------------

SET Register to Asynchronous

No Path

END SET Register to Asynchronous

----------------------------------------------------

SET External Recovery

No Path

END SET External Recovery

----------------------------------------------------

SET Asynchronous to Register

No Path

END SET Asynchronous to Register

----------------------------------------------------

Path set Pin to Pin

SET Input to Output

No Path

END SET Input to Output

----------------------------------------------------

Path set User Sets

