Timing Violation Report Min Delay Analysis

SmartTime Version v11.7 SP1.1
Microsemi Corporation - Microsemi Libero Software Release v11.7 SP1.1 (Version 11.7.1.14)
Date: Thu Jul 27 10:03:10 2017


Design: mainprogram
Family: IGLOO
Die: AGLN250V5
Package: 100 VQFP
Temperature Range: 0 - 70 C
Voltage Range: 1.425 - 1.575 V
Speed Grade: STD
Design State: Post-Layout
Data source: Silicon verified
Min Operating Conditions: BEST - 1.575 V - 0 C
Max Operating Conditions: WORST - 1.425 V - 70 C
Using Enhanced Min Delay Analysis
Scenario for Timing Analysis: Primary


Path 1
  From:                        A2DRead/DataRegU1Ch0g[8]:CLK
  To:                          A2DRead/DataRegU1Ch0h[8]:D
  Delay (ns):                  0.362
  Slack (ns):                  0.130
  Arrival (ns):                2.868
  Required (ns):               2.738

Path 2
  From:                        A2DRead/DataRegU1Ch1l[12]:CLK
  To:                          A2DRead/DataRegU1Ch1m[12]:D
  Delay (ns):                  0.370
  Slack (ns):                  0.160
  Arrival (ns):                2.879
  Required (ns):               2.719

Path 3
  From:                        A2DRead/DataRegU1Ch1c[9]:CLK
  To:                          A2DRead/DataRegU1Ch1d[9]:D
  Delay (ns):                  0.360
  Slack (ns):                  0.177
  Arrival (ns):                2.896
  Required (ns):               2.719

Path 4
  From:                        A2DRead/DataRegU1Ch1d[7]:CLK
  To:                          A2DRead/DataRegU1Ch1e[7]:D
  Delay (ns):                  0.360
  Slack (ns):                  0.177
  Arrival (ns):                2.896
  Required (ns):               2.719

Path 5
  From:                        A2DRead/DataRegU1Ch1b[10]:CLK
  To:                          A2DRead/DataRegU1Ch1c[10]:D
  Delay (ns):                  0.360
  Slack (ns):                  0.177
  Arrival (ns):                2.896
  Required (ns):               2.719

Path 6
  From:                        A2DRead/DataRegU1Ch1c[8]:CLK
  To:                          A2DRead/DataRegU1Ch1d[8]:D
  Delay (ns):                  0.360
  Slack (ns):                  0.177
  Arrival (ns):                2.896
  Required (ns):               2.719

Path 7
  From:                        A2DRead/DataRegU1Ch0f[1]:CLK
  To:                          A2DRead/DataRegU1Ch0g[1]:D
  Delay (ns):                  0.395
  Slack (ns):                  0.190
  Arrival (ns):                2.921
  Required (ns):               2.731

Path 8
  From:                        A2DRead/DataRegU1Ch0l[3]:CLK
  To:                          A2DRead/DataRegU1Ch0m[3]:D
  Delay (ns):                  0.395
  Slack (ns):                  0.190
  Arrival (ns):                2.921
  Required (ns):               2.731

Path 9
  From:                        A2DRead/DataRegU1Ch0b[11]:CLK
  To:                          A2DRead/DataRegU1Ch0c[11]:D
  Delay (ns):                  0.429
  Slack (ns):                  0.197
  Arrival (ns):                2.935
  Required (ns):               2.738

Path 10
  From:                        A2DRead/DataRegU1Ch0c[8]:CLK
  To:                          A2DRead/DataRegU1Ch0d[8]:D
  Delay (ns):                  0.431
  Slack (ns):                  0.199
  Arrival (ns):                2.937
  Required (ns):               2.738

Path 11
  From:                        A2DRead/DataRegU1Ch1o[4]:CLK
  To:                          A2DRead/DataRegU1Ch1p[4]:D
  Delay (ns):                  0.437
  Slack (ns):                  0.205
  Arrival (ns):                2.943
  Required (ns):               2.738

Path 12
  From:                        A2DRead/DataRegU1Ch1d[1]:CLK
  To:                          A2DRead/DataRegU1Ch1e[1]:D
  Delay (ns):                  0.362
  Slack (ns):                  0.217
  Arrival (ns):                2.870
  Required (ns):               2.653

Path 13
  From:                        A2DRead/DataInReg[1]:CLK
  To:                          A2DRead/DataRegU1Ch1a[1]:D
  Delay (ns):                  0.399
  Slack (ns):                  0.222
  Arrival (ns):                2.907
  Required (ns):               2.685

Path 14
  From:                        A2DRead/DataRegU1Ch0k[4]:CLK
  To:                          A2DRead/DataRegU1Ch0l[4]:D
  Delay (ns):                  0.429
  Slack (ns):                  0.224
  Arrival (ns):                2.955
  Required (ns):               2.731

Path 15
  From:                        A2DRead/DataRegU1Ch0e[6]:CLK
  To:                          A2DRead/DataRegU1Ch0f[6]:D
  Delay (ns):                  0.430
  Slack (ns):                  0.225
  Arrival (ns):                2.956
  Required (ns):               2.731

Path 16
  From:                        A2DRead/DataRegU1Ch1b[3]:CLK
  To:                          A2DRead/DataRegU1Ch1c[3]:D
  Delay (ns):                  0.360
  Slack (ns):                  0.225
  Arrival (ns):                2.937
  Required (ns):               2.712

Path 17
  From:                        A2DRead/DataRegU1Ch1f[3]:CLK
  To:                          A2DRead/DataRegU1Ch1g[3]:D
  Delay (ns):                  0.360
  Slack (ns):                  0.225
  Arrival (ns):                2.937
  Required (ns):               2.712

Path 18
  From:                        A2DRead/DataRegU1Ch0e[5]:CLK
  To:                          A2DRead/DataRegU1Ch0f[5]:D
  Delay (ns):                  0.360
  Slack (ns):                  0.225
  Arrival (ns):                2.937
  Required (ns):               2.712

Path 19
  From:                        A2DRead/DataRegU1Ch0g[4]:CLK
  To:                          A2DRead/DataRegU1Ch0h[4]:D
  Delay (ns):                  0.431
  Slack (ns):                  0.226
  Arrival (ns):                2.957
  Required (ns):               2.731

Path 20
  From:                        A2DRead/DataRegU1Ch1h[5]:CLK
  To:                          A2DRead/DataRegU1Ch1i[5]:D
  Delay (ns):                  0.360
  Slack (ns):                  0.227
  Arrival (ns):                2.964
  Required (ns):               2.737

Path 21
  From:                        A2DRead/DataRegU1Ch0c[10]:CLK
  To:                          A2DRead/DataRegU1Ch0d[10]:D
  Delay (ns):                  0.360
  Slack (ns):                  0.227
  Arrival (ns):                2.964
  Required (ns):               2.737

Path 22
  From:                        A2DRead/DataRegU1Ch1j[5]:CLK
  To:                          A2DRead/DataRegU1Ch1k[5]:D
  Delay (ns):                  0.360
  Slack (ns):                  0.227
  Arrival (ns):                2.964
  Required (ns):               2.737

Path 23
  From:                        A2DRead/DataRegU1Ch1e[6]:CLK
  To:                          A2DRead/DataRegU1Ch1f[6]:D
  Delay (ns):                  0.360
  Slack (ns):                  0.227
  Arrival (ns):                2.964
  Required (ns):               2.737

Path 24
  From:                        A2DRead/DataRegU1Ch0a[9]:CLK
  To:                          A2DRead/DataRegU1Ch0b[9]:D
  Delay (ns):                  0.360
  Slack (ns):                  0.227
  Arrival (ns):                2.964
  Required (ns):               2.737

Path 25
  From:                        A2DRead/DataRegU1Ch1d[4]:CLK
  To:                          A2DRead/DataRegU1Ch1e[4]:D
  Delay (ns):                  0.360
  Slack (ns):                  0.227
  Arrival (ns):                2.964
  Required (ns):               2.737

Path 26
  From:                        A2DRead/DataRegU1Ch1c[6]:CLK
  To:                          A2DRead/DataRegU1Ch1d[6]:D
  Delay (ns):                  0.362
  Slack (ns):                  0.228
  Arrival (ns):                2.966
  Required (ns):               2.738

Path 27
  From:                        A2DRead/DataRegU1Ch1b[2]:CLK
  To:                          A2DRead/DataRegU1Ch1c[2]:D
  Delay (ns):                  0.368
  Slack (ns):                  0.233
  Arrival (ns):                2.945
  Required (ns):               2.712

Path 28
  From:                        A2DRead/DataRegU1Ch0n[5]:CLK
  To:                          A2DRead/DataRegU1Ch0o[5]:D
  Delay (ns):                  0.441
  Slack (ns):                  0.236
  Arrival (ns):                2.967
  Required (ns):               2.731

Path 29
  From:                        A2DRead/DataRegU1Ch1k[8]:CLK
  To:                          A2DRead/DataRegU1Ch1l[8]:D
  Delay (ns):                  0.435
  Slack (ns):                  0.237
  Arrival (ns):                2.922
  Required (ns):               2.685

Path 30
  From:                        A2DRead/DataRegU1Ch1k[10]:CLK
  To:                          A2DRead/DataRegU1Ch1l[10]:D
  Delay (ns):                  0.435
  Slack (ns):                  0.237
  Arrival (ns):                2.922
  Required (ns):               2.685

Path 31
  From:                        A2DRead/DataRegU1Ch1j[9]:CLK
  To:                          A2DRead/DataRegU1Ch1k[9]:D
  Delay (ns):                  0.360
  Slack (ns):                  0.245
  Arrival (ns):                2.964
  Required (ns):               2.719

Path 32
  From:                        A2DRead/DataRegU1Ch1o[8]:CLK
  To:                          A2DRead/DataRegU1Ch1p[8]:D
  Delay (ns):                  0.360
  Slack (ns):                  0.245
  Arrival (ns):                2.964
  Required (ns):               2.719

Path 33
  From:                        A2DRead/DataRegU1Ch1a[11]:CLK
  To:                          A2DRead/DataRegU1Ch1b[11]:D
  Delay (ns):                  0.360
  Slack (ns):                  0.245
  Arrival (ns):                2.964
  Required (ns):               2.719

Path 34
  From:                        A2DRead/DataInReg[1]:CLK
  To:                          A2DRead/DataRegU1Ch0a[1]:D
  Delay (ns):                  0.399
  Slack (ns):                  0.254
  Arrival (ns):                2.907
  Required (ns):               2.653

Path 35
  From:                        A2DRead/DataRegU1Ch1j[2]:CLK
  To:                          A2DRead/DataRegU1Ch1k[2]:D
  Delay (ns):                  0.362
  Slack (ns):                  0.257
  Arrival (ns):                2.988
  Required (ns):               2.731

Path 36
  From:                        A2DRead/DataRegU1Ch0i[5]:CLK
  To:                          A2DRead/DataRegU1Ch0j[5]:D
  Delay (ns):                  0.362
  Slack (ns):                  0.257
  Arrival (ns):                2.988
  Required (ns):               2.731

Path 37
  From:                        A2DRead/DataRegU1Ch0c[1]:CLK
  To:                          A2DRead/DataRegU1Ch0d[1]:D
  Delay (ns):                  0.362
  Slack (ns):                  0.257
  Arrival (ns):                2.988
  Required (ns):               2.731

Path 38
  From:                        A2DRead/DataRegU1Ch0d[3]:CLK
  To:                          A2DRead/DataRegU1Ch0e[3]:D
  Delay (ns):                  0.362
  Slack (ns):                  0.257
  Arrival (ns):                2.988
  Required (ns):               2.731

Path 39
  From:                        A2DRead/DataRegU1Ch0k[1]:CLK
  To:                          A2DRead/DataRegU1Ch0l[1]:D
  Delay (ns):                  0.362
  Slack (ns):                  0.257
  Arrival (ns):                2.988
  Required (ns):               2.731

Path 40
  From:                        A2DRead/DataRegU1Ch1j[1]:CLK
  To:                          A2DRead/DataRegU1Ch1k[1]:D
  Delay (ns):                  0.362
  Slack (ns):                  0.257
  Arrival (ns):                2.988
  Required (ns):               2.731

Path 41
  From:                        A2DRead/DataRegU1Ch1n[3]:CLK
  To:                          A2DRead/DataRegU1Ch1o[3]:D
  Delay (ns):                  0.362
  Slack (ns):                  0.257
  Arrival (ns):                2.988
  Required (ns):               2.731

Path 42
  From:                        A2DRead/DataRegU1Ch1e[2]:CLK
  To:                          A2DRead/DataRegU1Ch1f[2]:D
  Delay (ns):                  0.370
  Slack (ns):                  0.265
  Arrival (ns):                2.996
  Required (ns):               2.731

Path 43
  From:                        A2DRead/DataRegU1Ch0k[12]:CLK
  To:                          A2DRead/DataRegU1Ch0l[12]:D
  Delay (ns):                  0.360
  Slack (ns):                  0.270
  Arrival (ns):                3.008
  Required (ns):               2.738

Path 44
  From:                        A2DRead/DataRegU1Ch0m[12]:CLK
  To:                          A2DRead/DataRegU1Ch0n[12]:D
  Delay (ns):                  0.360
  Slack (ns):                  0.270
  Arrival (ns):                3.008
  Required (ns):               2.738

Path 45
  From:                        A2DRead/DataRegU1Ch0e[12]:CLK
  To:                          A2DRead/DataRegU1Ch0f[12]:D
  Delay (ns):                  0.360
  Slack (ns):                  0.270
  Arrival (ns):                3.007
  Required (ns):               2.737

Path 46
  From:                        A2DRead/DataRegU1Ch1m[5]:CLK
  To:                          A2DRead/DataRegU1Ch1n[5]:D
  Delay (ns):                  0.360
  Slack (ns):                  0.270
  Arrival (ns):                3.007
  Required (ns):               2.737

Path 47
  From:                        A2DRead/DataRegU1Ch0n[10]:CLK
  To:                          A2DRead/DataRegU1Ch0o[10]:D
  Delay (ns):                  0.360
  Slack (ns):                  0.270
  Arrival (ns):                3.008
  Required (ns):               2.738

Path 48
  From:                        A2DRead/DataRegU1Ch0k[9]:CLK
  To:                          A2DRead/DataRegU1Ch0l[9]:D
  Delay (ns):                  0.360
  Slack (ns):                  0.270
  Arrival (ns):                3.007
  Required (ns):               2.737

Path 49
  From:                        A2DRead/DataRegU1Ch0d[10]:CLK
  To:                          A2DRead/DataRegU1Ch0e[10]:D
  Delay (ns):                  0.360
  Slack (ns):                  0.270
  Arrival (ns):                3.007
  Required (ns):               2.737

Path 50
  From:                        A2DRead/DataRegU1Ch0i[10]:CLK
  To:                          A2DRead/DataRegU1Ch0j[10]:D
  Delay (ns):                  0.360
  Slack (ns):                  0.270
  Arrival (ns):                3.007
  Required (ns):               2.737

Path 51
  From:                        A2DRead/DataRegU1Ch0o[9]:CLK
  To:                          A2DRead/DataRegU1Ch0p[9]:D
  Delay (ns):                  0.360
  Slack (ns):                  0.270
  Arrival (ns):                3.008
  Required (ns):               2.738

Path 52
  From:                        A2DRead/DataRegU1Ch0d[11]:CLK
  To:                          A2DRead/DataRegU1Ch0e[11]:D
  Delay (ns):                  0.360
  Slack (ns):                  0.270
  Arrival (ns):                3.008
  Required (ns):               2.738

Path 53
  From:                        A2DRead/DataRegU1Ch0i[11]:CLK
  To:                          A2DRead/DataRegU1Ch0j[11]:D
  Delay (ns):                  0.360
  Slack (ns):                  0.270
  Arrival (ns):                3.008
  Required (ns):               2.738

Path 54
  From:                        A2DRead/DataRegU1Ch0l[12]:CLK
  To:                          A2DRead/DataRegU1Ch0m[12]:D
  Delay (ns):                  0.360
  Slack (ns):                  0.270
  Arrival (ns):                3.008
  Required (ns):               2.738

Path 55
  From:                        A2DRead/DataRegU1Ch0n[8]:CLK
  To:                          A2DRead/DataRegU1Ch0o[8]:D
  Delay (ns):                  0.360
  Slack (ns):                  0.270
  Arrival (ns):                3.008
  Required (ns):               2.738

Path 56
  From:                        A2DRead/DataRegU1Ch0g[10]:CLK
  To:                          A2DRead/DataRegU1Ch0h[10]:D
  Delay (ns):                  0.360
  Slack (ns):                  0.270
  Arrival (ns):                3.007
  Required (ns):               2.737

Path 57
  From:                        A2DRead/DataRegU1Ch0j[8]:CLK
  To:                          A2DRead/DataRegU1Ch0k[8]:D
  Delay (ns):                  0.360
  Slack (ns):                  0.270
  Arrival (ns):                3.008
  Required (ns):               2.738

Path 58
  From:                        A2DRead/DataRegU1Ch0k[10]:CLK
  To:                          A2DRead/DataRegU1Ch0l[10]:D
  Delay (ns):                  0.360
  Slack (ns):                  0.270
  Arrival (ns):                3.007
  Required (ns):               2.737

Path 59
  From:                        A2DRead/DataRegU1Ch1g[4]:CLK
  To:                          A2DRead/DataRegU1Ch1h[4]:D
  Delay (ns):                  0.360
  Slack (ns):                  0.270
  Arrival (ns):                3.007
  Required (ns):               2.737

Path 60
  From:                        A2DRead/DataRegU1Ch0i[9]:CLK
  To:                          A2DRead/DataRegU1Ch0j[9]:D
  Delay (ns):                  0.360
  Slack (ns):                  0.270
  Arrival (ns):                3.007
  Required (ns):               2.737

Path 61
  From:                        A2DRead/DataRegU1Ch0m[10]:CLK
  To:                          A2DRead/DataRegU1Ch0n[10]:D
  Delay (ns):                  0.360
  Slack (ns):                  0.270
  Arrival (ns):                3.008
  Required (ns):               2.738

Path 62
  From:                        A2DRead/DataRegU1Ch1h[6]:CLK
  To:                          A2DRead/DataRegU1Ch1i[6]:D
  Delay (ns):                  0.360
  Slack (ns):                  0.270
  Arrival (ns):                3.007
  Required (ns):               2.737

Path 63
  From:                        A2DRead/DataRegU1Ch1e[4]:CLK
  To:                          A2DRead/DataRegU1Ch1f[4]:D
  Delay (ns):                  0.360
  Slack (ns):                  0.270
  Arrival (ns):                3.007
  Required (ns):               2.737

Path 64
  From:                        A2DRead/DataRegU1Ch1n[5]:CLK
  To:                          A2DRead/DataRegU1Ch1o[5]:D
  Delay (ns):                  0.360
  Slack (ns):                  0.270
  Arrival (ns):                3.007
  Required (ns):               2.737

Path 65
  From:                        A2DRead/DataRegU1Ch0h[8]:CLK
  To:                          A2DRead/DataRegU1Ch0i[8]:D
  Delay (ns):                  0.360
  Slack (ns):                  0.270
  Arrival (ns):                3.008
  Required (ns):               2.738

Path 66
  From:                        A2DRead/DataRegU1Ch0m[9]:CLK
  To:                          A2DRead/DataRegU1Ch0n[9]:D
  Delay (ns):                  0.360
  Slack (ns):                  0.270
  Arrival (ns):                3.008
  Required (ns):               2.738

Path 67
  From:                        A2DRead/DataRegU1Ch0k[11]:CLK
  To:                          A2DRead/DataRegU1Ch0l[11]:D
  Delay (ns):                  0.360
  Slack (ns):                  0.270
  Arrival (ns):                3.008
  Required (ns):               2.738

Path 68
  From:                        A2DRead/DataRegU1Ch0j[10]:CLK
  To:                          A2DRead/DataRegU1Ch0k[10]:D
  Delay (ns):                  0.360
  Slack (ns):                  0.270
  Arrival (ns):                3.007
  Required (ns):               2.737

Path 69
  From:                        A2DRead/DataRegU1Ch0f[9]:CLK
  To:                          A2DRead/DataRegU1Ch0g[9]:D
  Delay (ns):                  0.360
  Slack (ns):                  0.270
  Arrival (ns):                3.007
  Required (ns):               2.737

Path 70
  From:                        A2DRead/DataRegU1Ch0m[11]:CLK
  To:                          A2DRead/DataRegU1Ch0n[11]:D
  Delay (ns):                  0.360
  Slack (ns):                  0.270
  Arrival (ns):                3.008
  Required (ns):               2.738

Path 71
  From:                        A2DRead/DataRegU1Ch0g[12]:CLK
  To:                          A2DRead/DataRegU1Ch0h[12]:D
  Delay (ns):                  0.360
  Slack (ns):                  0.270
  Arrival (ns):                3.007
  Required (ns):               2.737

Path 72
  From:                        A2DRead/DataRegU1Ch1f[6]:CLK
  To:                          A2DRead/DataRegU1Ch1g[6]:D
  Delay (ns):                  0.360
  Slack (ns):                  0.270
  Arrival (ns):                3.007
  Required (ns):               2.737

Path 73
  From:                        A2DRead/DataRegU1Ch0e[11]:CLK
  To:                          A2DRead/DataRegU1Ch0f[11]:D
  Delay (ns):                  0.360
  Slack (ns):                  0.270
  Arrival (ns):                3.008
  Required (ns):               2.738

Path 74
  From:                        A2DRead/DataRegU1Ch0j[5]:CLK
  To:                          A2DRead/DataRegU1Ch0k[5]:D
  Delay (ns):                  0.360
  Slack (ns):                  0.271
  Arrival (ns):                3.002
  Required (ns):               2.731

Path 75
  From:                        A2DRead/DataRegU1Ch0l[9]:CLK
  To:                          A2DRead/DataRegU1Ch0m[9]:D
  Delay (ns):                  0.362
  Slack (ns):                  0.271
  Arrival (ns):                3.009
  Required (ns):               2.738

Path 76
  From:                        A2DRead/DataRegU1Ch0m[3]:CLK
  To:                          A2DRead/DataRegU1Ch0n[3]:D
  Delay (ns):                  0.360
  Slack (ns):                  0.271
  Arrival (ns):                3.002
  Required (ns):               2.731

Path 77
  From:                        A2DRead/DataRegU1Ch1o[1]:CLK
  To:                          A2DRead/DataRegU1Ch1p[1]:D
  Delay (ns):                  0.360
  Slack (ns):                  0.271
  Arrival (ns):                3.002
  Required (ns):               2.731

Path 78
  From:                        A2DRead/DataRegU1Ch1k[1]:CLK
  To:                          A2DRead/DataRegU1Ch1l[1]:D
  Delay (ns):                  0.360
  Slack (ns):                  0.271
  Arrival (ns):                3.002
  Required (ns):               2.731

Path 79
  From:                        A2DRead/DataRegU1Ch0h[1]:CLK
  To:                          A2DRead/DataRegU1Ch0i[1]:D
  Delay (ns):                  0.360
  Slack (ns):                  0.271
  Arrival (ns):                3.002
  Required (ns):               2.731

Path 80
  From:                        A2DRead/DataRegU1Ch1l[2]:CLK
  To:                          A2DRead/DataRegU1Ch1m[2]:D
  Delay (ns):                  0.360
  Slack (ns):                  0.271
  Arrival (ns):                3.002
  Required (ns):               2.731

Path 81
  From:                        A2DRead/DataRegU1Ch0h[12]:CLK
  To:                          A2DRead/DataRegU1Ch0i[12]:D
  Delay (ns):                  0.362
  Slack (ns):                  0.271
  Arrival (ns):                3.009
  Required (ns):               2.738

Path 82
  From:                        A2DRead/DataRegU1Ch0l[10]:CLK
  To:                          A2DRead/DataRegU1Ch0m[10]:D
  Delay (ns):                  0.362
  Slack (ns):                  0.271
  Arrival (ns):                3.009
  Required (ns):               2.738

Path 83
  From:                        A2DRead/DataRegU1Ch1m[2]:CLK
  To:                          A2DRead/DataRegU1Ch1n[2]:D
  Delay (ns):                  0.360
  Slack (ns):                  0.271
  Arrival (ns):                3.002
  Required (ns):               2.731

Path 84
  From:                        A2DRead/DataRegU1Ch0h[9]:CLK
  To:                          A2DRead/DataRegU1Ch0i[9]:D
  Delay (ns):                  0.360
  Slack (ns):                  0.271
  Arrival (ns):                3.008
  Required (ns):               2.737

Path 85
  From:                        A2DRead/DataRegU1Ch0e[3]:CLK
  To:                          A2DRead/DataRegU1Ch0f[3]:D
  Delay (ns):                  0.360
  Slack (ns):                  0.271
  Arrival (ns):                3.002
  Required (ns):               2.731

Path 86
  From:                        A2DRead/DataRegU1Ch0b[12]:CLK
  To:                          A2DRead/DataRegU1Ch0c[12]:D
  Delay (ns):                  0.362
  Slack (ns):                  0.271
  Arrival (ns):                3.009
  Required (ns):               2.738

Path 87
  From:                        A2DRead/DataRegU1Ch0m[1]:CLK
  To:                          A2DRead/DataRegU1Ch0n[1]:D
  Delay (ns):                  0.360
  Slack (ns):                  0.271
  Arrival (ns):                3.002
  Required (ns):               2.731

Path 88
  From:                        A2DRead/DataRegU1Ch0c[12]:CLK
  To:                          A2DRead/DataRegU1Ch0d[12]:D
  Delay (ns):                  0.360
  Slack (ns):                  0.271
  Arrival (ns):                3.008
  Required (ns):               2.737

Path 89
  From:                        A2DRead/DataRegU1Ch0l[8]:CLK
  To:                          A2DRead/DataRegU1Ch0m[8]:D
  Delay (ns):                  0.360
  Slack (ns):                  0.271
  Arrival (ns):                3.008
  Required (ns):               2.737

Path 90
  From:                        A2DRead/DataRegU1Ch0g[1]:CLK
  To:                          A2DRead/DataRegU1Ch0h[1]:D
  Delay (ns):                  0.360
  Slack (ns):                  0.271
  Arrival (ns):                3.002
  Required (ns):               2.731

Path 91
  From:                        A2DRead/DataRegU1Ch1l[1]:CLK
  To:                          A2DRead/DataRegU1Ch1m[1]:D
  Delay (ns):                  0.360
  Slack (ns):                  0.271
  Arrival (ns):                3.002
  Required (ns):               2.731

Path 92
  From:                        A2DRead/DataRegU1Ch0n[3]:CLK
  To:                          A2DRead/DataRegU1Ch0o[3]:D
  Delay (ns):                  0.360
  Slack (ns):                  0.271
  Arrival (ns):                3.002
  Required (ns):               2.731

Path 93
  From:                        A2DRead/DataRegU1Ch1k[2]:CLK
  To:                          A2DRead/DataRegU1Ch1l[2]:D
  Delay (ns):                  0.360
  Slack (ns):                  0.271
  Arrival (ns):                3.002
  Required (ns):               2.731

Path 94
  From:                        A2DRead/DataRegU1Ch1o[3]:CLK
  To:                          A2DRead/DataRegU1Ch1p[3]:D
  Delay (ns):                  0.360
  Slack (ns):                  0.271
  Arrival (ns):                3.002
  Required (ns):               2.731

Path 95
  From:                        A2DRead/DataRegU1Ch0g[9]:CLK
  To:                          A2DRead/DataRegU1Ch0h[9]:D
  Delay (ns):                  0.362
  Slack (ns):                  0.271
  Arrival (ns):                3.009
  Required (ns):               2.738

Path 96
  From:                        A2DRead/DataRegU1Ch0m[8]:CLK
  To:                          A2DRead/DataRegU1Ch0n[8]:D
  Delay (ns):                  0.362
  Slack (ns):                  0.271
  Arrival (ns):                3.009
  Required (ns):               2.738

Path 97
  From:                        A2DRead/DataRegU1Ch1o[5]:CLK
  To:                          A2DRead/DataRegU1Ch1p[5]:D
  Delay (ns):                  0.362
  Slack (ns):                  0.271
  Arrival (ns):                3.009
  Required (ns):               2.738

Path 98
  From:                        A2DRead/DataRegU1Ch0h[11]:CLK
  To:                          A2DRead/DataRegU1Ch0i[11]:D
  Delay (ns):                  0.362
  Slack (ns):                  0.272
  Arrival (ns):                3.010
  Required (ns):               2.738

Path 99
  From:                        A2DRead/DataRegU1Ch0o[8]:CLK
  To:                          A2DRead/DataRegU1Ch0p[8]:D
  Delay (ns):                  0.362
  Slack (ns):                  0.272
  Arrival (ns):                3.010
  Required (ns):               2.738

Path 100
  From:                        A2DRead/DataRegU1Ch0j[11]:CLK
  To:                          A2DRead/DataRegU1Ch0k[11]:D
  Delay (ns):                  0.362
  Slack (ns):                  0.272
  Arrival (ns):                3.010
  Required (ns):               2.738

