Timing Violation Report Max Delay Analysis

SmartTime Version v11.7 SP1.1
Microsemi Corporation - Microsemi Libero Software Release v11.7 SP1.1 (Version 11.7.1.14)
Date: Thu Jul 27 10:03:09 2017


Design: mainprogram
Family: IGLOO
Die: AGLN250V5
Package: 100 VQFP
Temperature Range: 0 - 70 C
Voltage Range: 1.425 - 1.575 V
Speed Grade: STD
Design State: Post-Layout
Data source: Silicon verified
Min Operating Conditions: BEST - 1.575 V - 0 C
Max Operating Conditions: WORST - 1.425 V - 70 C
Using Enhanced Min Delay Analysis
Scenario for Timing Analysis: Primary


Path 1
  From:                        clock_master/counter[2]:CLK
  To:                          clock_master/counter[4]:D
  Delay (ns):                  10.795
  Slack (ns):                  -6.451
  Arrival (ns):                12.651
  Required (ns):               6.200

Path 2
  From:                        clock_master/counter[2]:CLK
  To:                          clock_master/counter[7]:D
  Delay (ns):                  10.985
  Slack (ns):                  -6.111
  Arrival (ns):                12.841
  Required (ns):               6.730

Path 3
  From:                        clock_master/counter[0]:CLK
  To:                          clock_master/counter[7]:D
  Delay (ns):                  10.549
  Slack (ns):                  -5.917
  Arrival (ns):                12.647
  Required (ns):               6.730

Path 4
  From:                        clock_master/counter[1]:CLK
  To:                          clock_master/counter[7]:D
  Delay (ns):                  10.257
  Slack (ns):                  -5.772
  Arrival (ns):                12.502
  Required (ns):               6.730

Path 5
  From:                        clock_master/counter[3]:CLK
  To:                          clock_master/counter[7]:D
  Delay (ns):                  10.102
  Slack (ns):                  -5.712
  Arrival (ns):                12.442
  Required (ns):               6.730

Path 6
  From:                        clock_master/counter[0]:CLK
  To:                          clock_master/counter[4]:D
  Delay (ns):                  9.620
  Slack (ns):                  -5.518
  Arrival (ns):                11.718
  Required (ns):               6.200

Path 7
  From:                        clock_master/counter[2]:CLK
  To:                          clock_master/counter[5]:D
  Delay (ns):                  9.821
  Slack (ns):                  -4.792
  Arrival (ns):                11.677
  Required (ns):               6.885

Path 8
  From:                        clock_master/counter[3]:CLK
  To:                          clock_master/counter[4]:D
  Delay (ns):                  8.369
  Slack (ns):                  -4.509
  Arrival (ns):                10.709
  Required (ns):               6.200

Path 9
  From:                        clock_master/counter[2]:CLK
  To:                          clock_master/counter[6]:D
  Delay (ns):                  9.821
  Slack (ns):                  -4.485
  Arrival (ns):                11.677
  Required (ns):               7.192

Path 10
  From:                        clock_master/counter[5]:CLK
  To:                          clock_master/counter[7]:D
  Delay (ns):                  8.328
  Slack (ns):                  -4.267
  Arrival (ns):                10.997
  Required (ns):               6.730

Path 11
  From:                        clock_master/counter[2]:CLK
  To:                          clock_master/counter[3]:D
  Delay (ns):                  8.672
  Slack (ns):                  -3.972
  Arrival (ns):                10.528
  Required (ns):               6.556

Path 12
  From:                        clock_master/counter[1]:CLK
  To:                          clock_master/counter[4]:D
  Delay (ns):                  7.863
  Slack (ns):                  -3.908
  Arrival (ns):                10.108
  Required (ns):               6.200

Path 13
  From:                        clock_master/counter[0]:CLK
  To:                          clock_master/counter[5]:D
  Delay (ns):                  8.646
  Slack (ns):                  -3.859
  Arrival (ns):                10.744
  Required (ns):               6.885

Path 14
  From:                        addresslatch/output[0]:CLK
  To:                          A2D00reader/parallelholdreg[4]:D
  Delay (ns):                  12.983
  Slack (ns):                  -3.741
  Arrival (ns):                18.840
  Required (ns):               15.099

Path 15
  From:                        addresslatch/output[0]:CLK
  To:                          A2D00reader/parallelholdreg[7]:D
  Delay (ns):                  12.914
  Slack (ns):                  -3.672
  Arrival (ns):                18.771
  Required (ns):               15.099

Path 16
  From:                        clock_master/counter[0]:CLK
  To:                          clock_master/counter[3]:D
  Delay (ns):                  8.102
  Slack (ns):                  -3.644
  Arrival (ns):                10.200
  Required (ns):               6.556

Path 17
  From:                        clock_master/counter[0]:CLK
  To:                          clock_master/counter[6]:D
  Delay (ns):                  8.646
  Slack (ns):                  -3.552
  Arrival (ns):                10.744
  Required (ns):               7.192

Path 18
  From:                        clock_master/counter[1]:CLK
  To:                          clock_master/counter[2]:D
  Delay (ns):                  7.198
  Slack (ns):                  -3.423
  Arrival (ns):                9.443
  Required (ns):               6.020

Path 19
  From:                        addresslatch/output[0]:CLK
  To:                          A2D00reader/parallelholdreg[0]:D
  Delay (ns):                  12.581
  Slack (ns):                  -3.357
  Arrival (ns):                18.438
  Required (ns):               15.081

Path 20
  From:                        addresslatch/output[0]:CLK
  To:                          A2D00reader/parallelholdreg[3]:D
  Delay (ns):                  12.407
  Slack (ns):                  -3.165
  Arrival (ns):                18.264
  Required (ns):               15.099

Path 21
  From:                        addresslatch/output[1]:CLK
  To:                          A2D00reader/parallelholdreg[4]:D
  Delay (ns):                  12.305
  Slack (ns):                  -3.090
  Arrival (ns):                18.189
  Required (ns):               15.099

Path 22
  From:                        addresslatch/output[0]:CLK
  To:                          A2D00reader/parallelholdreg[6]:D
  Delay (ns):                  12.294
  Slack (ns):                  -3.052
  Arrival (ns):                18.151
  Required (ns):               15.099

Path 23
  From:                        addresslatch/output[1]:CLK
  To:                          A2D00reader/parallelholdreg[7]:D
  Delay (ns):                  12.236
  Slack (ns):                  -3.021
  Arrival (ns):                18.120
  Required (ns):               15.099

Path 24
  From:                        clock_master/counter[0]:CLK
  To:                          clock_master/counter[2]:D
  Delay (ns):                  6.896
  Slack (ns):                  -2.974
  Arrival (ns):                8.994
  Required (ns):               6.020

Path 25
  From:                        addresslatch/output[0]:CLK
  To:                          A2D00reader/parallelholdreg[8]:D
  Delay (ns):                  12.124
  Slack (ns):                  -2.909
  Arrival (ns):                17.981
  Required (ns):               15.072

Path 26
  From:                        addresslatch/output[0]:CLK
  To:                          A2D00reader/parallelholdreg[11]:D
  Delay (ns):                  12.102
  Slack (ns):                  -2.860
  Arrival (ns):                17.959
  Required (ns):               15.099

Path 27
  From:                        clock_master/counter[3]:CLK
  To:                          clock_master/counter[5]:D
  Delay (ns):                  7.395
  Slack (ns):                  -2.850
  Arrival (ns):                9.735
  Required (ns):               6.885

Path 28
  From:                        addresslatch/output[0]:CLK
  To:                          A2D00reader/parallelholdreg[5]:D
  Delay (ns):                  12.029
  Slack (ns):                  -2.787
  Arrival (ns):                17.886
  Required (ns):               15.099

Path 29
  From:                        addresslatch/output[0]:CLK
  To:                          A2D00reader/parallelholdreg[9]:D
  Delay (ns):                  12.023
  Slack (ns):                  -2.781
  Arrival (ns):                17.880
  Required (ns):               15.099

Path 30
  From:                        addresslatch/output[0]:CLK
  To:                          ioBank63reader/parallelholdreg[1]:D
  Delay (ns):                  11.973
  Slack (ns):                  -2.758
  Arrival (ns):                17.830
  Required (ns):               15.072

Path 31
  From:                        clock_master/counter[6]:CLK
  To:                          clock_master/counter[7]:D
  Delay (ns):                  6.474
  Slack (ns):                  -2.720
  Arrival (ns):                9.450
  Required (ns):               6.730

Path 32
  From:                        addresslatch/output[1]:CLK
  To:                          A2D00reader/parallelholdreg[0]:D
  Delay (ns):                  11.903
  Slack (ns):                  -2.706
  Arrival (ns):                17.787
  Required (ns):               15.081

Path 33
  From:                        addresslatch/output[0]:CLK
  To:                          A2D00reader/parallelholdreg[10]:D
  Delay (ns):                  11.865
  Slack (ns):                  -2.622
  Arrival (ns):                17.722
  Required (ns):               15.100

Path 34
  From:                        addresslatch/output[5]:CLK
  To:                          ioBank60reader/parallelholdreg[1]:D
  Delay (ns):                  11.752
  Slack (ns):                  -2.570
  Arrival (ns):                17.636
  Required (ns):               15.066

Path 35
  From:                        clock_master/counter[4]:CLK
  To:                          clock_master/counter[7]:D
  Delay (ns):                  7.316
  Slack (ns):                  -2.570
  Arrival (ns):                9.300
  Required (ns):               6.730

Path 36
  From:                        addresslatch/output[7]:CLK
  To:                          externenablelatch/output[3]:D
  Delay (ns):                  11.757
  Slack (ns):                  -2.565
  Arrival (ns):                17.637
  Required (ns):               15.072

Path 37
  From:                        clock_master/counter[3]:CLK
  To:                          clock_master/counter[6]:D
  Delay (ns):                  7.395
  Slack (ns):                  -2.543
  Arrival (ns):                9.735
  Required (ns):               7.192

Path 38
  From:                        addresslatch/output[1]:CLK
  To:                          A2D00reader/parallelholdreg[3]:D
  Delay (ns):                  11.729
  Slack (ns):                  -2.514
  Arrival (ns):                17.613
  Required (ns):               15.099

Path 39
  From:                        addresslatch/output[5]:CLK
  To:                          ioBank60reader/parallelholdreg[0]:D
  Delay (ns):                  11.670
  Slack (ns):                  -2.455
  Arrival (ns):                17.554
  Required (ns):               15.099

Path 40
  From:                        addresslatch/output[5]:CLK
  To:                          ioBank67reader/parallelholdreg[2]:D
  Delay (ns):                  11.641
  Slack (ns):                  -2.453
  Arrival (ns):                17.525
  Required (ns):               15.072

Path 41
  From:                        addresslatch/output[1]:CLK
  To:                          externenablelatch/output[3]:D
  Delay (ns):                  11.633
  Slack (ns):                  -2.445
  Arrival (ns):                17.517
  Required (ns):               15.072

Path 42
  From:                        addresslatch/output[0]:CLK
  To:                          bitcontrol01latch/output[5]:D
  Delay (ns):                  11.702
  Slack (ns):                  -2.432
  Arrival (ns):                17.559
  Required (ns):               15.127

Path 43
  From:                        addresslatch/output[6]:CLK
  To:                          ioBank61reader/parallelholdreg[3]:D
  Delay (ns):                  11.623
  Slack (ns):                  -2.426
  Arrival (ns):                17.507
  Required (ns):               15.081

Path 44
  From:                        addresslatch/output[2]:CLK
  To:                          pwmdisable01latch/output[5]:D
  Delay (ns):                  11.599
  Slack (ns):                  -2.410
  Arrival (ns):                17.483
  Required (ns):               15.073

Path 45
  From:                        addresslatch/output[1]:CLK
  To:                          A2D00reader/parallelholdreg[6]:D
  Delay (ns):                  11.616
  Slack (ns):                  -2.401
  Arrival (ns):                17.500
  Required (ns):               15.099

Path 46
  From:                        addresslatch/output[5]:CLK
  To:                          ioBank68reader/parallelholdreg[0]:D
  Delay (ns):                  11.560
  Slack (ns):                  -2.372
  Arrival (ns):                17.444
  Required (ns):               15.072

Path 47
  From:                        addresslatch/output[2]:CLK
  To:                          externenablelatch/output[3]:D
  Delay (ns):                  11.555
  Slack (ns):                  -2.367
  Arrival (ns):                17.439
  Required (ns):               15.072

Path 48
  From:                        addresslatch/output[5]:CLK
  To:                          ioBank60reader/parallelholdreg[2]:D
  Delay (ns):                  11.546
  Slack (ns):                  -2.358
  Arrival (ns):                17.430
  Required (ns):               15.072

Path 49
  From:                        addresslatch/output[6]:CLK
  To:                          ioBank60reader/parallelholdreg[1]:D
  Delay (ns):                  11.525
  Slack (ns):                  -2.343
  Arrival (ns):                17.409
  Required (ns):               15.066

Path 50
  From:                        addresslatch/output[5]:CLK
  To:                          ioBank60reader/parallelholdreg[3]:D
  Delay (ns):                  11.523
  Slack (ns):                  -2.308
  Arrival (ns):                17.407
  Required (ns):               15.099

Path 51
  From:                        addresslatch/output[2]:CLK
  To:                          discretedutycycle01/output[6]:D
  Delay (ns):                  11.489
  Slack (ns):                  -2.300
  Arrival (ns):                17.373
  Required (ns):               15.073

Path 52
  From:                        addresslatch/output[5]:CLK
  To:                          ioBank67reader/parallelholdreg[1]:D
  Delay (ns):                  11.480
  Slack (ns):                  -2.291
  Arrival (ns):                17.364
  Required (ns):               15.073

Path 53
  From:                        addresslatch/output[6]:CLK
  To:                          externenablelatch/output[3]:D
  Delay (ns):                  11.466
  Slack (ns):                  -2.278
  Arrival (ns):                17.350
  Required (ns):               15.072

Path 54
  From:                        addresslatch/output[2]:CLK
  To:                          discretedutycycle01/output[0]:D
  Delay (ns):                  11.455
  Slack (ns):                  -2.266
  Arrival (ns):                17.339
  Required (ns):               15.073

Path 55
  From:                        addresslatch/output[1]:CLK
  To:                          A2D00reader/parallelholdreg[8]:D
  Delay (ns):                  11.446
  Slack (ns):                  -2.258
  Arrival (ns):                17.330
  Required (ns):               15.072

Path 56
  From:                        addresslatch/output[5]:CLK
  To:                          externenablelatch/output[3]:D
  Delay (ns):                  11.442
  Slack (ns):                  -2.254
  Arrival (ns):                17.326
  Required (ns):               15.072

Path 57
  From:                        clock_master/counter[1]:CLK
  To:                          clock_master/counter[5]:D
  Delay (ns):                  6.889
  Slack (ns):                  -2.249
  Arrival (ns):                9.134
  Required (ns):               6.885

Path 58
  From:                        addresslatch/output[6]:CLK
  To:                          ioBank60reader/parallelholdreg[0]:D
  Delay (ns):                  11.443
  Slack (ns):                  -2.228
  Arrival (ns):                17.327
  Required (ns):               15.099

Path 59
  From:                        addresslatch/output[6]:CLK
  To:                          ioBank67reader/parallelholdreg[2]:D
  Delay (ns):                  11.414
  Slack (ns):                  -2.226
  Arrival (ns):                17.298
  Required (ns):               15.072

Path 60
  From:                        addresslatch/output[1]:CLK
  To:                          A2D00reader/parallelholdreg[11]:D
  Delay (ns):                  11.424
  Slack (ns):                  -2.209
  Arrival (ns):                17.308
  Required (ns):               15.099

Path 61
  From:                        addresslatch/output[1]:CLK
  To:                          ioBank61reader/parallelholdreg[3]:D
  Delay (ns):                  11.378
  Slack (ns):                  -2.181
  Arrival (ns):                17.262
  Required (ns):               15.081

Path 62
  From:                        addresslatch/output[7]:CLK
  To:                          externenablelatch/output[4]:D
  Delay (ns):                  11.358
  Slack (ns):                  -2.172
  Arrival (ns):                17.238
  Required (ns):               15.066

Path 63
  From:                        addresslatch/output[0]:CLK
  To:                          bitcontrol01latch/output[6]:D
  Delay (ns):                  11.372
  Slack (ns):                  -2.148
  Arrival (ns):                17.229
  Required (ns):               15.081

Path 64
  From:                        addresslatch/output[6]:CLK
  To:                          ioBank68reader/parallelholdreg[0]:D
  Delay (ns):                  11.333
  Slack (ns):                  -2.145
  Arrival (ns):                17.217
  Required (ns):               15.072

Path 65
  From:                        addresslatch/output[0]:CLK
  To:                          A2D00reader/parallelholdreg[2]:D
  Delay (ns):                  11.382
  Slack (ns):                  -2.139
  Arrival (ns):                17.239
  Required (ns):               15.100

Path 66
  From:                        addresslatch/output[1]:CLK
  To:                          A2D00reader/parallelholdreg[5]:D
  Delay (ns):                  11.351
  Slack (ns):                  -2.136
  Arrival (ns):                17.235
  Required (ns):               15.099

Path 67
  From:                        addresslatch/output[6]:CLK
  To:                          ioBank60reader/parallelholdreg[2]:D
  Delay (ns):                  11.319
  Slack (ns):                  -2.131
  Arrival (ns):                17.203
  Required (ns):               15.072

Path 68
  From:                        addresslatch/output[2]:CLK
  To:                          A2D00reader/parallelholdreg[4]:D
  Delay (ns):                  11.345
  Slack (ns):                  -2.130
  Arrival (ns):                17.229
  Required (ns):               15.099

Path 69
  From:                        addresslatch/output[1]:CLK
  To:                          A2D00reader/parallelholdreg[9]:D
  Delay (ns):                  11.345
  Slack (ns):                  -2.130
  Arrival (ns):                17.229
  Required (ns):               15.099

Path 70
  From:                        addresslatch/output[2]:CLK
  To:                          discretedutycycle01/output[1]:D
  Delay (ns):                  11.341
  Slack (ns):                  -2.098
  Arrival (ns):                17.225
  Required (ns):               15.127

Path 71
  From:                        addresslatch/output[1]:CLK
  To:                          ioBank63reader/parallelholdreg[1]:D
  Delay (ns):                  11.271
  Slack (ns):                  -2.083
  Arrival (ns):                17.155
  Required (ns):               15.072

Path 72
  From:                        addresslatch/output[6]:CLK
  To:                          ioBank60reader/parallelholdreg[3]:D
  Delay (ns):                  11.296
  Slack (ns):                  -2.081
  Arrival (ns):                17.180
  Required (ns):               15.099

Path 73
  From:                        addresslatch/output[6]:CLK
  To:                          ioBank67reader/parallelholdreg[1]:D
  Delay (ns):                  11.253
  Slack (ns):                  -2.064
  Arrival (ns):                17.137
  Required (ns):               15.073

Path 74
  From:                        addresslatch/output[2]:CLK
  To:                          discretedutycycle01/output[2]:D
  Delay (ns):                  11.251
  Slack (ns):                  -2.063
  Arrival (ns):                17.135
  Required (ns):               15.072

Path 75
  From:                        addresslatch/output[2]:CLK
  To:                          A2D00reader/parallelholdreg[7]:D
  Delay (ns):                  11.276
  Slack (ns):                  -2.061
  Arrival (ns):                17.160
  Required (ns):               15.099

Path 76
  From:                        addresslatch/output[0]:CLK
  To:                          externenablelatch/output[3]:D
  Delay (ns):                  11.276
  Slack (ns):                  -2.061
  Arrival (ns):                17.133
  Required (ns):               15.072

Path 77
  From:                        addresslatch/output[7]:CLK
  To:                          externenablelatch/output[2]:D
  Delay (ns):                  11.238
  Slack (ns):                  -2.046
  Arrival (ns):                17.118
  Required (ns):               15.072

Path 78
  From:                        clock_master/counter[1]:CLK
  To:                          clock_master/counter[3]:D
  Delay (ns):                  6.345
  Slack (ns):                  -2.034
  Arrival (ns):                8.590
  Required (ns):               6.556

Path 79
  From:                        addresslatch/output[2]:CLK
  To:                          discretedutycycle01/output[10]:D
  Delay (ns):                  11.220
  Slack (ns):                  -2.032
  Arrival (ns):                17.104
  Required (ns):               15.072

Path 80
  From:                        addresslatch/output[1]:CLK
  To:                          externenablelatch/output[4]:D
  Delay (ns):                  11.214
  Slack (ns):                  -2.032
  Arrival (ns):                17.098
  Required (ns):               15.066

Path 81
  From:                        addresslatch/output[2]:CLK
  To:                          pwmdisable01latch/output[7]:D
  Delay (ns):                  11.199
  Slack (ns):                  -2.010
  Arrival (ns):                17.083
  Required (ns):               15.073

Path 82
  From:                        addresslatch/output[2]:CLK
  To:                          discretedutycycle01/output[7]:D
  Delay (ns):                  11.177
  Slack (ns):                  -1.988
  Arrival (ns):                17.061
  Required (ns):               15.073

Path 83
  From:                        addresslatch/output[1]:CLK
  To:                          A2D00reader/parallelholdreg[10]:D
  Delay (ns):                  11.187
  Slack (ns):                  -1.971
  Arrival (ns):                17.071
  Required (ns):               15.100

Path 84
  From:                        addresslatch/output[2]:CLK
  To:                          A2D01reader/parallelholdreg[8]:D
  Delay (ns):                  10.993
  Slack (ns):                  -1.955
  Arrival (ns):                16.877
  Required (ns):               14.922

Path 85
  From:                        addresslatch/output[2]:CLK
  To:                          externenablelatch/output[4]:D
  Delay (ns):                  11.136
  Slack (ns):                  -1.954
  Arrival (ns):                17.020
  Required (ns):               15.066

Path 86
  From:                        addresslatch/output[1]:CLK
  To:                          externenablelatch/output[2]:D
  Delay (ns):                  11.141
  Slack (ns):                  -1.953
  Arrival (ns):                17.025
  Required (ns):               15.072

Path 87
  From:                        clock_master/counter[0]:CLK
  To:                          clock_master/counter[1]:D
  Delay (ns):                  6.311
  Slack (ns):                  -1.948
  Arrival (ns):                8.409
  Required (ns):               6.461

Path 88
  From:                        addresslatch/output[2]:CLK
  To:                          firmware/parallelholdreg[2]:D
  Delay (ns):                  11.187
  Slack (ns):                  -1.944
  Arrival (ns):                17.071
  Required (ns):               15.127

Path 89
  From:                        clock_master/counter[1]:CLK
  To:                          clock_master/counter[6]:D
  Delay (ns):                  6.889
  Slack (ns):                  -1.942
  Arrival (ns):                9.134
  Required (ns):               7.192

Path 90
  From:                        addresslatch/output[0]:CLK
  To:                          A2D00reader/parallelholdreg[1]:D
  Delay (ns):                  11.132
  Slack (ns):                  -1.908
  Arrival (ns):                16.989
  Required (ns):               15.081

Path 91
  From:                        addresslatch/output[0]:CLK
  To:                          bitcontrol01latch/output[7]:D
  Delay (ns):                  11.178
  Slack (ns):                  -1.908
  Arrival (ns):                17.035
  Required (ns):               15.127

Path 92
  From:                        addresslatch/output[6]:CLK
  To:                          A2D01reader/parallelholdreg[8]:D
  Delay (ns):                  10.981
  Slack (ns):                  -1.892
  Arrival (ns):                16.865
  Required (ns):               14.973

Path 93
  From:                        addresslatch/output[2]:CLK
  To:                          externenablelatch/output[2]:D
  Delay (ns):                  11.063
  Slack (ns):                  -1.875
  Arrival (ns):                16.947
  Required (ns):               15.072

Path 94
  From:                        addresslatch/output[3]:CLK
  To:                          pwmdisable01latch/output[5]:D
  Delay (ns):                  11.061
  Slack (ns):                  -1.872
  Arrival (ns):                16.945
  Required (ns):               15.073

Path 95
  From:                        addresslatch/output[2]:CLK
  To:                          pwmdisable01latch/output[0]:D
  Delay (ns):                  11.113
  Slack (ns):                  -1.870
  Arrival (ns):                16.997
  Required (ns):               15.127

Path 96
  From:                        addresslatch/output[2]:CLK
  To:                          discretedutycycle01/output[9]:D
  Delay (ns):                  11.058
  Slack (ns):                  -1.870
  Arrival (ns):                16.942
  Required (ns):               15.072

Path 97
  From:                        addresslatch/output[2]:CLK
  To:                          discretedutycycle01/output[11]:D
  Delay (ns):                  11.058
  Slack (ns):                  -1.869
  Arrival (ns):                16.942
  Required (ns):               15.073

Path 98
  From:                        addresslatch/output[6]:CLK
  To:                          externenablelatch/output[4]:D
  Delay (ns):                  11.047
  Slack (ns):                  -1.865
  Arrival (ns):                16.931
  Required (ns):               15.066

Path 99
  From:                        addresslatch/output[0]:CLK
  To:                          pwmdisable01latch/output[5]:D
  Delay (ns):                  11.058
  Slack (ns):                  -1.842
  Arrival (ns):                16.915
  Required (ns):               15.073

Path 100
  From:                        addresslatch/output[5]:CLK
  To:                          externenablelatch/output[4]:D
  Delay (ns):                  11.023
  Slack (ns):                  -1.841
  Arrival (ns):                16.907
  Required (ns):               15.066

