Microsemi Libero Software
Version: 11.9.2.1
Release: v11.9 SP2

'IDE_DESIGNERVIEW_ROOTDIR' set to 'C:\_swork\10-\9800\9864\FPGA\10-9864\designer'
Info: The design mainprogram.adb was last modified by software version 11.9.2.1.
Opened an existing Libero design mainprogram.adb.

The Execute Script command succeeded ( 00:00:24 )
Design saved to file C:\_swork\10-\9800\9864\FPGA\10-9864\designer\impl1\mainprogram.adb.
Wrote pin report to file:
C:\_swork\10-\9800\9864\FPGA\10-9864\designer\impl1\mainprogram_report_pin_byname.txt

The Report command succeeded ( 00:00:00 )
Wrote pin report to file:
C:\_swork\10-\9800\9864\FPGA\10-9864\designer\impl1\mainprogram_report_pin_bynumber.txt

The Report command succeeded ( 00:00:01 )

The Execute Script command succeeded ( 00:00:01 )
Design saved to file C:\_swork\10-\9800\9864\FPGA\10-9864\designer\impl1\mainprogram.adb.
Wrote pin report to file:
C:\_swork\10-\9800\9864\FPGA\10-9864\designer\impl1\mainprogram_report_pin_byname.txt

The Report command succeeded ( 00:00:00 )
Wrote pin report to file:
C:\_swork\10-\9800\9864\FPGA\10-9864\designer\impl1\mainprogram_report_pin_bynumber.txt

The Report command succeeded ( 00:00:01 )

The Execute Script command succeeded ( 00:00:01 )
Design closed.

