Software Version: 11.9.2.1
creating folder: C:\_SWork\Local_Repos\10-9116\FPGA\p757892\designer\impl1\pawakjasdfkl
Created new project
'C:\_SWork\Local_Repos\10-9116\FPGA\p757892\designer\impl1\pawakjasdfkl\pawakjasdfkl.pro'
PDB file 'C:\_SWork\Local_Repos\10-9116\FPGA\p757892\designer\impl1\mainprogram.pdb' has been
loaded successfully.
DESIGN : mainprogram;  CHECKSUM : 9715;  PDB_VERSION : 1.9
Rescanning for Programmers...
Driver : 3.0.0 build 1
programmer '74092' : FlashPro4
Rescanning for Programmers DONE.
programmer '74092' : Scan Chain...
programmer '74092' : Scan Chain PASSED.
programmer '74092' : Executing action PROGRAM
programmer '74092' : EXPORT FSN[48] = 01a169407ccd
programmer '74092' : Erase ...
programmer '74092' : Completed erase
programmer '74092' : EXPORT CHECKSUM[16] = 9715
programmer '74092' : Programming FPGA Array
programmer '74092' : Verifying FPGA Array
programmer '74092' :         Verifying FPGA Array -- pass
programmer '74092' : Finished: Fri Jun 25 10:34:36 2021 (Elapsed time 00:00:29)
programmer '74092' : Executing action PROGRAM PASSED.

                        o - o - o - o - o - o

PDB file 'C:\_SWork\Local_Repos\10-9116\FPGA\p757892\designer\impl1\mainprogram.pdb' has been
loaded successfully.
DESIGN : mainprogram;  CHECKSUM : BFB8;  PDB_VERSION : 1.9
programmer '74092' : Scan Chain...
programmer '74092' : Scan Chain PASSED.
programmer '74092' : Executing action PROGRAM
programmer '74092' : EXPORT FSN[48] = 01a169407ccd
programmer '74092' : Erase ...
programmer '74092' : Completed erase
programmer '74092' : EXPORT CHECKSUM[16] = bfb8
programmer '74092' : Programming FPGA Array
programmer '74092' : Verifying FPGA Array
programmer '74092' :         Verifying FPGA Array -- pass
programmer '74092' : Finished: Fri Jun 25 10:41:25 2021 (Elapsed time 00:00:29)
programmer '74092' : Executing action PROGRAM PASSED.

                        o - o - o - o - o - o

PDB file 'C:\_SWork\Local_Repos\10-9116\FPGA\p757892\designer\impl1\mainprogram.pdb' has been
loaded successfully.
DESIGN : mainprogram;  CHECKSUM : BFB8;  PDB_VERSION : 1.9
programmer '74092' : Scan Chain...
programmer '74092' : Scan Chain PASSED.
programmer '74092' : Executing action PROGRAM
programmer '74092' : EXPORT FSN[48] = 01a169407ccd
programmer '74092' : Erase ...
programmer '74092' : Completed erase
programmer '74092' : EXPORT CHECKSUM[16] = bfb8
programmer '74092' : Programming FPGA Array
programmer '74092' : Verifying FPGA Array
programmer '74092' :         Verifying FPGA Array -- pass
programmer '74092' : Finished: Fri Jun 25 10:47:26 2021 (Elapsed time 00:00:30)
programmer '74092' : Executing action PROGRAM PASSED.

                        o - o - o - o - o - o

PDB file 'C:\_SWork\Local_Repos\10-9116\FPGA\p757892\designer\impl1\mainprogram.pdb' has been
loaded successfully.
DESIGN : mainprogram;  CHECKSUM : BFB8;  PDB_VERSION : 1.9
programmer '74092' : Scan Chain...
programmer '74092' : Scan Chain PASSED.
programmer '74092' : Executing action PROGRAM
programmer '74092' : EXPORT FSN[48] = 01a169407ccd
programmer '74092' : Erase ...
programmer '74092' : Completed erase
programmer '74092' : EXPORT CHECKSUM[16] = bfb8
programmer '74092' : Programming FPGA Array
programmer '74092' : Verifying FPGA Array
programmer '74092' :         Verifying FPGA Array -- pass
programmer '74092' : Finished: Fri Jun 25 11:00:20 2021 (Elapsed time 00:00:29)
programmer '74092' : Executing action PROGRAM PASSED.

                        o - o - o - o - o - o

PDB file 'C:\_SWork\Local_Repos\10-9116\FPGA\p757892\designer\impl1\mainprogram.pdb' has been
loaded successfully.
DESIGN : mainprogram;  CHECKSUM : AAF3;  PDB_VERSION : 1.9
programmer '74092' : Scan Chain...
programmer '74092' : Scan Chain PASSED.
programmer '74092' : Executing action PROGRAM
programmer '74092' : EXPORT FSN[48] = 01a169407ccd
programmer '74092' : Erase ...
programmer '74092' : Completed erase
programmer '74092' : EXPORT CHECKSUM[16] = aaf3
programmer '74092' : Programming FPGA Array
programmer '74092' : Verifying FPGA Array
programmer '74092' :         Verifying FPGA Array -- pass
programmer '74092' : Finished: Fri Jun 25 11:50:08 2021 (Elapsed time 00:00:29)
programmer '74092' : Executing action PROGRAM PASSED.

                        o - o - o - o - o - o

PDB file 'C:\_SWork\Local_Repos\10-9116\FPGA\p757892\designer\impl1\mainprogram.pdb' has been
loaded successfully.
DESIGN : mainprogram;  CHECKSUM : 6427;  PDB_VERSION : 1.9
programmer '74092' : Scan Chain...
programmer '74092' : Scan Chain PASSED.
programmer '74092' : Executing action PROGRAM
programmer '74092' : EXPORT FSN[48] = 01a169407ccd
programmer '74092' : Erase ...
programmer '74092' : Completed erase
programmer '74092' : EXPORT CHECKSUM[16] = 6427
programmer '74092' : Programming FPGA Array
programmer '74092' : Verifying FPGA Array
programmer '74092' :         Verifying FPGA Array -- pass
programmer '74092' : Finished: Fri Jun 25 11:54:34 2021 (Elapsed time 00:00:29)
programmer '74092' : Executing action PROGRAM PASSED.

                        o - o - o - o - o - o

programmer '74092' : Scan Chain...
programmer '74092' : Scan Chain PASSED.
programmer '74092' : Executing action PROGRAM
programmer '74092' : EXPORT FSN[48] = 01a16948409d
programmer '74092' : Erase ...
programmer '74092' : Completed erase
programmer '74092' : EXPORT CHECKSUM[16] = 6427
programmer '74092' : Programming FPGA Array
programmer '74092' : Verifying FPGA Array
programmer '74092' :         Verifying FPGA Array -- pass
programmer '74092' : Finished: Fri Jun 25 12:01:20 2021 (Elapsed time 00:00:29)
programmer '74092' : Executing action PROGRAM PASSED.

                        o - o - o - o - o - o

programmer '74092' : Scan Chain...
programmer '74092' : Scan Chain PASSED.
programmer '74092' : Executing action PROGRAM
programmer '74092' : EXPORT FSN[48] = 01a16948409d
programmer '74092' : Erase ...
programmer '74092' : Completed erase
programmer '74092' : EXPORT CHECKSUM[16] = 6427
programmer '74092' : Programming FPGA Array
programmer '74092' : Verifying FPGA Array
programmer '74092' :         Verifying FPGA Array -- pass
programmer '74092' : Finished: Fri Jun 25 12:09:00 2021 (Elapsed time 00:00:30)
programmer '74092' : Executing action PROGRAM PASSED.

                        o - o - o - o - o - o

programmer '74092' : Scan Chain...
programmer '74092' : Scan Chain PASSED.
programmer '74092' : Executing action PROGRAM
programmer '74092' : EXPORT FSN[48] = 01a169407ccd
programmer '74092' : Erase ...
programmer '74092' : Completed erase
programmer '74092' : EXPORT CHECKSUM[16] = 6427
programmer '74092' : Programming FPGA Array
programmer '74092' : Verifying FPGA Array
programmer '74092' :         Verifying FPGA Array -- pass
programmer '74092' : Finished: Fri Jun 25 12:13:13 2021 (Elapsed time 00:00:29)
programmer '74092' : Executing action PROGRAM PASSED.

                        o - o - o - o - o - o

Warning: Project 'pawakjasdfkl' has been modified. Do you want to save it? [NO]
Project closed.
